2021-10-25 12:34:45.064 | INFO     |  5750 | mycroft.messagebus.load_config:load_message_bus_config:33 | Loading message bus configs
2021-10-25 12:34:45.068 | INFO     |  5750 | mycroft_bus_client.client.client | Connected
2021-10-25 12:34:45.069 | INFO     |  5750 | mycroft.util.process_utils:start_message_bus_client:155 | Connected to messagebus
2021-10-25 12:34:45.073 | INFO     |  5750 | mycroft.skills.msm_wrapper:create_msm:96 | Acquiring lock to instantiate MSM
2021-10-25 12:34:48.139 | INFO     |  5750 | msm.mycroft_skills_manager | building SkillEntry objects for all skills
2021-10-25 12:34:48.564 | INFO     |  5750 | mycroft.skills.msm_wrapper:create_msm:112 | Releasing MSM instantiation lock.
2021-10-25 12:34:48.564 | INFO     |  5750 | mycroft.skills.skill_updater:_log_next_download_time:267 | Next scheduled skill update: 2021-10-25 12:34:47.564404
2021-10-25 12:34:48.565 | INFO     |  5750 | msm.skill_entry | Downloading skill: https://github.com/mycroftai/skill-pairing
2021-10-25 12:34:48.934 | INFO     |  5750 | msm.skill_entry | Installing system requirements...
2021-10-25 12:34:48.943 | INFO     |  5750 | msm.skill_entry | Successfully installed mycroft-pairing
2021-10-25 12:34:48.943 | INFO     |  5750 | msm.mycroft_skills_manager | invalidating skills cache
2021-10-25 12:34:48.945 | INFO     |  5750 | mycroft.skills.skill_loader:load:185 | ATTEMPTING TO LOAD SKILL: mycroft-pairing.mycroftai
2021-10-25 12:34:48.952 | INFO     |  5750 | mycroft.skills.settings:get_local_settings:83 | /opt/mycroft/skills/mycroft-pairing.mycroftai/settings.json
2021-10-25 12:34:48.968 | INFO     |  5750 | mycroft.skills.skill_loader:_check_for_first_run:324 | First run of mycroft-pairing.mycroftai
2021-10-25 12:34:48.968 | INFO     |  5750 | mycroft.skills.settings:save_settings:116 | Skill settings successfully saved to /home/runner/.config/mycroft/skills/mycroft-pairing.mycroftai/settings.json
2021-10-25 12:34:48.980 | INFO     |  5750 | mycroft.skills.skill_loader:_communicate_load_status:344 | Skill mycroft-pairing.mycroftai loaded successfully
2021-10-25 12:34:48.980 | INFO     |  5750 | msm.skill_entry | Downloading skill: https://github.com/mycroftai/skill-volume
2021-10-25 12:34:49.320 | INFO     |  5750 | msm.skill_entry | Installing system requirements...
2021-10-25 12:34:49.330 | INFO     |  5750 | msm.skill_entry | Installing requirements.txt for mycroft-volume
2021-10-25 12:34:50.502 | INFO     |  5750 | msm.skill_entry | Successfully installed mycroft-volume
2021-10-25 12:34:50.503 | INFO     |  5750 | msm.mycroft_skills_manager | invalidating skills cache
2021-10-25 12:34:50.504 | INFO     |  5750 | mycroft.skills.skill_loader:load:185 | ATTEMPTING TO LOAD SKILL: mycroft-volume.mycroftai
2021-10-25 12:34:50.521 | INFO     |  5750 | mycroft.skills.settings:get_local_settings:83 | /opt/mycroft/skills/mycroft-volume.mycroftai/settings.json
2021-10-25 12:34:50.611 | ERROR    |  5750 | VolumeSkill | Couldn't allocate mixer, ALSAAudioError('No such file or directory [default]')
2021-10-25 12:34:53.620 | INFO     |  5750 | mycroft.skills.skill_loader:_check_for_first_run:324 | First run of mycroft-volume.mycroftai
2021-10-25 12:34:53.621 | INFO     |  5750 | mycroft.skills.settings:save_settings:116 | Skill settings successfully saved to /home/runner/.config/mycroft/skills/mycroft-volume.mycroftai/settings.json
2021-10-25 12:34:53.622 | INFO     |  5750 | mycroft.skills.skill_loader:_communicate_load_status:344 | Skill mycroft-volume.mycroftai loaded successfully
2021-10-25 12:34:53.622 | INFO     |  5750 | __main__:on_started:177 | Skills service is starting up.
2021-10-25 12:34:53.687 | INFO     |  5750 | __main__:_update_system:154 | Attempting system update...
2021-10-25 12:34:56.689 | INFO     |  5750 | mycroft.enclosure.display_manager:_write_data:70 | Display Manager is creating /tmp/mycroft/ipc/managers/disp_info
2021-10-25 12:34:56.691 | INFO     |  5750 | __main__:_ensure_device_is_paired:133 | Device not paired, invoking the pairing skill
2021-10-25 12:34:56.699 | INFO     |  5750 | __main__:on_alive:181 | Skills service is alive.
2021-10-25 12:34:56.709 | INFO     |  5750 | msm.mycroft_skills_manager | building SkillEntry objects for all skills
2021-10-25 12:34:56.887 | INFO     |  5750 | PairingSkill | Communicating account URL to user
2021-10-25 12:34:56.968 | WARNING  |  5750 | msm.mycroft_skills_manager | No such default skill: mycroft-pandora
2021-10-25 12:34:56.969 | INFO     |  5750 | mycroft.skills.skill_manager:run:234 | Not all default skills are installed, performing skill update...
2021-10-25 12:34:56.969 | INFO     |  5750 | mycroft.skills.skill_updater:update_skills:149 | Beginning skill update...
2021-10-25 12:34:57.034 | INFO     |  5750 | msm.mycroft_skills_manager | building SkillEntry objects for all skills
2021-10-25 12:34:57.256 | INFO     |  5750 | msm.mycroft_skills_manager | invalidating skills cache
2021-10-25 12:34:57.270 | INFO     |  5750 | msm.skill_entry | Downloading skill: https://github.com/mycroftai/skill-audio-record
2021-10-25 12:34:57.272 | INFO     |  5750 | msm.skill_entry | Downloading skill: https://github.com/mycroftai/fallback-unknown
2021-10-25 12:34:57.279 | INFO     |  5750 | msm.skill_entry | Downloading skill: https://github.com/mycroftai/skill-joke
2021-10-25 12:34:57.281 | INFO     |  5750 | msm.skill_entry | Downloading skill: https://github.com/mycroftai/fallback-duckduckgo
2021-10-25 12:34:57.285 | INFO     |  5750 | msm.skill_entry | Downloading skill: https://github.com/mycroftai/skill-installer
2021-10-25 12:34:57.289 | INFO     |  5750 | msm.skill_entry | Downloading skill: https://github.com/mycroftai/skill-hello-world
2021-10-25 12:34:57.290 | INFO     |  5750 | msm.skill_entry | Downloading skill: https://github.com/mycroftai/skill-date-time
2021-10-25 12:34:57.296 | INFO     |  5750 | msm.skill_entry | Downloading skill: https://github.com/mycroftai/skill-naptime
2021-10-25 12:34:57.297 | INFO     |  5750 | msm.skill_entry | Downloading skill: https://github.com/mycroftai/skill-ip
2021-10-25 12:34:57.297 | INFO     |  5750 | msm.skill_entry | Downloading skill: https://github.com/mycroftai/fallback-wolfram-alpha
2021-10-25 12:34:57.299 | INFO     |  5750 | msm.skill_entry | Downloading skill: https://github.com/mycroftai/skill-alarm
2021-10-25 12:34:57.300 | INFO     |  5750 | msm.skill_entry | Downloading skill: https://github.com/mycroftai/skill-configuration
2021-10-25 12:34:57.317 | INFO     |  5750 | msm.skill_entry | Downloading skill: https://github.com/mycroftai/skill-npr-news
2021-10-25 12:34:57.322 | INFO     |  5750 | msm.skill_entry | Downloading skill: https://github.com/mycroftai/skill-personal
2021-10-25 12:34:57.323 | INFO     |  5750 | msm.skill_entry | Downloading skill: https://github.com/mycroftai/skill-playback-control
2021-10-25 12:34:57.324 | INFO     |  5750 | msm.skill_entry | Downloading skill: https://github.com/mycroftai/skill-reminder
2021-10-25 12:34:57.324 | INFO     |  5750 | msm.skill_entry | Downloading skill: https://github.com/mycroftai/skill-singing
2021-10-25 12:34:58.214 | INFO     |  5750 | msm.skill_entry | Installing system requirements...
2021-10-25 12:34:58.226 | INFO     |  5750 | msm.skill_entry | Installing system requirements...
2021-10-25 12:34:58.315 | INFO     |  5750 | msm.skill_entry | Installing requirements.txt for mycroft-ip
2021-10-25 12:34:58.399 | INFO     |  5750 | msm.skill_entry | Installing requirements.txt for mycroft-fallback-duck-duck-go
2021-10-25 12:34:58.665 | ERROR    |  5750 | msm.mycroft_skills_manager | Error running install_or_update on homeassistant.mycroftai: MergeConflict
2021-10-25 12:34:58.667 | INFO     |  5750 | msm.skill_entry | Downloading skill: https://github.com/mycroftai/skill-speak
2021-10-25 12:34:59.079 | INFO     |  5750 | msm.skill_entry | Nothing new for mycroft-volume
2021-10-25 12:34:59.098 | INFO     |  5750 | msm.skill_entry | Nothing new for mycroft-pairing
2021-10-25 12:34:59.103 | INFO     |  5750 | msm.skill_entry | Installing system requirements...
2021-10-25 12:34:59.158 | INFO     |  5750 | msm.skill_entry | Installing system requirements...
2021-10-25 12:34:59.189 | INFO     |  5750 | msm.skill_entry | Downloading skill: https://github.com/mycroftai/skill-spelling
2021-10-25 12:34:59.200 | INFO     |  5750 | msm.skill_entry | Installing requirements.txt for mycroft-volume
2021-10-25 12:34:59.259 | INFO     |  5750 | msm.skill_entry | Installing system requirements...
2021-10-25 12:34:59.263 | INFO     |  5750 | msm.skill_entry | Installing system requirements...
2021-10-25 12:34:59.321 | INFO     |  5750 | msm.skill_entry | Installing system requirements...
2021-10-25 12:34:59.335 | INFO     |  5750 | msm.skill_entry | Installing requirements.txt for mycroft-installer
2021-10-25 12:34:59.345 | INFO     |  5750 | msm.skill_entry | Installing requirements.txt for mycroft-joke
2021-10-25 12:34:59.348 | INFO     |  5750 | msm.skill_entry | Installing system requirements...
2021-10-25 12:34:59.355 | INFO     |  5750 | msm.skill_entry | Installing system requirements...
2021-10-25 12:34:59.395 | INFO     |  5750 | msm.skill_entry | Successfully installed fallback-unknown
2021-10-25 12:34:59.395 | INFO     |  5750 | msm.mycroft_skills_manager | invalidating skills cache
2021-10-25 12:34:59.396 | INFO     |  5750 | msm.skill_entry | Downloading skill: https://github.com/mycroftai/skill-stop
2021-10-25 12:34:59.406 | INFO     |  5750 | msm.skill_entry | Installing system requirements...
2021-10-25 12:34:59.410 | INFO     |  5750 | msm.skill_entry | Installing system requirements...
2021-10-25 12:34:59.415 | INFO     |  5750 | msm.skill_entry | Installing system requirements...
2021-10-25 12:34:59.417 | INFO     |  5750 | msm.skill_entry | Installing system requirements...
2021-10-25 12:34:59.421 | INFO     |  5750 | msm.skill_entry | Installing system requirements...
2021-10-25 12:34:59.429 | INFO     |  5750 | msm.skill_entry | Installing requirements.txt for mycroft-configuration
2021-10-25 12:34:59.444 | INFO     |  5750 | msm.skill_entry | Successfully installed mycroft-naptime
2021-10-25 12:34:59.444 | INFO     |  5750 | msm.mycroft_skills_manager | invalidating skills cache
2021-10-25 12:34:59.444 | INFO     |  5750 | msm.skill_entry | Downloading skill: https://github.com/mycroftai/skill-support
2021-10-25 12:34:59.449 | INFO     |  5750 | msm.skill_entry | Successfully installed mycroft-hello-world
2021-10-25 12:34:59.450 | INFO     |  5750 | msm.mycroft_skills_manager | invalidating skills cache
2021-10-25 12:34:59.451 | INFO     |  5750 | msm.skill_entry | Downloading skill: https://github.com/mycroftai/mycroft-timer
2021-10-25 12:34:59.489 | INFO     |  5750 | msm.skill_entry | Installing requirements.txt for mycroft-date-time
2021-10-25 12:34:59.490 | INFO     |  5750 | msm.skill_entry | Installing requirements.txt for fallback-wolfram-alpha
2021-10-25 12:34:59.494 | INFO     |  5750 | msm.skill_entry | Installing requirements.txt for mycroft-audio-record
2021-10-25 12:34:59.496 | INFO     |  5750 | msm.skill_entry | Successfully installed mycroft-reminder
2021-10-25 12:34:59.500 | INFO     |  5750 | msm.mycroft_skills_manager | invalidating skills cache
2021-10-25 12:34:59.501 | INFO     |  5750 | msm.skill_entry | Downloading skill: https://github.com/mycroftai/skill-weather
2021-10-25 12:34:59.564 | INFO     |  5750 | msm.skill_entry | Installing system requirements...
2021-10-25 12:34:59.615 | INFO     |  5750 | msm.skill_entry | Installing requirements.txt for mycroft-npr-news
2021-10-25 12:34:59.622 | INFO     |  5750 | msm.skill_entry | Installing system requirements...
2021-10-25 12:34:59.654 | INFO     |  5750 | msm.skill_entry | Installing requirements.txt for mycroft-alarm
2021-10-25 12:34:59.729 | INFO     |  5750 | msm.skill_entry | Installing system requirements...
2021-10-25 12:34:59.752 | INFO     |  5750 | msm.skill_entry | Installing system requirements...
2021-10-25 12:34:59.762 | INFO     |  5750 | msm.skill_entry | Installing system requirements...
2021-10-25 12:34:59.796 | INFO     |  5750 | msm.skill_entry | Successfully installed mycroft-speak
2021-10-25 12:34:59.797 | INFO     |  5750 | msm.mycroft_skills_manager | invalidating skills cache
2021-10-25 12:34:59.798 | INFO     |  5750 | msm.skill_entry | Downloading skill: https://github.com/mycroftai/skill-version-checker
2021-10-25 12:34:59.832 | INFO     |  5750 | msm.skill_entry | Successfully installed mycroft-playback-control
2021-10-25 12:34:59.839 | INFO     |  5750 | msm.mycroft_skills_manager | invalidating skills cache
2021-10-25 12:34:59.839 | INFO     |  5750 | msm.skill_entry | Successfully installed mycroft-personal
2021-10-25 12:34:59.839 | INFO     |  5750 | msm.mycroft_skills_manager | invalidating skills cache
2021-10-25 12:34:59.851 | INFO     |  5750 | msm.skill_entry | Downloading skill: https://github.com/MycroftAI/skill-query
2021-10-25 12:34:59.866 | INFO     |  5750 | msm.skill_entry | Downloading skill: https://github.com/mycroftai/skill-wiki
2021-10-25 12:34:59.919 | INFO     |  5750 | msm.skill_entry | Installing system requirements...
2021-10-25 12:34:59.985 | INFO     |  5750 | msm.skill_entry | Successfully installed mycroft-spelling
2021-10-25 12:34:59.985 | INFO     |  5750 | msm.mycroft_skills_manager | invalidating skills cache
2021-10-25 12:35:00.137 | INFO     |  5750 | msm.skill_entry | Installing system requirements...
2021-10-25 12:35:00.208 | INFO     |  5750 | msm.skill_entry | Installing requirements.txt for mycroft-support-helper
2021-10-25 12:35:00.237 | INFO     |  5750 | msm.skill_entry | Installing system requirements...
2021-10-25 12:35:00.280 | INFO     |  5750 | msm.skill_entry | Successfully installed mycroft-stop
2021-10-25 12:35:00.281 | INFO     |  5750 | msm.mycroft_skills_manager | invalidating skills cache
2021-10-25 12:35:00.313 | INFO     |  5750 | msm.skill_entry | Successfully installed mycroft-ip
2021-10-25 12:35:00.313 | INFO     |  5750 | msm.mycroft_skills_manager | invalidating skills cache
2021-10-25 12:35:00.354 | INFO     |  5750 | msm.skill_entry | Installing system requirements...
2021-10-25 12:35:00.375 | INFO     |  5750 | msm.skill_entry | Successfully installed mycroft-singing
2021-10-25 12:35:00.375 | INFO     |  5750 | msm.mycroft_skills_manager | invalidating skills cache
2021-10-25 12:35:00.472 | INFO     |  5750 | msm.skill_entry | Installing system requirements...
2021-10-25 12:35:00.489 | INFO     |  5750 | msm.skill_entry | Installing system requirements...
2021-10-25 12:35:00.498 | ERROR    |  5750 | msm.mycroft_skills_manager | Error running install_or_update on homeassistant: MergeConflict
2021-10-25 12:35:00.500 | INFO     |  5750 | msm.skill_entry | Installing system requirements...
2021-10-25 12:35:00.511 | INFO     |  5750 | msm.skill_entry | Successfully installed mycroft-version-checker
2021-10-25 12:35:00.512 | INFO     |  5750 | msm.mycroft_skills_manager | invalidating skills cache
2021-10-25 12:35:00.536 | INFO     |  5750 | msm.skill_entry | Installing requirements.txt for mycroft-wiki
2021-10-25 12:35:00.544 | INFO     |  5750 | msm.skill_entry | Successfully installed fallback-query
2021-10-25 12:35:00.544 | INFO     |  5750 | msm.mycroft_skills_manager | invalidating skills cache
2021-10-25 12:35:01.464 | INFO     |  5750 | msm.skill_entry | Successfully installed mycroft-fallback-duck-duck-go
2021-10-25 12:35:01.464 | INFO     |  5750 | msm.mycroft_skills_manager | invalidating skills cache
2021-10-25 12:35:01.821 | INFO     |  5750 | msm.skill_entry | Installing system requirements...
2021-10-25 12:35:01.850 | INFO     |  5750 | msm.skill_entry | Successfully installed mycroft-timer
2021-10-25 12:35:01.851 | INFO     |  5750 | msm.mycroft_skills_manager | invalidating skills cache
2021-10-25 12:35:01.905 | INFO     |  5750 | msm.skill_entry | Installing system requirements...
2021-10-25 12:35:01.935 | INFO     |  5750 | msm.skill_entry | Installing requirements.txt for mycroft-weather
2021-10-25 12:35:03.335 | INFO     |  5750 | msm.skill_entry | Successfully installed mycroft-installer
2021-10-25 12:35:03.335 | INFO     |  5750 | msm.mycroft_skills_manager | invalidating skills cache
2021-10-25 12:35:04.485 | INFO     |  5750 | msm.skill_entry | Successfully installed mycroft-joke
2021-10-25 12:35:04.485 | INFO     |  5750 | msm.mycroft_skills_manager | invalidating skills cache
2021-10-25 12:35:06.830 | INFO     |  5750 | msm.skill_entry | Successfully installed mycroft-configuration
2021-10-25 12:35:06.831 | INFO     |  5750 | msm.mycroft_skills_manager | invalidating skills cache
2021-10-25 12:35:21.955 | INFO     |  5750 | msm.skill_entry | Successfully installed mycroft-date-time
2021-10-25 12:35:21.955 | INFO     |  5750 | msm.mycroft_skills_manager | invalidating skills cache
2021-10-25 12:35:25.623 | INFO     |  5750 | msm.skill_entry | Successfully installed fallback-wolfram-alpha
2021-10-25 12:35:25.624 | INFO     |  5750 | msm.mycroft_skills_manager | invalidating skills cache
2021-10-25 12:35:26.494 | INFO     |  5750 | msm.skill_entry | Successfully installed mycroft-audio-record
2021-10-25 12:35:26.495 | INFO     |  5750 | msm.mycroft_skills_manager | invalidating skills cache
2021-10-25 12:35:27.225 | INFO     |  5750 | PairingSkill | Initiating device pairing sequence...
2021-10-25 12:35:27.225 | INFO     |  5750 | PairingSkill | Retrieving pairing code from device API...
2021-10-25 12:35:27.308 | INFO     |  5750 | PairingSkill | Pairing code obtained: PKAYHM
2021-10-25 12:35:27.308 | INFO     |  5750 | PairingSkill | Communicating pairing URL to user
2021-10-25 12:35:29.552 | INFO     |  5750 | msm.skill_entry | Successfully installed mycroft-npr-news
2021-10-25 12:35:29.553 | INFO     |  5750 | msm.mycroft_skills_manager | invalidating skills cache
2021-10-25 12:35:30.408 | INFO     |  5750 | msm.skill_entry | Successfully installed mycroft-alarm
2021-10-25 12:35:30.408 | INFO     |  5750 | msm.mycroft_skills_manager | invalidating skills cache
2021-10-25 12:35:32.716 | INFO     |  5750 | msm.skill_entry | Successfully installed mycroft-support-helper
2021-10-25 12:35:32.716 | INFO     |  5750 | msm.mycroft_skills_manager | invalidating skills cache
2021-10-25 12:35:34.538 | INFO     |  5750 | msm.skill_entry | Successfully installed mycroft-wiki
2021-10-25 12:35:34.539 | INFO     |  5750 | msm.mycroft_skills_manager | invalidating skills cache
2021-10-25 12:35:35.518 | INFO     |  5750 | msm.skill_entry | Successfully installed mycroft-weather
2021-10-25 12:35:35.518 | INFO     |  5750 | msm.mycroft_skills_manager | invalidating skills cache
2021-10-25 12:35:35.576 | INFO     |  5750 | mycroft.skills.skill_updater:_log_next_download_time:267 | Next scheduled skill update: 2021-10-25 13:35:35.575763
2021-10-25 12:35:35.576 | INFO     |  5750 | mycroft.skills.skill_updater:update_skills:170 | Skill update complete
2021-10-25 12:35:35.576 | INFO     |  5750 | mycroft.skills.skill_manager:_load_on_startup:273 | Loading installed skills...
2021-10-25 12:35:35.578 | INFO     |  5750 | mycroft.skills.skill_loader:load:185 | ATTEMPTING TO LOAD SKILL: mycroft-ip.mycroftai
2021-10-25 12:35:35.617 | INFO     |  5750 | mycroft.skills.settings:get_local_settings:83 | /opt/mycroft/skills/mycroft-ip.mycroftai/settings.json
2021-10-25 12:35:35.628 | INFO     |  5750 | mycroft.skills.skill_loader:_check_for_first_run:324 | First run of mycroft-ip.mycroftai
2021-10-25 12:35:35.629 | INFO     |  5750 | mycroft.skills.settings:save_settings:116 | Skill settings successfully saved to /home/runner/.config/mycroft/skills/mycroft-ip.mycroftai/settings.json
2021-10-25 12:35:35.630 | INFO     |  5750 | mycroft.skills.skill_loader:_communicate_load_status:344 | Skill mycroft-ip.mycroftai loaded successfully
2021-10-25 12:35:35.630 | INFO     |  5750 | mycroft.skills.skill_loader:load:185 | ATTEMPTING TO LOAD SKILL: mycroft-reminder.mycroftai
2021-10-25 12:35:35.649 | INFO     |  5750 | mycroft.skills.settings:get_local_settings:83 | /opt/mycroft/skills/mycroft-reminder.mycroftai/settings.json
2021-10-25 12:35:35.701 | INFO     |  5750 | mycroft.skills.skill_loader:_check_for_first_run:324 | First run of mycroft-reminder.mycroftai
2021-10-25 12:35:35.702 | INFO     |  5750 | mycroft.skills.settings:save_settings:116 | Skill settings successfully saved to /home/runner/.config/mycroft/skills/mycroft-reminder.mycroftai/settings.json
2021-10-25 12:35:35.702 | INFO     |  5750 | mycroft.skills.skill_loader:_communicate_load_status:344 | Skill mycroft-reminder.mycroftai loaded successfully
2021-10-25 12:35:35.703 | INFO     |  5750 | mycroft.skills.skill_loader:load:185 | ATTEMPTING TO LOAD SKILL: mycroft-installer.mycroftai
2021-10-25 12:35:35.710 | INFO     |  5750 | mycroft.skills.settings:get_local_settings:83 | /opt/mycroft/skills/mycroft-installer.mycroftai/settings.json
2021-10-25 12:35:35.733 | INFO     |  5750 | mycroft.skills.skill_loader:_check_for_first_run:324 | First run of mycroft-installer.mycroftai
2021-10-25 12:35:35.733 | INFO     |  5750 | mycroft.skills.settings:save_settings:116 | Skill settings successfully saved to /home/runner/.config/mycroft/skills/mycroft-installer.mycroftai/settings.json
2021-10-25 12:35:35.736 | INFO     |  5750 | mycroft.skills.skill_loader:_communicate_load_status:344 | Skill mycroft-installer.mycroftai loaded successfully
2021-10-25 12:35:35.736 | INFO     |  5750 | mycroft.skills.skill_loader:load:185 | ATTEMPTING TO LOAD SKILL: mycroft-version-checker.mycroftai
2021-10-25 12:35:35.741 | INFO     |  5750 | mycroft.skills.settings:get_local_settings:83 | /opt/mycroft/skills/mycroft-version-checker.mycroftai/settings.json
2021-10-25 12:35:35.780 | INFO     |  5750 | mycroft.skills.skill_loader:_check_for_first_run:324 | First run of mycroft-version-checker.mycroftai
2021-10-25 12:35:35.784 | INFO     |  5750 | mycroft.skills.settings:save_settings:116 | Skill settings successfully saved to /home/runner/.config/mycroft/skills/mycroft-version-checker.mycroftai/settings.json
2021-10-25 12:35:35.785 | INFO     |  5750 | mycroft.skills.skill_loader:_communicate_load_status:344 | Skill mycroft-version-checker.mycroftai loaded successfully
2021-10-25 12:35:35.785 | INFO     |  5750 | mycroft.skills.skill_loader:load:185 | ATTEMPTING TO LOAD SKILL: mycroft-singing.mycroftai
2021-10-25 12:35:35.788 | INFO     |  5750 | mycroft.skills.settings:get_local_settings:83 | /opt/mycroft/skills/mycroft-singing.mycroftai/settings.json
2021-10-25 12:35:35.820 | INFO     |  5750 | mycroft.skills.skill_loader:_check_for_first_run:324 | First run of mycroft-singing.mycroftai
2021-10-25 12:35:35.821 | INFO     |  5750 | mycroft.skills.settings:save_settings:116 | Skill settings successfully saved to /home/runner/.config/mycroft/skills/mycroft-singing.mycroftai/settings.json
2021-10-25 12:35:35.824 | INFO     |  5750 | mycroft.skills.skill_loader:_communicate_load_status:344 | Skill mycroft-singing.mycroftai loaded successfully
2021-10-25 12:35:35.824 | INFO     |  5750 | mycroft.skills.skill_loader:load:185 | ATTEMPTING TO LOAD SKILL: mycroft-joke.mycroftai
2021-10-25 12:35:35.830 | INFO     |  5750 | mycroft.skills.settings:get_local_settings:83 | /opt/mycroft/skills/mycroft-joke.mycroftai/settings.json
2021-10-25 12:35:35.859 | INFO     |  5750 | mycroft.skills.skill_loader:_check_for_first_run:324 | First run of mycroft-joke.mycroftai
2021-10-25 12:35:35.863 | INFO     |  5750 | mycroft.skills.settings:save_settings:116 | Skill settings successfully saved to /home/runner/.config/mycroft/skills/mycroft-joke.mycroftai/settings.json
2021-10-25 12:35:35.863 | INFO     |  5750 | mycroft.skills.skill_loader:_communicate_load_status:344 | Skill mycroft-joke.mycroftai loaded successfully
2021-10-25 12:35:35.865 | INFO     |  5750 | mycroft.skills.skill_loader:load:185 | ATTEMPTING TO LOAD SKILL: mycroft-timer.mycroftai
2021-10-25 12:35:35.885 | INFO     |  5750 | mycroft.skills.settings:get_local_settings:83 | /opt/mycroft/skills/mycroft-timer.mycroftai/settings.json
2021-10-25 12:35:35.958 | INFO     |  5750 | mycroft.skills.skill_loader:_check_for_first_run:324 | First run of mycroft-timer.mycroftai
2021-10-25 12:35:35.959 | INFO     |  5750 | mycroft.skills.settings:save_settings:116 | Skill settings successfully saved to /home/runner/.config/mycroft/skills/mycroft-timer.mycroftai/settings.json
2021-10-25 12:35:35.962 | INFO     |  5750 | mycroft.skills.skill_loader:_communicate_load_status:344 | Skill mycroft-timer.mycroftai loaded successfully
2021-10-25 12:35:35.962 | INFO     |  5750 | mycroft.skills.skill_loader:load:185 | ATTEMPTING TO LOAD SKILL: homeassistant.mycroftai
2021-10-25 12:35:36.255 | INFO     |  5750 | mycroft.skills.settings:get_local_settings:83 | /opt/mycroft/skills/homeassistant.mycroftai/settings.json
2021-10-25 12:35:36.256 | INFO     |  5750 | mycroft.skills.settings:get_local_settings:83 | /opt/mycroft/skills/homeassistant.mycroftai/settings.json
2021-10-25 12:35:36.303 | INFO     |  5750 | mycroft.skills.skill_loader:_communicate_load_status:344 | Skill homeassistant.mycroftai loaded successfully
2021-10-25 12:35:36.303 | INFO     |  5750 | mycroft.skills.skill_loader:load:185 | ATTEMPTING TO LOAD SKILL: mycroft-alarm.mycroftai
2021-10-25 12:35:36.342 | INFO     |  5750 | mycroft.skills.settings:get_local_settings:83 | /opt/mycroft/skills/mycroft-alarm.mycroftai/settings.json
2021-10-25 12:35:36.343 | ERROR    |  5750 | AlarmSkill | Couldn't allocate mixer, ALSAAudioError('No such file or directory [default]')
2021-10-25 12:35:36.443 | INFO     |  5750 | mycroft.skills.skill_loader:_check_for_first_run:324 | First run of mycroft-alarm.mycroftai
2021-10-25 12:35:36.443 | INFO     |  5750 | mycroft.skills.settings:save_settings:116 | Skill settings successfully saved to /home/runner/.config/mycroft/skills/mycroft-alarm.mycroftai/settings.json
2021-10-25 12:35:36.446 | INFO     |  5750 | mycroft.skills.skill_loader:_communicate_load_status:344 | Skill mycroft-alarm.mycroftai loaded successfully
2021-10-25 12:35:36.447 | INFO     |  5750 | mycroft.skills.skill_loader:load:185 | ATTEMPTING TO LOAD SKILL: mycroft-naptime.mycroftai
2021-10-25 12:35:36.473 | INFO     |  5750 | mycroft.skills.settings:get_local_settings:83 | /opt/mycroft/skills/mycroft-naptime.mycroftai/settings.json
2021-10-25 12:35:36.500 | INFO     |  5750 | mycroft.skills.skill_loader:_check_for_first_run:324 | First run of mycroft-naptime.mycroftai
2021-10-25 12:35:36.503 | INFO     |  5750 | mycroft.skills.settings:save_settings:116 | Skill settings successfully saved to /home/runner/.config/mycroft/skills/mycroft-naptime.mycroftai/settings.json
2021-10-25 12:35:36.517 | INFO     |  5750 | mycroft.skills.skill_loader:_communicate_load_status:344 | Skill mycroft-naptime.mycroftai loaded successfully
2021-10-25 12:35:36.517 | INFO     |  5750 | mycroft.skills.skill_loader:load:185 | ATTEMPTING TO LOAD SKILL: mycroft-spelling.mycroftai
2021-10-25 12:35:36.520 | INFO     |  5750 | mycroft.skills.settings:get_local_settings:83 | /opt/mycroft/skills/mycroft-spelling.mycroftai/settings.json
2021-10-25 12:35:36.544 | INFO     |  5750 | mycroft.skills.skill_loader:_check_for_first_run:324 | First run of mycroft-spelling.mycroftai
2021-10-25 12:35:36.545 | INFO     |  5750 | mycroft.skills.settings:save_settings:116 | Skill settings successfully saved to /home/runner/.config/mycroft/skills/mycroft-spelling.mycroftai/settings.json
2021-10-25 12:35:36.548 | INFO     |  5750 | mycroft.skills.skill_loader:_communicate_load_status:344 | Skill mycroft-spelling.mycroftai loaded successfully
2021-10-25 12:35:36.549 | INFO     |  5750 | mycroft.skills.skill_loader:load:185 | ATTEMPTING TO LOAD SKILL: mycroft-fallback-duck-duck-go.mycroftai
2021-10-25 12:35:36.562 | INFO     |  5750 | mycroft.skills.settings:get_local_settings:83 | /opt/mycroft/skills/mycroft-fallback-duck-duck-go.mycroftai/settings.json
2021-10-25 12:35:36.579 | INFO     |  5750 | mycroft.skills.skill_loader:_check_for_first_run:324 | First run of mycroft-fallback-duck-duck-go.mycroftai
2021-10-25 12:35:36.580 | INFO     |  5750 | mycroft.skills.settings:save_settings:116 | Skill settings successfully saved to /home/runner/.config/mycroft/skills/mycroft-fallback-duck-duck-go.mycroftai/settings.json
2021-10-25 12:35:36.580 | INFO     |  5750 | mycroft.skills.skill_loader:_communicate_load_status:344 | Skill mycroft-fallback-duck-duck-go.mycroftai loaded successfully
2021-10-25 12:35:36.581 | INFO     |  5750 | mycroft.skills.skill_loader:load:185 | ATTEMPTING TO LOAD SKILL: mycroft-npr-news.mycroftai
2021-10-25 12:35:36.703 | INFO     |  5750 | mycroft.skills.settings:get_local_settings:83 | /opt/mycroft/skills/mycroft-npr-news.mycroftai/settings.json
2021-10-25 12:35:37.722 | INFO     |  5750 | mycroft.skills.skill_loader:_check_for_first_run:324 | First run of mycroft-npr-news.mycroftai
2021-10-25 12:35:37.723 | INFO     |  5750 | mycroft.skills.settings:save_settings:116 | Skill settings successfully saved to /home/runner/.config/mycroft/skills/mycroft-npr-news.mycroftai/settings.json
2021-10-25 12:35:37.725 | INFO     |  5750 | mycroft.skills.skill_loader:_communicate_load_status:344 | Skill mycroft-npr-news.mycroftai loaded successfully
2021-10-25 12:35:37.725 | INFO     |  5750 | mycroft.skills.skill_loader:load:185 | ATTEMPTING TO LOAD SKILL: mycroft-support-helper.mycroftai
2021-10-25 12:35:37.732 | INFO     |  5750 | mycroft.skills.settings:get_local_settings:83 | /opt/mycroft/skills/mycroft-support-helper.mycroftai/settings.json
2021-10-25 12:35:37.740 | INFO     |  5750 | mycroft.skills.skill_loader:_check_for_first_run:324 | First run of mycroft-support-helper.mycroftai
2021-10-25 12:35:37.742 | INFO     |  5750 | mycroft.skills.settings:save_settings:116 | Skill settings successfully saved to /home/runner/.config/mycroft/skills/mycroft-support-helper.mycroftai/settings.json
2021-10-25 12:35:37.743 | INFO     |  5750 | mycroft.skills.skill_loader:_communicate_load_status:344 | Skill mycroft-support-helper.mycroftai loaded successfully
2021-10-25 12:35:37.743 | INFO     |  5750 | mycroft.skills.skill_loader:load:185 | ATTEMPTING TO LOAD SKILL: mycroft-weather.mycroftai
2021-10-25 12:35:37.768 | INFO     |  5750 | mycroft.skills.settings:get_local_settings:83 | /opt/mycroft/skills/mycroft-weather.mycroftai/settings.json
2021-10-25 12:35:37.876 | INFO     |  5750 | mycroft.skills.skill_loader:_check_for_first_run:324 | First run of mycroft-weather.mycroftai
2021-10-25 12:35:37.877 | INFO     |  5750 | mycroft.skills.settings:save_settings:116 | Skill settings successfully saved to /home/runner/.config/mycroft/skills/mycroft-weather.mycroftai/settings.json
2021-10-25 12:35:37.880 | INFO     |  5750 | mycroft.skills.skill_loader:_communicate_load_status:344 | Skill mycroft-weather.mycroftai loaded successfully
2021-10-25 12:35:37.880 | INFO     |  5750 | mycroft.skills.skill_loader:load:185 | ATTEMPTING TO LOAD SKILL: mycroft-speak.mycroftai
2021-10-25 12:35:37.884 | INFO     |  5750 | mycroft.skills.settings:get_local_settings:83 | /opt/mycroft/skills/mycroft-speak.mycroftai/settings.json
2021-10-25 12:35:37.911 | INFO     |  5750 | mycroft.skills.skill_loader:_check_for_first_run:324 | First run of mycroft-speak.mycroftai
2021-10-25 12:35:37.912 | INFO     |  5750 | mycroft.skills.settings:save_settings:116 | Skill settings successfully saved to /home/runner/.config/mycroft/skills/mycroft-speak.mycroftai/settings.json
2021-10-25 12:35:37.912 | INFO     |  5750 | mycroft.skills.skill_loader:_communicate_load_status:344 | Skill mycroft-speak.mycroftai loaded successfully
2021-10-25 12:35:37.922 | INFO     |  5750 | mycroft.skills.skill_loader:load:185 | ATTEMPTING TO LOAD SKILL: mycroft-audio-record.mycroftai
2021-10-25 12:35:37.932 | INFO     |  5750 | mycroft.skills.settings:get_local_settings:83 | /opt/mycroft/skills/mycroft-audio-record.mycroftai/settings.json
2021-10-25 12:35:37.952 | INFO     |  5750 | mycroft.skills.skill_loader:_check_for_first_run:324 | First run of mycroft-audio-record.mycroftai
2021-10-25 12:35:37.952 | INFO     |  5750 | mycroft.skills.settings:save_settings:116 | Skill settings successfully saved to /home/runner/.config/mycroft/skills/mycroft-audio-record.mycroftai/settings.json
2021-10-25 12:35:37.958 | INFO     |  5750 | mycroft.skills.skill_loader:_communicate_load_status:344 | Skill mycroft-audio-record.mycroftai loaded successfully
2021-10-25 12:35:37.959 | INFO     |  5750 | mycroft.skills.skill_loader:load:185 | ATTEMPTING TO LOAD SKILL: mycroft-stop.mycroftai
2021-10-25 12:35:37.967 | INFO     |  5750 | mycroft.skills.settings:get_local_settings:83 | /opt/mycroft/skills/mycroft-stop.mycroftai/settings.json
2021-10-25 12:35:37.988 | INFO     |  5750 | mycroft.skills.skill_loader:_check_for_first_run:324 | First run of mycroft-stop.mycroftai
2021-10-25 12:35:37.988 | INFO     |  5750 | mycroft.skills.settings:save_settings:116 | Skill settings successfully saved to /home/runner/.config/mycroft/skills/mycroft-stop.mycroftai/settings.json
2021-10-25 12:35:37.992 | INFO     |  5750 | mycroft.skills.skill_loader:_communicate_load_status:344 | Skill mycroft-stop.mycroftai loaded successfully
2021-10-25 12:35:37.994 | INFO     |  5750 | mycroft.skills.skill_loader:load:185 | ATTEMPTING TO LOAD SKILL: mycroft-hello-world.mycroftai
2021-10-25 12:35:38.002 | INFO     |  5750 | mycroft.skills.settings:get_local_settings:83 | /opt/mycroft/skills/mycroft-hello-world.mycroftai/settings.json
2021-10-25 12:35:38.019 | INFO     |  5750 | mycroft.skills.skill_loader:_check_for_first_run:324 | First run of mycroft-hello-world.mycroftai
2021-10-25 12:35:38.020 | INFO     |  5750 | mycroft.skills.settings:save_settings:116 | Skill settings successfully saved to /home/runner/.config/mycroft/skills/mycroft-hello-world.mycroftai/settings.json
2021-10-25 12:35:38.020 | INFO     |  5750 | mycroft.skills.skill_loader:_communicate_load_status:344 | Skill mycroft-hello-world.mycroftai loaded successfully
2021-10-25 12:35:38.030 | INFO     |  5750 | mycroft.skills.skill_loader:load:185 | ATTEMPTING TO LOAD SKILL: mycroft-date-time.mycroftai
2021-10-25 12:35:38.587 | INFO     |  5750 | mycroft.skills.settings:get_local_settings:83 | /opt/mycroft/skills/mycroft-date-time.mycroftai/settings.json
2021-10-25 12:35:38.641 | INFO     |  5750 | TimeSkill | Registering resting screen <bound method TimeSkill.handle_idle of <mycroft-date-time_mycroftai.TimeSkill object at 0x7f8a4cf99310>> for Time and Date.
2021-10-25 12:35:38.642 | INFO     |  5750 | TimeSkill | Registering resting screen
2021-10-25 12:35:38.644 | INFO     |  5750 | mycroft.skills.skill_loader:_check_for_first_run:324 | First run of mycroft-date-time.mycroftai
2021-10-25 12:35:38.653 | INFO     |  5750 | mycroft.skills.settings:save_settings:116 | Skill settings successfully saved to /home/runner/.config/mycroft/skills/mycroft-date-time.mycroftai/settings.json
2021-10-25 12:35:38.655 | INFO     |  5750 | mycroft.skills.skill_loader:_communicate_load_status:344 | Skill mycroft-date-time.mycroftai loaded successfully
2021-10-25 12:35:38.655 | INFO     |  5750 | mycroft.skills.skill_loader:load:185 | ATTEMPTING TO LOAD SKILL: mycroft-configuration.mycroftai
2021-10-25 12:35:38.660 | INFO     |  5750 | mycroft.skills.settings:get_local_settings:83 | /opt/mycroft/skills/mycroft-configuration.mycroftai/settings.json
2021-10-25 12:35:38.714 | INFO     |  5750 | mycroft.skills.skill_loader:_check_for_first_run:324 | First run of mycroft-configuration.mycroftai
2021-10-25 12:35:38.715 | INFO     |  5750 | mycroft.skills.settings:save_settings:116 | Skill settings successfully saved to /home/runner/.config/mycroft/skills/mycroft-configuration.mycroftai/settings.json
2021-10-25 12:35:38.718 | INFO     |  5750 | mycroft.skills.skill_loader:_communicate_load_status:344 | Skill mycroft-configuration.mycroftai loaded successfully
2021-10-25 12:35:38.718 | INFO     |  5750 | mycroft.skills.skill_loader:load:185 | ATTEMPTING TO LOAD SKILL: fallback-query.mycroftai
2021-10-25 12:35:38.729 | INFO     |  5750 | mycroft.skills.settings:get_local_settings:83 | /opt/mycroft/skills/fallback-query.mycroftai/settings.json
2021-10-25 12:35:38.748 | INFO     |  5750 | mycroft.skills.skill_loader:_check_for_first_run:324 | First run of fallback-query.mycroftai
2021-10-25 12:35:38.749 | INFO     |  5750 | mycroft.skills.settings:save_settings:116 | Skill settings successfully saved to /home/runner/.config/mycroft/skills/fallback-query.mycroftai/settings.json
2021-10-25 12:35:38.754 | INFO     |  5750 | mycroft.skills.skill_loader:_communicate_load_status:344 | Skill fallback-query.mycroftai loaded successfully
2021-10-25 12:35:38.755 | INFO     |  5750 | mycroft.skills.skill_loader:load:185 | ATTEMPTING TO LOAD SKILL: mycroft-personal.mycroftai
2021-10-25 12:35:38.763 | INFO     |  5750 | mycroft.skills.settings:get_local_settings:83 | /opt/mycroft/skills/mycroft-personal.mycroftai/settings.json
2021-10-25 12:35:38.794 | INFO     |  5750 | mycroft.skills.skill_loader:_check_for_first_run:324 | First run of mycroft-personal.mycroftai
2021-10-25 12:35:38.795 | INFO     |  5750 | mycroft.skills.settings:save_settings:116 | Skill settings successfully saved to /home/runner/.config/mycroft/skills/mycroft-personal.mycroftai/settings.json
2021-10-25 12:35:38.799 | INFO     |  5750 | mycroft.skills.skill_loader:_communicate_load_status:344 | Skill mycroft-personal.mycroftai loaded successfully
2021-10-25 12:35:38.799 | INFO     |  5750 | mycroft.skills.skill_loader:load:185 | ATTEMPTING TO LOAD SKILL: fallback-wolfram-alpha.mycroftai
2021-10-25 12:35:38.864 | INFO     |  5750 | mycroft.skills.settings:get_local_settings:83 | /opt/mycroft/skills/fallback-wolfram-alpha.mycroftai/settings.json
2021-10-25 12:35:38.896 | INFO     |  5750 | mycroft.skills.skill_loader:_check_for_first_run:324 | First run of fallback-wolfram-alpha.mycroftai
2021-10-25 12:35:38.896 | INFO     |  5750 | mycroft.skills.settings:save_settings:116 | Skill settings successfully saved to /home/runner/.config/mycroft/skills/fallback-wolfram-alpha.mycroftai/settings.json
2021-10-25 12:35:38.897 | INFO     |  5750 | mycroft.skills.skill_loader:_communicate_load_status:344 | Skill fallback-wolfram-alpha.mycroftai loaded successfully
2021-10-25 12:35:38.897 | INFO     |  5750 | mycroft.skills.skill_loader:load:185 | ATTEMPTING TO LOAD SKILL: mycroft-wiki.mycroftai
2021-10-25 12:35:38.915 | INFO     |  5750 | mycroft.skills.settings:get_local_settings:83 | /opt/mycroft/skills/mycroft-wiki.mycroftai/settings.json
2021-10-25 12:35:38.949 | INFO     |  5750 | mycroft.skills.skill_loader:_check_for_first_run:324 | First run of mycroft-wiki.mycroftai
2021-10-25 12:35:38.950 | INFO     |  5750 | mycroft.skills.settings:save_settings:116 | Skill settings successfully saved to /home/runner/.config/mycroft/skills/mycroft-wiki.mycroftai/settings.json
2021-10-25 12:35:38.950 | INFO     |  5750 | mycroft.skills.skill_loader:_communicate_load_status:344 | Skill mycroft-wiki.mycroftai loaded successfully
2021-10-25 12:35:38.951 | INFO     |  5750 | mycroft.skills.skill_loader:load:185 | ATTEMPTING TO LOAD SKILL: fallback-unknown.mycroftai
2021-10-25 12:35:38.955 | INFO     |  5750 | mycroft.skills.settings:get_local_settings:83 | /opt/mycroft/skills/fallback-unknown.mycroftai/settings.json
2021-10-25 12:35:38.961 | INFO     |  5750 | mycroft.skills.skill_loader:_check_for_first_run:324 | First run of fallback-unknown.mycroftai
2021-10-25 12:35:38.964 | INFO     |  5750 | mycroft.skills.settings:save_settings:116 | Skill settings successfully saved to /home/runner/.config/mycroft/skills/fallback-unknown.mycroftai/settings.json
2021-10-25 12:35:38.966 | INFO     |  5750 | mycroft.skills.skill_loader:_communicate_load_status:344 | Skill fallback-unknown.mycroftai loaded successfully
2021-10-25 12:35:38.966 | INFO     |  5750 | mycroft.skills.skill_loader:load:185 | ATTEMPTING TO LOAD SKILL: mycroft-playback-control.mycroftai
2021-10-25 12:35:38.972 | INFO     |  5750 | mycroft.skills.settings:get_local_settings:83 | /opt/mycroft/skills/mycroft-playback-control.mycroftai/settings.json
2021-10-25 12:35:39.008 | INFO     |  5750 | mycroft.skills.skill_loader:_check_for_first_run:324 | First run of mycroft-playback-control.mycroftai
2021-10-25 12:35:39.009 | INFO     |  5750 | mycroft.skills.settings:save_settings:116 | Skill settings successfully saved to /home/runner/.config/mycroft/skills/mycroft-playback-control.mycroftai/settings.json
2021-10-25 12:35:39.015 | INFO     |  5750 | mycroft.skills.skill_loader:_communicate_load_status:344 | Skill mycroft-playback-control.mycroftai loaded successfully
2021-10-25 12:35:39.016 | INFO     |  5750 | mycroft.skills.skill_manager:_load_on_startup:275 | Skills all loaded!
2021-10-25 12:35:39.079 | INFO     |  5750 | __main__:on_ready:185 | Skills service is ready.
2021-10-25 12:35:39.204 | INFO     |  5750 | mycroft.skills.intent_services.padatious_service:train:151 | Training... (single_thread=False)
Regenerated mycroft-alarm.mycroftai:{daytype}.
Regenerated mycroft-reminder.mycroftai:ReminderAt.intent.
Regenerated mycroft-reminder.mycroftai:SnoozeReminder.intent.
Regenerated mycroft-installer.mycroftai:install.beta.intent.
Regenerated mycroft-installer.mycroftai:is.installed.intent.
Regenerated mycroft-installer.mycroftai:install.intent.
Regenerated mycroft-installer.mycroftai:remove.intent.
Regenerated mycroft-installer.mycroftai:list.skills.intent.
Regenerated homeassistant.mycroftai:set.climate.intent.
Regenerated homeassistant.mycroftai:tracker.intent.
Regenerated homeassistant.mycroftai:turn.on.intent.
Regenerated homeassistant.mycroftai:increase.light.brightness.intent.
Regenerated homeassistant.mycroftai:automation.intent.
Regenerated homeassistant.mycroftai:set.light.brightness.intent.
Regenerated homeassistant.mycroftai:sensor.intent.
Regenerated mycroft-stop.mycroftai:shutdown.intent.
Regenerated mycroft-stop.mycroftai:reboot.intent.
Regenerated mycroft-stop.mycroftai:wifi.setup.intent.
Regenerated mycroft-stop.mycroftai:ssh.disable.intent.
Regenerated mycroft-stop.mycroftai:ssh.enable.intent.
Regenerated mycroft-hello-world.mycroftai:HowAreYou.intent.
Regenerated mycroft-date-time.mycroftai:date.last.weekend.intent.
Regenerated mycroft-personal.mycroftai:WhatAreYou.intent.
Regenerated mycroft-personal.mycroftai:DoYouDream.intent.
Regenerated mycroft-personal.mycroftai:WhenWereYouBorn.intent.
Regenerated mycroft-personal.mycroftai:WhoMadeYou.intent.
Regenerated mycroft-personal.mycroftai:WhoAreYou.intent.
Regenerated mycroft-personal.mycroftai:WhereWereYouBorn.intent.
Regenerated mycroft-wiki.mycroftai:Random.intent.
Regenerated mycroft-reminder.mycroftai:GetNextReminders.intent.
Regenerated mycroft-reminder.mycroftai:ClearReminders.intent.
Regenerated mycroft-reminder.mycroftai:GetRemindersForDay.intent.
Regenerated mycroft-reminder.mycroftai:DeleteReminderForDay.intent.
Regenerated mycroft-reminder.mycroftai:CancelActiveReminder.intent.
Regenerated mycroft-reminder.mycroftai:Reminder.intent.
Regenerated mycroft-reminder.mycroftai:UnspecifiedReminderAt.intent.
Regenerated mycroft-installer.mycroftai:install.custom.intent.
Regenerated mycroft-timer.mycroftai:timer.status.intent.
Regenerated mycroft-timer.mycroftai:start.timer.intent.
Regenerated homeassistant.mycroftai:add.item.shopping.list.intent.
Regenerated homeassistant.mycroftai:toggle.intent.
Regenerated homeassistant.mycroftai:turn.off.intent.
Regenerated homeassistant.mycroftai:decrease.light.brightness.intent.
Regenerated mycroft-alarm.mycroftai:snooze.intent.
Regenerated mycroft-alarm.mycroftai:change.alarm.sound.intent.
Regenerated mycroft-npr-news.mycroftai:PlayTheNews.intent.
Regenerated mycroft-support-helper.mycroftai:contact.support.intent.
Regenerated mycroft-weather.mycroftai:do-i-need-an-umbrella.intent.
Regenerated mycroft-audio-record.mycroftai:StartRecording.intent.
Regenerated mycroft-audio-record.mycroftai:PlayRecording.intent.
Regenerated mycroft-date-time.mycroftai:date.future.weekend.intent.
Regenerated mycroft-date-time.mycroftai:what.time.is.it.intent.
Regenerated mycroft-date-time.mycroftai:what.time.will.it.be.intent.
Regenerated mycroft-configuration.mycroftai:DisablePreciseDev.intent.
Regenerated mycroft-configuration.mycroftai:WhereAreYou.intent.
Regenerated mycroft-configuration.mycroftai:EnablePreciseDev.intent.
Regenerated mycroft-personal.mycroftai:DoYouRhyme.intent.
2021-10-25 12:35:41.732 | INFO     |  5750 | mycroft.skills.intent_services.padatious_service:train:153 | Training complete.
2021-10-25 12:35:57.632 | INFO     |  5750 | mycroft.skills.settings:save_settings:116 | Skill settings successfully saved to /home/runner/.config/mycroft/skills/mycroft-pairing.mycroftai/settings.json
2021-10-25 12:35:57.935 | INFO     |  5750 | mycroft.skills.settings:save_settings:116 | Skill settings successfully saved to /home/runner/.config/mycroft/skills/mycroft-timer.mycroftai/settings.json
2021-10-25 12:36:20.652 | INFO     |  5750 | __main__:on_stopping:193 | Skills service is shutting down...
2021-10-25 12:36:20.652 | INFO     |  5750 | __main__:shutdown:284 | Shutting down Skills service
2021-10-25 12:36:20.808 | ERROR    |  5750 | VolumeSkill | Couldn't allocate mixer, ALSAAudioError('No such file or directory [default]')
2021-10-25 12:36:20.810 | INFO     |  5750 | mycroft.skills.settings:save_settings:116 | Skill settings successfully saved to /home/runner/.config/mycroft/skills/mycroft-volume.mycroftai/settings.json
2021-10-25 12:36:20.823 | INFO     |  5750 | mycroft.skills.settings:save_settings:116 | Skill settings successfully saved to /home/runner/.config/mycroft/skills/mycroft-ip.mycroftai/settings.json
2021-10-25 12:36:20.824 | INFO     |  5750 | mycroft.skills.settings:save_settings:116 | Skill settings successfully saved to /home/runner/.config/mycroft/skills/mycroft-reminder.mycroftai/settings.json
2021-10-25 12:36:20.827 | INFO     |  5750 | mycroft.skills.settings:save_settings:116 | Skill settings successfully saved to /home/runner/.config/mycroft/skills/mycroft-installer.mycroftai/settings.json
2021-10-25 12:36:20.835 | INFO     |  5750 | mycroft.skills.settings:save_settings:116 | Skill settings successfully saved to /home/runner/.config/mycroft/skills/mycroft-version-checker.mycroftai/settings.json
2021-10-25 12:36:20.838 | INFO     |  5750 | mycroft.skills.settings:save_settings:116 | Skill settings successfully saved to /home/runner/.config/mycroft/skills/mycroft-singing.mycroftai/settings.json
2021-10-25 12:36:20.848 | INFO     |  5750 | mycroft.skills.settings:save_settings:116 | Skill settings successfully saved to /home/runner/.config/mycroft/skills/mycroft-joke.mycroftai/settings.json
2021-10-25 12:36:20.859 | INFO     |  5750 | HomeAssistantSkill | Removing all handlers...
2021-10-25 12:36:20.864 | WARNING  |  5750 | mycroft.skills.fallback_skill:remove_fallback:185 | Could not find matching fallback handler
2021-10-25 12:36:20.872 | INFO     |  5750 | mycroft.skills.settings:save_settings:116 | Skill settings successfully saved to /home/runner/.config/mycroft/skills/mycroft-alarm.mycroftai/settings.json
2021-10-25 12:36:20.877 | INFO     |  5750 | mycroft.skills.settings:save_settings:116 | Skill settings successfully saved to /home/runner/.config/mycroft/skills/mycroft-naptime.mycroftai/settings.json
2021-10-25 12:36:20.884 | INFO     |  5750 | mycroft.skills.settings:save_settings:116 | Skill settings successfully saved to /home/runner/.config/mycroft/skills/mycroft-spelling.mycroftai/settings.json
2021-10-25 12:36:20.885 | INFO     |  5750 | mycroft.skills.settings:save_settings:116 | Skill settings successfully saved to /home/runner/.config/mycroft/skills/mycroft-fallback-duck-duck-go.mycroftai/settings.json
2021-10-25 12:36:20.886 | INFO     |  5750 | mycroft.skills.settings:save_settings:116 | Skill settings successfully saved to /home/runner/.config/mycroft/skills/mycroft-npr-news.mycroftai/settings.json
2021-10-25 12:36:20.888 | INFO     |  5750 | mycroft.skills.settings:save_settings:116 | Skill settings successfully saved to /home/runner/.config/mycroft/skills/mycroft-support-helper.mycroftai/settings.json
2021-10-25 12:36:20.889 | INFO     |  5750 | mycroft.skills.settings:save_settings:116 | Skill settings successfully saved to /home/runner/.config/mycroft/skills/mycroft-weather.mycroftai/settings.json
2021-10-25 12:36:20.890 | INFO     |  5750 | mycroft.skills.settings:save_settings:116 | Skill settings successfully saved to /home/runner/.config/mycroft/skills/mycroft-speak.mycroftai/settings.json
2021-10-25 12:36:20.891 | INFO     |  5750 | mycroft.skills.settings:save_settings:116 | Skill settings successfully saved to /home/runner/.config/mycroft/skills/mycroft-audio-record.mycroftai/settings.json
2021-10-25 12:36:20.898 | INFO     |  5750 | mycroft.skills.settings:save_settings:116 | Skill settings successfully saved to /home/runner/.config/mycroft/skills/mycroft-stop.mycroftai/settings.json
2021-10-25 12:36:20.900 | INFO     |  5750 | mycroft.skills.settings:save_settings:116 | Skill settings successfully saved to /home/runner/.config/mycroft/skills/mycroft-hello-world.mycroftai/settings.json
2021-10-25 12:36:20.901 | INFO     |  5750 | mycroft.skills.settings:save_settings:116 | Skill settings successfully saved to /home/runner/.config/mycroft/skills/mycroft-date-time.mycroftai/settings.json
2021-10-25 12:36:20.917 | INFO     |  5750 | mycroft.skills.settings:save_settings:116 | Skill settings successfully saved to /home/runner/.config/mycroft/skills/mycroft-configuration.mycroftai/settings.json
2021-10-25 12:36:20.920 | INFO     |  5750 | QuestionsAnswersSkill | Removing all handlers...
2021-10-25 12:36:20.920 | INFO     |  5750 | mycroft.skills.settings:save_settings:116 | Skill settings successfully saved to /home/runner/.config/mycroft/skills/fallback-query.mycroftai/settings.json
2021-10-25 12:36:20.922 | INFO     |  5750 | mycroft.skills.settings:save_settings:116 | Skill settings successfully saved to /home/runner/.config/mycroft/skills/mycroft-personal.mycroftai/settings.json
2021-10-25 12:36:20.923 | INFO     |  5750 | mycroft.skills.settings:save_settings:116 | Skill settings successfully saved to /home/runner/.config/mycroft/skills/fallback-wolfram-alpha.mycroftai/settings.json
2021-10-25 12:36:20.931 | INFO     |  5750 | mycroft.skills.settings:save_settings:116 | Skill settings successfully saved to /home/runner/.config/mycroft/skills/mycroft-wiki.mycroftai/settings.json
2021-10-25 12:36:20.931 | INFO     |  5750 | UnknownSkill | Removing all handlers...
2021-10-25 12:36:20.932 | INFO     |  5750 | mycroft.skills.settings:save_settings:116 | Skill settings successfully saved to /home/runner/.config/mycroft/skills/fallback-unknown.mycroftai/settings.json
2021-10-25 12:36:20.934 | INFO     |  5750 | mycroft.skills.settings:save_settings:116 | Skill settings successfully saved to /home/runner/.config/mycroft/skills/mycroft-playback-control.mycroftai/settings.json
2021-10-25 12:36:21.935 | INFO     |  5750 | Playback Control Skill | Audio service status: {}
2021-10-25 12:36:22.937 | WARNING  |  5750 | mycroft.skills.skill_manager:_shutdown_skill:106 | mycroft-playback-control.mycroftai shutdown took 2.0024188269999854 seconds
2021-10-25 12:36:22.937 | INFO     |  5750 | __main__:shutdown:291 | Skills service shutdown complete!
2021-10-25 12:36:24.885 | ERROR    |  5750 | websocket | error from callback <bound method MessageBusClient.on_message of <mycroft.messagebus.client.client.MessageBusClient object at 0x7f8a6e5f7d10>>: cannot schedule new futures after shutdown
2021-10-25 12:36:24.887 | ERROR    |  5750 | websocket | error from callback <bound method MessageBusClient.on_message of <mycroft.messagebus.client.client.MessageBusClient object at 0x7f8a6e5f7d10>>: cannot schedule new futures after shutdown
2021-10-25 12:36:24.889 | ERROR    |  5750 | websocket | error from callback <bound method MessageBusClient.on_message of <mycroft.messagebus.client.client.MessageBusClient object at 0x7f8a6e5f7d10>>: cannot schedule new futures after shutdown
