2021-10-25 14:14:20.705 | INFO     |  5707 | mycroft.messagebus.load_config:load_message_bus_config:33 | Loading message bus configs
2021-10-25 14:14:20.720 | INFO     |  5707 | mycroft_bus_client.client.client | Connected
2021-10-25 14:14:20.723 | INFO     |  5707 | mycroft.util.process_utils:start_message_bus_client:155 | Connected to messagebus
2021-10-25 14:14:20.732 | INFO     |  5707 | mycroft.skills.msm_wrapper:create_msm:96 | Acquiring lock to instantiate MSM
2021-10-25 14:14:24.795 | INFO     |  5707 | msm.mycroft_skills_manager | building SkillEntry objects for all skills
2021-10-25 14:14:25.691 | INFO     |  5707 | mycroft.skills.msm_wrapper:create_msm:112 | Releasing MSM instantiation lock.
2021-10-25 14:14:25.692 | INFO     |  5707 | mycroft.skills.skill_updater:_log_next_download_time:267 | Next scheduled skill update: 2021-10-25 14:14:24.691967
2021-10-25 14:14:25.693 | INFO     |  5707 | msm.skill_entry | Downloading skill: https://github.com/mycroftai/skill-pairing
2021-10-25 14:14:26.149 | INFO     |  5707 | msm.skill_entry | Installing system requirements...
2021-10-25 14:14:26.174 | INFO     |  5707 | msm.skill_entry | Successfully installed mycroft-pairing
2021-10-25 14:14:26.174 | INFO     |  5707 | msm.mycroft_skills_manager | invalidating skills cache
2021-10-25 14:14:26.176 | INFO     |  5707 | mycroft.skills.skill_loader:load:185 | ATTEMPTING TO LOAD SKILL: mycroft-pairing.mycroftai
2021-10-25 14:14:26.192 | INFO     |  5707 | mycroft.skills.settings:get_local_settings:83 | /opt/mycroft/skills/mycroft-pairing.mycroftai/settings.json
2021-10-25 14:14:26.231 | INFO     |  5707 | mycroft.skills.skill_loader:_check_for_first_run:324 | First run of mycroft-pairing.mycroftai
2021-10-25 14:14:26.243 | INFO     |  5707 | mycroft.skills.settings:save_settings:116 | Skill settings successfully saved to /home/runner/.config/mycroft/skills/mycroft-pairing.mycroftai/settings.json
2021-10-25 14:14:26.244 | INFO     |  5707 | mycroft.skills.skill_loader:_communicate_load_status:344 | Skill mycroft-pairing.mycroftai loaded successfully
2021-10-25 14:14:26.247 | INFO     |  5707 | msm.skill_entry | Downloading skill: https://github.com/mycroftai/skill-volume
2021-10-25 14:14:28.537 | INFO     |  5707 | msm.skill_entry | Installing system requirements...
2021-10-25 14:14:28.548 | INFO     |  5707 | msm.skill_entry | Installing requirements.txt for mycroft-volume
2021-10-25 14:14:29.363 | INFO     |  5707 | msm.skill_entry | Successfully installed mycroft-volume
2021-10-25 14:14:29.364 | INFO     |  5707 | msm.mycroft_skills_manager | invalidating skills cache
2021-10-25 14:14:29.365 | INFO     |  5707 | mycroft.skills.skill_loader:load:185 | ATTEMPTING TO LOAD SKILL: mycroft-volume.mycroftai
2021-10-25 14:14:29.374 | INFO     |  5707 | mycroft.skills.settings:get_local_settings:83 | /opt/mycroft/skills/mycroft-volume.mycroftai/settings.json
2021-10-25 14:14:29.471 | ERROR    |  5707 | VolumeSkill | Couldn't allocate mixer, ALSAAudioError('No such file or directory [default]')
2021-10-25 14:14:32.489 | INFO     |  5707 | mycroft.skills.skill_loader:_check_for_first_run:324 | First run of mycroft-volume.mycroftai
2021-10-25 14:14:32.761 | INFO     |  5707 | mycroft.skills.settings:save_settings:116 | Skill settings successfully saved to /home/runner/.config/mycroft/skills/mycroft-volume.mycroftai/settings.json
2021-10-25 14:14:32.762 | INFO     |  5707 | mycroft.skills.skill_loader:_communicate_load_status:344 | Skill mycroft-volume.mycroftai loaded successfully
2021-10-25 14:14:32.762 | INFO     |  5707 | __main__:on_started:177 | Skills service is starting up.
2021-10-25 14:14:32.823 | INFO     |  5707 | __main__:_update_system:154 | Attempting system update...
2021-10-25 14:14:35.825 | INFO     |  5707 | mycroft.enclosure.display_manager:_write_data:70 | Display Manager is creating /tmp/mycroft/ipc/managers/disp_info
2021-10-25 14:14:35.827 | INFO     |  5707 | __main__:_ensure_device_is_paired:133 | Device not paired, invoking the pairing skill
2021-10-25 14:14:35.828 | INFO     |  5707 | __main__:on_alive:181 | Skills service is alive.
2021-10-25 14:14:35.830 | INFO     |  5707 | msm.mycroft_skills_manager | building SkillEntry objects for all skills
2021-10-25 14:14:35.928 | INFO     |  5707 | PairingSkill | Communicating account URL to user
2021-10-25 14:14:36.087 | WARNING  |  5707 | msm.mycroft_skills_manager | No such default skill: mycroft-pandora
2021-10-25 14:14:36.088 | INFO     |  5707 | mycroft.skills.skill_manager:run:234 | Not all default skills are installed, performing skill update...
2021-10-25 14:14:36.088 | INFO     |  5707 | mycroft.skills.skill_updater:update_skills:149 | Beginning skill update...
2021-10-25 14:14:36.132 | INFO     |  5707 | msm.mycroft_skills_manager | building SkillEntry objects for all skills
2021-10-25 14:14:36.990 | INFO     |  5707 | msm.mycroft_skills_manager | invalidating skills cache
2021-10-25 14:14:37.332 | INFO     |  5707 | msm.skill_entry | Downloading skill: https://github.com/mycroftai/skill-alarm
2021-10-25 14:14:37.354 | INFO     |  5707 | msm.skill_entry | Downloading skill: https://github.com/mycroftai/skill-audio-record
2021-10-25 14:14:37.355 | INFO     |  5707 | msm.skill_entry | Downloading skill: https://github.com/mycroftai/skill-installer
2021-10-25 14:14:37.368 | INFO     |  5707 | msm.skill_entry | Downloading skill: https://github.com/mycroftai/skill-date-time
2021-10-25 14:14:37.374 | INFO     |  5707 | msm.skill_entry | Downloading skill: https://github.com/mycroftai/skill-personal
2021-10-25 14:14:37.377 | INFO     |  5707 | msm.skill_entry | Downloading skill: https://github.com/mycroftai/fallback-duckduckgo
2021-10-25 14:14:37.384 | INFO     |  5707 | msm.skill_entry | Downloading skill: https://github.com/mycroftai/skill-ip
2021-10-25 14:14:37.385 | INFO     |  5707 | msm.skill_entry | Downloading skill: https://github.com/mycroftai/skill-configuration
2021-10-25 14:14:37.393 | INFO     |  5707 | msm.skill_entry | Downloading skill: https://github.com/mycroftai/skill-reminder
2021-10-25 14:14:37.395 | INFO     |  5707 | msm.skill_entry | Downloading skill: https://github.com/mycroftai/skill-hello-world
2021-10-25 14:14:37.396 | INFO     |  5707 | msm.skill_entry | Downloading skill: https://github.com/mycroftai/skill-playback-control
2021-10-25 14:14:37.405 | INFO     |  5707 | msm.skill_entry | Downloading skill: https://github.com/mycroftai/skill-singing
2021-10-25 14:14:37.406 | INFO     |  5707 | msm.skill_entry | Downloading skill: https://github.com/mycroftai/skill-npr-news
2021-10-25 14:14:37.417 | INFO     |  5707 | msm.skill_entry | Downloading skill: https://github.com/mycroftai/skill-joke
2021-10-25 14:14:37.416 | INFO     |  5707 | msm.skill_entry | Downloading skill: https://github.com/mycroftai/skill-naptime
2021-10-25 14:14:38.109 | INFO     |  5707 | msm.skill_entry | Downloading skill: https://github.com/mycroftai/fallback-unknown
2021-10-25 14:14:38.160 | INFO     |  5707 | msm.skill_entry | Downloading skill: https://github.com/mycroftai/fallback-wolfram-alpha
2021-10-25 14:14:38.501 | INFO     |  5707 | msm.skill_entry | Installing system requirements...
2021-10-25 14:14:38.628 | INFO     |  5707 | msm.skill_entry | Installing system requirements...
2021-10-25 14:14:38.693 | INFO     |  5707 | msm.skill_entry | Installing system requirements...
2021-10-25 14:14:38.704 | INFO     |  5707 | msm.skill_entry | Successfully installed mycroft-playback-control
2021-10-25 14:14:38.705 | INFO     |  5707 | msm.mycroft_skills_manager | invalidating skills cache
2021-10-25 14:14:38.707 | INFO     |  5707 | msm.skill_entry | Downloading skill: https://github.com/mycroftai/skill-speak
2021-10-25 14:14:38.963 | INFO     |  5707 | msm.skill_entry | Installing system requirements...
2021-10-25 14:14:38.970 | INFO     |  5707 | msm.skill_entry | Installing requirements.txt for mycroft-ip
2021-10-25 14:14:38.977 | INFO     |  5707 | msm.skill_entry | Installing system requirements...
2021-10-25 14:14:38.977 | INFO     |  5707 | msm.skill_entry | Installing requirements.txt for mycroft-configuration
2021-10-25 14:14:38.985 | INFO     |  5707 | msm.skill_entry | Installing system requirements...
2021-10-25 14:14:39.146 | INFO     |  5707 | msm.skill_entry | Installing requirements.txt for mycroft-audio-record
2021-10-25 14:14:39.147 | INFO     |  5707 | msm.skill_entry | Installing system requirements...
2021-10-25 14:14:39.186 | INFO     |  5707 | msm.skill_entry | Successfully installed mycroft-naptime
2021-10-25 14:14:39.187 | INFO     |  5707 | msm.mycroft_skills_manager | invalidating skills cache
2021-10-25 14:14:39.188 | INFO     |  5707 | msm.skill_entry | Successfully installed mycroft-personal
2021-10-25 14:14:39.188 | INFO     |  5707 | msm.mycroft_skills_manager | invalidating skills cache
2021-10-25 14:14:39.190 | INFO     |  5707 | msm.skill_entry | Downloading skill: https://github.com/mycroftai/skill-stop
2021-10-25 14:14:39.201 | INFO     |  5707 | msm.skill_entry | Downloading skill: https://github.com/mycroftai/skill-spelling
2021-10-25 14:14:39.242 | INFO     |  5707 | msm.skill_entry | Installing system requirements...
2021-10-25 14:14:39.298 | INFO     |  5707 | msm.skill_entry | Successfully installed mycroft-hello-world
2021-10-25 14:14:39.307 | INFO     |  5707 | msm.mycroft_skills_manager | invalidating skills cache
2021-10-25 14:14:39.324 | INFO     |  5707 | msm.skill_entry | Installing system requirements...
2021-10-25 14:14:39.331 | INFO     |  5707 | msm.skill_entry | Downloading skill: https://github.com/mycroftai/skill-support
2021-10-25 14:14:39.378 | INFO     |  5707 | msm.skill_entry | Installing requirements.txt for mycroft-installer
2021-10-25 14:14:39.465 | INFO     |  5707 | msm.skill_entry | Installing system requirements...
2021-10-25 14:14:39.519 | INFO     |  5707 | msm.skill_entry | Successfully installed fallback-unknown
2021-10-25 14:14:39.520 | INFO     |  5707 | msm.mycroft_skills_manager | invalidating skills cache
2021-10-25 14:14:39.522 | INFO     |  5707 | msm.skill_entry | Downloading skill: https://github.com/mycroftai/mycroft-timer
2021-10-25 14:14:39.639 | INFO     |  5707 | msm.skill_entry | Installing system requirements...
2021-10-25 14:14:39.640 | INFO     |  5707 | msm.skill_entry | Installing system requirements...
2021-10-25 14:14:39.644 | INFO     |  5707 | msm.skill_entry | Installing requirements.txt for mycroft-fallback-duck-duck-go
2021-10-25 14:14:39.830 | INFO     |  5707 | msm.skill_entry | Installing requirements.txt for mycroft-npr-news
2021-10-25 14:14:39.833 | INFO     |  5707 | msm.skill_entry | Installing requirements.txt for mycroft-joke
2021-10-25 14:14:39.874 | INFO     |  5707 | msm.skill_entry | Installing system requirements...
2021-10-25 14:14:39.941 | ERROR    |  5707 | msm.mycroft_skills_manager | Error running install_or_update on homeassistant.mycroftai: MergeConflict
2021-10-25 14:14:39.972 | INFO     |  5707 | msm.skill_entry | Downloading skill: https://github.com/mycroftai/skill-weather
2021-10-25 14:14:40.024 | INFO     |  5707 | msm.skill_entry | Installing requirements.txt for mycroft-date-time
2021-10-25 14:14:40.078 | INFO     |  5707 | msm.skill_entry | Nothing new for mycroft-pairing
2021-10-25 14:14:40.090 | INFO     |  5707 | msm.skill_entry | Installing system requirements...
2021-10-25 14:14:40.109 | INFO     |  5707 | msm.skill_entry | Installing system requirements...
2021-10-25 14:14:40.184 | INFO     |  5707 | msm.skill_entry | Downloading skill: https://github.com/mycroftai/skill-version-checker
2021-10-25 14:14:40.196 | INFO     |  5707 | msm.skill_entry | Successfully installed mycroft-reminder
2021-10-25 14:14:40.197 | INFO     |  5707 | msm.mycroft_skills_manager | invalidating skills cache
2021-10-25 14:14:40.198 | INFO     |  5707 | msm.skill_entry | Downloading skill: https://github.com/mycroftai/skill-wiki
2021-10-25 14:14:40.325 | INFO     |  5707 | msm.skill_entry | Installing system requirements...
2021-10-25 14:14:40.490 | INFO     |  5707 | msm.skill_entry | Installing requirements.txt for mycroft-alarm
2021-10-25 14:14:40.523 | INFO     |  5707 | msm.skill_entry | Installing system requirements...
2021-10-25 14:14:40.553 | INFO     |  5707 | msm.skill_entry | Installing system requirements...
2021-10-25 14:14:40.569 | INFO     |  5707 | msm.skill_entry | Nothing new for mycroft-volume
2021-10-25 14:14:40.587 | INFO     |  5707 | msm.skill_entry | Installing system requirements...
2021-10-25 14:14:40.630 | INFO     |  5707 | msm.skill_entry | Installing system requirements...
2021-10-25 14:14:40.663 | INFO     |  5707 | msm.skill_entry | Installing requirements.txt for mycroft-support-helper
2021-10-25 14:14:40.689 | INFO     |  5707 | msm.skill_entry | Successfully installed mycroft-spelling
2021-10-25 14:14:40.690 | INFO     |  5707 | msm.mycroft_skills_manager | invalidating skills cache
2021-10-25 14:14:40.691 | INFO     |  5707 | msm.skill_entry | Downloading skill: https://github.com/MycroftAI/skill-query
2021-10-25 14:14:40.726 | INFO     |  5707 | msm.skill_entry | Installing requirements.txt for fallback-wolfram-alpha
2021-10-25 14:14:40.742 | INFO     |  5707 | msm.skill_entry | Installing system requirements...
2021-10-25 14:14:40.768 | INFO     |  5707 | msm.skill_entry | Successfully installed mycroft-stop
2021-10-25 14:14:40.769 | INFO     |  5707 | msm.mycroft_skills_manager | invalidating skills cache
2021-10-25 14:14:40.899 | INFO     |  5707 | msm.skill_entry | Installing requirements.txt for mycroft-volume
2021-10-25 14:14:40.936 | INFO     |  5707 | msm.skill_entry | Installing system requirements...
2021-10-25 14:14:41.032 | INFO     |  5707 | msm.skill_entry | Successfully installed mycroft-speak
2021-10-25 14:14:41.032 | INFO     |  5707 | msm.mycroft_skills_manager | invalidating skills cache
2021-10-25 14:14:41.202 | INFO     |  5707 | msm.skill_entry | Installing system requirements...
2021-10-25 14:14:41.244 | INFO     |  5707 | msm.skill_entry | Successfully installed mycroft-timer
2021-10-25 14:14:41.245 | INFO     |  5707 | msm.mycroft_skills_manager | invalidating skills cache
2021-10-25 14:14:41.876 | ERROR    |  5707 | msm.mycroft_skills_manager | Error running install_or_update on homeassistant: MergeConflict
2021-10-25 14:14:41.889 | INFO     |  5707 | msm.skill_entry | Installing system requirements...
2021-10-25 14:14:41.897 | INFO     |  5707 | msm.skill_entry | Installing system requirements...
2021-10-25 14:14:41.904 | INFO     |  5707 | msm.skill_entry | Installing system requirements...
2021-10-25 14:14:41.951 | INFO     |  5707 | msm.skill_entry | Successfully installed mycroft-version-checker
2021-10-25 14:14:41.952 | INFO     |  5707 | msm.mycroft_skills_manager | invalidating skills cache
2021-10-25 14:14:41.993 | INFO     |  5707 | msm.skill_entry | Installing requirements.txt for mycroft-wiki
2021-10-25 14:14:41.999 | INFO     |  5707 | msm.skill_entry | Successfully installed fallback-query
2021-10-25 14:14:42.004 | INFO     |  5707 | msm.mycroft_skills_manager | invalidating skills cache
2021-10-25 14:14:42.080 | INFO     |  5707 | msm.skill_entry | Installing system requirements...
2021-10-25 14:14:42.127 | INFO     |  5707 | msm.skill_entry | Installing requirements.txt for mycroft-weather
2021-10-25 14:14:42.234 | INFO     |  5707 | msm.skill_entry | Installing system requirements...
2021-10-25 14:14:42.247 | INFO     |  5707 | msm.skill_entry | Successfully installed mycroft-singing
2021-10-25 14:14:42.247 | INFO     |  5707 | msm.mycroft_skills_manager | invalidating skills cache
2021-10-25 14:14:42.312 | INFO     |  5707 | msm.skill_entry | Successfully installed mycroft-ip
2021-10-25 14:14:42.313 | INFO     |  5707 | msm.mycroft_skills_manager | invalidating skills cache
2021-10-25 14:14:44.886 | INFO     |  5707 | msm.skill_entry | Successfully installed mycroft-configuration
2021-10-25 14:14:44.886 | INFO     |  5707 | msm.mycroft_skills_manager | invalidating skills cache
2021-10-25 14:14:45.747 | INFO     |  5707 | msm.skill_entry | Successfully installed mycroft-audio-record
2021-10-25 14:14:45.751 | INFO     |  5707 | msm.mycroft_skills_manager | invalidating skills cache
2021-10-25 14:14:46.646 | INFO     |  5707 | msm.skill_entry | Successfully installed mycroft-installer
2021-10-25 14:14:46.647 | INFO     |  5707 | msm.mycroft_skills_manager | invalidating skills cache
2021-10-25 14:14:47.642 | INFO     |  5707 | msm.skill_entry | Successfully installed mycroft-fallback-duck-duck-go
2021-10-25 14:14:47.643 | INFO     |  5707 | msm.mycroft_skills_manager | invalidating skills cache
2021-10-25 14:14:50.660 | INFO     |  5707 | msm.skill_entry | Successfully installed mycroft-npr-news
2021-10-25 14:14:50.661 | INFO     |  5707 | msm.mycroft_skills_manager | invalidating skills cache
2021-10-25 14:14:51.703 | INFO     |  5707 | msm.skill_entry | Successfully installed mycroft-joke
2021-10-25 14:14:51.704 | INFO     |  5707 | msm.mycroft_skills_manager | invalidating skills cache
2021-10-25 14:15:06.272 | INFO     |  5707 | PairingSkill | Initiating device pairing sequence...
2021-10-25 14:15:06.272 | INFO     |  5707 | PairingSkill | Retrieving pairing code from device API...
2021-10-25 14:15:06.463 | INFO     |  5707 | PairingSkill | Pairing code obtained: FYHEMH
2021-10-25 14:15:06.464 | INFO     |  5707 | PairingSkill | Communicating pairing URL to user
2021-10-25 14:15:07.968 | INFO     |  5707 | msm.skill_entry | Successfully installed mycroft-date-time
2021-10-25 14:15:07.969 | INFO     |  5707 | msm.mycroft_skills_manager | invalidating skills cache
2021-10-25 14:15:08.874 | INFO     |  5707 | msm.skill_entry | Successfully installed mycroft-alarm
2021-10-25 14:15:08.875 | INFO     |  5707 | msm.mycroft_skills_manager | invalidating skills cache
2021-10-25 14:15:11.278 | INFO     |  5707 | msm.skill_entry | Successfully installed mycroft-support-helper
2021-10-25 14:15:11.279 | INFO     |  5707 | msm.mycroft_skills_manager | invalidating skills cache
2021-10-25 14:15:15.893 | INFO     |  5707 | msm.skill_entry | Successfully installed fallback-wolfram-alpha
2021-10-25 14:15:15.893 | INFO     |  5707 | msm.mycroft_skills_manager | invalidating skills cache
2021-10-25 14:15:18.757 | INFO     |  5707 | msm.skill_entry | Successfully installed mycroft-wiki
2021-10-25 14:15:18.758 | INFO     |  5707 | msm.mycroft_skills_manager | invalidating skills cache
2021-10-25 14:15:19.760 | INFO     |  5707 | msm.skill_entry | Successfully installed mycroft-weather
2021-10-25 14:15:19.760 | INFO     |  5707 | msm.mycroft_skills_manager | invalidating skills cache
2021-10-25 14:15:19.784 | INFO     |  5707 | mycroft.skills.skill_updater:_log_next_download_time:267 | Next scheduled skill update: 2021-10-25 15:15:19.783508
2021-10-25 14:15:19.784 | INFO     |  5707 | mycroft.skills.skill_updater:update_skills:170 | Skill update complete
2021-10-25 14:15:19.784 | INFO     |  5707 | mycroft.skills.skill_manager:_load_on_startup:273 | Loading installed skills...
2021-10-25 14:15:19.786 | INFO     |  5707 | mycroft.skills.skill_loader:load:185 | ATTEMPTING TO LOAD SKILL: mycroft-ip.mycroftai
2021-10-25 14:15:19.813 | INFO     |  5707 | mycroft.skills.settings:get_local_settings:83 | /opt/mycroft/skills/mycroft-ip.mycroftai/settings.json
2021-10-25 14:15:19.824 | INFO     |  5707 | mycroft.skills.skill_loader:_check_for_first_run:324 | First run of mycroft-ip.mycroftai
2021-10-25 14:15:19.825 | INFO     |  5707 | mycroft.skills.settings:save_settings:116 | Skill settings successfully saved to /home/runner/.config/mycroft/skills/mycroft-ip.mycroftai/settings.json
2021-10-25 14:15:19.827 | INFO     |  5707 | mycroft.skills.skill_loader:_communicate_load_status:344 | Skill mycroft-ip.mycroftai loaded successfully
2021-10-25 14:15:19.827 | INFO     |  5707 | mycroft.skills.skill_loader:load:185 | ATTEMPTING TO LOAD SKILL: mycroft-reminder.mycroftai
2021-10-25 14:15:19.857 | INFO     |  5707 | mycroft.skills.settings:get_local_settings:83 | /opt/mycroft/skills/mycroft-reminder.mycroftai/settings.json
2021-10-25 14:15:19.895 | INFO     |  5707 | mycroft.skills.skill_loader:_check_for_first_run:324 | First run of mycroft-reminder.mycroftai
2021-10-25 14:15:19.895 | INFO     |  5707 | mycroft.skills.settings:save_settings:116 | Skill settings successfully saved to /home/runner/.config/mycroft/skills/mycroft-reminder.mycroftai/settings.json
2021-10-25 14:15:19.906 | INFO     |  5707 | mycroft.skills.skill_loader:_communicate_load_status:344 | Skill mycroft-reminder.mycroftai loaded successfully
2021-10-25 14:15:19.907 | INFO     |  5707 | mycroft.skills.skill_loader:load:185 | ATTEMPTING TO LOAD SKILL: mycroft-installer.mycroftai
2021-10-25 14:15:19.914 | INFO     |  5707 | mycroft.skills.settings:get_local_settings:83 | /opt/mycroft/skills/mycroft-installer.mycroftai/settings.json
2021-10-25 14:15:19.938 | INFO     |  5707 | mycroft.skills.skill_loader:_check_for_first_run:324 | First run of mycroft-installer.mycroftai
2021-10-25 14:15:19.941 | INFO     |  5707 | mycroft.skills.settings:save_settings:116 | Skill settings successfully saved to /home/runner/.config/mycroft/skills/mycroft-installer.mycroftai/settings.json
2021-10-25 14:15:19.949 | INFO     |  5707 | mycroft.skills.skill_loader:_communicate_load_status:344 | Skill mycroft-installer.mycroftai loaded successfully
2021-10-25 14:15:19.949 | INFO     |  5707 | mycroft.skills.skill_loader:load:185 | ATTEMPTING TO LOAD SKILL: mycroft-version-checker.mycroftai
2021-10-25 14:15:19.959 | INFO     |  5707 | mycroft.skills.settings:get_local_settings:83 | /opt/mycroft/skills/mycroft-version-checker.mycroftai/settings.json
2021-10-25 14:15:19.970 | INFO     |  5707 | mycroft.skills.skill_loader:_check_for_first_run:324 | First run of mycroft-version-checker.mycroftai
2021-10-25 14:15:19.971 | INFO     |  5707 | mycroft.skills.settings:save_settings:116 | Skill settings successfully saved to /home/runner/.config/mycroft/skills/mycroft-version-checker.mycroftai/settings.json
2021-10-25 14:15:19.972 | INFO     |  5707 | mycroft.skills.skill_loader:_communicate_load_status:344 | Skill mycroft-version-checker.mycroftai loaded successfully
2021-10-25 14:15:19.972 | INFO     |  5707 | mycroft.skills.skill_loader:load:185 | ATTEMPTING TO LOAD SKILL: mycroft-singing.mycroftai
2021-10-25 14:15:19.976 | INFO     |  5707 | mycroft.skills.settings:get_local_settings:83 | /opt/mycroft/skills/mycroft-singing.mycroftai/settings.json
2021-10-25 14:15:19.983 | INFO     |  5707 | mycroft.skills.skill_loader:_check_for_first_run:324 | First run of mycroft-singing.mycroftai
2021-10-25 14:15:19.984 | INFO     |  5707 | mycroft.skills.settings:save_settings:116 | Skill settings successfully saved to /home/runner/.config/mycroft/skills/mycroft-singing.mycroftai/settings.json
2021-10-25 14:15:19.985 | INFO     |  5707 | mycroft.skills.skill_loader:_communicate_load_status:344 | Skill mycroft-singing.mycroftai loaded successfully
2021-10-25 14:15:19.985 | INFO     |  5707 | mycroft.skills.skill_loader:load:185 | ATTEMPTING TO LOAD SKILL: mycroft-joke.mycroftai
2021-10-25 14:15:19.991 | INFO     |  5707 | mycroft.skills.settings:get_local_settings:83 | /opt/mycroft/skills/mycroft-joke.mycroftai/settings.json
2021-10-25 14:15:20.003 | INFO     |  5707 | mycroft.skills.skill_loader:_check_for_first_run:324 | First run of mycroft-joke.mycroftai
2021-10-25 14:15:20.003 | INFO     |  5707 | mycroft.skills.settings:save_settings:116 | Skill settings successfully saved to /home/runner/.config/mycroft/skills/mycroft-joke.mycroftai/settings.json
2021-10-25 14:15:20.004 | INFO     |  5707 | mycroft.skills.skill_loader:_communicate_load_status:344 | Skill mycroft-joke.mycroftai loaded successfully
2021-10-25 14:15:20.004 | INFO     |  5707 | mycroft.skills.skill_loader:load:185 | ATTEMPTING TO LOAD SKILL: mycroft-timer.mycroftai
2021-10-25 14:15:20.018 | INFO     |  5707 | mycroft.skills.settings:get_local_settings:83 | /opt/mycroft/skills/mycroft-timer.mycroftai/settings.json
2021-10-25 14:15:20.154 | INFO     |  5707 | mycroft.skills.skill_loader:_check_for_first_run:324 | First run of mycroft-timer.mycroftai
2021-10-25 14:15:20.155 | INFO     |  5707 | mycroft.skills.settings:save_settings:116 | Skill settings successfully saved to /home/runner/.config/mycroft/skills/mycroft-timer.mycroftai/settings.json
2021-10-25 14:15:20.173 | INFO     |  5707 | mycroft.skills.skill_loader:_communicate_load_status:344 | Skill mycroft-timer.mycroftai loaded successfully
2021-10-25 14:15:20.173 | INFO     |  5707 | mycroft.skills.skill_loader:load:185 | ATTEMPTING TO LOAD SKILL: homeassistant.mycroftai
2021-10-25 14:15:21.139 | INFO     |  5707 | mycroft.skills.settings:get_local_settings:83 | /opt/mycroft/skills/homeassistant.mycroftai/settings.json
2021-10-25 14:15:21.152 | INFO     |  5707 | mycroft.skills.settings:get_local_settings:83 | /opt/mycroft/skills/homeassistant.mycroftai/settings.json
2021-10-25 14:15:21.290 | INFO     |  5707 | mycroft.skills.skill_loader:_communicate_load_status:344 | Skill homeassistant.mycroftai loaded successfully
2021-10-25 14:15:21.291 | INFO     |  5707 | mycroft.skills.skill_loader:load:185 | ATTEMPTING TO LOAD SKILL: mycroft-alarm.mycroftai
2021-10-25 14:15:21.465 | INFO     |  5707 | mycroft.skills.settings:get_local_settings:83 | /opt/mycroft/skills/mycroft-alarm.mycroftai/settings.json
2021-10-25 14:15:21.465 | ERROR    |  5707 | AlarmSkill | Couldn't allocate mixer, ALSAAudioError('No such file or directory [default]')
2021-10-25 14:15:21.703 | INFO     |  5707 | mycroft.skills.skill_loader:_check_for_first_run:324 | First run of mycroft-alarm.mycroftai
2021-10-25 14:15:21.730 | INFO     |  5707 | mycroft.skills.settings:save_settings:116 | Skill settings successfully saved to /home/runner/.config/mycroft/skills/mycroft-alarm.mycroftai/settings.json
2021-10-25 14:15:21.739 | INFO     |  5707 | mycroft.skills.skill_loader:_communicate_load_status:344 | Skill mycroft-alarm.mycroftai loaded successfully
2021-10-25 14:15:21.740 | INFO     |  5707 | mycroft.skills.skill_loader:load:185 | ATTEMPTING TO LOAD SKILL: mycroft-naptime.mycroftai
2021-10-25 14:15:21.775 | INFO     |  5707 | mycroft.skills.settings:get_local_settings:83 | /opt/mycroft/skills/mycroft-naptime.mycroftai/settings.json
2021-10-25 14:15:21.819 | INFO     |  5707 | mycroft.skills.skill_loader:_check_for_first_run:324 | First run of mycroft-naptime.mycroftai
2021-10-25 14:15:21.819 | INFO     |  5707 | mycroft.skills.settings:save_settings:116 | Skill settings successfully saved to /home/runner/.config/mycroft/skills/mycroft-naptime.mycroftai/settings.json
2021-10-25 14:15:21.833 | INFO     |  5707 | mycroft.skills.skill_loader:_communicate_load_status:344 | Skill mycroft-naptime.mycroftai loaded successfully
2021-10-25 14:15:21.833 | INFO     |  5707 | mycroft.skills.skill_loader:load:185 | ATTEMPTING TO LOAD SKILL: mycroft-spelling.mycroftai
2021-10-25 14:15:21.854 | INFO     |  5707 | mycroft.skills.settings:get_local_settings:83 | /opt/mycroft/skills/mycroft-spelling.mycroftai/settings.json
2021-10-25 14:15:21.943 | INFO     |  5707 | mycroft.skills.skill_loader:_check_for_first_run:324 | First run of mycroft-spelling.mycroftai
2021-10-25 14:15:21.952 | INFO     |  5707 | mycroft.skills.settings:save_settings:116 | Skill settings successfully saved to /home/runner/.config/mycroft/skills/mycroft-spelling.mycroftai/settings.json
2021-10-25 14:15:21.969 | INFO     |  5707 | mycroft.skills.skill_loader:_communicate_load_status:344 | Skill mycroft-spelling.mycroftai loaded successfully
2021-10-25 14:15:21.969 | INFO     |  5707 | mycroft.skills.skill_loader:load:185 | ATTEMPTING TO LOAD SKILL: mycroft-fallback-duck-duck-go.mycroftai
2021-10-25 14:15:22.054 | INFO     |  5707 | mycroft.skills.settings:get_local_settings:83 | /opt/mycroft/skills/mycroft-fallback-duck-duck-go.mycroftai/settings.json
2021-10-25 14:15:22.149 | INFO     |  5707 | mycroft.skills.skill_loader:_check_for_first_run:324 | First run of mycroft-fallback-duck-duck-go.mycroftai
2021-10-25 14:15:22.150 | INFO     |  5707 | mycroft.skills.settings:save_settings:116 | Skill settings successfully saved to /home/runner/.config/mycroft/skills/mycroft-fallback-duck-duck-go.mycroftai/settings.json
2021-10-25 14:15:22.160 | INFO     |  5707 | mycroft.skills.skill_loader:_communicate_load_status:344 | Skill mycroft-fallback-duck-duck-go.mycroftai loaded successfully
2021-10-25 14:15:22.161 | INFO     |  5707 | mycroft.skills.skill_loader:load:185 | ATTEMPTING TO LOAD SKILL: mycroft-npr-news.mycroftai
2021-10-25 14:15:22.531 | INFO     |  5707 | mycroft.skills.settings:get_local_settings:83 | /opt/mycroft/skills/mycroft-npr-news.mycroftai/settings.json
2021-10-25 14:15:23.669 | INFO     |  5707 | mycroft.skills.skill_loader:_check_for_first_run:324 | First run of mycroft-npr-news.mycroftai
2021-10-25 14:15:23.670 | INFO     |  5707 | mycroft.skills.settings:save_settings:116 | Skill settings successfully saved to /home/runner/.config/mycroft/skills/mycroft-npr-news.mycroftai/settings.json
2021-10-25 14:15:23.671 | INFO     |  5707 | mycroft.skills.skill_loader:_communicate_load_status:344 | Skill mycroft-npr-news.mycroftai loaded successfully
2021-10-25 14:15:23.671 | INFO     |  5707 | mycroft.skills.skill_loader:load:185 | ATTEMPTING TO LOAD SKILL: mycroft-support-helper.mycroftai
2021-10-25 14:15:23.732 | INFO     |  5707 | mycroft.skills.settings:get_local_settings:83 | /opt/mycroft/skills/mycroft-support-helper.mycroftai/settings.json
2021-10-25 14:15:23.745 | INFO     |  5707 | mycroft.skills.skill_loader:_check_for_first_run:324 | First run of mycroft-support-helper.mycroftai
2021-10-25 14:15:23.745 | INFO     |  5707 | mycroft.skills.settings:save_settings:116 | Skill settings successfully saved to /home/runner/.config/mycroft/skills/mycroft-support-helper.mycroftai/settings.json
2021-10-25 14:15:23.746 | INFO     |  5707 | mycroft.skills.skill_loader:_communicate_load_status:344 | Skill mycroft-support-helper.mycroftai loaded successfully
2021-10-25 14:15:23.747 | INFO     |  5707 | mycroft.skills.skill_loader:load:185 | ATTEMPTING TO LOAD SKILL: mycroft-weather.mycroftai
2021-10-25 14:15:23.785 | INFO     |  5707 | mycroft.skills.settings:get_local_settings:83 | /opt/mycroft/skills/mycroft-weather.mycroftai/settings.json
2021-10-25 14:15:23.892 | INFO     |  5707 | mycroft.skills.skill_loader:_check_for_first_run:324 | First run of mycroft-weather.mycroftai
2021-10-25 14:15:23.893 | INFO     |  5707 | mycroft.skills.settings:save_settings:116 | Skill settings successfully saved to /home/runner/.config/mycroft/skills/mycroft-weather.mycroftai/settings.json
2021-10-25 14:15:23.894 | INFO     |  5707 | mycroft.skills.skill_loader:_communicate_load_status:344 | Skill mycroft-weather.mycroftai loaded successfully
2021-10-25 14:15:23.894 | INFO     |  5707 | mycroft.skills.skill_loader:load:185 | ATTEMPTING TO LOAD SKILL: mycroft-speak.mycroftai
2021-10-25 14:15:23.909 | INFO     |  5707 | mycroft.skills.settings:get_local_settings:83 | /opt/mycroft/skills/mycroft-speak.mycroftai/settings.json
2021-10-25 14:15:23.940 | INFO     |  5707 | mycroft.skills.skill_loader:_check_for_first_run:324 | First run of mycroft-speak.mycroftai
2021-10-25 14:15:23.941 | INFO     |  5707 | mycroft.skills.settings:save_settings:116 | Skill settings successfully saved to /home/runner/.config/mycroft/skills/mycroft-speak.mycroftai/settings.json
2021-10-25 14:15:23.950 | INFO     |  5707 | mycroft.skills.skill_loader:_communicate_load_status:344 | Skill mycroft-speak.mycroftai loaded successfully
2021-10-25 14:15:23.950 | INFO     |  5707 | mycroft.skills.skill_loader:load:185 | ATTEMPTING TO LOAD SKILL: mycroft-audio-record.mycroftai
2021-10-25 14:15:23.967 | INFO     |  5707 | mycroft.skills.settings:get_local_settings:83 | /opt/mycroft/skills/mycroft-audio-record.mycroftai/settings.json
2021-10-25 14:15:23.997 | INFO     |  5707 | mycroft.skills.skill_loader:_check_for_first_run:324 | First run of mycroft-audio-record.mycroftai
2021-10-25 14:15:23.998 | INFO     |  5707 | mycroft.skills.settings:save_settings:116 | Skill settings successfully saved to /home/runner/.config/mycroft/skills/mycroft-audio-record.mycroftai/settings.json
2021-10-25 14:15:23.998 | INFO     |  5707 | mycroft.skills.skill_loader:_communicate_load_status:344 | Skill mycroft-audio-record.mycroftai loaded successfully
2021-10-25 14:15:23.999 | INFO     |  5707 | mycroft.skills.skill_loader:load:185 | ATTEMPTING TO LOAD SKILL: mycroft-stop.mycroftai
2021-10-25 14:15:24.011 | INFO     |  5707 | mycroft.skills.settings:get_local_settings:83 | /opt/mycroft/skills/mycroft-stop.mycroftai/settings.json
2021-10-25 14:15:24.062 | INFO     |  5707 | mycroft.skills.skill_loader:_check_for_first_run:324 | First run of mycroft-stop.mycroftai
2021-10-25 14:15:24.062 | INFO     |  5707 | mycroft.skills.settings:save_settings:116 | Skill settings successfully saved to /home/runner/.config/mycroft/skills/mycroft-stop.mycroftai/settings.json
2021-10-25 14:15:24.065 | INFO     |  5707 | mycroft.skills.skill_loader:_communicate_load_status:344 | Skill mycroft-stop.mycroftai loaded successfully
2021-10-25 14:15:24.065 | INFO     |  5707 | mycroft.skills.skill_loader:load:185 | ATTEMPTING TO LOAD SKILL: mycroft-hello-world.mycroftai
2021-10-25 14:15:24.074 | INFO     |  5707 | mycroft.skills.settings:get_local_settings:83 | /opt/mycroft/skills/mycroft-hello-world.mycroftai/settings.json
2021-10-25 14:15:24.108 | INFO     |  5707 | mycroft.skills.skill_loader:_check_for_first_run:324 | First run of mycroft-hello-world.mycroftai
2021-10-25 14:15:24.110 | INFO     |  5707 | mycroft.skills.settings:save_settings:116 | Skill settings successfully saved to /home/runner/.config/mycroft/skills/mycroft-hello-world.mycroftai/settings.json
2021-10-25 14:15:24.113 | INFO     |  5707 | mycroft.skills.skill_loader:_communicate_load_status:344 | Skill mycroft-hello-world.mycroftai loaded successfully
2021-10-25 14:15:24.113 | INFO     |  5707 | mycroft.skills.skill_loader:load:185 | ATTEMPTING TO LOAD SKILL: mycroft-date-time.mycroftai
2021-10-25 14:15:24.856 | INFO     |  5707 | mycroft.skills.settings:get_local_settings:83 | /opt/mycroft/skills/mycroft-date-time.mycroftai/settings.json
2021-10-25 14:15:24.895 | INFO     |  5707 | TimeSkill | Registering resting screen <bound method TimeSkill.handle_idle of <mycroft-date-time_mycroftai.TimeSkill object at 0x7fc1f4fb3550>> for Time and Date.
2021-10-25 14:15:24.900 | INFO     |  5707 | TimeSkill | Registering resting screen
2021-10-25 14:15:24.908 | INFO     |  5707 | mycroft.skills.skill_loader:_check_for_first_run:324 | First run of mycroft-date-time.mycroftai
2021-10-25 14:15:24.908 | INFO     |  5707 | mycroft.skills.settings:save_settings:116 | Skill settings successfully saved to /home/runner/.config/mycroft/skills/mycroft-date-time.mycroftai/settings.json
2021-10-25 14:15:24.909 | INFO     |  5707 | mycroft.skills.skill_loader:_communicate_load_status:344 | Skill mycroft-date-time.mycroftai loaded successfully
2021-10-25 14:15:24.912 | INFO     |  5707 | mycroft.skills.skill_loader:load:185 | ATTEMPTING TO LOAD SKILL: mycroft-configuration.mycroftai
2021-10-25 14:15:24.920 | INFO     |  5707 | mycroft.skills.settings:get_local_settings:83 | /opt/mycroft/skills/mycroft-configuration.mycroftai/settings.json
2021-10-25 14:15:24.955 | INFO     |  5707 | mycroft.skills.skill_loader:_check_for_first_run:324 | First run of mycroft-configuration.mycroftai
2021-10-25 14:15:24.960 | INFO     |  5707 | mycroft.skills.settings:save_settings:116 | Skill settings successfully saved to /home/runner/.config/mycroft/skills/mycroft-configuration.mycroftai/settings.json
2021-10-25 14:15:24.964 | INFO     |  5707 | mycroft.skills.skill_loader:_communicate_load_status:344 | Skill mycroft-configuration.mycroftai loaded successfully
2021-10-25 14:15:24.964 | INFO     |  5707 | mycroft.skills.skill_loader:load:185 | ATTEMPTING TO LOAD SKILL: fallback-query.mycroftai
2021-10-25 14:15:24.980 | INFO     |  5707 | mycroft.skills.settings:get_local_settings:83 | /opt/mycroft/skills/fallback-query.mycroftai/settings.json
2021-10-25 14:15:25.000 | INFO     |  5707 | mycroft.skills.skill_loader:_check_for_first_run:324 | First run of fallback-query.mycroftai
2021-10-25 14:15:25.000 | INFO     |  5707 | mycroft.skills.settings:save_settings:116 | Skill settings successfully saved to /home/runner/.config/mycroft/skills/fallback-query.mycroftai/settings.json
2021-10-25 14:15:25.001 | INFO     |  5707 | mycroft.skills.skill_loader:_communicate_load_status:344 | Skill fallback-query.mycroftai loaded successfully
2021-10-25 14:15:25.001 | INFO     |  5707 | mycroft.skills.skill_loader:load:185 | ATTEMPTING TO LOAD SKILL: mycroft-personal.mycroftai
2021-10-25 14:15:25.006 | INFO     |  5707 | mycroft.skills.settings:get_local_settings:83 | /opt/mycroft/skills/mycroft-personal.mycroftai/settings.json
2021-10-25 14:15:25.017 | INFO     |  5707 | mycroft.skills.skill_loader:_check_for_first_run:324 | First run of mycroft-personal.mycroftai
2021-10-25 14:15:25.018 | INFO     |  5707 | mycroft.skills.settings:save_settings:116 | Skill settings successfully saved to /home/runner/.config/mycroft/skills/mycroft-personal.mycroftai/settings.json
2021-10-25 14:15:25.018 | INFO     |  5707 | mycroft.skills.skill_loader:_communicate_load_status:344 | Skill mycroft-personal.mycroftai loaded successfully
2021-10-25 14:15:25.019 | INFO     |  5707 | mycroft.skills.skill_loader:load:185 | ATTEMPTING TO LOAD SKILL: fallback-wolfram-alpha.mycroftai
2021-10-25 14:15:25.050 | INFO     |  5707 | mycroft.skills.settings:get_local_settings:83 | /opt/mycroft/skills/fallback-wolfram-alpha.mycroftai/settings.json
2021-10-25 14:15:25.078 | INFO     |  5707 | mycroft.skills.skill_loader:_check_for_first_run:324 | First run of fallback-wolfram-alpha.mycroftai
2021-10-25 14:15:25.079 | INFO     |  5707 | mycroft.skills.settings:save_settings:116 | Skill settings successfully saved to /home/runner/.config/mycroft/skills/fallback-wolfram-alpha.mycroftai/settings.json
2021-10-25 14:15:25.079 | INFO     |  5707 | mycroft.skills.skill_loader:_communicate_load_status:344 | Skill fallback-wolfram-alpha.mycroftai loaded successfully
2021-10-25 14:15:25.080 | INFO     |  5707 | mycroft.skills.skill_loader:load:185 | ATTEMPTING TO LOAD SKILL: mycroft-wiki.mycroftai
2021-10-25 14:15:25.096 | INFO     |  5707 | mycroft.skills.settings:get_local_settings:83 | /opt/mycroft/skills/mycroft-wiki.mycroftai/settings.json
2021-10-25 14:15:25.138 | INFO     |  5707 | mycroft.skills.skill_loader:_check_for_first_run:324 | First run of mycroft-wiki.mycroftai
2021-10-25 14:15:25.139 | INFO     |  5707 | mycroft.skills.settings:save_settings:116 | Skill settings successfully saved to /home/runner/.config/mycroft/skills/mycroft-wiki.mycroftai/settings.json
2021-10-25 14:15:25.139 | INFO     |  5707 | mycroft.skills.skill_loader:_communicate_load_status:344 | Skill mycroft-wiki.mycroftai loaded successfully
2021-10-25 14:15:25.140 | INFO     |  5707 | mycroft.skills.skill_loader:load:185 | ATTEMPTING TO LOAD SKILL: fallback-unknown.mycroftai
2021-10-25 14:15:25.155 | INFO     |  5707 | mycroft.skills.settings:get_local_settings:83 | /opt/mycroft/skills/fallback-unknown.mycroftai/settings.json
2021-10-25 14:15:25.170 | INFO     |  5707 | mycroft.skills.skill_loader:_check_for_first_run:324 | First run of fallback-unknown.mycroftai
2021-10-25 14:15:25.171 | INFO     |  5707 | mycroft.skills.settings:save_settings:116 | Skill settings successfully saved to /home/runner/.config/mycroft/skills/fallback-unknown.mycroftai/settings.json
2021-10-25 14:15:25.172 | INFO     |  5707 | mycroft.skills.skill_loader:_communicate_load_status:344 | Skill fallback-unknown.mycroftai loaded successfully
2021-10-25 14:15:25.172 | INFO     |  5707 | mycroft.skills.skill_loader:load:185 | ATTEMPTING TO LOAD SKILL: mycroft-playback-control.mycroftai
2021-10-25 14:15:25.184 | INFO     |  5707 | mycroft.skills.settings:get_local_settings:83 | /opt/mycroft/skills/mycroft-playback-control.mycroftai/settings.json
2021-10-25 14:15:25.209 | INFO     |  5707 | mycroft.skills.skill_loader:_check_for_first_run:324 | First run of mycroft-playback-control.mycroftai
2021-10-25 14:15:25.210 | INFO     |  5707 | mycroft.skills.settings:save_settings:116 | Skill settings successfully saved to /home/runner/.config/mycroft/skills/mycroft-playback-control.mycroftai/settings.json
2021-10-25 14:15:25.211 | INFO     |  5707 | mycroft.skills.skill_loader:_communicate_load_status:344 | Skill mycroft-playback-control.mycroftai loaded successfully
2021-10-25 14:15:25.211 | INFO     |  5707 | mycroft.skills.skill_manager:_load_on_startup:275 | Skills all loaded!
2021-10-25 14:15:25.287 | INFO     |  5707 | __main__:on_ready:185 | Skills service is ready.
2021-10-25 14:15:25.330 | INFO     |  5707 | mycroft.skills.intent_services.padatious_service:train:151 | Training... (single_thread=False)
Regenerated mycroft-alarm.mycroftai:{daytype}.
Regenerated mycroft-reminder.mycroftai:ClearReminders.intent.
Regenerated mycroft-reminder.mycroftai:GetRemindersForDay.intent.
Regenerated mycroft-installer.mycroftai:install.beta.intent.
Regenerated mycroft-installer.mycroftai:list.skills.intent.
Regenerated mycroft-installer.mycroftai:install.intent.
Regenerated mycroft-installer.mycroftai:is.installed.intent.
Regenerated mycroft-installer.mycroftai:install.custom.intent.
Regenerated mycroft-installer.mycroftai:remove.intent.
Regenerated mycroft-timer.mycroftai:start.timer.intent.
Regenerated mycroft-timer.mycroftai:timer.status.intent.
Regenerated homeassistant.mycroftai:decrease.light.brightness.intent.
Regenerated homeassistant.mycroftai:sensor.intent.
Regenerated homeassistant.mycroftai:turn.off.intent.
Regenerated homeassistant.mycroftai:set.climate.intent.
Regenerated mycroft-alarm.mycroftai:snooze.intent.
Regenerated mycroft-alarm.mycroftai:change.alarm.sound.intent.
Regenerated mycroft-npr-news.mycroftai:PlayTheNews.intent.
Regenerated mycroft-support-helper.mycroftai:contact.support.intent.
Regenerated mycroft-weather.mycroftai:do-i-need-an-umbrella.intent.
Regenerated mycroft-audio-record.mycroftai:PlayRecording.intent.
Regenerated mycroft-audio-record.mycroftai:StartRecording.intent.
Regenerated mycroft-personal.mycroftai:DoYouDream.intent.
Regenerated mycroft-personal.mycroftai:WhoMadeYou.intent.
Regenerated mycroft-personal.mycroftai:WhereWereYouBorn.intent.
Regenerated mycroft-personal.mycroftai:WhenWereYouBorn.intent.
Regenerated mycroft-personal.mycroftai:DoYouRhyme.intent.
Regenerated mycroft-personal.mycroftai:WhatAreYou.intent.
Regenerated mycroft-wiki.mycroftai:Random.intent.
Regenerated mycroft-reminder.mycroftai:CancelActiveReminder.intent.
Regenerated mycroft-reminder.mycroftai:UnspecifiedReminderAt.intent.
Regenerated mycroft-reminder.mycroftai:Reminder.intent.
Regenerated mycroft-reminder.mycroftai:GetNextReminders.intent.
Regenerated mycroft-reminder.mycroftai:ReminderAt.intent.
Regenerated mycroft-reminder.mycroftai:DeleteReminderForDay.intent.
Regenerated mycroft-reminder.mycroftai:SnoozeReminder.intent.
Regenerated homeassistant.mycroftai:automation.intent.
Regenerated homeassistant.mycroftai:turn.on.intent.
Regenerated homeassistant.mycroftai:tracker.intent.
Regenerated homeassistant.mycroftai:toggle.intent.
Regenerated homeassistant.mycroftai:set.light.brightness.intent.
Regenerated homeassistant.mycroftai:increase.light.brightness.intent.
Regenerated homeassistant.mycroftai:add.item.shopping.list.intent.
Regenerated mycroft-stop.mycroftai:ssh.disable.intent.
Regenerated mycroft-stop.mycroftai:wifi.setup.intent.
Regenerated mycroft-stop.mycroftai:shutdown.intent.
Regenerated mycroft-stop.mycroftai:ssh.enable.intent.
Regenerated mycroft-stop.mycroftai:reboot.intent.
Regenerated mycroft-hello-world.mycroftai:HowAreYou.intent.
Regenerated mycroft-date-time.mycroftai:date.last.weekend.intent.
Regenerated mycroft-date-time.mycroftai:date.future.weekend.intent.
Regenerated mycroft-date-time.mycroftai:what.time.will.it.be.intent.
Regenerated mycroft-date-time.mycroftai:what.time.is.it.intent.
Regenerated mycroft-configuration.mycroftai:DisablePreciseDev.intent.
Regenerated mycroft-configuration.mycroftai:EnablePreciseDev.intent.
Regenerated mycroft-configuration.mycroftai:WhereAreYou.intent.
Regenerated mycroft-personal.mycroftai:WhoAreYou.intent.
2021-10-25 14:15:27.431 | INFO     |  5707 | mycroft.skills.intent_services.padatious_service:train:153 | Training complete.
2021-10-25 14:15:36.818 | INFO     |  5707 | mycroft.skills.settings:save_settings:116 | Skill settings successfully saved to /home/runner/.config/mycroft/skills/mycroft-pairing.mycroftai/settings.json
2021-10-25 14:15:37.178 | INFO     |  5707 | mycroft.skills.settings:save_settings:116 | Skill settings successfully saved to /home/runner/.config/mycroft/skills/mycroft-timer.mycroftai/settings.json
2021-10-25 14:15:52.288 | INFO     |  5707 | __main__:on_stopping:193 | Skills service is shutting down...
2021-10-25 14:15:52.289 | INFO     |  5707 | __main__:shutdown:284 | Shutting down Skills service
2021-10-25 14:15:52.640 | ERROR    |  5707 | VolumeSkill | Couldn't allocate mixer, ALSAAudioError('No such file or directory [default]')
2021-10-25 14:15:52.642 | INFO     |  5707 | mycroft.skills.settings:save_settings:116 | Skill settings successfully saved to /home/runner/.config/mycroft/skills/mycroft-volume.mycroftai/settings.json
2021-10-25 14:15:52.644 | INFO     |  5707 | mycroft.skills.settings:save_settings:116 | Skill settings successfully saved to /home/runner/.config/mycroft/skills/mycroft-ip.mycroftai/settings.json
2021-10-25 14:15:52.646 | INFO     |  5707 | mycroft.skills.settings:save_settings:116 | Skill settings successfully saved to /home/runner/.config/mycroft/skills/mycroft-reminder.mycroftai/settings.json
2021-10-25 14:15:52.648 | INFO     |  5707 | mycroft.skills.settings:save_settings:116 | Skill settings successfully saved to /home/runner/.config/mycroft/skills/mycroft-installer.mycroftai/settings.json
2021-10-25 14:15:52.650 | INFO     |  5707 | mycroft.skills.settings:save_settings:116 | Skill settings successfully saved to /home/runner/.config/mycroft/skills/mycroft-version-checker.mycroftai/settings.json
2021-10-25 14:15:52.653 | INFO     |  5707 | mycroft.skills.settings:save_settings:116 | Skill settings successfully saved to /home/runner/.config/mycroft/skills/mycroft-singing.mycroftai/settings.json
2021-10-25 14:15:52.654 | INFO     |  5707 | mycroft.skills.settings:save_settings:116 | Skill settings successfully saved to /home/runner/.config/mycroft/skills/mycroft-joke.mycroftai/settings.json
2021-10-25 14:15:52.657 | INFO     |  5707 | HomeAssistantSkill | Removing all handlers...
2021-10-25 14:15:52.658 | WARNING  |  5707 | mycroft.skills.fallback_skill:remove_fallback:185 | Could not find matching fallback handler
2021-10-25 14:15:52.660 | INFO     |  5707 | mycroft.skills.settings:save_settings:116 | Skill settings successfully saved to /home/runner/.config/mycroft/skills/mycroft-alarm.mycroftai/settings.json
2021-10-25 14:15:52.661 | INFO     |  5707 | mycroft.skills.settings:save_settings:116 | Skill settings successfully saved to /home/runner/.config/mycroft/skills/mycroft-naptime.mycroftai/settings.json
2021-10-25 14:15:52.663 | INFO     |  5707 | mycroft.skills.settings:save_settings:116 | Skill settings successfully saved to /home/runner/.config/mycroft/skills/mycroft-spelling.mycroftai/settings.json
2021-10-25 14:15:52.664 | INFO     |  5707 | mycroft.skills.settings:save_settings:116 | Skill settings successfully saved to /home/runner/.config/mycroft/skills/mycroft-fallback-duck-duck-go.mycroftai/settings.json
2021-10-25 14:15:52.666 | INFO     |  5707 | mycroft.skills.settings:save_settings:116 | Skill settings successfully saved to /home/runner/.config/mycroft/skills/mycroft-npr-news.mycroftai/settings.json
2021-10-25 14:15:52.668 | INFO     |  5707 | mycroft.skills.settings:save_settings:116 | Skill settings successfully saved to /home/runner/.config/mycroft/skills/mycroft-support-helper.mycroftai/settings.json
2021-10-25 14:15:52.669 | INFO     |  5707 | mycroft.skills.settings:save_settings:116 | Skill settings successfully saved to /home/runner/.config/mycroft/skills/mycroft-weather.mycroftai/settings.json
2021-10-25 14:15:52.670 | INFO     |  5707 | mycroft.skills.settings:save_settings:116 | Skill settings successfully saved to /home/runner/.config/mycroft/skills/mycroft-speak.mycroftai/settings.json
2021-10-25 14:15:52.672 | INFO     |  5707 | mycroft.skills.settings:save_settings:116 | Skill settings successfully saved to /home/runner/.config/mycroft/skills/mycroft-audio-record.mycroftai/settings.json
2021-10-25 14:15:52.674 | INFO     |  5707 | mycroft.skills.settings:save_settings:116 | Skill settings successfully saved to /home/runner/.config/mycroft/skills/mycroft-stop.mycroftai/settings.json
2021-10-25 14:15:52.675 | INFO     |  5707 | mycroft.skills.settings:save_settings:116 | Skill settings successfully saved to /home/runner/.config/mycroft/skills/mycroft-hello-world.mycroftai/settings.json
2021-10-25 14:15:52.677 | INFO     |  5707 | mycroft.skills.settings:save_settings:116 | Skill settings successfully saved to /home/runner/.config/mycroft/skills/mycroft-date-time.mycroftai/settings.json
2021-10-25 14:15:52.680 | INFO     |  5707 | mycroft.skills.settings:save_settings:116 | Skill settings successfully saved to /home/runner/.config/mycroft/skills/mycroft-configuration.mycroftai/settings.json
2021-10-25 14:15:52.682 | INFO     |  5707 | QuestionsAnswersSkill | Removing all handlers...
2021-10-25 14:15:52.683 | INFO     |  5707 | mycroft.skills.settings:save_settings:116 | Skill settings successfully saved to /home/runner/.config/mycroft/skills/fallback-query.mycroftai/settings.json
2021-10-25 14:15:52.685 | INFO     |  5707 | mycroft.skills.settings:save_settings:116 | Skill settings successfully saved to /home/runner/.config/mycroft/skills/mycroft-personal.mycroftai/settings.json
2021-10-25 14:15:52.686 | INFO     |  5707 | mycroft.skills.settings:save_settings:116 | Skill settings successfully saved to /home/runner/.config/mycroft/skills/fallback-wolfram-alpha.mycroftai/settings.json
2021-10-25 14:15:52.687 | INFO     |  5707 | mycroft.skills.settings:save_settings:116 | Skill settings successfully saved to /home/runner/.config/mycroft/skills/mycroft-wiki.mycroftai/settings.json
2021-10-25 14:15:52.688 | INFO     |  5707 | UnknownSkill | Removing all handlers...
2021-10-25 14:15:52.689 | INFO     |  5707 | mycroft.skills.settings:save_settings:116 | Skill settings successfully saved to /home/runner/.config/mycroft/skills/fallback-unknown.mycroftai/settings.json
2021-10-25 14:15:52.691 | INFO     |  5707 | mycroft.skills.settings:save_settings:116 | Skill settings successfully saved to /home/runner/.config/mycroft/skills/mycroft-playback-control.mycroftai/settings.json
2021-10-25 14:15:53.692 | INFO     |  5707 | Playback Control Skill | Audio service status: {}
2021-10-25 14:15:54.693 | WARNING  |  5707 | mycroft.skills.skill_manager:_shutdown_skill:106 | mycroft-playback-control.mycroftai shutdown took 2.003043178999974 seconds
2021-10-25 14:15:54.694 | INFO     |  5707 | __main__:shutdown:291 | Skills service shutdown complete!
2021-10-25 14:15:54.854 | ERROR    |  5707 | websocket | error from callback <bound method MessageBusClient.on_message of <mycroft.messagebus.client.client.MessageBusClient object at 0x7fc2115b2c90>>: cannot schedule new futures after shutdown
