2021-10-29 04:14:13.330 | INFO     |  5349 | mycroft.messagebus.load_config:load_message_bus_config:33 | Loading message bus configs
2021-10-29 04:14:13.344 | INFO     |  5349 | mycroft_bus_client.client.client | Connected
2021-10-29 04:14:13.354 | INFO     |  5349 | mycroft.util.process_utils:start_message_bus_client:155 | Connected to messagebus
2021-10-29 04:14:13.364 | INFO     |  5349 | mycroft.skills.msm_wrapper:create_msm:96 | Acquiring lock to instantiate MSM
2021-10-29 04:14:14.718 | INFO     |  5349 | msm.mycroft_skills_manager | building SkillEntry objects for all skills
2021-10-29 04:14:15.165 | INFO     |  5349 | mycroft.skills.msm_wrapper:create_msm:112 | Releasing MSM instantiation lock.
2021-10-29 04:14:15.166 | INFO     |  5349 | mycroft.skills.skill_updater:_log_next_download_time:267 | Next scheduled skill update: 2021-10-29 04:14:14.165931
2021-10-29 04:14:15.166 | INFO     |  5349 | msm.skill_entry | Downloading skill: https://github.com/mycroftai/skill-pairing
2021-10-29 04:14:15.745 | INFO     |  5349 | msm.skill_entry | Installing system requirements...
2021-10-29 04:14:15.782 | INFO     |  5349 | msm.skill_entry | Successfully installed mycroft-pairing
2021-10-29 04:14:15.782 | INFO     |  5349 | msm.mycroft_skills_manager | invalidating skills cache
2021-10-29 04:14:15.784 | INFO     |  5349 | mycroft.skills.skill_loader:load:185 | ATTEMPTING TO LOAD SKILL: mycroft-pairing.mycroftai
2021-10-29 04:14:15.791 | INFO     |  5349 | mycroft.skills.settings:get_local_settings:83 | /opt/mycroft/skills/mycroft-pairing.mycroftai/settings.json
2021-10-29 04:14:15.832 | INFO     |  5349 | mycroft.skills.skill_loader:_check_for_first_run:324 | First run of mycroft-pairing.mycroftai
2021-10-29 04:14:15.838 | INFO     |  5349 | mycroft.skills.settings:save_settings:116 | Skill settings successfully saved to /home/runner/.config/mycroft/skills/mycroft-pairing.mycroftai/settings.json
2021-10-29 04:14:15.845 | INFO     |  5349 | mycroft.skills.skill_loader:_communicate_load_status:344 | Skill mycroft-pairing.mycroftai loaded successfully
2021-10-29 04:14:15.846 | INFO     |  5349 | msm.skill_entry | Downloading skill: https://github.com/mycroftai/skill-volume
2021-10-29 04:14:16.486 | INFO     |  5349 | msm.skill_entry | Installing system requirements...
2021-10-29 04:14:16.502 | INFO     |  5349 | msm.skill_entry | Installing requirements.txt for mycroft-volume
2021-10-29 04:14:17.935 | INFO     |  5349 | msm.skill_entry | Successfully installed mycroft-volume
2021-10-29 04:14:17.935 | INFO     |  5349 | msm.mycroft_skills_manager | invalidating skills cache
2021-10-29 04:14:17.937 | INFO     |  5349 | mycroft.skills.skill_loader:load:185 | ATTEMPTING TO LOAD SKILL: mycroft-volume.mycroftai
2021-10-29 04:14:17.947 | INFO     |  5349 | mycroft.skills.settings:get_local_settings:83 | /opt/mycroft/skills/mycroft-volume.mycroftai/settings.json
2021-10-29 04:14:18.055 | ERROR    |  5349 | VolumeSkill | Couldn't allocate mixer, ALSAAudioError('No such file or directory [default]')
2021-10-29 04:14:21.056 | INFO     |  5349 | mycroft.skills.skill_loader:_check_for_first_run:324 | First run of mycroft-volume.mycroftai
2021-10-29 04:14:21.057 | INFO     |  5349 | mycroft.skills.settings:save_settings:116 | Skill settings successfully saved to /home/runner/.config/mycroft/skills/mycroft-volume.mycroftai/settings.json
2021-10-29 04:14:21.058 | INFO     |  5349 | mycroft.skills.skill_loader:_communicate_load_status:344 | Skill mycroft-volume.mycroftai loaded successfully
2021-10-29 04:14:21.059 | INFO     |  5349 | __main__:on_started:177 | Skills service is starting up.
2021-10-29 04:14:21.145 | INFO     |  5349 | __main__:_update_system:154 | Attempting system update...
2021-10-29 04:14:24.154 | INFO     |  5349 | mycroft.enclosure.display_manager:_write_data:70 | Display Manager is creating /tmp/mycroft/ipc/managers/disp_info
2021-10-29 04:14:24.155 | INFO     |  5349 | __main__:_ensure_device_is_paired:133 | Device not paired, invoking the pairing skill
2021-10-29 04:14:24.157 | INFO     |  5349 | __main__:on_alive:181 | Skills service is alive.
2021-10-29 04:14:24.159 | INFO     |  5349 | msm.mycroft_skills_manager | building SkillEntry objects for all skills
2021-10-29 04:14:24.603 | INFO     |  5349 | PairingSkill | Communicating account URL to user
2021-10-29 04:14:25.004 | WARNING  |  5349 | msm.mycroft_skills_manager | No such default skill: mycroft-pandora
2021-10-29 04:14:25.005 | INFO     |  5349 | mycroft.skills.skill_manager:run:234 | Not all default skills are installed, performing skill update...
2021-10-29 04:14:25.006 | INFO     |  5349 | mycroft.skills.skill_updater:update_skills:149 | Beginning skill update...
2021-10-29 04:14:25.087 | INFO     |  5349 | msm.mycroft_skills_manager | building SkillEntry objects for all skills
2021-10-29 04:14:25.829 | INFO     |  5349 | msm.mycroft_skills_manager | invalidating skills cache
2021-10-29 04:14:26.463 | INFO     |  5349 | msm.skill_entry | Downloading skill: https://github.com/mycroftai/skill-audio-record
2021-10-29 04:14:26.486 | INFO     |  5349 | msm.skill_entry | Downloading skill: https://github.com/mycroftai/skill-configuration
2021-10-29 04:14:26.503 | INFO     |  5349 | msm.skill_entry | Downloading skill: https://github.com/mycroftai/skill-date-time
2021-10-29 04:14:26.533 | INFO     |  5349 | msm.skill_entry | Downloading skill: https://github.com/mycroftai/skill-hello-world
2021-10-29 04:14:26.546 | INFO     |  5349 | msm.skill_entry | Downloading skill: https://github.com/mycroftai/skill-installer
2021-10-29 04:14:26.553 | INFO     |  5349 | msm.skill_entry | Downloading skill: https://github.com/mycroftai/fallback-duckduckgo
2021-10-29 04:14:26.604 | INFO     |  5349 | msm.skill_entry | Downloading skill: https://github.com/mycroftai/skill-joke
2021-10-29 04:14:26.627 | INFO     |  5349 | msm.skill_entry | Downloading skill: https://github.com/mycroftai/skill-naptime
2021-10-29 04:14:26.666 | INFO     |  5349 | msm.skill_entry | Downloading skill: https://github.com/mycroftai/skill-npr-news
2021-10-29 04:14:26.668 | INFO     |  5349 | msm.skill_entry | Downloading skill: https://github.com/mycroftai/skill-personal
2021-10-29 04:14:26.674 | INFO     |  5349 | msm.skill_entry | Downloading skill: https://github.com/mycroftai/skill-playback-control
2021-10-29 04:14:26.676 | INFO     |  5349 | msm.skill_entry | Downloading skill: https://github.com/mycroftai/skill-reminder
2021-10-29 04:14:26.677 | INFO     |  5349 | msm.skill_entry | Downloading skill: https://github.com/mycroftai/skill-singing
2021-10-29 04:14:26.686 | INFO     |  5349 | msm.skill_entry | Downloading skill: https://github.com/mycroftai/skill-ip
2021-10-29 04:14:27.586 | INFO     |  5349 | msm.skill_entry | Downloading skill: https://github.com/mycroftai/skill-alarm
2021-10-29 04:14:27.674 | INFO     |  5349 | msm.skill_entry | Downloading skill: https://github.com/mycroftai/fallback-wolfram-alpha
2021-10-29 04:14:27.823 | INFO     |  5349 | msm.skill_entry | Downloading skill: https://github.com/mycroftai/fallback-unknown
2021-10-29 04:14:27.946 | INFO     |  5349 | msm.skill_entry | Installing system requirements...
2021-10-29 04:14:28.189 | INFO     |  5349 | msm.skill_entry | Installing requirements.txt for mycroft-audio-record
2021-10-29 04:14:28.483 | INFO     |  5349 | msm.skill_entry | Installing system requirements...
2021-10-29 04:14:28.581 | INFO     |  5349 | msm.skill_entry | Installing system requirements...
2021-10-29 04:14:28.768 | INFO     |  5349 | msm.skill_entry | Installing system requirements...
2021-10-29 04:14:28.789 | INFO     |  5349 | msm.skill_entry | Installing system requirements...
2021-10-29 04:14:28.837 | INFO     |  5349 | msm.skill_entry | Successfully installed mycroft-hello-world
2021-10-29 04:14:28.837 | INFO     |  5349 | msm.mycroft_skills_manager | invalidating skills cache
2021-10-29 04:14:28.838 | INFO     |  5349 | msm.skill_entry | Downloading skill: https://github.com/mycroftai/skill-speak
2021-10-29 04:14:28.947 | INFO     |  5349 | msm.skill_entry | Installing requirements.txt for mycroft-joke
2021-10-29 04:14:29.043 | INFO     |  5349 | msm.skill_entry | Installing requirements.txt for mycroft-ip
2021-10-29 04:14:29.043 | INFO     |  5349 | msm.skill_entry | Installing system requirements...
2021-10-29 04:14:29.232 | INFO     |  5349 | msm.skill_entry | Installing requirements.txt for mycroft-fallback-duck-duck-go
2021-10-29 04:14:29.232 | INFO     |  5349 | msm.skill_entry | Installing requirements.txt for mycroft-configuration
2021-10-29 04:14:29.242 | INFO     |  5349 | msm.skill_entry | Installing system requirements...
2021-10-29 04:14:29.321 | INFO     |  5349 | msm.skill_entry | Installing system requirements...
2021-10-29 04:14:29.327 | INFO     |  5349 | msm.skill_entry | Installing system requirements...
2021-10-29 04:14:29.333 | INFO     |  5349 | msm.skill_entry | Installing system requirements...
2021-10-29 04:14:29.483 | INFO     |  5349 | msm.skill_entry | Successfully installed mycroft-playback-control
2021-10-29 04:14:29.484 | INFO     |  5349 | msm.mycroft_skills_manager | invalidating skills cache
2021-10-29 04:14:29.486 | INFO     |  5349 | msm.skill_entry | Downloading skill: https://github.com/mycroftai/skill-spelling
2021-10-29 04:14:29.583 | INFO     |  5349 | msm.skill_entry | Successfully installed mycroft-personal
2021-10-29 04:14:29.584 | INFO     |  5349 | msm.mycroft_skills_manager | invalidating skills cache
2021-10-29 04:14:29.586 | INFO     |  5349 | msm.skill_entry | Downloading skill: https://github.com/mycroftai/skill-stop
2021-10-29 04:14:29.594 | INFO     |  5349 | msm.skill_entry | Successfully installed mycroft-naptime
2021-10-29 04:14:29.595 | INFO     |  5349 | msm.mycroft_skills_manager | invalidating skills cache
2021-10-29 04:14:29.597 | INFO     |  5349 | msm.skill_entry | Downloading skill: https://github.com/mycroftai/skill-support
2021-10-29 04:14:29.615 | INFO     |  5349 | msm.skill_entry | Installing requirements.txt for fallback-wolfram-alpha
2021-10-29 04:14:29.619 | INFO     |  5349 | msm.skill_entry | Installing system requirements...
2021-10-29 04:14:29.630 | INFO     |  5349 | msm.skill_entry | Installing system requirements...
2021-10-29 04:14:29.663 | INFO     |  5349 | msm.skill_entry | Installing system requirements...
2021-10-29 04:14:29.695 | INFO     |  5349 | msm.skill_entry | Installing system requirements...
2021-10-29 04:14:29.747 | INFO     |  5349 | msm.skill_entry | Successfully installed fallback-unknown
2021-10-29 04:14:29.747 | INFO     |  5349 | msm.mycroft_skills_manager | invalidating skills cache
2021-10-29 04:14:29.748 | INFO     |  5349 | msm.skill_entry | Downloading skill: https://github.com/mycroftai/mycroft-timer
2021-10-29 04:14:29.841 | INFO     |  5349 | msm.skill_entry | Successfully installed mycroft-reminder
2021-10-29 04:14:29.841 | INFO     |  5349 | msm.mycroft_skills_manager | invalidating skills cache
2021-10-29 04:14:29.842 | INFO     |  5349 | msm.skill_entry | Downloading skill: https://github.com/mycroftai/skill-weather
2021-10-29 04:14:29.870 | INFO     |  5349 | msm.skill_entry | Installing requirements.txt for mycroft-npr-news
2021-10-29 04:14:29.907 | INFO     |  5349 | msm.skill_entry | Installing requirements.txt for mycroft-date-time
2021-10-29 04:14:30.002 | INFO     |  5349 | msm.skill_entry | Installing system requirements...
2021-10-29 04:14:30.155 | INFO     |  5349 | msm.skill_entry | Installing requirements.txt for mycroft-installer
2021-10-29 04:14:30.225 | ERROR    |  5349 | msm.mycroft_skills_manager | Error running install_or_update on homeassistant.mycroftai: MergeConflict
2021-10-29 04:14:30.228 | INFO     |  5349 | msm.skill_entry | Downloading skill: https://github.com/mycroftai/skill-version-checker
2021-10-29 04:14:30.545 | INFO     |  5349 | msm.skill_entry | Nothing new for mycroft-volume
2021-10-29 04:14:30.582 | INFO     |  5349 | msm.skill_entry | Installing system requirements...
2021-10-29 04:14:30.607 | INFO     |  5349 | msm.skill_entry | Nothing new for mycroft-pairing
2021-10-29 04:14:30.617 | INFO     |  5349 | msm.skill_entry | Installing system requirements...
2021-10-29 04:14:30.640 | INFO     |  5349 | msm.skill_entry | Installing requirements.txt for mycroft-volume
2021-10-29 04:14:30.677 | INFO     |  5349 | msm.skill_entry | Downloading skill: https://github.com/mycroftai/skill-wiki
2021-10-29 04:14:30.958 | INFO     |  5349 | msm.skill_entry | Installing system requirements...
2021-10-29 04:14:30.981 | INFO     |  5349 | msm.skill_entry | Successfully installed mycroft-spelling
2021-10-29 04:14:30.981 | INFO     |  5349 | msm.mycroft_skills_manager | invalidating skills cache
2021-10-29 04:14:30.984 | INFO     |  5349 | msm.skill_entry | Downloading skill: https://github.com/MycroftAI/skill-query
2021-10-29 04:14:31.003 | INFO     |  5349 | msm.skill_entry | Installing system requirements...
2021-10-29 04:14:31.008 | INFO     |  5349 | msm.skill_entry | Installing system requirements...
2021-10-29 04:14:31.030 | INFO     |  5349 | msm.skill_entry | Installing requirements.txt for mycroft-support-helper
2021-10-29 04:14:31.031 | INFO     |  5349 | msm.skill_entry | Successfully installed mycroft-stop
2021-10-29 04:14:31.031 | INFO     |  5349 | msm.mycroft_skills_manager | invalidating skills cache
2021-10-29 04:14:31.087 | INFO     |  5349 | msm.skill_entry | Installing system requirements...
2021-10-29 04:14:31.161 | INFO     |  5349 | msm.skill_entry | Installing system requirements...
2021-10-29 04:14:31.180 | INFO     |  5349 | msm.skill_entry | Installing requirements.txt for mycroft-alarm
2021-10-29 04:14:31.221 | INFO     |  5349 | msm.skill_entry | Successfully installed mycroft-speak
2021-10-29 04:14:31.221 | INFO     |  5349 | msm.mycroft_skills_manager | invalidating skills cache
2021-10-29 04:14:31.678 | INFO     |  5349 | msm.skill_entry | Installing system requirements...
2021-10-29 04:14:31.725 | INFO     |  5349 | msm.skill_entry | Installing system requirements...
2021-10-29 04:14:31.733 | INFO     |  5349 | msm.skill_entry | Successfully installed mycroft-version-checker
2021-10-29 04:14:31.734 | INFO     |  5349 | msm.mycroft_skills_manager | invalidating skills cache
2021-10-29 04:14:31.773 | INFO     |  5349 | msm.skill_entry | Installing system requirements...
2021-10-29 04:14:31.795 | INFO     |  5349 | msm.skill_entry | Successfully installed mycroft-timer
2021-10-29 04:14:31.796 | INFO     |  5349 | msm.mycroft_skills_manager | invalidating skills cache
2021-10-29 04:14:31.827 | INFO     |  5349 | msm.skill_entry | Installing requirements.txt for mycroft-wiki
2021-10-29 04:14:31.864 | INFO     |  5349 | msm.skill_entry | Installing system requirements...
2021-10-29 04:14:31.892 | ERROR    |  5349 | msm.mycroft_skills_manager | Error running install_or_update on homeassistant: MergeConflict
2021-10-29 04:14:31.931 | INFO     |  5349 | msm.skill_entry | Successfully installed fallback-query
2021-10-29 04:14:31.931 | INFO     |  5349 | msm.mycroft_skills_manager | invalidating skills cache
2021-10-29 04:14:31.987 | INFO     |  5349 | msm.skill_entry | Installing system requirements...
2021-10-29 04:14:32.022 | INFO     |  5349 | msm.skill_entry | Successfully installed mycroft-singing
2021-10-29 04:14:32.023 | INFO     |  5349 | msm.mycroft_skills_manager | invalidating skills cache
2021-10-29 04:14:32.228 | INFO     |  5349 | msm.skill_entry | Successfully installed mycroft-audio-record
2021-10-29 04:14:32.228 | INFO     |  5349 | msm.mycroft_skills_manager | invalidating skills cache
2021-10-29 04:14:32.517 | INFO     |  5349 | msm.skill_entry | Installing system requirements...
2021-10-29 04:14:32.548 | INFO     |  5349 | msm.skill_entry | Installing requirements.txt for mycroft-weather
2021-10-29 04:14:33.599 | INFO     |  5349 | msm.skill_entry | Successfully installed mycroft-joke
2021-10-29 04:14:33.599 | INFO     |  5349 | msm.mycroft_skills_manager | invalidating skills cache
2021-10-29 04:14:34.646 | INFO     |  5349 | msm.skill_entry | Successfully installed mycroft-ip
2021-10-29 04:14:34.646 | INFO     |  5349 | msm.mycroft_skills_manager | invalidating skills cache
2021-10-29 04:14:36.251 | INFO     |  5349 | msm.skill_entry | Successfully installed mycroft-fallback-duck-duck-go
2021-10-29 04:14:36.251 | INFO     |  5349 | msm.mycroft_skills_manager | invalidating skills cache
2021-10-29 04:14:39.431 | INFO     |  5349 | msm.skill_entry | Successfully installed mycroft-configuration
2021-10-29 04:14:39.432 | INFO     |  5349 | msm.mycroft_skills_manager | invalidating skills cache
2021-10-29 04:14:44.505 | INFO     |  5349 | msm.skill_entry | Successfully installed fallback-wolfram-alpha
2021-10-29 04:14:44.505 | INFO     |  5349 | msm.mycroft_skills_manager | invalidating skills cache
2021-10-29 04:14:48.251 | INFO     |  5349 | msm.skill_entry | Successfully installed mycroft-npr-news
2021-10-29 04:14:48.251 | INFO     |  5349 | msm.mycroft_skills_manager | invalidating skills cache
2021-10-29 04:14:54.944 | INFO     |  5349 | PairingSkill | Initiating device pairing sequence...
2021-10-29 04:14:54.944 | INFO     |  5349 | PairingSkill | Retrieving pairing code from device API...
2021-10-29 04:14:55.284 | INFO     |  5349 | PairingSkill | Pairing code obtained: RAMWFT
2021-10-29 04:14:55.285 | INFO     |  5349 | PairingSkill | Communicating pairing URL to user
2021-10-29 04:15:08.024 | INFO     |  5349 | msm.skill_entry | Successfully installed mycroft-date-time
2021-10-29 04:15:08.024 | INFO     |  5349 | msm.mycroft_skills_manager | invalidating skills cache
2021-10-29 04:15:09.124 | INFO     |  5349 | msm.skill_entry | Successfully installed mycroft-installer
2021-10-29 04:15:09.127 | INFO     |  5349 | msm.mycroft_skills_manager | invalidating skills cache
2021-10-29 04:15:12.717 | INFO     |  5349 | msm.skill_entry | Successfully installed mycroft-support-helper
2021-10-29 04:15:12.717 | INFO     |  5349 | msm.mycroft_skills_manager | invalidating skills cache
2021-10-29 04:15:13.885 | INFO     |  5349 | msm.skill_entry | Successfully installed mycroft-alarm
2021-10-29 04:15:13.885 | INFO     |  5349 | msm.mycroft_skills_manager | invalidating skills cache
2021-10-29 04:15:16.160 | INFO     |  5349 | msm.skill_entry | Successfully installed mycroft-wiki
2021-10-29 04:15:16.161 | INFO     |  5349 | msm.mycroft_skills_manager | invalidating skills cache
2021-10-29 04:15:17.397 | INFO     |  5349 | msm.skill_entry | Successfully installed mycroft-weather
2021-10-29 04:15:17.397 | INFO     |  5349 | msm.mycroft_skills_manager | invalidating skills cache
2021-10-29 04:15:17.425 | INFO     |  5349 | mycroft.skills.skill_updater:_log_next_download_time:267 | Next scheduled skill update: 2021-10-29 05:15:17.424447
2021-10-29 04:15:17.425 | INFO     |  5349 | mycroft.skills.skill_updater:update_skills:170 | Skill update complete
2021-10-29 04:15:17.426 | INFO     |  5349 | mycroft.skills.skill_manager:_load_on_startup:273 | Loading installed skills...
2021-10-29 04:15:17.427 | INFO     |  5349 | mycroft.skills.skill_loader:load:185 | ATTEMPTING TO LOAD SKILL: mycroft-ip.mycroftai
2021-10-29 04:15:17.461 | INFO     |  5349 | mycroft.skills.settings:get_local_settings:83 | /opt/mycroft/skills/mycroft-ip.mycroftai/settings.json
2021-10-29 04:15:17.494 | INFO     |  5349 | mycroft.skills.skill_loader:_check_for_first_run:324 | First run of mycroft-ip.mycroftai
2021-10-29 04:15:17.494 | INFO     |  5349 | mycroft.skills.settings:save_settings:116 | Skill settings successfully saved to /home/runner/.config/mycroft/skills/mycroft-ip.mycroftai/settings.json
2021-10-29 04:15:17.495 | INFO     |  5349 | mycroft.skills.skill_loader:_communicate_load_status:344 | Skill mycroft-ip.mycroftai loaded successfully
2021-10-29 04:15:17.496 | INFO     |  5349 | mycroft.skills.skill_loader:load:185 | ATTEMPTING TO LOAD SKILL: mycroft-reminder.mycroftai
2021-10-29 04:15:17.526 | INFO     |  5349 | mycroft.skills.settings:get_local_settings:83 | /opt/mycroft/skills/mycroft-reminder.mycroftai/settings.json
2021-10-29 04:15:17.584 | INFO     |  5349 | mycroft.skills.skill_loader:_check_for_first_run:324 | First run of mycroft-reminder.mycroftai
2021-10-29 04:15:17.587 | INFO     |  5349 | mycroft.skills.settings:save_settings:116 | Skill settings successfully saved to /home/runner/.config/mycroft/skills/mycroft-reminder.mycroftai/settings.json
2021-10-29 04:15:17.590 | INFO     |  5349 | mycroft.skills.skill_loader:_communicate_load_status:344 | Skill mycroft-reminder.mycroftai loaded successfully
2021-10-29 04:15:17.591 | INFO     |  5349 | mycroft.skills.skill_loader:load:185 | ATTEMPTING TO LOAD SKILL: mycroft-installer.mycroftai
2021-10-29 04:15:17.601 | INFO     |  5349 | mycroft.skills.settings:get_local_settings:83 | /opt/mycroft/skills/mycroft-installer.mycroftai/settings.json
2021-10-29 04:15:17.639 | INFO     |  5349 | mycroft.skills.skill_loader:_check_for_first_run:324 | First run of mycroft-installer.mycroftai
2021-10-29 04:15:17.640 | INFO     |  5349 | mycroft.skills.settings:save_settings:116 | Skill settings successfully saved to /home/runner/.config/mycroft/skills/mycroft-installer.mycroftai/settings.json
2021-10-29 04:15:17.645 | INFO     |  5349 | mycroft.skills.skill_loader:_communicate_load_status:344 | Skill mycroft-installer.mycroftai loaded successfully
2021-10-29 04:15:17.646 | INFO     |  5349 | mycroft.skills.skill_loader:load:185 | ATTEMPTING TO LOAD SKILL: mycroft-version-checker.mycroftai
2021-10-29 04:15:17.652 | INFO     |  5349 | mycroft.skills.settings:get_local_settings:83 | /opt/mycroft/skills/mycroft-version-checker.mycroftai/settings.json
2021-10-29 04:15:17.688 | INFO     |  5349 | mycroft.skills.skill_loader:_check_for_first_run:324 | First run of mycroft-version-checker.mycroftai
2021-10-29 04:15:17.691 | INFO     |  5349 | mycroft.skills.settings:save_settings:116 | Skill settings successfully saved to /home/runner/.config/mycroft/skills/mycroft-version-checker.mycroftai/settings.json
2021-10-29 04:15:17.693 | INFO     |  5349 | mycroft.skills.skill_loader:_communicate_load_status:344 | Skill mycroft-version-checker.mycroftai loaded successfully
2021-10-29 04:15:17.693 | INFO     |  5349 | mycroft.skills.skill_loader:load:185 | ATTEMPTING TO LOAD SKILL: mycroft-singing.mycroftai
2021-10-29 04:15:17.701 | INFO     |  5349 | mycroft.skills.settings:get_local_settings:83 | /opt/mycroft/skills/mycroft-singing.mycroftai/settings.json
2021-10-29 04:15:17.731 | INFO     |  5349 | mycroft.skills.skill_loader:_check_for_first_run:324 | First run of mycroft-singing.mycroftai
2021-10-29 04:15:17.731 | INFO     |  5349 | mycroft.skills.settings:save_settings:116 | Skill settings successfully saved to /home/runner/.config/mycroft/skills/mycroft-singing.mycroftai/settings.json
2021-10-29 04:15:17.737 | INFO     |  5349 | mycroft.skills.skill_loader:_communicate_load_status:344 | Skill mycroft-singing.mycroftai loaded successfully
2021-10-29 04:15:17.738 | INFO     |  5349 | mycroft.skills.skill_loader:load:185 | ATTEMPTING TO LOAD SKILL: mycroft-joke.mycroftai
2021-10-29 04:15:17.744 | INFO     |  5349 | mycroft.skills.settings:get_local_settings:83 | /opt/mycroft/skills/mycroft-joke.mycroftai/settings.json
2021-10-29 04:15:17.767 | INFO     |  5349 | mycroft.skills.skill_loader:_check_for_first_run:324 | First run of mycroft-joke.mycroftai
2021-10-29 04:15:17.774 | INFO     |  5349 | mycroft.skills.settings:save_settings:116 | Skill settings successfully saved to /home/runner/.config/mycroft/skills/mycroft-joke.mycroftai/settings.json
2021-10-29 04:15:17.776 | INFO     |  5349 | mycroft.skills.skill_loader:_communicate_load_status:344 | Skill mycroft-joke.mycroftai loaded successfully
2021-10-29 04:15:17.776 | INFO     |  5349 | mycroft.skills.skill_loader:load:185 | ATTEMPTING TO LOAD SKILL: mycroft-timer.mycroftai
2021-10-29 04:15:17.806 | INFO     |  5349 | mycroft.skills.settings:get_local_settings:83 | /opt/mycroft/skills/mycroft-timer.mycroftai/settings.json
2021-10-29 04:15:17.881 | INFO     |  5349 | mycroft.skills.skill_loader:_check_for_first_run:324 | First run of mycroft-timer.mycroftai
2021-10-29 04:15:17.882 | INFO     |  5349 | mycroft.skills.settings:save_settings:116 | Skill settings successfully saved to /home/runner/.config/mycroft/skills/mycroft-timer.mycroftai/settings.json
2021-10-29 04:15:17.887 | INFO     |  5349 | mycroft.skills.skill_loader:_communicate_load_status:344 | Skill mycroft-timer.mycroftai loaded successfully
2021-10-29 04:15:17.888 | INFO     |  5349 | mycroft.skills.skill_loader:load:185 | ATTEMPTING TO LOAD SKILL: homeassistant.mycroftai
2021-10-29 04:15:18.266 | INFO     |  5349 | mycroft.skills.settings:get_local_settings:83 | /opt/mycroft/skills/homeassistant.mycroftai/settings.json
2021-10-29 04:15:18.267 | INFO     |  5349 | mycroft.skills.settings:get_local_settings:83 | /opt/mycroft/skills/homeassistant.mycroftai/settings.json
2021-10-29 04:15:18.340 | INFO     |  5349 | mycroft.skills.skill_loader:_communicate_load_status:344 | Skill homeassistant.mycroftai loaded successfully
2021-10-29 04:15:18.340 | INFO     |  5349 | mycroft.skills.skill_loader:load:185 | ATTEMPTING TO LOAD SKILL: mycroft-alarm.mycroftai
2021-10-29 04:15:18.413 | INFO     |  5349 | mycroft.skills.settings:get_local_settings:83 | /opt/mycroft/skills/mycroft-alarm.mycroftai/settings.json
2021-10-29 04:15:18.415 | ERROR    |  5349 | AlarmSkill | Couldn't allocate mixer, ALSAAudioError('No such file or directory [default]')
2021-10-29 04:15:18.522 | INFO     |  5349 | mycroft.skills.skill_loader:_check_for_first_run:324 | First run of mycroft-alarm.mycroftai
2021-10-29 04:15:18.523 | INFO     |  5349 | mycroft.skills.settings:save_settings:116 | Skill settings successfully saved to /home/runner/.config/mycroft/skills/mycroft-alarm.mycroftai/settings.json
2021-10-29 04:15:18.652 | INFO     |  5349 | mycroft.skills.skill_loader:_communicate_load_status:344 | Skill mycroft-alarm.mycroftai loaded successfully
2021-10-29 04:15:18.658 | INFO     |  5349 | mycroft.skills.skill_loader:load:185 | ATTEMPTING TO LOAD SKILL: mycroft-naptime.mycroftai
2021-10-29 04:15:18.671 | INFO     |  5349 | mycroft.skills.settings:get_local_settings:83 | /opt/mycroft/skills/mycroft-naptime.mycroftai/settings.json
2021-10-29 04:15:18.692 | INFO     |  5349 | mycroft.skills.skill_loader:_check_for_first_run:324 | First run of mycroft-naptime.mycroftai
2021-10-29 04:15:18.693 | INFO     |  5349 | mycroft.skills.settings:save_settings:116 | Skill settings successfully saved to /home/runner/.config/mycroft/skills/mycroft-naptime.mycroftai/settings.json
2021-10-29 04:15:18.694 | INFO     |  5349 | mycroft.skills.skill_loader:_communicate_load_status:344 | Skill mycroft-naptime.mycroftai loaded successfully
2021-10-29 04:15:18.694 | INFO     |  5349 | mycroft.skills.skill_loader:load:185 | ATTEMPTING TO LOAD SKILL: mycroft-spelling.mycroftai
2021-10-29 04:15:18.717 | INFO     |  5349 | mycroft.skills.settings:get_local_settings:83 | /opt/mycroft/skills/mycroft-spelling.mycroftai/settings.json
2021-10-29 04:15:18.746 | INFO     |  5349 | mycroft.skills.skill_loader:_check_for_first_run:324 | First run of mycroft-spelling.mycroftai
2021-10-29 04:15:18.747 | INFO     |  5349 | mycroft.skills.settings:save_settings:116 | Skill settings successfully saved to /home/runner/.config/mycroft/skills/mycroft-spelling.mycroftai/settings.json
2021-10-29 04:15:18.760 | INFO     |  5349 | mycroft.skills.skill_loader:_communicate_load_status:344 | Skill mycroft-spelling.mycroftai loaded successfully
2021-10-29 04:15:18.760 | INFO     |  5349 | mycroft.skills.skill_loader:load:185 | ATTEMPTING TO LOAD SKILL: mycroft-fallback-duck-duck-go.mycroftai
2021-10-29 04:15:18.777 | INFO     |  5349 | mycroft.skills.settings:get_local_settings:83 | /opt/mycroft/skills/mycroft-fallback-duck-duck-go.mycroftai/settings.json
2021-10-29 04:15:18.806 | INFO     |  5349 | mycroft.skills.skill_loader:_check_for_first_run:324 | First run of mycroft-fallback-duck-duck-go.mycroftai
2021-10-29 04:15:18.807 | INFO     |  5349 | mycroft.skills.settings:save_settings:116 | Skill settings successfully saved to /home/runner/.config/mycroft/skills/mycroft-fallback-duck-duck-go.mycroftai/settings.json
2021-10-29 04:15:18.841 | INFO     |  5349 | mycroft.skills.skill_loader:_communicate_load_status:344 | Skill mycroft-fallback-duck-duck-go.mycroftai loaded successfully
2021-10-29 04:15:18.841 | INFO     |  5349 | mycroft.skills.skill_loader:load:185 | ATTEMPTING TO LOAD SKILL: mycroft-npr-news.mycroftai
2021-10-29 04:15:19.006 | INFO     |  5349 | mycroft.skills.settings:get_local_settings:83 | /opt/mycroft/skills/mycroft-npr-news.mycroftai/settings.json
2021-10-29 04:15:20.172 | INFO     |  5349 | mycroft.skills.skill_loader:_check_for_first_run:324 | First run of mycroft-npr-news.mycroftai
2021-10-29 04:15:20.173 | INFO     |  5349 | mycroft.skills.settings:save_settings:116 | Skill settings successfully saved to /home/runner/.config/mycroft/skills/mycroft-npr-news.mycroftai/settings.json
2021-10-29 04:15:20.196 | INFO     |  5349 | mycroft.skills.skill_loader:_communicate_load_status:344 | Skill mycroft-npr-news.mycroftai loaded successfully
2021-10-29 04:15:20.196 | INFO     |  5349 | mycroft.skills.skill_loader:load:185 | ATTEMPTING TO LOAD SKILL: mycroft-support-helper.mycroftai
2021-10-29 04:15:20.212 | INFO     |  5349 | mycroft.skills.settings:get_local_settings:83 | /opt/mycroft/skills/mycroft-support-helper.mycroftai/settings.json
2021-10-29 04:15:20.229 | INFO     |  5349 | mycroft.skills.skill_loader:_check_for_first_run:324 | First run of mycroft-support-helper.mycroftai
2021-10-29 04:15:20.230 | INFO     |  5349 | mycroft.skills.settings:save_settings:116 | Skill settings successfully saved to /home/runner/.config/mycroft/skills/mycroft-support-helper.mycroftai/settings.json
2021-10-29 04:15:20.239 | INFO     |  5349 | mycroft.skills.skill_loader:_communicate_load_status:344 | Skill mycroft-support-helper.mycroftai loaded successfully
2021-10-29 04:15:20.240 | INFO     |  5349 | mycroft.skills.skill_loader:load:185 | ATTEMPTING TO LOAD SKILL: mycroft-weather.mycroftai
2021-10-29 04:15:20.269 | INFO     |  5349 | mycroft.skills.settings:get_local_settings:83 | /opt/mycroft/skills/mycroft-weather.mycroftai/settings.json
2021-10-29 04:15:20.427 | INFO     |  5349 | mycroft.skills.skill_loader:_check_for_first_run:324 | First run of mycroft-weather.mycroftai
2021-10-29 04:15:20.428 | INFO     |  5349 | mycroft.skills.settings:save_settings:116 | Skill settings successfully saved to /home/runner/.config/mycroft/skills/mycroft-weather.mycroftai/settings.json
2021-10-29 04:15:20.433 | INFO     |  5349 | mycroft.skills.skill_loader:_communicate_load_status:344 | Skill mycroft-weather.mycroftai loaded successfully
2021-10-29 04:15:20.434 | INFO     |  5349 | mycroft.skills.skill_loader:load:185 | ATTEMPTING TO LOAD SKILL: mycroft-speak.mycroftai
2021-10-29 04:15:20.437 | INFO     |  5349 | mycroft.skills.settings:get_local_settings:83 | /opt/mycroft/skills/mycroft-speak.mycroftai/settings.json
2021-10-29 04:15:20.487 | INFO     |  5349 | mycroft.skills.skill_loader:_check_for_first_run:324 | First run of mycroft-speak.mycroftai
2021-10-29 04:15:20.487 | INFO     |  5349 | mycroft.skills.settings:save_settings:116 | Skill settings successfully saved to /home/runner/.config/mycroft/skills/mycroft-speak.mycroftai/settings.json
2021-10-29 04:15:20.493 | INFO     |  5349 | mycroft.skills.skill_loader:_communicate_load_status:344 | Skill mycroft-speak.mycroftai loaded successfully
2021-10-29 04:15:20.493 | INFO     |  5349 | mycroft.skills.skill_loader:load:185 | ATTEMPTING TO LOAD SKILL: mycroft-audio-record.mycroftai
2021-10-29 04:15:20.505 | INFO     |  5349 | mycroft.skills.settings:get_local_settings:83 | /opt/mycroft/skills/mycroft-audio-record.mycroftai/settings.json
2021-10-29 04:15:20.541 | INFO     |  5349 | mycroft.skills.skill_loader:_check_for_first_run:324 | First run of mycroft-audio-record.mycroftai
2021-10-29 04:15:20.542 | INFO     |  5349 | mycroft.skills.settings:save_settings:116 | Skill settings successfully saved to /home/runner/.config/mycroft/skills/mycroft-audio-record.mycroftai/settings.json
2021-10-29 04:15:20.548 | INFO     |  5349 | mycroft.skills.skill_loader:_communicate_load_status:344 | Skill mycroft-audio-record.mycroftai loaded successfully
2021-10-29 04:15:20.548 | INFO     |  5349 | mycroft.skills.skill_loader:load:185 | ATTEMPTING TO LOAD SKILL: mycroft-stop.mycroftai
2021-10-29 04:15:20.559 | INFO     |  5349 | mycroft.skills.settings:get_local_settings:83 | /opt/mycroft/skills/mycroft-stop.mycroftai/settings.json
2021-10-29 04:15:20.583 | INFO     |  5349 | mycroft.skills.skill_loader:_check_for_first_run:324 | First run of mycroft-stop.mycroftai
2021-10-29 04:15:20.592 | INFO     |  5349 | mycroft.skills.settings:save_settings:116 | Skill settings successfully saved to /home/runner/.config/mycroft/skills/mycroft-stop.mycroftai/settings.json
2021-10-29 04:15:20.596 | INFO     |  5349 | mycroft.skills.skill_loader:_communicate_load_status:344 | Skill mycroft-stop.mycroftai loaded successfully
2021-10-29 04:15:20.597 | INFO     |  5349 | mycroft.skills.skill_loader:load:185 | ATTEMPTING TO LOAD SKILL: mycroft-hello-world.mycroftai
2021-10-29 04:15:20.606 | INFO     |  5349 | mycroft.skills.settings:get_local_settings:83 | /opt/mycroft/skills/mycroft-hello-world.mycroftai/settings.json
2021-10-29 04:15:20.635 | INFO     |  5349 | mycroft.skills.skill_loader:_check_for_first_run:324 | First run of mycroft-hello-world.mycroftai
2021-10-29 04:15:20.637 | INFO     |  5349 | mycroft.skills.settings:save_settings:116 | Skill settings successfully saved to /home/runner/.config/mycroft/skills/mycroft-hello-world.mycroftai/settings.json
2021-10-29 04:15:20.641 | INFO     |  5349 | mycroft.skills.skill_loader:_communicate_load_status:344 | Skill mycroft-hello-world.mycroftai loaded successfully
2021-10-29 04:15:20.641 | INFO     |  5349 | mycroft.skills.skill_loader:load:185 | ATTEMPTING TO LOAD SKILL: mycroft-date-time.mycroftai
2021-10-29 04:15:21.526 | INFO     |  5349 | mycroft.skills.settings:get_local_settings:83 | /opt/mycroft/skills/mycroft-date-time.mycroftai/settings.json
2021-10-29 04:15:21.556 | INFO     |  5349 | TimeSkill | Registering resting screen <bound method TimeSkill.handle_idle of <mycroft-date-time_mycroftai.TimeSkill object at 0x7f5430950d90>> for Time and Date.
2021-10-29 04:15:21.559 | INFO     |  5349 | TimeSkill | Registering resting screen
2021-10-29 04:15:21.563 | INFO     |  5349 | mycroft.skills.skill_loader:_check_for_first_run:324 | First run of mycroft-date-time.mycroftai
2021-10-29 04:15:21.565 | INFO     |  5349 | mycroft.skills.settings:save_settings:116 | Skill settings successfully saved to /home/runner/.config/mycroft/skills/mycroft-date-time.mycroftai/settings.json
2021-10-29 04:15:21.568 | INFO     |  5349 | mycroft.skills.skill_loader:_communicate_load_status:344 | Skill mycroft-date-time.mycroftai loaded successfully
2021-10-29 04:15:21.569 | INFO     |  5349 | mycroft.skills.skill_loader:load:185 | ATTEMPTING TO LOAD SKILL: mycroft-configuration.mycroftai
2021-10-29 04:15:21.588 | INFO     |  5349 | mycroft.skills.settings:get_local_settings:83 | /opt/mycroft/skills/mycroft-configuration.mycroftai/settings.json
2021-10-29 04:15:21.652 | INFO     |  5349 | mycroft.skills.skill_loader:_check_for_first_run:324 | First run of mycroft-configuration.mycroftai
2021-10-29 04:15:21.653 | INFO     |  5349 | mycroft.skills.settings:save_settings:116 | Skill settings successfully saved to /home/runner/.config/mycroft/skills/mycroft-configuration.mycroftai/settings.json
2021-10-29 04:15:21.654 | INFO     |  5349 | mycroft.skills.skill_loader:_communicate_load_status:344 | Skill mycroft-configuration.mycroftai loaded successfully
2021-10-29 04:15:21.657 | INFO     |  5349 | mycroft.skills.skill_loader:load:185 | ATTEMPTING TO LOAD SKILL: fallback-query.mycroftai
2021-10-29 04:15:21.666 | INFO     |  5349 | mycroft.skills.settings:get_local_settings:83 | /opt/mycroft/skills/fallback-query.mycroftai/settings.json
2021-10-29 04:15:21.683 | INFO     |  5349 | mycroft.skills.skill_loader:_check_for_first_run:324 | First run of fallback-query.mycroftai
2021-10-29 04:15:21.686 | INFO     |  5349 | mycroft.skills.settings:save_settings:116 | Skill settings successfully saved to /home/runner/.config/mycroft/skills/fallback-query.mycroftai/settings.json
2021-10-29 04:15:21.688 | INFO     |  5349 | mycroft.skills.skill_loader:_communicate_load_status:344 | Skill fallback-query.mycroftai loaded successfully
2021-10-29 04:15:21.690 | INFO     |  5349 | mycroft.skills.skill_loader:load:185 | ATTEMPTING TO LOAD SKILL: mycroft-personal.mycroftai
2021-10-29 04:15:21.699 | INFO     |  5349 | mycroft.skills.settings:get_local_settings:83 | /opt/mycroft/skills/mycroft-personal.mycroftai/settings.json
2021-10-29 04:15:21.756 | INFO     |  5349 | mycroft.skills.skill_loader:_check_for_first_run:324 | First run of mycroft-personal.mycroftai
2021-10-29 04:15:21.760 | INFO     |  5349 | mycroft.skills.settings:save_settings:116 | Skill settings successfully saved to /home/runner/.config/mycroft/skills/mycroft-personal.mycroftai/settings.json
2021-10-29 04:15:21.763 | INFO     |  5349 | mycroft.skills.skill_loader:_communicate_load_status:344 | Skill mycroft-personal.mycroftai loaded successfully
2021-10-29 04:15:21.765 | INFO     |  5349 | mycroft.skills.skill_loader:load:185 | ATTEMPTING TO LOAD SKILL: fallback-wolfram-alpha.mycroftai
2021-10-29 04:15:21.872 | INFO     |  5349 | mycroft.skills.settings:get_local_settings:83 | /opt/mycroft/skills/fallback-wolfram-alpha.mycroftai/settings.json
2021-10-29 04:15:21.907 | INFO     |  5349 | mycroft.skills.skill_loader:_check_for_first_run:324 | First run of fallback-wolfram-alpha.mycroftai
2021-10-29 04:15:21.907 | INFO     |  5349 | mycroft.skills.settings:save_settings:116 | Skill settings successfully saved to /home/runner/.config/mycroft/skills/fallback-wolfram-alpha.mycroftai/settings.json
2021-10-29 04:15:21.908 | INFO     |  5349 | mycroft.skills.skill_loader:_communicate_load_status:344 | Skill fallback-wolfram-alpha.mycroftai loaded successfully
2021-10-29 04:15:21.919 | INFO     |  5349 | mycroft.skills.skill_loader:load:185 | ATTEMPTING TO LOAD SKILL: mycroft-wiki.mycroftai
2021-10-29 04:15:21.936 | INFO     |  5349 | mycroft.skills.settings:get_local_settings:83 | /opt/mycroft/skills/mycroft-wiki.mycroftai/settings.json
2021-10-29 04:15:21.970 | INFO     |  5349 | mycroft.skills.skill_loader:_check_for_first_run:324 | First run of mycroft-wiki.mycroftai
2021-10-29 04:15:21.971 | INFO     |  5349 | mycroft.skills.settings:save_settings:116 | Skill settings successfully saved to /home/runner/.config/mycroft/skills/mycroft-wiki.mycroftai/settings.json
2021-10-29 04:15:21.975 | INFO     |  5349 | mycroft.skills.skill_loader:_communicate_load_status:344 | Skill mycroft-wiki.mycroftai loaded successfully
2021-10-29 04:15:21.976 | INFO     |  5349 | mycroft.skills.skill_loader:load:185 | ATTEMPTING TO LOAD SKILL: fallback-unknown.mycroftai
2021-10-29 04:15:21.980 | INFO     |  5349 | mycroft.skills.settings:get_local_settings:83 | /opt/mycroft/skills/fallback-unknown.mycroftai/settings.json
2021-10-29 04:15:22.011 | INFO     |  5349 | mycroft.skills.skill_loader:_check_for_first_run:324 | First run of fallback-unknown.mycroftai
2021-10-29 04:15:22.022 | INFO     |  5349 | mycroft.skills.settings:save_settings:116 | Skill settings successfully saved to /home/runner/.config/mycroft/skills/fallback-unknown.mycroftai/settings.json
2021-10-29 04:15:22.023 | INFO     |  5349 | mycroft.skills.skill_loader:_communicate_load_status:344 | Skill fallback-unknown.mycroftai loaded successfully
2021-10-29 04:15:22.024 | INFO     |  5349 | mycroft.skills.skill_loader:load:185 | ATTEMPTING TO LOAD SKILL: mycroft-playback-control.mycroftai
2021-10-29 04:15:22.030 | INFO     |  5349 | mycroft.skills.settings:get_local_settings:83 | /opt/mycroft/skills/mycroft-playback-control.mycroftai/settings.json
2021-10-29 04:15:22.114 | INFO     |  5349 | mycroft.skills.skill_loader:_check_for_first_run:324 | First run of mycroft-playback-control.mycroftai
2021-10-29 04:15:22.114 | INFO     |  5349 | mycroft.skills.settings:save_settings:116 | Skill settings successfully saved to /home/runner/.config/mycroft/skills/mycroft-playback-control.mycroftai/settings.json
2021-10-29 04:15:22.127 | INFO     |  5349 | mycroft.skills.skill_loader:_communicate_load_status:344 | Skill mycroft-playback-control.mycroftai loaded successfully
2021-10-29 04:15:22.127 | INFO     |  5349 | mycroft.skills.skill_manager:_load_on_startup:275 | Skills all loaded!
2021-10-29 04:15:22.193 | INFO     |  5349 | __main__:on_ready:185 | Skills service is ready.
2021-10-29 04:15:22.509 | INFO     |  5349 | mycroft.skills.intent_services.padatious_service:train:151 | Training... (single_thread=False)
Regenerated mycroft-alarm.mycroftai:{daytype}.
2021-10-29 04:15:25.634 | INFO     |  5349 | mycroft.skills.settings:save_settings:116 | Skill settings successfully saved to /home/runner/.config/mycroft/skills/mycroft-pairing.mycroftai/settings.json
Regenerated mycroft-reminder.mycroftai:UnspecifiedReminderAt.intent.
Regenerated mycroft-installer.mycroftai:install.custom.intent.
Regenerated mycroft-installer.mycroftai:install.intent.
Regenerated mycroft-installer.mycroftai:remove.intent.
Regenerated mycroft-installer.mycroftai:is.installed.intent.
Regenerated mycroft-installer.mycroftai:install.beta.intent.
Regenerated mycroft-installer.mycroftai:list.skills.intent.
Regenerated mycroft-timer.mycroftai:timer.status.intent.
Regenerated mycroft-timer.mycroftai:start.timer.intent.
Regenerated homeassistant.mycroftai:set.light.brightness.intent.
Regenerated homeassistant.mycroftai:cover.stop.intent.
Regenerated homeassistant.mycroftai:sensor.intent.
Regenerated homeassistant.mycroftai:tracker.intent.
Regenerated homeassistant.mycroftai:automation.intent.
Regenerated homeassistant.mycroftai:toggle.intent.
Regenerated homeassistant.mycroftai:cover.open.intent.
Regenerated mycroft-alarm.mycroftai:change.alarm.sound.intent.
Regenerated mycroft-npr-news.mycroftai:PlayTheNews.intent.
Regenerated mycroft-support-helper.mycroftai:contact.support.intent.
Regenerated mycroft-weather.mycroftai:do-i-need-an-umbrella.intent.
Regenerated mycroft-audio-record.mycroftai:PlayRecording.intent.
Regenerated mycroft-audio-record.mycroftai:StartRecording.intent.
Regenerated mycroft-stop.mycroftai:reboot.intent.
Regenerated mycroft-stop.mycroftai:ssh.enable.intent.
Regenerated mycroft-configuration.mycroftai:DisablePreciseDev.intent.
Regenerated mycroft-configuration.mycroftai:EnablePreciseDev.intent.
Regenerated mycroft-configuration.mycroftai:WhereAreYou.intent.
Regenerated mycroft-personal.mycroftai:WhenWereYouBorn.intent.
Regenerated mycroft-personal.mycroftai:WhoMadeYou.intent.
Regenerated mycroft-personal.mycroftai:DoYouDream.intent.
Regenerated mycroft-personal.mycroftai:DoYouRhyme.intent.
Regenerated mycroft-personal.mycroftai:WhereWereYouBorn.intent.
Regenerated mycroft-personal.mycroftai:WhoAreYou.intent.
Regenerated mycroft-personal.mycroftai:WhatAreYou.intent.
Regenerated mycroft-wiki.mycroftai:Random.intent.
Regenerated mycroft-reminder.mycroftai:DeleteReminderForDay.intent.
Regenerated mycroft-reminder.mycroftai:SnoozeReminder.intent.
Regenerated mycroft-reminder.mycroftai:Reminder.intent.
Regenerated mycroft-reminder.mycroftai:ReminderAt.intent.
Regenerated mycroft-reminder.mycroftai:ClearReminders.intent.
Regenerated mycroft-reminder.mycroftai:GetNextReminders.intent.
Regenerated mycroft-reminder.mycroftai:CancelActiveReminder.intent.
Regenerated mycroft-reminder.mycroftai:GetRemindersForDay.intent.
Regenerated homeassistant.mycroftai:turn.off.intent.
Regenerated homeassistant.mycroftai:set.climate.intent.
Regenerated homeassistant.mycroftai:turn.on.intent.
Regenerated homeassistant.mycroftai:increase.light.brightness.intent.
Regenerated homeassistant.mycroftai:decrease.light.brightness.intent.
Regenerated homeassistant.mycroftai:cover.close.intent.
Regenerated homeassistant.mycroftai:add.item.shopping.list.intent.
Regenerated mycroft-alarm.mycroftai:snooze.intent.
Regenerated mycroft-stop.mycroftai:wifi.setup.intent.
Regenerated mycroft-stop.mycroftai:shutdown.intent.
Regenerated mycroft-stop.mycroftai:ssh.disable.intent.
Regenerated mycroft-hello-world.mycroftai:HowAreYou.intent.
Regenerated mycroft-date-time.mycroftai:date.future.weekend.intent.
Regenerated mycroft-date-time.mycroftai:what.time.is.it.intent.
Regenerated mycroft-date-time.mycroftai:what.time.will.it.be.intent.
Regenerated mycroft-date-time.mycroftai:date.last.weekend.intent.
2021-10-29 04:15:25.689 | INFO     |  5349 | mycroft.skills.intent_services.padatious_service:train:153 | Training complete.
2021-10-29 04:15:25.945 | INFO     |  5349 | mycroft.skills.settings:save_settings:116 | Skill settings successfully saved to /home/runner/.config/mycroft/skills/mycroft-timer.mycroftai/settings.json
2021-10-29 04:16:07.230 | INFO     |  5349 | __main__:on_stopping:193 | Skills service is shutting down...
2021-10-29 04:16:07.231 | INFO     |  5349 | __main__:shutdown:284 | Shutting down Skills service
2021-10-29 04:16:07.714 | ERROR    |  5349 | VolumeSkill | Couldn't allocate mixer, ALSAAudioError('No such file or directory [default]')
2021-10-29 04:16:07.717 | INFO     |  5349 | mycroft.skills.settings:save_settings:116 | Skill settings successfully saved to /home/runner/.config/mycroft/skills/mycroft-volume.mycroftai/settings.json
2021-10-29 04:16:07.727 | INFO     |  5349 | mycroft.skills.settings:save_settings:116 | Skill settings successfully saved to /home/runner/.config/mycroft/skills/mycroft-ip.mycroftai/settings.json
2021-10-29 04:16:07.729 | INFO     |  5349 | mycroft.skills.settings:save_settings:116 | Skill settings successfully saved to /home/runner/.config/mycroft/skills/mycroft-reminder.mycroftai/settings.json
2021-10-29 04:16:07.732 | INFO     |  5349 | mycroft.skills.settings:save_settings:116 | Skill settings successfully saved to /home/runner/.config/mycroft/skills/mycroft-installer.mycroftai/settings.json
2021-10-29 04:16:07.733 | INFO     |  5349 | mycroft.skills.settings:save_settings:116 | Skill settings successfully saved to /home/runner/.config/mycroft/skills/mycroft-version-checker.mycroftai/settings.json
2021-10-29 04:16:07.748 | INFO     |  5349 | mycroft.skills.settings:save_settings:116 | Skill settings successfully saved to /home/runner/.config/mycroft/skills/mycroft-singing.mycroftai/settings.json
2021-10-29 04:16:07.750 | INFO     |  5349 | mycroft.skills.settings:save_settings:116 | Skill settings successfully saved to /home/runner/.config/mycroft/skills/mycroft-joke.mycroftai/settings.json
2021-10-29 04:16:07.752 | INFO     |  5349 | HomeAssistantSkill | Removing all handlers...
2021-10-29 04:16:07.787 | WARNING  |  5349 | mycroft.skills.fallback_skill:remove_fallback:185 | Could not find matching fallback handler
2021-10-29 04:16:07.788 | INFO     |  5349 | mycroft.skills.settings:save_settings:116 | Skill settings successfully saved to /home/runner/.config/mycroft/skills/mycroft-alarm.mycroftai/settings.json
2021-10-29 04:16:07.795 | INFO     |  5349 | mycroft.skills.settings:save_settings:116 | Skill settings successfully saved to /home/runner/.config/mycroft/skills/mycroft-naptime.mycroftai/settings.json
2021-10-29 04:16:07.806 | INFO     |  5349 | mycroft.skills.settings:save_settings:116 | Skill settings successfully saved to /home/runner/.config/mycroft/skills/mycroft-spelling.mycroftai/settings.json
2021-10-29 04:16:07.808 | INFO     |  5349 | mycroft.skills.settings:save_settings:116 | Skill settings successfully saved to /home/runner/.config/mycroft/skills/mycroft-fallback-duck-duck-go.mycroftai/settings.json
2021-10-29 04:16:07.811 | INFO     |  5349 | mycroft.skills.settings:save_settings:116 | Skill settings successfully saved to /home/runner/.config/mycroft/skills/mycroft-npr-news.mycroftai/settings.json
2021-10-29 04:16:07.823 | INFO     |  5349 | mycroft.skills.settings:save_settings:116 | Skill settings successfully saved to /home/runner/.config/mycroft/skills/mycroft-support-helper.mycroftai/settings.json
2021-10-29 04:16:07.831 | INFO     |  5349 | mycroft.skills.settings:save_settings:116 | Skill settings successfully saved to /home/runner/.config/mycroft/skills/mycroft-weather.mycroftai/settings.json
2021-10-29 04:16:07.832 | INFO     |  5349 | mycroft.skills.settings:save_settings:116 | Skill settings successfully saved to /home/runner/.config/mycroft/skills/mycroft-speak.mycroftai/settings.json
2021-10-29 04:16:07.840 | INFO     |  5349 | mycroft.skills.settings:save_settings:116 | Skill settings successfully saved to /home/runner/.config/mycroft/skills/mycroft-audio-record.mycroftai/settings.json
2021-10-29 04:16:07.856 | INFO     |  5349 | mycroft.skills.settings:save_settings:116 | Skill settings successfully saved to /home/runner/.config/mycroft/skills/mycroft-stop.mycroftai/settings.json
2021-10-29 04:16:07.858 | INFO     |  5349 | mycroft.skills.settings:save_settings:116 | Skill settings successfully saved to /home/runner/.config/mycroft/skills/mycroft-hello-world.mycroftai/settings.json
2021-10-29 04:16:07.859 | INFO     |  5349 | mycroft.skills.settings:save_settings:116 | Skill settings successfully saved to /home/runner/.config/mycroft/skills/mycroft-date-time.mycroftai/settings.json
2021-10-29 04:16:07.878 | INFO     |  5349 | mycroft.skills.settings:save_settings:116 | Skill settings successfully saved to /home/runner/.config/mycroft/skills/mycroft-configuration.mycroftai/settings.json
2021-10-29 04:16:07.897 | INFO     |  5349 | QuestionsAnswersSkill | Removing all handlers...
2021-10-29 04:16:07.898 | INFO     |  5349 | mycroft.skills.settings:save_settings:116 | Skill settings successfully saved to /home/runner/.config/mycroft/skills/fallback-query.mycroftai/settings.json
2021-10-29 04:16:07.915 | INFO     |  5349 | mycroft.skills.settings:save_settings:116 | Skill settings successfully saved to /home/runner/.config/mycroft/skills/mycroft-personal.mycroftai/settings.json
2021-10-29 04:16:07.921 | INFO     |  5349 | mycroft.skills.settings:save_settings:116 | Skill settings successfully saved to /home/runner/.config/mycroft/skills/fallback-wolfram-alpha.mycroftai/settings.json
2021-10-29 04:16:07.922 | INFO     |  5349 | mycroft.skills.settings:save_settings:116 | Skill settings successfully saved to /home/runner/.config/mycroft/skills/mycroft-wiki.mycroftai/settings.json
2021-10-29 04:16:07.923 | INFO     |  5349 | UnknownSkill | Removing all handlers...
2021-10-29 04:16:07.960 | INFO     |  5349 | mycroft.skills.settings:save_settings:116 | Skill settings successfully saved to /home/runner/.config/mycroft/skills/fallback-unknown.mycroftai/settings.json
2021-10-29 04:16:07.969 | INFO     |  5349 | mycroft.skills.settings:save_settings:116 | Skill settings successfully saved to /home/runner/.config/mycroft/skills/mycroft-playback-control.mycroftai/settings.json
2021-10-29 04:16:08.989 | INFO     |  5349 | Playback Control Skill | Audio service status: {}
2021-10-29 04:16:09.990 | WARNING  |  5349 | mycroft.skills.skill_manager:_shutdown_skill:106 | mycroft-playback-control.mycroftai shutdown took 2.021595093999963 seconds
2021-10-29 04:16:09.990 | INFO     |  5349 | __main__:shutdown:291 | Skills service shutdown complete!
2021-10-29 04:16:11.078 | ERROR    |  5349 | websocket | error from callback <bound method MessageBusClient.on_message of <mycroft.messagebus.client.client.MessageBusClient object at 0x7f5439fa2910>>: cannot schedule new futures after shutdown
2021-10-29 04:16:11.078 | ERROR    |  5349 | mycroft_bus_client.client.client | === RuntimeError('cannot schedule new futures after shutdown') ===
Traceback (most recent call last):
  File "/opt/mycroft-core/.venv/lib/python3.7/site-packages/websocket/_app.py", line 407, in _callback
    callback(self, *args)
  File "/opt/mycroft-core/.venv/lib/python3.7/site-packages/mycroft_bus_client/client/client.py", line 182, in on_message
    self.emitter.emit('message', message)
  File "/opt/mycroft-core/.venv/lib/python3.7/site-packages/pyee/_base.py", line 113, in emit
    handled = self._call_handlers(event, args, kwargs)
  File "/opt/mycroft-core/.venv/lib/python3.7/site-packages/pyee/_base.py", line 96, in _call_handlers
    self._emit_run(f, args, kwargs)
  File "/opt/mycroft-core/.venv/lib/python3.7/site-packages/pyee/_executor.py", line 50, in _emit_run
    future = self._executor.submit(f, *args, **kwargs)
  File "/opt/hostedtoolcache/Python/3.7.12/x64/lib/python3.7/concurrent/futures/thread.py", line 163, in submit
    raise RuntimeError('cannot schedule new futures after shutdown')
RuntimeError: cannot schedule new futures after shutdown
2021-10-29 04:16:11.079 | ERROR    |  5349 | mycroft_bus_client.client.client | Exception closing websocket: RuntimeError('cannot schedule new futures after shutdown')
2021-10-29 04:16:11.080 | WARNING  |  5349 | mycroft_bus_client.client.client | Message Bus Client will reconnect in 5.0 seconds.
