2022-03-17 06:21:55.457 | INFO     |  4680 | mycroft.messagebus.load_config:load_message_bus_config:33 | Loading message bus configs
2022-03-17 06:21:55.471 | ERROR    |  4680 | mycroft_bus_client.client.client | === ConnectionRefusedError(111, 'Connection refused') ===
Traceback (most recent call last):
  File "/opt/mycroft-core/.venv/lib/python3.7/site-packages/websocket/_app.py", line 318, in run_forever
    proxy_type=proxy_type)
  File "/opt/mycroft-core/.venv/lib/python3.7/site-packages/websocket/_core.py", line 250, in connect
    options.pop('socket', None))
  File "/opt/mycroft-core/.venv/lib/python3.7/site-packages/websocket/_http.py", line 130, in connect
    sock = _open_socket(addrinfo_list, options.sockopt, options.timeout)
  File "/opt/mycroft-core/.venv/lib/python3.7/site-packages/websocket/_http.py", line 208, in _open_socket
    raise err
  File "/opt/mycroft-core/.venv/lib/python3.7/site-packages/websocket/_http.py", line 185, in _open_socket
    sock.connect(address)
ConnectionRefusedError: [Errno 111] Connection refused
2022-03-17 06:21:55.472 | ERROR    |  4680 | mycroft_bus_client.client.client | Exception closing websocket: ConnectionRefusedError(111, 'Connection refused')
2022-03-17 06:21:55.472 | WARNING  |  4680 | mycroft_bus_client.client.client | Message Bus Client will reconnect in 5.0 seconds.
2022-03-17 06:22:00.478 | INFO     |  4680 | mycroft_bus_client.client.client | Connected
2022-03-17 06:22:00.480 | INFO     |  4680 | mycroft.util.process_utils:start_message_bus_client:155 | Connected to messagebus
2022-03-17 06:22:00.483 | INFO     |  4680 | mycroft.skills.msm_wrapper:create_msm:96 | Acquiring lock to instantiate MSM
2022-03-17 06:22:00.484 | INFO     |  4680 | msm.mycroft_skills_manager | building SkillEntry objects for all skills
2022-03-17 06:22:00.932 | INFO     |  4680 | mycroft.skills.msm_wrapper:create_msm:112 | Releasing MSM instantiation lock.
2022-03-17 06:22:00.933 | INFO     |  4680 | mycroft.skills.skill_updater:_log_next_download_time:267 | Next scheduled skill update: 2022-03-17 06:21:59.932782
2022-03-17 06:22:00.933 | INFO     |  4680 | msm.skill_entry | Downloading skill: https://github.com/mycroftai/skill-pairing
2022-03-17 06:22:01.841 | INFO     |  4680 | msm.skill_entry | Installing system requirements...
2022-03-17 06:22:01.862 | INFO     |  4680 | msm.skill_entry | Successfully installed mycroft-pairing
2022-03-17 06:22:01.862 | INFO     |  4680 | msm.mycroft_skills_manager | invalidating skills cache
2022-03-17 06:22:01.864 | INFO     |  4680 | mycroft.skills.skill_loader:load:185 | ATTEMPTING TO LOAD SKILL: mycroft-pairing.mycroftai
2022-03-17 06:22:01.874 | INFO     |  4680 | mycroft.skills.settings:get_local_settings:83 | /opt/mycroft/skills/mycroft-pairing.mycroftai/settings.json
2022-03-17 06:22:01.897 | INFO     |  4680 | mycroft.skills.skill_loader:_check_for_first_run:324 | First run of mycroft-pairing.mycroftai
2022-03-17 06:22:01.898 | INFO     |  4680 | mycroft.skills.settings:save_settings:116 | Skill settings successfully saved to /home/runner/.config/mycroft/skills/mycroft-pairing.mycroftai/settings.json
2022-03-17 06:22:01.899 | INFO     |  4680 | mycroft.skills.skill_loader:_communicate_load_status:344 | Skill mycroft-pairing.mycroftai loaded successfully
2022-03-17 06:22:01.905 | INFO     |  4680 | msm.skill_entry | Downloading skill: https://github.com/mycroftai/skill-volume
2022-03-17 06:22:02.750 | INFO     |  4680 | msm.skill_entry | Installing system requirements...
2022-03-17 06:22:02.760 | INFO     |  4680 | msm.skill_entry | Installing requirements.txt for mycroft-volume
2022-03-17 06:22:03.764 | INFO     |  4680 | msm.skill_entry | Successfully installed mycroft-volume
2022-03-17 06:22:03.764 | INFO     |  4680 | msm.mycroft_skills_manager | invalidating skills cache
2022-03-17 06:22:03.766 | INFO     |  4680 | mycroft.skills.skill_loader:load:185 | ATTEMPTING TO LOAD SKILL: mycroft-volume.mycroftai
2022-03-17 06:22:03.774 | INFO     |  4680 | mycroft.skills.settings:get_local_settings:83 | /opt/mycroft/skills/mycroft-volume.mycroftai/settings.json
2022-03-17 06:22:03.817 | ERROR    |  4680 | VolumeSkill | Couldn't allocate mixer, ALSAAudioError('No such file or directory [default]')
2022-03-17 06:22:06.818 | INFO     |  4680 | mycroft.skills.skill_loader:_check_for_first_run:324 | First run of mycroft-volume.mycroftai
2022-03-17 06:22:06.819 | INFO     |  4680 | mycroft.skills.settings:save_settings:116 | Skill settings successfully saved to /home/runner/.config/mycroft/skills/mycroft-volume.mycroftai/settings.json
2022-03-17 06:22:06.827 | INFO     |  4680 | mycroft.skills.skill_loader:_communicate_load_status:344 | Skill mycroft-volume.mycroftai loaded successfully
2022-03-17 06:22:06.828 | INFO     |  4680 | __main__:on_started:177 | Skills service is starting up.
2022-03-17 06:22:06.904 | INFO     |  4680 | __main__:_update_system:154 | Attempting system update...
2022-03-17 06:22:10.041 | INFO     |  4680 | mycroft.enclosure.display_manager:_write_data:70 | Display Manager is creating /tmp/mycroft/ipc/managers/disp_info
2022-03-17 06:22:10.042 | INFO     |  4680 | __main__:_ensure_device_is_paired:133 | Device not paired, invoking the pairing skill
2022-03-17 06:22:10.043 | INFO     |  4680 | __main__:on_alive:181 | Skills service is alive.
2022-03-17 06:22:10.056 | INFO     |  4680 | msm.mycroft_skills_manager | building SkillEntry objects for all skills
2022-03-17 06:22:10.494 | WARNING  |  4680 | msm.mycroft_skills_manager | No such default skill: mycroft-pandora
2022-03-17 06:22:10.495 | INFO     |  4680 | mycroft.skills.skill_manager:run:234 | Not all default skills are installed, performing skill update...
2022-03-17 06:22:10.496 | INFO     |  4680 | mycroft.skills.skill_updater:update_skills:149 | Beginning skill update...
2022-03-17 06:22:10.574 | INFO     |  4680 | msm.mycroft_skills_manager | building SkillEntry objects for all skills
2022-03-17 06:22:10.596 | INFO     |  4680 | PairingSkill | Communicating account URL to user
2022-03-17 06:22:11.103 | INFO     |  4680 | msm.mycroft_skills_manager | invalidating skills cache
2022-03-17 06:22:11.624 | INFO     |  4680 | msm.skill_entry | Downloading skill: https://github.com/mycroftai/skill-configuration
2022-03-17 06:22:11.653 | INFO     |  4680 | msm.skill_entry | Downloading skill: https://github.com/mycroftai/skill-date-time
2022-03-17 06:22:11.664 | INFO     |  4680 | msm.skill_entry | Downloading skill: https://github.com/mycroftai/skill-ip
2022-03-17 06:22:11.674 | INFO     |  4680 | msm.skill_entry | Downloading skill: https://github.com/mycroftai/skill-alarm
2022-03-17 06:22:11.676 | INFO     |  4680 | msm.skill_entry | Downloading skill: https://github.com/mycroftai/fallback-duckduckgo
2022-03-17 06:22:11.688 | INFO     |  4680 | msm.skill_entry | Downloading skill: https://github.com/mycroftai/skill-naptime
2022-03-17 06:22:11.702 | INFO     |  4680 | msm.skill_entry | Downloading skill: https://github.com/mycroftai/skill-npr-news
2022-03-17 06:22:11.703 | INFO     |  4680 | msm.skill_entry | Downloading skill: https://github.com/mycroftai/skill-personal
2022-03-17 06:22:11.704 | INFO     |  4680 | msm.skill_entry | Downloading skill: https://github.com/mycroftai/skill-playback-control
2022-03-17 06:22:11.705 | INFO     |  4680 | msm.skill_entry | Downloading skill: https://github.com/mycroftai/skill-reminder
2022-03-17 06:22:11.705 | INFO     |  4680 | msm.skill_entry | Downloading skill: https://github.com/mycroftai/skill-hello-world
2022-03-17 06:22:11.713 | INFO     |  4680 | msm.skill_entry | Downloading skill: https://github.com/mycroftai/skill-installer
2022-03-17 06:22:11.719 | INFO     |  4680 | msm.skill_entry | Downloading skill: https://github.com/mycroftai/skill-singing
2022-03-17 06:22:11.720 | INFO     |  4680 | msm.skill_entry | Downloading skill: https://github.com/mycroftai/skill-audio-record
2022-03-17 06:22:11.721 | INFO     |  4680 | msm.skill_entry | Downloading skill: https://github.com/mycroftai/skill-joke
2022-03-17 06:22:11.934 | INFO     |  4680 | msm.skill_entry | Downloading skill: https://github.com/mycroftai/fallback-unknown
2022-03-17 06:22:12.334 | INFO     |  4680 | msm.skill_entry | Downloading skill: https://github.com/mycroftai/fallback-wolfram-alpha
2022-03-17 06:22:12.912 | INFO     |  4680 | msm.skill_entry | Installing system requirements...
2022-03-17 06:22:12.968 | INFO     |  4680 | msm.skill_entry | Installing requirements.txt for mycroft-configuration
2022-03-17 06:22:13.425 | INFO     |  4680 | msm.skill_entry | Installing system requirements...
2022-03-17 06:22:13.749 | INFO     |  4680 | msm.skill_entry | Installing requirements.txt for mycroft-fallback-duck-duck-go
2022-03-17 06:22:13.844 | INFO     |  4680 | msm.skill_entry | Installing system requirements...
2022-03-17 06:22:13.932 | INFO     |  4680 | msm.skill_entry | Installing system requirements...
2022-03-17 06:22:13.936 | INFO     |  4680 | msm.skill_entry | Installing system requirements...
2022-03-17 06:22:13.941 | INFO     |  4680 | msm.skill_entry | Installing system requirements...
2022-03-17 06:22:13.947 | INFO     |  4680 | msm.skill_entry | Installing system requirements...
2022-03-17 06:22:13.949 | INFO     |  4680 | msm.skill_entry | Installing system requirements...
2022-03-17 06:22:13.953 | INFO     |  4680 | msm.skill_entry | Installing system requirements...
2022-03-17 06:22:13.983 | INFO     |  4680 | msm.skill_entry | Installing system requirements...
2022-03-17 06:22:14.021 | INFO     |  4680 | msm.skill_entry | Installing system requirements...
2022-03-17 06:22:14.029 | INFO     |  4680 | msm.skill_entry | Installing system requirements...
2022-03-17 06:22:14.104 | INFO     |  4680 | msm.skill_entry | Installing requirements.txt for mycroft-joke
2022-03-17 06:22:14.159 | INFO     |  4680 | msm.skill_entry | Successfully installed mycroft-naptime
2022-03-17 06:22:14.160 | INFO     |  4680 | msm.mycroft_skills_manager | invalidating skills cache
2022-03-17 06:22:14.161 | INFO     |  4680 | msm.skill_entry | Downloading skill: https://github.com/mycroftai/skill-speak
2022-03-17 06:22:14.168 | INFO     |  4680 | msm.skill_entry | Installing requirements.txt for mycroft-audio-record
2022-03-17 06:22:14.177 | INFO     |  4680 | msm.skill_entry | Successfully installed mycroft-hello-world
2022-03-17 06:22:14.177 | INFO     |  4680 | msm.mycroft_skills_manager | invalidating skills cache
2022-03-17 06:22:14.178 | INFO     |  4680 | msm.skill_entry | Downloading skill: https://github.com/mycroftai/skill-spelling
2022-03-17 06:22:14.185 | INFO     |  4680 | msm.skill_entry | Successfully installed fallback-unknown
2022-03-17 06:22:14.186 | INFO     |  4680 | msm.mycroft_skills_manager | invalidating skills cache
2022-03-17 06:22:14.188 | INFO     |  4680 | msm.skill_entry | Downloading skill: https://github.com/mycroftai/skill-stop
2022-03-17 06:22:14.212 | INFO     |  4680 | msm.skill_entry | Installing requirements.txt for fallback-wolfram-alpha
2022-03-17 06:22:14.213 | INFO     |  4680 | msm.skill_entry | Successfully installed mycroft-reminder
2022-03-17 06:22:14.213 | INFO     |  4680 | msm.mycroft_skills_manager | invalidating skills cache
2022-03-17 06:22:14.222 | INFO     |  4680 | msm.skill_entry | Downloading skill: https://github.com/mycroftai/skill-support
2022-03-17 06:22:14.222 | INFO     |  4680 | msm.skill_entry | Successfully installed mycroft-personal
2022-03-17 06:22:14.229 | INFO     |  4680 | msm.mycroft_skills_manager | invalidating skills cache
2022-03-17 06:22:14.224 | INFO     |  4680 | msm.skill_entry | Installing requirements.txt for mycroft-ip
2022-03-17 06:22:14.231 | INFO     |  4680 | msm.skill_entry | Downloading skill: https://github.com/mycroftai/mycroft-timer
2022-03-17 06:22:14.244 | INFO     |  4680 | msm.skill_entry | Successfully installed mycroft-playback-control
2022-03-17 06:22:14.244 | INFO     |  4680 | msm.mycroft_skills_manager | invalidating skills cache
2022-03-17 06:22:14.249 | INFO     |  4680 | msm.skill_entry | Downloading skill: https://github.com/mycroftai/skill-weather
2022-03-17 06:22:14.378 | INFO     |  4680 | msm.skill_entry | Installing system requirements...
2022-03-17 06:22:14.390 | INFO     |  4680 | msm.skill_entry | Installing system requirements...
2022-03-17 06:22:14.426 | INFO     |  4680 | msm.skill_entry | Nothing new for mycroft-pairing
2022-03-17 06:22:14.491 | ERROR    |  4680 | msm.mycroft_skills_manager | Error running install_or_update on homeassistant.mycroftai: MergeConflict
2022-03-17 06:22:14.498 | INFO     |  4680 | msm.skill_entry | Downloading skill: https://github.com/mycroftai/skill-version-checker
2022-03-17 06:22:14.530 | INFO     |  4680 | msm.skill_entry | Installing system requirements...
2022-03-17 06:22:14.560 | INFO     |  4680 | msm.skill_entry | Installing system requirements...
2022-03-17 06:22:14.590 | INFO     |  4680 | msm.skill_entry | Installing requirements.txt for mycroft-date-time
2022-03-17 06:22:14.597 | INFO     |  4680 | msm.skill_entry | Nothing new for mycroft-volume
2022-03-17 06:22:14.630 | INFO     |  4680 | msm.skill_entry | Installing requirements.txt for mycroft-installer
2022-03-17 06:22:14.677 | INFO     |  4680 | msm.skill_entry | Installing system requirements...
2022-03-17 06:22:14.719 | INFO     |  4680 | msm.skill_entry | Installing requirements.txt for mycroft-npr-news
2022-03-17 06:22:14.726 | INFO     |  4680 | msm.skill_entry | Downloading skill: https://github.com/mycroftai/skill-wiki
2022-03-17 06:22:14.811 | INFO     |  4680 | msm.skill_entry | Installing requirements.txt for mycroft-volume
2022-03-17 06:22:15.080 | INFO     |  4680 | msm.skill_entry | Installing system requirements...
2022-03-17 06:22:15.125 | INFO     |  4680 | msm.skill_entry | Installing requirements.txt for mycroft-alarm
2022-03-17 06:22:15.276 | INFO     |  4680 | msm.skill_entry | Installing system requirements...
2022-03-17 06:22:15.335 | INFO     |  4680 | msm.skill_entry | Installing system requirements...
2022-03-17 06:22:15.382 | INFO     |  4680 | msm.skill_entry | Successfully installed mycroft-speak
2022-03-17 06:22:15.383 | INFO     |  4680 | msm.mycroft_skills_manager | invalidating skills cache
2022-03-17 06:22:15.385 | INFO     |  4680 | msm.skill_entry | Downloading skill: https://github.com/MycroftAI/skill-query
2022-03-17 06:22:15.465 | INFO     |  4680 | msm.skill_entry | Successfully installed mycroft-stop
2022-03-17 06:22:15.465 | INFO     |  4680 | msm.mycroft_skills_manager | invalidating skills cache
2022-03-17 06:22:15.511 | INFO     |  4680 | msm.skill_entry | Installing system requirements...
2022-03-17 06:22:15.577 | INFO     |  4680 | msm.skill_entry | Installing system requirements...
2022-03-17 06:22:15.676 | INFO     |  4680 | msm.skill_entry | Successfully installed mycroft-spelling
2022-03-17 06:22:15.676 | INFO     |  4680 | msm.mycroft_skills_manager | invalidating skills cache
2022-03-17 06:22:15.688 | INFO     |  4680 | msm.skill_entry | Installing requirements.txt for mycroft-support-helper
2022-03-17 06:22:15.724 | INFO     |  4680 | msm.skill_entry | Installing system requirements...
2022-03-17 06:22:15.783 | INFO     |  4680 | msm.skill_entry | Successfully installed mycroft-version-checker
2022-03-17 06:22:15.783 | INFO     |  4680 | msm.mycroft_skills_manager | invalidating skills cache
2022-03-17 06:22:15.891 | INFO     |  4680 | msm.skill_entry | Installing system requirements...
2022-03-17 06:22:15.935 | INFO     |  4680 | msm.skill_entry | Installing requirements.txt for mycroft-wiki
2022-03-17 06:22:16.073 | INFO     |  4680 | msm.skill_entry | Installing system requirements...
2022-03-17 06:22:16.122 | INFO     |  4680 | msm.skill_entry | Successfully installed mycroft-timer
2022-03-17 06:22:16.122 | INFO     |  4680 | msm.mycroft_skills_manager | invalidating skills cache
2022-03-17 06:22:16.140 | INFO     |  4680 | msm.skill_entry | Installing system requirements...
2022-03-17 06:22:16.184 | INFO     |  4680 | msm.skill_entry | Installing requirements.txt for mycroft-weather
2022-03-17 06:22:16.239 | ERROR    |  4680 | msm.mycroft_skills_manager | Error running install_or_update on homeassistant: MergeConflict
2022-03-17 06:22:16.402 | INFO     |  4680 | msm.skill_entry | Installing system requirements...
2022-03-17 06:22:16.448 | INFO     |  4680 | msm.skill_entry | Successfully installed fallback-query
2022-03-17 06:22:16.448 | INFO     |  4680 | msm.mycroft_skills_manager | invalidating skills cache
2022-03-17 06:22:16.526 | INFO     |  4680 | msm.skill_entry | Installing system requirements...
2022-03-17 06:22:16.560 | INFO     |  4680 | msm.skill_entry | Successfully installed mycroft-singing
2022-03-17 06:22:16.560 | INFO     |  4680 | msm.mycroft_skills_manager | invalidating skills cache
2022-03-17 06:22:21.977 | INFO     |  4680 | msm.skill_entry | Successfully installed mycroft-configuration
2022-03-17 06:22:21.977 | INFO     |  4680 | msm.mycroft_skills_manager | invalidating skills cache
2022-03-17 06:22:23.205 | INFO     |  4680 | msm.skill_entry | Successfully installed mycroft-fallback-duck-duck-go
2022-03-17 06:22:23.205 | INFO     |  4680 | msm.mycroft_skills_manager | invalidating skills cache
2022-03-17 06:22:24.415 | INFO     |  4680 | msm.skill_entry | Successfully installed mycroft-joke
2022-03-17 06:22:24.415 | INFO     |  4680 | msm.mycroft_skills_manager | invalidating skills cache
2022-03-17 06:22:25.494 | INFO     |  4680 | msm.skill_entry | Successfully installed mycroft-audio-record
2022-03-17 06:22:25.494 | INFO     |  4680 | msm.mycroft_skills_manager | invalidating skills cache
2022-03-17 06:22:31.534 | INFO     |  4680 | msm.skill_entry | Successfully installed fallback-wolfram-alpha
2022-03-17 06:22:31.534 | INFO     |  4680 | msm.mycroft_skills_manager | invalidating skills cache
2022-03-17 06:22:32.573 | INFO     |  4680 | msm.skill_entry | Successfully installed mycroft-ip
2022-03-17 06:22:32.574 | INFO     |  4680 | msm.mycroft_skills_manager | invalidating skills cache
2022-03-17 06:22:40.955 | INFO     |  4680 | PairingSkill | Initiating device pairing sequence...
2022-03-17 06:22:40.956 | INFO     |  4680 | PairingSkill | Retrieving pairing code from device API...
2022-03-17 06:22:41.520 | INFO     |  4680 | PairingSkill | Pairing code obtained: 9T7EAR
2022-03-17 06:22:41.520 | INFO     |  4680 | PairingSkill | Communicating pairing URL to user
2022-03-17 06:23:02.071 | INFO     |  4680 | msm.skill_entry | Successfully installed mycroft-date-time
2022-03-17 06:23:02.072 | INFO     |  4680 | msm.mycroft_skills_manager | invalidating skills cache
2022-03-17 06:23:03.876 | INFO     |  4680 | msm.skill_entry | Successfully installed mycroft-installer
2022-03-17 06:23:03.876 | INFO     |  4680 | msm.mycroft_skills_manager | invalidating skills cache
2022-03-17 06:23:11.549 | INFO     |  4680 | msm.skill_entry | Successfully installed mycroft-npr-news
2022-03-17 06:23:11.549 | INFO     |  4680 | msm.mycroft_skills_manager | invalidating skills cache
2022-03-17 06:23:11.872 | INFO     |  4680 | mycroft.skills.settings:save_settings:116 | Skill settings successfully saved to /home/runner/.config/mycroft/skills/mycroft-pairing.mycroftai/settings.json
2022-03-17 06:23:13.678 | INFO     |  4680 | msm.skill_entry | Successfully installed mycroft-alarm
2022-03-17 06:23:13.678 | INFO     |  4680 | msm.mycroft_skills_manager | invalidating skills cache
2022-03-17 06:23:16.013 | INFO     |  4680 | msm.skill_entry | Successfully installed mycroft-support-helper
2022-03-17 06:23:16.013 | INFO     |  4680 | msm.mycroft_skills_manager | invalidating skills cache
2022-03-17 06:23:20.998 | INFO     |  4680 | msm.skill_entry | Successfully installed mycroft-wiki
2022-03-17 06:23:20.998 | INFO     |  4680 | msm.mycroft_skills_manager | invalidating skills cache
2022-03-17 06:23:22.111 | INFO     |  4680 | msm.skill_entry | Successfully installed mycroft-weather
2022-03-17 06:23:22.111 | INFO     |  4680 | msm.mycroft_skills_manager | invalidating skills cache
2022-03-17 06:23:22.182 | INFO     |  4680 | mycroft.skills.skill_updater:_log_next_download_time:267 | Next scheduled skill update: 2022-03-17 07:23:22.181726
2022-03-17 06:23:22.182 | INFO     |  4680 | mycroft.skills.skill_updater:update_skills:170 | Skill update complete
2022-03-17 06:23:22.182 | INFO     |  4680 | mycroft.skills.skill_manager:_load_on_startup:273 | Loading installed skills...
2022-03-17 06:23:22.184 | INFO     |  4680 | mycroft.skills.skill_loader:load:185 | ATTEMPTING TO LOAD SKILL: mycroft-joke.mycroftai
2022-03-17 06:23:22.190 | INFO     |  4680 | mycroft.skills.settings:get_local_settings:83 | /opt/mycroft/skills/mycroft-joke.mycroftai/settings.json
2022-03-17 06:23:22.202 | INFO     |  4680 | mycroft.skills.skill_loader:_check_for_first_run:324 | First run of mycroft-joke.mycroftai
2022-03-17 06:23:22.203 | INFO     |  4680 | mycroft.skills.settings:save_settings:116 | Skill settings successfully saved to /home/runner/.config/mycroft/skills/mycroft-joke.mycroftai/settings.json
2022-03-17 06:23:22.204 | INFO     |  4680 | mycroft.skills.skill_loader:_communicate_load_status:344 | Skill mycroft-joke.mycroftai loaded successfully
2022-03-17 06:23:22.205 | INFO     |  4680 | mycroft.skills.skill_loader:load:185 | ATTEMPTING TO LOAD SKILL: mycroft-alarm.mycroftai
2022-03-17 06:23:22.230 | INFO     |  4680 | mycroft.skills.settings:get_local_settings:83 | /opt/mycroft/skills/mycroft-alarm.mycroftai/settings.json
2022-03-17 06:23:22.230 | ERROR    |  4680 | AlarmSkill | Couldn't allocate mixer, ALSAAudioError('No such file or directory [default]')
2022-03-17 06:23:22.266 | INFO     |  4680 | mycroft.skills.skill_loader:_check_for_first_run:324 | First run of mycroft-alarm.mycroftai
2022-03-17 06:23:22.267 | INFO     |  4680 | mycroft.skills.settings:save_settings:116 | Skill settings successfully saved to /home/runner/.config/mycroft/skills/mycroft-alarm.mycroftai/settings.json
2022-03-17 06:23:22.276 | INFO     |  4680 | mycroft.skills.skill_loader:_communicate_load_status:344 | Skill mycroft-alarm.mycroftai loaded successfully
2022-03-17 06:23:22.276 | INFO     |  4680 | mycroft.skills.skill_loader:load:185 | ATTEMPTING TO LOAD SKILL: mycroft-version-checker.mycroftai
2022-03-17 06:23:22.282 | INFO     |  4680 | mycroft.skills.settings:get_local_settings:83 | /opt/mycroft/skills/mycroft-version-checker.mycroftai/settings.json
2022-03-17 06:23:22.300 | INFO     |  4680 | mycroft.skills.skill_loader:_check_for_first_run:324 | First run of mycroft-version-checker.mycroftai
2022-03-17 06:23:22.301 | INFO     |  4680 | mycroft.skills.settings:save_settings:116 | Skill settings successfully saved to /home/runner/.config/mycroft/skills/mycroft-version-checker.mycroftai/settings.json
2022-03-17 06:23:22.302 | INFO     |  4680 | mycroft.skills.skill_loader:_communicate_load_status:344 | Skill mycroft-version-checker.mycroftai loaded successfully
2022-03-17 06:23:22.302 | INFO     |  4680 | mycroft.skills.skill_loader:load:185 | ATTEMPTING TO LOAD SKILL: mycroft-timer.mycroftai
2022-03-17 06:23:22.325 | INFO     |  4680 | mycroft.skills.settings:get_local_settings:83 | /opt/mycroft/skills/mycroft-timer.mycroftai/settings.json
2022-03-17 06:23:22.388 | INFO     |  4680 | mycroft.skills.skill_loader:_check_for_first_run:324 | First run of mycroft-timer.mycroftai
2022-03-17 06:23:22.389 | INFO     |  4680 | mycroft.skills.settings:save_settings:116 | Skill settings successfully saved to /home/runner/.config/mycroft/skills/mycroft-timer.mycroftai/settings.json
2022-03-17 06:23:22.390 | INFO     |  4680 | mycroft.skills.skill_loader:_communicate_load_status:344 | Skill mycroft-timer.mycroftai loaded successfully
2022-03-17 06:23:22.391 | INFO     |  4680 | mycroft.skills.skill_loader:load:185 | ATTEMPTING TO LOAD SKILL: mycroft-playback-control.mycroftai
2022-03-17 06:23:22.395 | INFO     |  4680 | mycroft.skills.settings:get_local_settings:83 | /opt/mycroft/skills/mycroft-playback-control.mycroftai/settings.json
2022-03-17 06:23:22.421 | INFO     |  4680 | mycroft.skills.skill_loader:_check_for_first_run:324 | First run of mycroft-playback-control.mycroftai
2022-03-17 06:23:22.422 | INFO     |  4680 | mycroft.skills.settings:save_settings:116 | Skill settings successfully saved to /home/runner/.config/mycroft/skills/mycroft-playback-control.mycroftai/settings.json
2022-03-17 06:23:22.424 | INFO     |  4680 | mycroft.skills.skill_loader:_communicate_load_status:344 | Skill mycroft-playback-control.mycroftai loaded successfully
2022-03-17 06:23:22.424 | INFO     |  4680 | mycroft.skills.skill_loader:load:185 | ATTEMPTING TO LOAD SKILL: mycroft-hello-world.mycroftai
2022-03-17 06:23:22.427 | INFO     |  4680 | mycroft.skills.settings:get_local_settings:83 | /opt/mycroft/skills/mycroft-hello-world.mycroftai/settings.json
2022-03-17 06:23:22.439 | INFO     |  4680 | mycroft.skills.skill_loader:_check_for_first_run:324 | First run of mycroft-hello-world.mycroftai
2022-03-17 06:23:22.440 | INFO     |  4680 | mycroft.skills.settings:save_settings:116 | Skill settings successfully saved to /home/runner/.config/mycroft/skills/mycroft-hello-world.mycroftai/settings.json
2022-03-17 06:23:22.441 | INFO     |  4680 | mycroft.skills.skill_loader:_communicate_load_status:344 | Skill mycroft-hello-world.mycroftai loaded successfully
2022-03-17 06:23:22.442 | INFO     |  4680 | mycroft.skills.skill_loader:load:185 | ATTEMPTING TO LOAD SKILL: mycroft-singing.mycroftai
2022-03-17 06:23:22.446 | INFO     |  4680 | mycroft.skills.settings:get_local_settings:83 | /opt/mycroft/skills/mycroft-singing.mycroftai/settings.json
2022-03-17 06:23:22.454 | INFO     |  4680 | mycroft.skills.skill_loader:_check_for_first_run:324 | First run of mycroft-singing.mycroftai
2022-03-17 06:23:22.455 | INFO     |  4680 | mycroft.skills.settings:save_settings:116 | Skill settings successfully saved to /home/runner/.config/mycroft/skills/mycroft-singing.mycroftai/settings.json
2022-03-17 06:23:22.456 | INFO     |  4680 | mycroft.skills.skill_loader:_communicate_load_status:344 | Skill mycroft-singing.mycroftai loaded successfully
2022-03-17 06:23:22.457 | INFO     |  4680 | mycroft.skills.skill_loader:load:185 | ATTEMPTING TO LOAD SKILL: mycroft-speak.mycroftai
2022-03-17 06:23:22.460 | INFO     |  4680 | mycroft.skills.settings:get_local_settings:83 | /opt/mycroft/skills/mycroft-speak.mycroftai/settings.json
2022-03-17 06:23:22.473 | INFO     |  4680 | mycroft.skills.skill_loader:_check_for_first_run:324 | First run of mycroft-speak.mycroftai
2022-03-17 06:23:22.474 | INFO     |  4680 | mycroft.skills.settings:save_settings:116 | Skill settings successfully saved to /home/runner/.config/mycroft/skills/mycroft-speak.mycroftai/settings.json
2022-03-17 06:23:22.475 | INFO     |  4680 | mycroft.skills.skill_loader:_communicate_load_status:344 | Skill mycroft-speak.mycroftai loaded successfully
2022-03-17 06:23:22.476 | INFO     |  4680 | mycroft.skills.skill_loader:load:185 | ATTEMPTING TO LOAD SKILL: fallback-query.mycroftai
2022-03-17 06:23:22.480 | INFO     |  4680 | mycroft.skills.settings:get_local_settings:83 | /opt/mycroft/skills/fallback-query.mycroftai/settings.json
2022-03-17 06:23:22.489 | INFO     |  4680 | mycroft.skills.skill_loader:_check_for_first_run:324 | First run of fallback-query.mycroftai
2022-03-17 06:23:22.489 | INFO     |  4680 | mycroft.skills.settings:save_settings:116 | Skill settings successfully saved to /home/runner/.config/mycroft/skills/fallback-query.mycroftai/settings.json
2022-03-17 06:23:22.490 | INFO     |  4680 | mycroft.skills.skill_loader:_communicate_load_status:344 | Skill fallback-query.mycroftai loaded successfully
2022-03-17 06:23:22.491 | INFO     |  4680 | mycroft.skills.skill_loader:load:185 | ATTEMPTING TO LOAD SKILL: mycroft-fallback-duck-duck-go.mycroftai
2022-03-17 06:23:22.500 | INFO     |  4680 | mycroft.skills.settings:get_local_settings:83 | /opt/mycroft/skills/mycroft-fallback-duck-duck-go.mycroftai/settings.json
2022-03-17 06:23:22.519 | INFO     |  4680 | mycroft.skills.skill_loader:_check_for_first_run:324 | First run of mycroft-fallback-duck-duck-go.mycroftai
2022-03-17 06:23:22.520 | INFO     |  4680 | mycroft.skills.settings:save_settings:116 | Skill settings successfully saved to /home/runner/.config/mycroft/skills/mycroft-fallback-duck-duck-go.mycroftai/settings.json
2022-03-17 06:23:22.522 | INFO     |  4680 | mycroft.skills.skill_loader:_communicate_load_status:344 | Skill mycroft-fallback-duck-duck-go.mycroftai loaded successfully
2022-03-17 06:23:22.522 | INFO     |  4680 | mycroft.skills.skill_loader:load:185 | ATTEMPTING TO LOAD SKILL: mycroft-configuration.mycroftai
2022-03-17 06:23:22.527 | INFO     |  4680 | mycroft.skills.settings:get_local_settings:83 | /opt/mycroft/skills/mycroft-configuration.mycroftai/settings.json
2022-03-17 06:23:22.550 | INFO     |  4680 | mycroft.skills.skill_loader:_check_for_first_run:324 | First run of mycroft-configuration.mycroftai
2022-03-17 06:23:22.550 | INFO     |  4680 | mycroft.skills.settings:save_settings:116 | Skill settings successfully saved to /home/runner/.config/mycroft/skills/mycroft-configuration.mycroftai/settings.json
2022-03-17 06:23:22.551 | INFO     |  4680 | mycroft.skills.skill_loader:_communicate_load_status:344 | Skill mycroft-configuration.mycroftai loaded successfully
2022-03-17 06:23:22.552 | INFO     |  4680 | mycroft.skills.skill_loader:load:185 | ATTEMPTING TO LOAD SKILL: fallback-wolfram-alpha.mycroftai
2022-03-17 06:23:22.613 | INFO     |  4680 | mycroft.skills.settings:get_local_settings:83 | /opt/mycroft/skills/fallback-wolfram-alpha.mycroftai/settings.json
2022-03-17 06:23:22.673 | INFO     |  4680 | mycroft.skills.skill_loader:_check_for_first_run:324 | First run of fallback-wolfram-alpha.mycroftai
2022-03-17 06:23:22.675 | INFO     |  4680 | mycroft.skills.settings:save_settings:116 | Skill settings successfully saved to /home/runner/.config/mycroft/skills/fallback-wolfram-alpha.mycroftai/settings.json
2022-03-17 06:23:22.678 | INFO     |  4680 | mycroft.skills.skill_loader:_communicate_load_status:344 | Skill fallback-wolfram-alpha.mycroftai loaded successfully
2022-03-17 06:23:22.679 | INFO     |  4680 | mycroft.skills.skill_loader:load:185 | ATTEMPTING TO LOAD SKILL: mycroft-date-time.mycroftai
2022-03-17 06:23:23.151 | INFO     |  4680 | mycroft.skills.settings:get_local_settings:83 | /opt/mycroft/skills/mycroft-date-time.mycroftai/settings.json
2022-03-17 06:23:23.200 | INFO     |  4680 | TimeSkill | Registering resting screen <bound method TimeSkill.handle_idle of <mycroft-date-time_mycroftai.TimeSkill object at 0x7f30a8d1b910>> for Time and Date.
2022-03-17 06:23:23.204 | INFO     |  4680 | TimeSkill | Registering resting screen
2022-03-17 06:23:23.209 | INFO     |  4680 | mycroft.skills.skill_loader:_check_for_first_run:324 | First run of mycroft-date-time.mycroftai
2022-03-17 06:23:23.210 | INFO     |  4680 | mycroft.skills.settings:save_settings:116 | Skill settings successfully saved to /home/runner/.config/mycroft/skills/mycroft-date-time.mycroftai/settings.json
2022-03-17 06:23:23.211 | INFO     |  4680 | mycroft.skills.skill_loader:_communicate_load_status:344 | Skill mycroft-date-time.mycroftai loaded successfully
2022-03-17 06:23:23.212 | INFO     |  4680 | mycroft.skills.skill_loader:load:185 | ATTEMPTING TO LOAD SKILL: mycroft-weather.mycroftai
2022-03-17 06:23:23.248 | INFO     |  4680 | mycroft.skills.settings:get_local_settings:83 | /opt/mycroft/skills/mycroft-weather.mycroftai/settings.json
2022-03-17 06:23:23.395 | INFO     |  4680 | mycroft.skills.skill_loader:_check_for_first_run:324 | First run of mycroft-weather.mycroftai
2022-03-17 06:23:23.399 | INFO     |  4680 | mycroft.skills.settings:save_settings:116 | Skill settings successfully saved to /home/runner/.config/mycroft/skills/mycroft-weather.mycroftai/settings.json
2022-03-17 06:23:23.400 | INFO     |  4680 | mycroft.skills.skill_loader:_communicate_load_status:344 | Skill mycroft-weather.mycroftai loaded successfully
2022-03-17 06:23:23.401 | INFO     |  4680 | mycroft.skills.skill_loader:load:185 | ATTEMPTING TO LOAD SKILL: mycroft-audio-record.mycroftai
2022-03-17 06:23:23.409 | INFO     |  4680 | mycroft.skills.settings:get_local_settings:83 | /opt/mycroft/skills/mycroft-audio-record.mycroftai/settings.json
2022-03-17 06:23:23.435 | INFO     |  4680 | mycroft.skills.skill_loader:_check_for_first_run:324 | First run of mycroft-audio-record.mycroftai
2022-03-17 06:23:23.436 | INFO     |  4680 | mycroft.skills.settings:save_settings:116 | Skill settings successfully saved to /home/runner/.config/mycroft/skills/mycroft-audio-record.mycroftai/settings.json
2022-03-17 06:23:23.437 | INFO     |  4680 | mycroft.skills.skill_loader:_communicate_load_status:344 | Skill mycroft-audio-record.mycroftai loaded successfully
2022-03-17 06:23:23.438 | INFO     |  4680 | mycroft.skills.skill_loader:load:185 | ATTEMPTING TO LOAD SKILL: mycroft-wiki.mycroftai
2022-03-17 06:23:23.568 | INFO     |  4680 | mycroft.skills.settings:get_local_settings:83 | /opt/mycroft/skills/mycroft-wiki.mycroftai/settings.json
2022-03-17 06:23:23.591 | INFO     |  4680 | mycroft.skills.skill_loader:_check_for_first_run:324 | First run of mycroft-wiki.mycroftai
2022-03-17 06:23:23.591 | INFO     |  4680 | mycroft.skills.settings:save_settings:116 | Skill settings successfully saved to /home/runner/.config/mycroft/skills/mycroft-wiki.mycroftai/settings.json
2022-03-17 06:23:23.593 | INFO     |  4680 | mycroft.skills.skill_loader:_communicate_load_status:344 | Skill mycroft-wiki.mycroftai loaded successfully
2022-03-17 06:23:23.594 | INFO     |  4680 | mycroft.skills.skill_loader:load:185 | ATTEMPTING TO LOAD SKILL: mycroft-naptime.mycroftai
2022-03-17 06:23:23.602 | INFO     |  4680 | mycroft.skills.settings:get_local_settings:83 | /opt/mycroft/skills/mycroft-naptime.mycroftai/settings.json
2022-03-17 06:23:23.614 | INFO     |  4680 | mycroft.skills.skill_loader:_check_for_first_run:324 | First run of mycroft-naptime.mycroftai
2022-03-17 06:23:23.616 | INFO     |  4680 | mycroft.skills.settings:save_settings:116 | Skill settings successfully saved to /home/runner/.config/mycroft/skills/mycroft-naptime.mycroftai/settings.json
2022-03-17 06:23:23.620 | INFO     |  4680 | mycroft.skills.skill_loader:_communicate_load_status:344 | Skill mycroft-naptime.mycroftai loaded successfully
2022-03-17 06:23:23.620 | INFO     |  4680 | mycroft.skills.skill_loader:load:185 | ATTEMPTING TO LOAD SKILL: mycroft-npr-news.mycroftai
2022-03-17 06:23:23.698 | INFO     |  4680 | mycroft.skills.settings:get_local_settings:83 | /opt/mycroft/skills/mycroft-npr-news.mycroftai/settings.json
2022-03-17 06:23:24.739 | INFO     |  4680 | mycroft.skills.skill_loader:_check_for_first_run:324 | First run of mycroft-npr-news.mycroftai
2022-03-17 06:23:24.742 | INFO     |  4680 | mycroft.skills.settings:save_settings:116 | Skill settings successfully saved to /home/runner/.config/mycroft/skills/mycroft-npr-news.mycroftai/settings.json
2022-03-17 06:23:24.742 | INFO     |  4680 | mycroft.skills.skill_loader:_communicate_load_status:344 | Skill mycroft-npr-news.mycroftai loaded successfully
2022-03-17 06:23:24.745 | INFO     |  4680 | mycroft.skills.skill_loader:load:185 | ATTEMPTING TO LOAD SKILL: mycroft-support-helper.mycroftai
2022-03-17 06:23:24.752 | INFO     |  4680 | mycroft.skills.settings:get_local_settings:83 | /opt/mycroft/skills/mycroft-support-helper.mycroftai/settings.json
2022-03-17 06:23:24.760 | INFO     |  4680 | mycroft.skills.skill_loader:_check_for_first_run:324 | First run of mycroft-support-helper.mycroftai
2022-03-17 06:23:24.761 | INFO     |  4680 | mycroft.skills.settings:save_settings:116 | Skill settings successfully saved to /home/runner/.config/mycroft/skills/mycroft-support-helper.mycroftai/settings.json
2022-03-17 06:23:24.764 | INFO     |  4680 | mycroft.skills.skill_loader:_communicate_load_status:344 | Skill mycroft-support-helper.mycroftai loaded successfully
2022-03-17 06:23:24.764 | INFO     |  4680 | mycroft.skills.skill_loader:load:185 | ATTEMPTING TO LOAD SKILL: mycroft-personal.mycroftai
2022-03-17 06:23:24.768 | INFO     |  4680 | mycroft.skills.settings:get_local_settings:83 | /opt/mycroft/skills/mycroft-personal.mycroftai/settings.json
2022-03-17 06:23:24.801 | INFO     |  4680 | mycroft.skills.skill_loader:_check_for_first_run:324 | First run of mycroft-personal.mycroftai
2022-03-17 06:23:24.802 | INFO     |  4680 | mycroft.skills.settings:save_settings:116 | Skill settings successfully saved to /home/runner/.config/mycroft/skills/mycroft-personal.mycroftai/settings.json
2022-03-17 06:23:24.805 | INFO     |  4680 | mycroft.skills.skill_loader:_communicate_load_status:344 | Skill mycroft-personal.mycroftai loaded successfully
2022-03-17 06:23:24.805 | INFO     |  4680 | mycroft.skills.skill_loader:load:185 | ATTEMPTING TO LOAD SKILL: homeassistant.mycroftai
2022-03-17 06:23:24.965 | INFO     |  4680 | mycroft.skills.settings:get_local_settings:83 | /opt/mycroft/skills/homeassistant.mycroftai/settings.json
2022-03-17 06:23:24.966 | INFO     |  4680 | mycroft.skills.settings:get_local_settings:83 | /opt/mycroft/skills/homeassistant.mycroftai/settings.json
2022-03-17 06:23:25.071 | INFO     |  4680 | mycroft.skills.skill_loader:_communicate_load_status:344 | Skill homeassistant.mycroftai loaded successfully
2022-03-17 06:23:25.072 | INFO     |  4680 | mycroft.skills.skill_loader:load:185 | ATTEMPTING TO LOAD SKILL: mycroft-ip.mycroftai
2022-03-17 06:23:25.099 | INFO     |  4680 | mycroft.skills.settings:get_local_settings:83 | /opt/mycroft/skills/mycroft-ip.mycroftai/settings.json
2022-03-17 06:23:25.132 | INFO     |  4680 | mycroft.skills.skill_loader:_check_for_first_run:324 | First run of mycroft-ip.mycroftai
2022-03-17 06:23:25.133 | INFO     |  4680 | mycroft.skills.settings:save_settings:116 | Skill settings successfully saved to /home/runner/.config/mycroft/skills/mycroft-ip.mycroftai/settings.json
2022-03-17 06:23:25.140 | INFO     |  4680 | mycroft.skills.skill_loader:_communicate_load_status:344 | Skill mycroft-ip.mycroftai loaded successfully
2022-03-17 06:23:25.141 | INFO     |  4680 | mycroft.skills.skill_loader:load:185 | ATTEMPTING TO LOAD SKILL: mycroft-installer.mycroftai
2022-03-17 06:23:25.156 | INFO     |  4680 | mycroft.skills.settings:get_local_settings:83 | /opt/mycroft/skills/mycroft-installer.mycroftai/settings.json
2022-03-17 06:23:25.204 | INFO     |  4680 | mycroft.skills.skill_loader:_check_for_first_run:324 | First run of mycroft-installer.mycroftai
2022-03-17 06:23:25.205 | INFO     |  4680 | mycroft.skills.settings:save_settings:116 | Skill settings successfully saved to /home/runner/.config/mycroft/skills/mycroft-installer.mycroftai/settings.json
2022-03-17 06:23:25.214 | INFO     |  4680 | mycroft.skills.skill_loader:_communicate_load_status:344 | Skill mycroft-installer.mycroftai loaded successfully
2022-03-17 06:23:25.215 | INFO     |  4680 | mycroft.skills.skill_loader:load:185 | ATTEMPTING TO LOAD SKILL: mycroft-stop.mycroftai
2022-03-17 06:23:25.219 | INFO     |  4680 | mycroft.skills.settings:get_local_settings:83 | /opt/mycroft/skills/mycroft-stop.mycroftai/settings.json
2022-03-17 06:23:25.250 | INFO     |  4680 | mycroft.skills.skill_loader:_check_for_first_run:324 | First run of mycroft-stop.mycroftai
2022-03-17 06:23:25.251 | INFO     |  4680 | mycroft.skills.settings:save_settings:116 | Skill settings successfully saved to /home/runner/.config/mycroft/skills/mycroft-stop.mycroftai/settings.json
2022-03-17 06:23:25.257 | INFO     |  4680 | mycroft.skills.skill_loader:_communicate_load_status:344 | Skill mycroft-stop.mycroftai loaded successfully
2022-03-17 06:23:25.259 | INFO     |  4680 | mycroft.skills.skill_loader:load:185 | ATTEMPTING TO LOAD SKILL: fallback-unknown.mycroftai
2022-03-17 06:23:25.263 | INFO     |  4680 | mycroft.skills.settings:get_local_settings:83 | /opt/mycroft/skills/fallback-unknown.mycroftai/settings.json
2022-03-17 06:23:25.281 | INFO     |  4680 | mycroft.skills.skill_loader:_check_for_first_run:324 | First run of fallback-unknown.mycroftai
2022-03-17 06:23:25.282 | INFO     |  4680 | mycroft.skills.settings:save_settings:116 | Skill settings successfully saved to /home/runner/.config/mycroft/skills/fallback-unknown.mycroftai/settings.json
2022-03-17 06:23:25.287 | INFO     |  4680 | mycroft.skills.skill_loader:_communicate_load_status:344 | Skill fallback-unknown.mycroftai loaded successfully
2022-03-17 06:23:25.287 | INFO     |  4680 | mycroft.skills.skill_loader:load:185 | ATTEMPTING TO LOAD SKILL: mycroft-spelling.mycroftai
2022-03-17 06:23:25.291 | INFO     |  4680 | mycroft.skills.settings:get_local_settings:83 | /opt/mycroft/skills/mycroft-spelling.mycroftai/settings.json
2022-03-17 06:23:25.318 | INFO     |  4680 | mycroft.skills.skill_loader:_check_for_first_run:324 | First run of mycroft-spelling.mycroftai
2022-03-17 06:23:25.320 | INFO     |  4680 | mycroft.skills.settings:save_settings:116 | Skill settings successfully saved to /home/runner/.config/mycroft/skills/mycroft-spelling.mycroftai/settings.json
2022-03-17 06:23:25.323 | INFO     |  4680 | mycroft.skills.skill_loader:_communicate_load_status:344 | Skill mycroft-spelling.mycroftai loaded successfully
2022-03-17 06:23:25.324 | INFO     |  4680 | mycroft.skills.skill_loader:load:185 | ATTEMPTING TO LOAD SKILL: mycroft-reminder.mycroftai
2022-03-17 06:23:25.345 | INFO     |  4680 | mycroft.skills.settings:get_local_settings:83 | /opt/mycroft/skills/mycroft-reminder.mycroftai/settings.json
2022-03-17 06:23:25.391 | INFO     |  4680 | mycroft.skills.skill_loader:_check_for_first_run:324 | First run of mycroft-reminder.mycroftai
2022-03-17 06:23:25.392 | INFO     |  4680 | mycroft.skills.settings:save_settings:116 | Skill settings successfully saved to /home/runner/.config/mycroft/skills/mycroft-reminder.mycroftai/settings.json
2022-03-17 06:23:25.395 | INFO     |  4680 | mycroft.skills.skill_loader:_communicate_load_status:344 | Skill mycroft-reminder.mycroftai loaded successfully
2022-03-17 06:23:25.396 | INFO     |  4680 | mycroft.skills.skill_manager:_load_on_startup:275 | Skills all loaded!
2022-03-17 06:23:25.399 | INFO     |  4680 | __main__:on_ready:185 | Skills service is ready.
2022-03-17 06:23:25.440 | INFO     |  4680 | mycroft.skills.intent_services.padatious_service:train:151 | Training... (single_thread=False)
FANN Error 2: Unable to open configuration file "/home/runner/.local/share/mycroft/intent_cache/homeassistant.mycroftai:{/tmp/mycroft/cache/HomeAssistantSkill/tracker}.intent.net" for writing.
Regenerated homeassistant.mycroftai:{/tmp/mycroft/cache/HomeAssistantSkill/tracker}.
Regenerated mycroft-alarm.mycroftai:{daytype}.
Exception in thread Thread-32:
multiprocessing.pool.RemoteTraceback: 
"""
Traceback (most recent call last):
  File "/opt/hostedtoolcache/Python/3.7.12/x64/lib/python3.7/multiprocessing/pool.py", line 121, in worker
    result = (True, func(*args, **kwds))
  File "/opt/hostedtoolcache/Python/3.7.12/x64/lib/python3.7/multiprocessing/pool.py", line 44, in mapstar
    return list(map(*args))
  File "/opt/mycroft-core/.venv/lib/python3.7/site-packages/padatious/training_manager.py", line 29, in _train_and_save
    obj.save(cache)
  File "/opt/mycroft-core/.venv/lib/python3.7/site-packages/padatious/entity.py", line 43, in save
    SimpleIntent.save(self, prefix)
  File "/opt/mycroft-core/.venv/lib/python3.7/site-packages/padatious/simple_intent.py", line 129, in save
    self.ids.save(prefix)
  File "/opt/mycroft-core/.venv/lib/python3.7/site-packages/padatious/id_manager.py", line 48, in save
    with open(prefix + '.ids', 'w') as f:
FileNotFoundError: [Errno 2] No such file or directory: '/home/runner/.local/share/mycroft/intent_cache/homeassistant.mycroftai:{/tmp/mycroft/cache/HomeAssistantSkill/tracker}.intent.ids'
"""

The above exception was the direct cause of the following exception:

Traceback (most recent call last):
  File "/opt/hostedtoolcache/Python/3.7.12/x64/lib/python3.7/threading.py", line 926, in _bootstrap_inner
    self.run()
  File "/opt/hostedtoolcache/Python/3.7.12/x64/lib/python3.7/threading.py", line 870, in run
    self._target(*self._args, **self._kwargs)
  File "/opt/mycroft-core/.venv/lib/python3.7/site-packages/padatious/training_manager.py", line 100, in train
    pool.map_async(train, self.objects_to_train).get(timeout)
  File "/opt/hostedtoolcache/Python/3.7.12/x64/lib/python3.7/multiprocessing/pool.py", line 657, in get
    raise self._value
FileNotFoundError: [Errno 2] No such file or directory: '/home/runner/.local/share/mycroft/intent_cache/homeassistant.mycroftai:{/tmp/mycroft/cache/HomeAssistantSkill/tracker}.intent.ids'

FANN Error 2: Unable to open configuration file "/home/runner/.local/share/mycroft/intent_cache/homeassistant.mycroftai:{/tmp/mycroft/cache/HomeAssistantSkill/tracker}.intent.net" for writing.
Regenerated homeassistant.mycroftai:{/tmp/mycroft/cache/HomeAssistantSkill/tracker}.
Regenerated mycroft-alarm.mycroftai:{daytype}.
Regenerated mycroft-date-time.mycroftai:date.last.weekend.intent.
Regenerated mycroft-date-time.mycroftai:what.time.is.it.intent.
Regenerated mycroft-date-time.mycroftai:date.future.weekend.intent.
Regenerated mycroft-date-time.mycroftai:what.time.will.it.be.intent.
Regenerated mycroft-weather.mycroftai:do-i-need-an-umbrella.intent.
Regenerated mycroft-audio-record.mycroftai:PlayRecording.intent.
Regenerated mycroft-audio-record.mycroftai:StartRecording.intent.
Regenerated mycroft-wiki.mycroftai:Random.intent.
Regenerated mycroft-npr-news.mycroftai:PlayTheNews.intent.
Regenerated mycroft-support-helper.mycroftai:contact.support.intent.
Regenerated mycroft-personal.mycroftai:WhoAreYou.intent.
Regenerated mycroft-personal.mycroftai:DoYouDream.intent.
Regenerated mycroft-personal.mycroftai:WhenWereYouBorn.intent.
Regenerated mycroft-personal.mycroftai:WhoMadeYou.intent.
Regenerated mycroft-personal.mycroftai:WhatAreYou.intent.
Regenerated mycroft-personal.mycroftai:DoYouRhyme.intent.
Regenerated mycroft-personal.mycroftai:WhereWereYouBorn.intent.
Regenerated homeassistant.mycroftai:decrease.light.brightness.intent.
Regenerated homeassistant.mycroftai:open.intent.
Regenerated homeassistant.mycroftai:set.light.brightness.intent.
Regenerated homeassistant.mycroftai:add.item.shopping.list.intent.
Regenerated homeassistant.mycroftai:toggle.intent.
Regenerated homeassistant.mycroftai:turn.on.intent.
Regenerated homeassistant.mycroftai:sensor.intent.
Regenerated mycroft-reminder.mycroftai:Reminder.intent.
Regenerated mycroft-reminder.mycroftai:GetNextReminders.intent.
Regenerated mycroft-reminder.mycroftai:UnspecifiedReminderAt.intent.
Regenerated mycroft-alarm.mycroftai:change.alarm.sound.intent.
Regenerated mycroft-alarm.mycroftai:snooze.intent.
Regenerated mycroft-timer.mycroftai:timer.status.intent.
Regenerated mycroft-timer.mycroftai:start.timer.intent.
Regenerated mycroft-hello-world.mycroftai:HowAreYou.intent.
Regenerated mycroft-configuration.mycroftai:WhereAreYou.intent.
Regenerated mycroft-configuration.mycroftai:EnablePreciseDev.intent.
Regenerated mycroft-configuration.mycroftai:DisablePreciseDev.intent.
Regenerated homeassistant.mycroftai:increase.light.brightness.intent.
Regenerated homeassistant.mycroftai:tracker.intent.
Regenerated homeassistant.mycroftai:stop.intent.
Regenerated homeassistant.mycroftai:close.intent.
Regenerated homeassistant.mycroftai:turn.off.intent.
Regenerated homeassistant.mycroftai:set.climate.intent.
Regenerated homeassistant.mycroftai:automation.intent.
Regenerated mycroft-installer.mycroftai:install.custom.intent.
Regenerated mycroft-installer.mycroftai:remove.intent.
Regenerated mycroft-installer.mycroftai:install.intent.
Regenerated mycroft-installer.mycroftai:is.installed.intent.
Regenerated mycroft-installer.mycroftai:list.skills.intent.
Regenerated mycroft-installer.mycroftai:install.beta.intent.
Regenerated mycroft-stop.mycroftai:wifi.setup.intent.
Regenerated mycroft-stop.mycroftai:ssh.enable.intent.
Regenerated mycroft-stop.mycroftai:shutdown.intent.
Regenerated mycroft-stop.mycroftai:ssh.disable.intent.
Regenerated mycroft-stop.mycroftai:reboot.intent.
Regenerated mycroft-reminder.mycroftai:CancelActiveReminder.intent.
Regenerated mycroft-reminder.mycroftai:SnoozeReminder.intent.
Regenerated mycroft-reminder.mycroftai:ClearReminders.intent.
Regenerated mycroft-reminder.mycroftai:ReminderAt.intent.
Regenerated mycroft-reminder.mycroftai:DeleteReminderForDay.intent.
Regenerated mycroft-reminder.mycroftai:GetRemindersForDay.intent.
2022-03-17 06:23:29.445 | INFO     |  4680 | mycroft.skills.intent_services.padatious_service:train:153 | Training complete.
Regenerated mycroft-alarm.mycroftai:change.alarm.sound.intent.
Regenerated mycroft-alarm.mycroftai:snooze.intent.
Regenerated mycroft-timer.mycroftai:timer.status.intent.
Regenerated mycroft-timer.mycroftai:start.timer.intent.
Regenerated mycroft-hello-world.mycroftai:HowAreYou.intent.
Regenerated mycroft-configuration.mycroftai:WhereAreYou.intent.
Regenerated mycroft-configuration.mycroftai:EnablePreciseDev.intent.
Regenerated mycroft-configuration.mycroftai:DisablePreciseDev.intent.
Regenerated homeassistant.mycroftai:increase.light.brightness.intent.
Regenerated homeassistant.mycroftai:tracker.intent.
Regenerated homeassistant.mycroftai:stop.intent.
Regenerated homeassistant.mycroftai:close.intent.
Regenerated homeassistant.mycroftai:turn.off.intent.
Regenerated homeassistant.mycroftai:set.climate.intent.
Regenerated homeassistant.mycroftai:automation.intent.
Regenerated mycroft-installer.mycroftai:install.custom.intent.
Regenerated mycroft-installer.mycroftai:remove.intent.
Regenerated mycroft-installer.mycroftai:install.intent.
Regenerated mycroft-installer.mycroftai:is.installed.intent.
Regenerated mycroft-installer.mycroftai:list.skills.intent.
Regenerated mycroft-installer.mycroftai:install.beta.intent.
Regenerated mycroft-stop.mycroftai:wifi.setup.intent.
Regenerated mycroft-stop.mycroftai:ssh.enable.intent.
Regenerated mycroft-stop.mycroftai:shutdown.intent.
Regenerated mycroft-reminder.mycroftai:Reminder.intent.
Regenerated mycroft-reminder.mycroftai:GetNextReminders.intent.
Regenerated mycroft-reminder.mycroftai:UnspecifiedReminderAt.intent.
Regenerated mycroft-date-time.mycroftai:date.last.weekend.intent.
Regenerated mycroft-date-time.mycroftai:what.time.is.it.intent.
Regenerated mycroft-date-time.mycroftai:date.future.weekend.intent.
Regenerated mycroft-date-time.mycroftai:what.time.will.it.be.intent.
Regenerated mycroft-weather.mycroftai:do-i-need-an-umbrella.intent.
Regenerated mycroft-audio-record.mycroftai:PlayRecording.intent.
Regenerated mycroft-audio-record.mycroftai:StartRecording.intent.
Regenerated mycroft-wiki.mycroftai:Random.intent.
Regenerated mycroft-npr-news.mycroftai:PlayTheNews.intent.
Regenerated mycroft-support-helper.mycroftai:contact.support.intent.
Regenerated mycroft-personal.mycroftai:WhoAreYou.intent.
Regenerated mycroft-personal.mycroftai:DoYouDream.intent.
Regenerated mycroft-personal.mycroftai:WhenWereYouBorn.intent.
Regenerated mycroft-personal.mycroftai:WhoMadeYou.intent.
Regenerated mycroft-personal.mycroftai:WhatAreYou.intent.
Regenerated mycroft-personal.mycroftai:DoYouRhyme.intent.
Regenerated mycroft-personal.mycroftai:WhereWereYouBorn.intent.
Regenerated homeassistant.mycroftai:decrease.light.brightness.intent.
Regenerated homeassistant.mycroftai:open.intent.
Regenerated homeassistant.mycroftai:set.light.brightness.intent.
Regenerated homeassistant.mycroftai:add.item.shopping.list.intent.
Regenerated homeassistant.mycroftai:toggle.intent.
Regenerated homeassistant.mycroftai:turn.on.intent.
Regenerated homeassistant.mycroftai:sensor.intent.
Regenerated mycroft-stop.mycroftai:ssh.disable.intent.
Regenerated mycroft-stop.mycroftai:reboot.intent.
Regenerated mycroft-reminder.mycroftai:CancelActiveReminder.intent.
Regenerated mycroft-reminder.mycroftai:SnoozeReminder.intent.
Regenerated mycroft-reminder.mycroftai:ClearReminders.intent.
Regenerated mycroft-reminder.mycroftai:ReminderAt.intent.
Regenerated mycroft-reminder.mycroftai:DeleteReminderForDay.intent.
Regenerated mycroft-reminder.mycroftai:GetRemindersForDay.intent.
2022-03-17 06:23:30.710 | INFO     |  4680 | mycroft.skills.settings:save_settings:116 | Skill settings successfully saved to /home/runner/.config/mycroft/skills/mycroft-timer.mycroftai/settings.json
2022-03-17 06:24:22.095 | ERROR    |  4680 | WeatherSkill | Weather API failure
Traceback (most recent call last):
  File "/opt/mycroft/skills/mycroft-weather.mycroftai/__init__.py", line 1129, in _get_weather
    self.config_core.get("system_unit"), latitude, longitude
  File "/opt/mycroft/skills/mycroft-weather.mycroftai/skill/api.py", line 105, in get_weather_for_coordinates
    response = self.request(api_request)
  File "/opt/mycroft-core/mycroft/api/__init__.py", line 64, in request
    return self.send(params)
  File "/opt/mycroft-core/mycroft/api/__init__.py", line 147, in send
    return self.get_response(response, no_refresh)
  File "/opt/mycroft-core/mycroft/api/__init__.py", line 170, in get_response
    raise HTTPError(data, response=response)
requests.exceptions.HTTPError: {'error': 'device not authorized'}
2022-03-17 06:24:22.096 | INFO     |  4680 | mycroft.skills.settings:save_settings:116 | Skill settings successfully saved to /home/runner/.config/mycroft/skills/mycroft-weather.mycroftai/settings.json
2022-03-17 06:24:22.102 | ERROR    |  4680 | mycroft.skills.mycroft_skill.mycroft_skill:on_error:923 | An error occurred while processing a request in Pairing Skill
Traceback (most recent call last):
  File "/opt/mycroft-core/mycroft/skills/mycroft_skill/event_container.py", line 73, in wrapper
    handler(message)
  File "/opt/mycroft/skills/mycroft-pairing.mycroftai/__init__.py", line 108, in not_paired
    self.handle_pairing()
TypeError: handle_pairing() missing 1 required positional argument: '_'
2022-03-17 06:24:22.577 | WARNING  |  4680 | ConfigurationSkill | Impossible to update configuration because device isn't paired
2022-03-17 06:24:32.817 | INFO     |  4680 | __main__:on_stopping:193 | Skills service is shutting down...
2022-03-17 06:24:32.818 | INFO     |  4680 | __main__:shutdown:284 | Shutting down Skills service
2022-03-17 06:24:33.249 | ERROR    |  4680 | VolumeSkill | Couldn't allocate mixer, ALSAAudioError('No such file or directory [default]')
2022-03-17 06:24:33.250 | INFO     |  4680 | mycroft.skills.settings:save_settings:116 | Skill settings successfully saved to /home/runner/.config/mycroft/skills/mycroft-volume.mycroftai/settings.json
2022-03-17 06:24:33.252 | INFO     |  4680 | mycroft.skills.settings:save_settings:116 | Skill settings successfully saved to /home/runner/.config/mycroft/skills/mycroft-joke.mycroftai/settings.json
2022-03-17 06:24:33.266 | INFO     |  4680 | mycroft.skills.settings:save_settings:116 | Skill settings successfully saved to /home/runner/.config/mycroft/skills/mycroft-alarm.mycroftai/settings.json
2022-03-17 06:24:33.278 | INFO     |  4680 | mycroft.skills.settings:save_settings:116 | Skill settings successfully saved to /home/runner/.config/mycroft/skills/mycroft-version-checker.mycroftai/settings.json
2022-03-17 06:24:33.300 | INFO     |  4680 | mycroft.skills.settings:save_settings:116 | Skill settings successfully saved to /home/runner/.config/mycroft/skills/mycroft-playback-control.mycroftai/settings.json
2022-03-17 06:24:34.307 | INFO     |  4680 | Playback Control Skill | Audio service status: {}
2022-03-17 06:24:35.308 | WARNING  |  4680 | mycroft.skills.skill_manager:_shutdown_skill:106 | mycroft-playback-control.mycroftai shutdown took 2.014679961000013 seconds
2022-03-17 06:24:35.309 | INFO     |  4680 | mycroft.skills.settings:save_settings:116 | Skill settings successfully saved to /home/runner/.config/mycroft/skills/mycroft-hello-world.mycroftai/settings.json
2022-03-17 06:24:35.310 | INFO     |  4680 | mycroft.skills.settings:save_settings:116 | Skill settings successfully saved to /home/runner/.config/mycroft/skills/mycroft-singing.mycroftai/settings.json
2022-03-17 06:24:35.314 | INFO     |  4680 | mycroft.skills.settings:save_settings:116 | Skill settings successfully saved to /home/runner/.config/mycroft/skills/mycroft-speak.mycroftai/settings.json
2022-03-17 06:24:35.329 | INFO     |  4680 | QuestionsAnswersSkill | Removing all handlers...
2022-03-17 06:24:35.330 | INFO     |  4680 | mycroft.skills.settings:save_settings:116 | Skill settings successfully saved to /home/runner/.config/mycroft/skills/fallback-query.mycroftai/settings.json
2022-03-17 06:24:35.336 | INFO     |  4680 | mycroft.skills.settings:save_settings:116 | Skill settings successfully saved to /home/runner/.config/mycroft/skills/mycroft-fallback-duck-duck-go.mycroftai/settings.json
2022-03-17 06:24:35.338 | INFO     |  4680 | mycroft.skills.settings:save_settings:116 | Skill settings successfully saved to /home/runner/.config/mycroft/skills/mycroft-configuration.mycroftai/settings.json
2022-03-17 06:24:35.340 | INFO     |  4680 | mycroft.skills.settings:save_settings:116 | Skill settings successfully saved to /home/runner/.config/mycroft/skills/fallback-wolfram-alpha.mycroftai/settings.json
2022-03-17 06:24:35.354 | INFO     |  4680 | mycroft.skills.settings:save_settings:116 | Skill settings successfully saved to /home/runner/.config/mycroft/skills/mycroft-date-time.mycroftai/settings.json
2022-03-17 06:24:35.375 | INFO     |  4680 | mycroft.skills.settings:save_settings:116 | Skill settings successfully saved to /home/runner/.config/mycroft/skills/mycroft-audio-record.mycroftai/settings.json
2022-03-17 06:24:35.383 | INFO     |  4680 | mycroft.skills.settings:save_settings:116 | Skill settings successfully saved to /home/runner/.config/mycroft/skills/mycroft-wiki.mycroftai/settings.json
2022-03-17 06:24:35.385 | INFO     |  4680 | mycroft.skills.settings:save_settings:116 | Skill settings successfully saved to /home/runner/.config/mycroft/skills/mycroft-naptime.mycroftai/settings.json
2022-03-17 06:24:35.386 | INFO     |  4680 | mycroft.skills.settings:save_settings:116 | Skill settings successfully saved to /home/runner/.config/mycroft/skills/mycroft-npr-news.mycroftai/settings.json
2022-03-17 06:24:35.387 | INFO     |  4680 | mycroft.skills.settings:save_settings:116 | Skill settings successfully saved to /home/runner/.config/mycroft/skills/mycroft-support-helper.mycroftai/settings.json
2022-03-17 06:24:35.388 | INFO     |  4680 | mycroft.skills.settings:save_settings:116 | Skill settings successfully saved to /home/runner/.config/mycroft/skills/mycroft-personal.mycroftai/settings.json
2022-03-17 06:24:35.389 | INFO     |  4680 | HomeAssistantSkill | Removing all handlers...
2022-03-17 06:24:35.390 | WARNING  |  4680 | mycroft.skills.fallback_skill:remove_fallback:185 | Could not find matching fallback handler
2022-03-17 06:24:35.390 | INFO     |  4680 | mycroft.skills.settings:save_settings:116 | Skill settings successfully saved to /home/runner/.config/mycroft/skills/mycroft-ip.mycroftai/settings.json
2022-03-17 06:24:35.391 | INFO     |  4680 | mycroft.skills.settings:save_settings:116 | Skill settings successfully saved to /home/runner/.config/mycroft/skills/mycroft-installer.mycroftai/settings.json
2022-03-17 06:24:35.392 | INFO     |  4680 | mycroft.skills.settings:save_settings:116 | Skill settings successfully saved to /home/runner/.config/mycroft/skills/mycroft-stop.mycroftai/settings.json
2022-03-17 06:24:35.393 | INFO     |  4680 | UnknownSkill | Removing all handlers...
2022-03-17 06:24:35.394 | INFO     |  4680 | mycroft.skills.settings:save_settings:116 | Skill settings successfully saved to /home/runner/.config/mycroft/skills/fallback-unknown.mycroftai/settings.json
2022-03-17 06:24:35.394 | INFO     |  4680 | mycroft.skills.settings:save_settings:116 | Skill settings successfully saved to /home/runner/.config/mycroft/skills/mycroft-spelling.mycroftai/settings.json
2022-03-17 06:24:35.396 | INFO     |  4680 | mycroft.skills.settings:save_settings:116 | Skill settings successfully saved to /home/runner/.config/mycroft/skills/mycroft-reminder.mycroftai/settings.json
2022-03-17 06:24:35.403 | INFO     |  4680 | __main__:shutdown:291 | Skills service shutdown complete!
2022-03-17 06:24:35.404 | ERROR    |  4680 | websocket | error from callback <bound method MessageBusClient.on_message of <mycroft.messagebus.client.client.MessageBusClient object at 0x7f30bb9e8710>>: cannot schedule new futures after interpreter shutdown
2022-03-17 06:24:35.404 | ERROR    |  4680 | mycroft_bus_client.client.client | === RuntimeError('cannot schedule new futures after interpreter shutdown') ===
Traceback (most recent call last):
  File "/opt/mycroft-core/.venv/lib/python3.7/site-packages/mycroft_bus_client/client/client.py", line 154, in on_error
    self.emitter.emit('error', error)
  File "/opt/mycroft-core/.venv/lib/python3.7/site-packages/pyee/_base.py", line 116, in emit
    self._emit_handle_potential_error(event, args[0] if args else None)
  File "/opt/mycroft-core/.venv/lib/python3.7/site-packages/pyee/_base.py", line 86, in _emit_handle_potential_error
    raise error
  File "/opt/mycroft-core/.venv/lib/python3.7/site-packages/websocket/_app.py", line 318, in run_forever
    proxy_type=proxy_type)
  File "/opt/mycroft-core/.venv/lib/python3.7/site-packages/websocket/_core.py", line 250, in connect
    options.pop('socket', None))
  File "/opt/mycroft-core/.venv/lib/python3.7/site-packages/websocket/_http.py", line 130, in connect
    sock = _open_socket(addrinfo_list, options.sockopt, options.timeout)
  File "/opt/mycroft-core/.venv/lib/python3.7/site-packages/websocket/_http.py", line 208, in _open_socket
    raise err
  File "/opt/mycroft-core/.venv/lib/python3.7/site-packages/websocket/_http.py", line 185, in _open_socket
    sock.connect(address)
ConnectionRefusedError: [Errno 111] Connection refused

During handling of the above exception, another exception occurred:

Traceback (most recent call last):
  File "/opt/mycroft-core/.venv/lib/python3.7/site-packages/websocket/_app.py", line 407, in _callback
    callback(self, *args)
  File "/opt/mycroft-core/.venv/lib/python3.7/site-packages/mycroft_bus_client/client/client.py", line 182, in on_message
    self.emitter.emit('message', message)
  File "/opt/mycroft-core/.venv/lib/python3.7/site-packages/pyee/_base.py", line 113, in emit
    handled = self._call_handlers(event, args, kwargs)
  File "/opt/mycroft-core/.venv/lib/python3.7/site-packages/pyee/_base.py", line 96, in _call_handlers
    self._emit_run(f, args, kwargs)
  File "/opt/mycroft-core/.venv/lib/python3.7/site-packages/pyee/_executor.py", line 50, in _emit_run
    future = self._executor.submit(f, *args, **kwargs)
  File "/opt/hostedtoolcache/Python/3.7.12/x64/lib/python3.7/concurrent/futures/thread.py", line 165, in submit
    raise RuntimeError('cannot schedule new futures after '
RuntimeError: cannot schedule new futures after interpreter shutdown
2022-03-17 06:24:35.405 | ERROR    |  4680 | mycroft_bus_client.client.client | Exception closing websocket: RuntimeError('cannot schedule new futures after interpreter shutdown')
2022-03-17 06:24:35.405 | WARNING  |  4680 | mycroft_bus_client.client.client | Message Bus Client will reconnect in 5.0 seconds.
