2021-11-02 12:16:38.771 | INFO     |  5896 | mycroft.messagebus.load_config:load_message_bus_config:33 | Loading message bus configs
2021-11-02 12:16:38.781 | INFO     |  5896 | mycroft_bus_client.client.client | Connected
2021-11-02 12:16:38.798 | INFO     |  5896 | mycroft.util.process_utils:start_message_bus_client:155 | Connected to messagebus
2021-11-02 12:16:38.807 | INFO     |  5896 | mycroft.skills.msm_wrapper:create_msm:96 | Acquiring lock to instantiate MSM
2021-11-02 12:16:40.263 | INFO     |  5896 | msm.mycroft_skills_manager | building SkillEntry objects for all skills
2021-11-02 12:16:40.644 | INFO     |  5896 | mycroft.skills.msm_wrapper:create_msm:112 | Releasing MSM instantiation lock.
2021-11-02 12:16:40.645 | INFO     |  5896 | mycroft.skills.skill_updater:_log_next_download_time:267 | Next scheduled skill update: 2021-11-02 12:16:39.644380
2021-11-02 12:16:40.645 | INFO     |  5896 | msm.skill_entry | Downloading skill: https://github.com/mycroftai/skill-pairing
2021-11-02 12:16:41.023 | INFO     |  5896 | msm.skill_entry | Installing system requirements...
2021-11-02 12:16:41.054 | INFO     |  5896 | msm.skill_entry | Successfully installed mycroft-pairing
2021-11-02 12:16:41.054 | INFO     |  5896 | msm.mycroft_skills_manager | invalidating skills cache
2021-11-02 12:16:41.056 | INFO     |  5896 | mycroft.skills.skill_loader:load:185 | ATTEMPTING TO LOAD SKILL: mycroft-pairing.mycroftai
2021-11-02 12:16:41.063 | INFO     |  5896 | mycroft.skills.settings:get_local_settings:83 | /opt/mycroft/skills/mycroft-pairing.mycroftai/settings.json
2021-11-02 12:16:41.112 | INFO     |  5896 | mycroft.skills.skill_loader:_check_for_first_run:324 | First run of mycroft-pairing.mycroftai
2021-11-02 12:16:41.115 | INFO     |  5896 | mycroft.skills.settings:save_settings:116 | Skill settings successfully saved to /home/runner/.config/mycroft/skills/mycroft-pairing.mycroftai/settings.json
2021-11-02 12:16:41.116 | INFO     |  5896 | mycroft.skills.skill_loader:_communicate_load_status:344 | Skill mycroft-pairing.mycroftai loaded successfully
2021-11-02 12:16:41.120 | INFO     |  5896 | msm.skill_entry | Downloading skill: https://github.com/mycroftai/skill-volume
2021-11-02 12:16:41.599 | INFO     |  5896 | msm.skill_entry | Installing system requirements...
2021-11-02 12:16:41.626 | INFO     |  5896 | msm.skill_entry | Installing requirements.txt for mycroft-volume
2021-11-02 12:16:42.911 | INFO     |  5896 | msm.skill_entry | Successfully installed mycroft-volume
2021-11-02 12:16:42.911 | INFO     |  5896 | msm.mycroft_skills_manager | invalidating skills cache
2021-11-02 12:16:42.913 | INFO     |  5896 | mycroft.skills.skill_loader:load:185 | ATTEMPTING TO LOAD SKILL: mycroft-volume.mycroftai
2021-11-02 12:16:42.930 | INFO     |  5896 | mycroft.skills.settings:get_local_settings:83 | /opt/mycroft/skills/mycroft-volume.mycroftai/settings.json
2021-11-02 12:16:43.053 | ERROR    |  5896 | VolumeSkill | Couldn't allocate mixer, ALSAAudioError('No such file or directory [default]')
2021-11-02 12:16:46.061 | INFO     |  5896 | mycroft.skills.skill_loader:_check_for_first_run:324 | First run of mycroft-volume.mycroftai
2021-11-02 12:16:46.062 | INFO     |  5896 | mycroft.skills.settings:save_settings:116 | Skill settings successfully saved to /home/runner/.config/mycroft/skills/mycroft-volume.mycroftai/settings.json
2021-11-02 12:16:46.063 | INFO     |  5896 | mycroft.skills.skill_loader:_communicate_load_status:344 | Skill mycroft-volume.mycroftai loaded successfully
2021-11-02 12:16:46.064 | INFO     |  5896 | __main__:on_started:177 | Skills service is starting up.
2021-11-02 12:16:46.136 | INFO     |  5896 | __main__:_update_system:154 | Attempting system update...
2021-11-02 12:16:49.139 | INFO     |  5896 | mycroft.enclosure.display_manager:_write_data:70 | Display Manager is creating /tmp/mycroft/ipc/managers/disp_info
2021-11-02 12:16:49.140 | INFO     |  5896 | __main__:_ensure_device_is_paired:133 | Device not paired, invoking the pairing skill
2021-11-02 12:16:49.141 | INFO     |  5896 | __main__:on_alive:181 | Skills service is alive.
2021-11-02 12:16:49.144 | INFO     |  5896 | msm.mycroft_skills_manager | building SkillEntry objects for all skills
2021-11-02 12:16:49.363 | INFO     |  5896 | PairingSkill | Communicating account URL to user
2021-11-02 12:16:49.750 | WARNING  |  5896 | msm.mycroft_skills_manager | No such default skill: mycroft-pandora
2021-11-02 12:16:49.751 | INFO     |  5896 | mycroft.skills.skill_manager:run:234 | Not all default skills are installed, performing skill update...
2021-11-02 12:16:49.752 | INFO     |  5896 | mycroft.skills.skill_updater:update_skills:149 | Beginning skill update...
2021-11-02 12:16:49.818 | INFO     |  5896 | msm.mycroft_skills_manager | building SkillEntry objects for all skills
2021-11-02 12:16:50.501 | INFO     |  5896 | msm.mycroft_skills_manager | invalidating skills cache
2021-11-02 12:16:50.545 | INFO     |  5896 | msm.skill_entry | Downloading skill: https://github.com/mycroftai/skill-alarm
2021-11-02 12:16:50.548 | INFO     |  5896 | msm.skill_entry | Downloading skill: https://github.com/mycroftai/skill-audio-record
2021-11-02 12:16:50.550 | INFO     |  5896 | msm.skill_entry | Downloading skill: https://github.com/mycroftai/skill-configuration
2021-11-02 12:16:50.551 | INFO     |  5896 | msm.skill_entry | Downloading skill: https://github.com/mycroftai/fallback-wolfram-alpha
2021-11-02 12:16:50.558 | INFO     |  5896 | msm.skill_entry | Downloading skill: https://github.com/mycroftai/fallback-duckduckgo
2021-11-02 12:16:50.559 | INFO     |  5896 | msm.skill_entry | Downloading skill: https://github.com/mycroftai/fallback-unknown
2021-11-02 12:16:50.559 | INFO     |  5896 | msm.skill_entry | Downloading skill: https://github.com/mycroftai/skill-hello-world
2021-11-02 12:16:50.566 | INFO     |  5896 | msm.skill_entry | Downloading skill: https://github.com/mycroftai/skill-ip
2021-11-02 12:16:50.566 | INFO     |  5896 | msm.skill_entry | Downloading skill: https://github.com/mycroftai/skill-joke
2021-11-02 12:16:50.568 | INFO     |  5896 | msm.skill_entry | Downloading skill: https://github.com/mycroftai/skill-naptime
2021-11-02 12:16:50.569 | INFO     |  5896 | msm.skill_entry | Downloading skill: https://github.com/mycroftai/skill-npr-news
2021-11-02 12:16:50.569 | INFO     |  5896 | msm.skill_entry | Downloading skill: https://github.com/mycroftai/skill-installer
2021-11-02 12:16:50.570 | INFO     |  5896 | msm.skill_entry | Downloading skill: https://github.com/mycroftai/skill-date-time
2021-11-02 12:16:50.585 | INFO     |  5896 | msm.skill_entry | Downloading skill: https://github.com/mycroftai/skill-personal
2021-11-02 12:16:50.593 | INFO     |  5896 | msm.skill_entry | Downloading skill: https://github.com/mycroftai/skill-playback-control
2021-11-02 12:16:50.595 | INFO     |  5896 | msm.skill_entry | Downloading skill: https://github.com/mycroftai/skill-reminder
2021-11-02 12:16:50.595 | INFO     |  5896 | msm.skill_entry | Downloading skill: https://github.com/mycroftai/skill-singing
2021-11-02 12:16:51.982 | INFO     |  5896 | msm.skill_entry | Installing system requirements...
2021-11-02 12:16:52.280 | INFO     |  5896 | msm.skill_entry | Successfully installed mycroft-naptime
2021-11-02 12:16:52.292 | INFO     |  5896 | msm.mycroft_skills_manager | invalidating skills cache
2021-11-02 12:16:52.297 | INFO     |  5896 | msm.skill_entry | Downloading skill: https://github.com/mycroftai/skill-speak
2021-11-02 12:16:52.458 | INFO     |  5896 | msm.skill_entry | Installing system requirements...
2021-11-02 12:16:52.483 | INFO     |  5896 | msm.skill_entry | Installing system requirements...
2021-11-02 12:16:52.523 | INFO     |  5896 | msm.skill_entry | Installing system requirements...
2021-11-02 12:16:52.560 | INFO     |  5896 | msm.skill_entry | Installing system requirements...
2021-11-02 12:16:52.650 | INFO     |  5896 | msm.skill_entry | Installing system requirements...
2021-11-02 12:16:52.667 | INFO     |  5896 | msm.skill_entry | Installing requirements.txt for mycroft-ip
2021-11-02 12:16:52.707 | INFO     |  5896 | msm.skill_entry | Installing system requirements...
2021-11-02 12:16:52.783 | INFO     |  5896 | msm.skill_entry | Successfully installed fallback-unknown
2021-11-02 12:16:52.784 | INFO     |  5896 | msm.mycroft_skills_manager | invalidating skills cache
2021-11-02 12:16:52.785 | INFO     |  5896 | msm.skill_entry | Downloading skill: https://github.com/mycroftai/skill-spelling
2021-11-02 12:16:52.791 | INFO     |  5896 | msm.skill_entry | Installing system requirements...
2021-11-02 12:16:52.793 | INFO     |  5896 | msm.skill_entry | Successfully installed mycroft-playback-control
2021-11-02 12:16:52.793 | INFO     |  5896 | msm.mycroft_skills_manager | invalidating skills cache
2021-11-02 12:16:52.795 | INFO     |  5896 | msm.skill_entry | Downloading skill: https://github.com/mycroftai/skill-stop
2021-11-02 12:16:52.842 | INFO     |  5896 | msm.skill_entry | Successfully installed mycroft-hello-world
2021-11-02 12:16:52.844 | INFO     |  5896 | msm.mycroft_skills_manager | invalidating skills cache
2021-11-02 12:16:52.844 | INFO     |  5896 | msm.skill_entry | Installing requirements.txt for mycroft-fallback-duck-duck-go
2021-11-02 12:16:52.886 | INFO     |  5896 | msm.skill_entry | Downloading skill: https://github.com/mycroftai/skill-support
2021-11-02 12:16:52.893 | INFO     |  5896 | msm.skill_entry | Installing system requirements...
2021-11-02 12:16:52.899 | INFO     |  5896 | msm.skill_entry | Installing system requirements...
2021-11-02 12:16:52.958 | INFO     |  5896 | msm.skill_entry | Installing requirements.txt for mycroft-joke
2021-11-02 12:16:52.959 | INFO     |  5896 | msm.skill_entry | Successfully installed mycroft-personal
2021-11-02 12:16:52.960 | INFO     |  5896 | msm.mycroft_skills_manager | invalidating skills cache
2021-11-02 12:16:52.963 | INFO     |  5896 | msm.skill_entry | Downloading skill: https://github.com/mycroftai/mycroft-timer
2021-11-02 12:16:52.998 | INFO     |  5896 | msm.skill_entry | Installing requirements.txt for mycroft-configuration
2021-11-02 12:16:53.002 | INFO     |  5896 | msm.skill_entry | Installing requirements.txt for fallback-wolfram-alpha
2021-11-02 12:16:53.041 | INFO     |  5896 | msm.skill_entry | Installing system requirements...
2021-11-02 12:16:53.048 | INFO     |  5896 | msm.skill_entry | Installing system requirements...
2021-11-02 12:16:53.050 | INFO     |  5896 | msm.skill_entry | Installing system requirements...
2021-11-02 12:16:53.110 | INFO     |  5896 | msm.skill_entry | Installing requirements.txt for mycroft-npr-news
2021-11-02 12:16:53.113 | INFO     |  5896 | msm.skill_entry | Installing requirements.txt for mycroft-installer
2021-11-02 12:16:53.135 | INFO     |  5896 | msm.skill_entry | Successfully installed mycroft-reminder
2021-11-02 12:16:53.136 | INFO     |  5896 | msm.mycroft_skills_manager | invalidating skills cache
2021-11-02 12:16:53.138 | INFO     |  5896 | msm.skill_entry | Downloading skill: https://github.com/mycroftai/skill-weather
2021-11-02 12:16:53.538 | INFO     |  5896 | msm.skill_entry | Nothing new for mycroft-pairing
2021-11-02 12:16:53.574 | INFO     |  5896 | msm.skill_entry | Nothing new for mycroft-volume
2021-11-02 12:16:53.614 | INFO     |  5896 | msm.skill_entry | Installing system requirements...
2021-11-02 12:16:53.662 | INFO     |  5896 | msm.skill_entry | Installing system requirements...
2021-11-02 12:16:53.715 | INFO     |  5896 | msm.skill_entry | Installing requirements.txt for mycroft-date-time
2021-11-02 12:16:53.734 | INFO     |  5896 | msm.skill_entry | Installing requirements.txt for mycroft-volume
2021-11-02 12:16:53.785 | INFO     |  5896 | msm.skill_entry | Installing system requirements...
2021-11-02 12:16:53.798 | ERROR    |  5896 | msm.mycroft_skills_manager | Error running install_or_update on homeassistant.mycroftai: MergeConflict
2021-11-02 12:16:53.802 | INFO     |  5896 | msm.skill_entry | Downloading skill: https://github.com/mycroftai/skill-version-checker
2021-11-02 12:16:53.980 | INFO     |  5896 | msm.skill_entry | Downloading skill: https://github.com/mycroftai/skill-wiki
2021-11-02 12:16:54.039 | INFO     |  5896 | msm.skill_entry | Installing system requirements...
2021-11-02 12:16:54.114 | INFO     |  5896 | msm.skill_entry | Installing requirements.txt for mycroft-audio-record
2021-11-02 12:16:54.133 | INFO     |  5896 | msm.skill_entry | Installing system requirements...
2021-11-02 12:16:54.318 | INFO     |  5896 | msm.skill_entry | Successfully installed mycroft-speak
2021-11-02 12:16:54.319 | INFO     |  5896 | msm.mycroft_skills_manager | invalidating skills cache
2021-11-02 12:16:54.323 | INFO     |  5896 | msm.skill_entry | Downloading skill: https://github.com/MycroftAI/skill-query
2021-11-02 12:16:54.364 | INFO     |  5896 | msm.skill_entry | Installing system requirements...
2021-11-02 12:16:54.379 | INFO     |  5896 | msm.skill_entry | Installing system requirements...
2021-11-02 12:16:54.402 | INFO     |  5896 | msm.skill_entry | Installing system requirements...
2021-11-02 12:16:54.426 | INFO     |  5896 | msm.skill_entry | Installing system requirements...
2021-11-02 12:16:54.483 | INFO     |  5896 | msm.skill_entry | Successfully installed mycroft-spelling
2021-11-02 12:16:54.484 | INFO     |  5896 | msm.mycroft_skills_manager | invalidating skills cache
2021-11-02 12:16:54.502 | INFO     |  5896 | msm.skill_entry | Successfully installed mycroft-stop
2021-11-02 12:16:54.502 | INFO     |  5896 | msm.mycroft_skills_manager | invalidating skills cache
2021-11-02 12:16:54.528 | INFO     |  5896 | msm.skill_entry | Installing requirements.txt for mycroft-alarm
2021-11-02 12:16:54.598 | INFO     |  5896 | msm.skill_entry | Installing requirements.txt for mycroft-support-helper
2021-11-02 12:16:54.832 | INFO     |  5896 | msm.skill_entry | Installing system requirements...
2021-11-02 12:16:54.913 | INFO     |  5896 | msm.skill_entry | Successfully installed mycroft-version-checker
2021-11-02 12:16:54.914 | INFO     |  5896 | msm.mycroft_skills_manager | invalidating skills cache
2021-11-02 12:16:54.951 | INFO     |  5896 | msm.skill_entry | Installing system requirements...
2021-11-02 12:16:55.008 | INFO     |  5896 | msm.skill_entry | Installing system requirements...
2021-11-02 12:16:55.029 | INFO     |  5896 | msm.skill_entry | Installing requirements.txt for mycroft-wiki
2021-11-02 12:16:55.094 | INFO     |  5896 | msm.skill_entry | Successfully installed mycroft-timer
2021-11-02 12:16:55.094 | INFO     |  5896 | msm.mycroft_skills_manager | invalidating skills cache
2021-11-02 12:16:55.173 | INFO     |  5896 | msm.skill_entry | Installing system requirements...
2021-11-02 12:16:55.236 | INFO     |  5896 | msm.skill_entry | Successfully installed fallback-query
2021-11-02 12:16:55.236 | INFO     |  5896 | msm.mycroft_skills_manager | invalidating skills cache
2021-11-02 12:16:55.258 | INFO     |  5896 | msm.skill_entry | Installing system requirements...
2021-11-02 12:16:55.300 | INFO     |  5896 | msm.skill_entry | Successfully installed mycroft-singing
2021-11-02 12:16:55.300 | INFO     |  5896 | msm.mycroft_skills_manager | invalidating skills cache
2021-11-02 12:16:55.333 | INFO     |  5896 | msm.skill_entry | Installing system requirements...
2021-11-02 12:16:55.348 | ERROR    |  5896 | msm.mycroft_skills_manager | Error running install_or_update on homeassistant: MergeConflict
2021-11-02 12:16:55.354 | INFO     |  5896 | msm.skill_entry | Installing requirements.txt for mycroft-weather
2021-11-02 12:16:55.607 | INFO     |  5896 | msm.skill_entry | Successfully installed mycroft-ip
2021-11-02 12:16:55.607 | INFO     |  5896 | msm.mycroft_skills_manager | invalidating skills cache
2021-11-02 12:16:56.837 | INFO     |  5896 | msm.skill_entry | Successfully installed mycroft-fallback-duck-duck-go
2021-11-02 12:16:56.838 | INFO     |  5896 | msm.mycroft_skills_manager | invalidating skills cache
2021-11-02 12:16:58.164 | INFO     |  5896 | msm.skill_entry | Successfully installed mycroft-joke
2021-11-02 12:16:58.164 | INFO     |  5896 | msm.mycroft_skills_manager | invalidating skills cache
2021-11-02 12:17:01.187 | INFO     |  5896 | msm.skill_entry | Successfully installed mycroft-configuration
2021-11-02 12:17:01.187 | INFO     |  5896 | msm.mycroft_skills_manager | invalidating skills cache
2021-11-02 12:17:06.156 | INFO     |  5896 | msm.skill_entry | Successfully installed fallback-wolfram-alpha
2021-11-02 12:17:06.157 | INFO     |  5896 | msm.mycroft_skills_manager | invalidating skills cache
2021-11-02 12:17:09.937 | INFO     |  5896 | msm.skill_entry | Successfully installed mycroft-npr-news
2021-11-02 12:17:09.937 | INFO     |  5896 | msm.mycroft_skills_manager | invalidating skills cache
2021-11-02 12:17:11.082 | INFO     |  5896 | msm.skill_entry | Successfully installed mycroft-installer
2021-11-02 12:17:11.082 | INFO     |  5896 | msm.mycroft_skills_manager | invalidating skills cache
2021-11-02 12:17:19.701 | INFO     |  5896 | PairingSkill | Initiating device pairing sequence...
2021-11-02 12:17:19.701 | INFO     |  5896 | PairingSkill | Retrieving pairing code from device API...
2021-11-02 12:17:19.792 | INFO     |  5896 | PairingSkill | Pairing code obtained: H4R9LW
2021-11-02 12:17:19.792 | INFO     |  5896 | PairingSkill | Communicating pairing URL to user
2021-11-02 12:17:30.476 | INFO     |  5896 | msm.skill_entry | Successfully installed mycroft-date-time
2021-11-02 12:17:30.476 | INFO     |  5896 | msm.mycroft_skills_manager | invalidating skills cache
2021-11-02 12:17:32.635 | INFO     |  5896 | msm.skill_entry | Successfully installed mycroft-audio-record
2021-11-02 12:17:32.643 | INFO     |  5896 | msm.mycroft_skills_manager | invalidating skills cache
2021-11-02 12:17:33.727 | INFO     |  5896 | msm.skill_entry | Successfully installed mycroft-alarm
2021-11-02 12:17:33.727 | INFO     |  5896 | msm.mycroft_skills_manager | invalidating skills cache
2021-11-02 12:17:36.321 | INFO     |  5896 | msm.skill_entry | Successfully installed mycroft-support-helper
2021-11-02 12:17:36.321 | INFO     |  5896 | msm.mycroft_skills_manager | invalidating skills cache
2021-11-02 12:17:38.559 | INFO     |  5896 | msm.skill_entry | Successfully installed mycroft-wiki
2021-11-02 12:17:38.559 | INFO     |  5896 | msm.mycroft_skills_manager | invalidating skills cache
2021-11-02 12:17:39.741 | INFO     |  5896 | msm.skill_entry | Successfully installed mycroft-weather
2021-11-02 12:17:39.742 | INFO     |  5896 | msm.mycroft_skills_manager | invalidating skills cache
2021-11-02 12:17:39.768 | INFO     |  5896 | mycroft.skills.skill_updater:_log_next_download_time:267 | Next scheduled skill update: 2021-11-02 13:17:39.768212
2021-11-02 12:17:39.769 | INFO     |  5896 | mycroft.skills.skill_updater:update_skills:170 | Skill update complete
2021-11-02 12:17:39.769 | INFO     |  5896 | mycroft.skills.skill_manager:_load_on_startup:273 | Loading installed skills...
2021-11-02 12:17:39.771 | INFO     |  5896 | mycroft.skills.skill_loader:load:185 | ATTEMPTING TO LOAD SKILL: mycroft-fallback-duck-duck-go.mycroftai
2021-11-02 12:17:39.782 | INFO     |  5896 | mycroft.skills.settings:get_local_settings:83 | /opt/mycroft/skills/mycroft-fallback-duck-duck-go.mycroftai/settings.json
2021-11-02 12:17:39.795 | INFO     |  5896 | mycroft.skills.skill_loader:_check_for_first_run:324 | First run of mycroft-fallback-duck-duck-go.mycroftai
2021-11-02 12:17:39.796 | INFO     |  5896 | mycroft.skills.settings:save_settings:116 | Skill settings successfully saved to /home/runner/.config/mycroft/skills/mycroft-fallback-duck-duck-go.mycroftai/settings.json
2021-11-02 12:17:39.797 | INFO     |  5896 | mycroft.skills.skill_loader:_communicate_load_status:344 | Skill mycroft-fallback-duck-duck-go.mycroftai loaded successfully
2021-11-02 12:17:39.798 | INFO     |  5896 | mycroft.skills.skill_loader:load:185 | ATTEMPTING TO LOAD SKILL: mycroft-timer.mycroftai
2021-11-02 12:17:39.852 | INFO     |  5896 | mycroft.skills.settings:get_local_settings:83 | /opt/mycroft/skills/mycroft-timer.mycroftai/settings.json
2021-11-02 12:17:39.940 | INFO     |  5896 | mycroft.skills.skill_loader:_check_for_first_run:324 | First run of mycroft-timer.mycroftai
2021-11-02 12:17:39.941 | INFO     |  5896 | mycroft.skills.settings:save_settings:116 | Skill settings successfully saved to /home/runner/.config/mycroft/skills/mycroft-timer.mycroftai/settings.json
2021-11-02 12:17:39.946 | INFO     |  5896 | mycroft.skills.skill_loader:_communicate_load_status:344 | Skill mycroft-timer.mycroftai loaded successfully
2021-11-02 12:17:39.950 | INFO     |  5896 | mycroft.skills.skill_loader:load:185 | ATTEMPTING TO LOAD SKILL: fallback-unknown.mycroftai
2021-11-02 12:17:39.954 | INFO     |  5896 | mycroft.skills.settings:get_local_settings:83 | /opt/mycroft/skills/fallback-unknown.mycroftai/settings.json
2021-11-02 12:17:39.980 | INFO     |  5896 | mycroft.skills.skill_loader:_check_for_first_run:324 | First run of fallback-unknown.mycroftai
2021-11-02 12:17:39.981 | INFO     |  5896 | mycroft.skills.settings:save_settings:116 | Skill settings successfully saved to /home/runner/.config/mycroft/skills/fallback-unknown.mycroftai/settings.json
2021-11-02 12:17:39.984 | INFO     |  5896 | mycroft.skills.skill_loader:_communicate_load_status:344 | Skill fallback-unknown.mycroftai loaded successfully
2021-11-02 12:17:39.986 | INFO     |  5896 | mycroft.skills.skill_loader:load:185 | ATTEMPTING TO LOAD SKILL: mycroft-date-time.mycroftai
2021-11-02 12:17:40.534 | INFO     |  5896 | mycroft.skills.settings:get_local_settings:83 | /opt/mycroft/skills/mycroft-date-time.mycroftai/settings.json
2021-11-02 12:17:40.589 | INFO     |  5896 | TimeSkill | Registering resting screen <bound method TimeSkill.handle_idle of <mycroft-date-time_mycroftai.TimeSkill object at 0x7f37348e2ad0>> for Time and Date.
2021-11-02 12:17:40.590 | INFO     |  5896 | TimeSkill | Registering resting screen
2021-11-02 12:17:40.593 | INFO     |  5896 | mycroft.skills.skill_loader:_check_for_first_run:324 | First run of mycroft-date-time.mycroftai
2021-11-02 12:17:40.594 | INFO     |  5896 | mycroft.skills.settings:save_settings:116 | Skill settings successfully saved to /home/runner/.config/mycroft/skills/mycroft-date-time.mycroftai/settings.json
2021-11-02 12:17:40.608 | INFO     |  5896 | mycroft.skills.skill_loader:_communicate_load_status:344 | Skill mycroft-date-time.mycroftai loaded successfully
2021-11-02 12:17:40.609 | INFO     |  5896 | mycroft.skills.skill_loader:load:185 | ATTEMPTING TO LOAD SKILL: mycroft-playback-control.mycroftai
2021-11-02 12:17:40.615 | INFO     |  5896 | mycroft.skills.settings:get_local_settings:83 | /opt/mycroft/skills/mycroft-playback-control.mycroftai/settings.json
2021-11-02 12:17:40.684 | INFO     |  5896 | mycroft.skills.skill_loader:_check_for_first_run:324 | First run of mycroft-playback-control.mycroftai
2021-11-02 12:17:40.685 | INFO     |  5896 | mycroft.skills.settings:save_settings:116 | Skill settings successfully saved to /home/runner/.config/mycroft/skills/mycroft-playback-control.mycroftai/settings.json
2021-11-02 12:17:40.693 | INFO     |  5896 | mycroft.skills.skill_loader:_communicate_load_status:344 | Skill mycroft-playback-control.mycroftai loaded successfully
2021-11-02 12:17:40.693 | INFO     |  5896 | mycroft.skills.skill_loader:load:185 | ATTEMPTING TO LOAD SKILL: mycroft-speak.mycroftai
2021-11-02 12:17:40.707 | INFO     |  5896 | mycroft.skills.settings:get_local_settings:83 | /opt/mycroft/skills/mycroft-speak.mycroftai/settings.json
2021-11-02 12:17:40.745 | INFO     |  5896 | mycroft.skills.skill_loader:_check_for_first_run:324 | First run of mycroft-speak.mycroftai
2021-11-02 12:17:40.746 | INFO     |  5896 | mycroft.skills.settings:save_settings:116 | Skill settings successfully saved to /home/runner/.config/mycroft/skills/mycroft-speak.mycroftai/settings.json
2021-11-02 12:17:40.751 | INFO     |  5896 | mycroft.skills.skill_loader:_communicate_load_status:344 | Skill mycroft-speak.mycroftai loaded successfully
2021-11-02 12:17:40.752 | INFO     |  5896 | mycroft.skills.skill_loader:load:185 | ATTEMPTING TO LOAD SKILL: mycroft-stop.mycroftai
2021-11-02 12:17:40.755 | INFO     |  5896 | mycroft.skills.settings:get_local_settings:83 | /opt/mycroft/skills/mycroft-stop.mycroftai/settings.json
2021-11-02 12:17:40.788 | INFO     |  5896 | mycroft.skills.skill_loader:_check_for_first_run:324 | First run of mycroft-stop.mycroftai
2021-11-02 12:17:40.789 | INFO     |  5896 | mycroft.skills.settings:save_settings:116 | Skill settings successfully saved to /home/runner/.config/mycroft/skills/mycroft-stop.mycroftai/settings.json
2021-11-02 12:17:40.794 | INFO     |  5896 | mycroft.skills.skill_loader:_communicate_load_status:344 | Skill mycroft-stop.mycroftai loaded successfully
2021-11-02 12:17:40.795 | INFO     |  5896 | mycroft.skills.skill_loader:load:185 | ATTEMPTING TO LOAD SKILL: mycroft-installer.mycroftai
2021-11-02 12:17:40.812 | INFO     |  5896 | mycroft.skills.settings:get_local_settings:83 | /opt/mycroft/skills/mycroft-installer.mycroftai/settings.json
2021-11-02 12:17:40.858 | INFO     |  5896 | mycroft.skills.skill_loader:_check_for_first_run:324 | First run of mycroft-installer.mycroftai
2021-11-02 12:17:40.858 | INFO     |  5896 | mycroft.skills.settings:save_settings:116 | Skill settings successfully saved to /home/runner/.config/mycroft/skills/mycroft-installer.mycroftai/settings.json
2021-11-02 12:17:40.862 | INFO     |  5896 | mycroft.skills.skill_loader:_communicate_load_status:344 | Skill mycroft-installer.mycroftai loaded successfully
2021-11-02 12:17:40.865 | INFO     |  5896 | mycroft.skills.skill_loader:load:185 | ATTEMPTING TO LOAD SKILL: mycroft-ip.mycroftai
2021-11-02 12:17:40.939 | INFO     |  5896 | mycroft.skills.settings:get_local_settings:83 | /opt/mycroft/skills/mycroft-ip.mycroftai/settings.json
2021-11-02 12:17:40.966 | INFO     |  5896 | mycroft.skills.skill_loader:_check_for_first_run:324 | First run of mycroft-ip.mycroftai
2021-11-02 12:17:40.967 | INFO     |  5896 | mycroft.skills.settings:save_settings:116 | Skill settings successfully saved to /home/runner/.config/mycroft/skills/mycroft-ip.mycroftai/settings.json
2021-11-02 12:17:40.977 | INFO     |  5896 | mycroft.skills.skill_loader:_communicate_load_status:344 | Skill mycroft-ip.mycroftai loaded successfully
2021-11-02 12:17:40.980 | INFO     |  5896 | mycroft.skills.skill_loader:load:185 | ATTEMPTING TO LOAD SKILL: mycroft-npr-news.mycroftai
2021-11-02 12:17:41.177 | INFO     |  5896 | mycroft.skills.settings:get_local_settings:83 | /opt/mycroft/skills/mycroft-npr-news.mycroftai/settings.json
2021-11-02 12:17:42.200 | INFO     |  5896 | mycroft.skills.skill_loader:_check_for_first_run:324 | First run of mycroft-npr-news.mycroftai
2021-11-02 12:17:42.201 | INFO     |  5896 | mycroft.skills.settings:save_settings:116 | Skill settings successfully saved to /home/runner/.config/mycroft/skills/mycroft-npr-news.mycroftai/settings.json
2021-11-02 12:17:42.202 | INFO     |  5896 | mycroft.skills.skill_loader:_communicate_load_status:344 | Skill mycroft-npr-news.mycroftai loaded successfully
2021-11-02 12:17:42.203 | INFO     |  5896 | mycroft.skills.skill_loader:load:185 | ATTEMPTING TO LOAD SKILL: mycroft-alarm.mycroftai
2021-11-02 12:17:42.231 | INFO     |  5896 | mycroft.skills.settings:get_local_settings:83 | /opt/mycroft/skills/mycroft-alarm.mycroftai/settings.json
2021-11-02 12:17:42.232 | ERROR    |  5896 | AlarmSkill | Couldn't allocate mixer, ALSAAudioError('No such file or directory [default]')
2021-11-02 12:17:42.268 | INFO     |  5896 | mycroft.skills.skill_loader:_check_for_first_run:324 | First run of mycroft-alarm.mycroftai
2021-11-02 12:17:42.269 | INFO     |  5896 | mycroft.skills.settings:save_settings:116 | Skill settings successfully saved to /home/runner/.config/mycroft/skills/mycroft-alarm.mycroftai/settings.json
2021-11-02 12:17:42.333 | INFO     |  5896 | mycroft.skills.skill_loader:_communicate_load_status:344 | Skill mycroft-alarm.mycroftai loaded successfully
2021-11-02 12:17:42.335 | INFO     |  5896 | mycroft.skills.skill_loader:load:185 | ATTEMPTING TO LOAD SKILL: mycroft-reminder.mycroftai
2021-11-02 12:17:42.432 | INFO     |  5896 | mycroft.skills.settings:get_local_settings:83 | /opt/mycroft/skills/mycroft-reminder.mycroftai/settings.json
2021-11-02 12:17:42.559 | INFO     |  5896 | mycroft.skills.skill_loader:_check_for_first_run:324 | First run of mycroft-reminder.mycroftai
2021-11-02 12:17:42.561 | INFO     |  5896 | mycroft.skills.settings:save_settings:116 | Skill settings successfully saved to /home/runner/.config/mycroft/skills/mycroft-reminder.mycroftai/settings.json
2021-11-02 12:17:42.565 | INFO     |  5896 | mycroft.skills.skill_loader:_communicate_load_status:344 | Skill mycroft-reminder.mycroftai loaded successfully
2021-11-02 12:17:42.566 | INFO     |  5896 | mycroft.skills.skill_loader:load:185 | ATTEMPTING TO LOAD SKILL: mycroft-naptime.mycroftai
2021-11-02 12:17:42.582 | INFO     |  5896 | mycroft.skills.settings:get_local_settings:83 | /opt/mycroft/skills/mycroft-naptime.mycroftai/settings.json
2021-11-02 12:17:42.639 | INFO     |  5896 | mycroft.skills.skill_loader:_check_for_first_run:324 | First run of mycroft-naptime.mycroftai
2021-11-02 12:17:42.646 | INFO     |  5896 | mycroft.skills.settings:save_settings:116 | Skill settings successfully saved to /home/runner/.config/mycroft/skills/mycroft-naptime.mycroftai/settings.json
2021-11-02 12:17:42.730 | INFO     |  5896 | mycroft.skills.skill_loader:_communicate_load_status:344 | Skill mycroft-naptime.mycroftai loaded successfully
2021-11-02 12:17:42.730 | INFO     |  5896 | mycroft.skills.skill_loader:load:185 | ATTEMPTING TO LOAD SKILL: mycroft-joke.mycroftai
2021-11-02 12:17:42.743 | INFO     |  5896 | mycroft.skills.settings:get_local_settings:83 | /opt/mycroft/skills/mycroft-joke.mycroftai/settings.json
2021-11-02 12:17:42.778 | INFO     |  5896 | mycroft.skills.skill_loader:_check_for_first_run:324 | First run of mycroft-joke.mycroftai
2021-11-02 12:17:42.778 | INFO     |  5896 | mycroft.skills.settings:save_settings:116 | Skill settings successfully saved to /home/runner/.config/mycroft/skills/mycroft-joke.mycroftai/settings.json
2021-11-02 12:17:42.824 | INFO     |  5896 | mycroft.skills.skill_loader:_communicate_load_status:344 | Skill mycroft-joke.mycroftai loaded successfully
2021-11-02 12:17:42.824 | INFO     |  5896 | mycroft.skills.skill_loader:load:185 | ATTEMPTING TO LOAD SKILL: mycroft-personal.mycroftai
2021-11-02 12:17:42.842 | INFO     |  5896 | mycroft.skills.settings:get_local_settings:83 | /opt/mycroft/skills/mycroft-personal.mycroftai/settings.json
2021-11-02 12:17:42.860 | INFO     |  5896 | mycroft.skills.skill_loader:_check_for_first_run:324 | First run of mycroft-personal.mycroftai
2021-11-02 12:17:42.861 | INFO     |  5896 | mycroft.skills.settings:save_settings:116 | Skill settings successfully saved to /home/runner/.config/mycroft/skills/mycroft-personal.mycroftai/settings.json
2021-11-02 12:17:43.074 | INFO     |  5896 | mycroft.skills.skill_loader:_communicate_load_status:344 | Skill mycroft-personal.mycroftai loaded successfully
2021-11-02 12:17:43.076 | INFO     |  5896 | mycroft.skills.skill_loader:load:185 | ATTEMPTING TO LOAD SKILL: mycroft-support-helper.mycroftai
2021-11-02 12:17:43.090 | INFO     |  5896 | mycroft.skills.settings:get_local_settings:83 | /opt/mycroft/skills/mycroft-support-helper.mycroftai/settings.json
2021-11-02 12:17:43.146 | INFO     |  5896 | mycroft.skills.skill_loader:_check_for_first_run:324 | First run of mycroft-support-helper.mycroftai
2021-11-02 12:17:43.154 | INFO     |  5896 | mycroft.skills.settings:save_settings:116 | Skill settings successfully saved to /home/runner/.config/mycroft/skills/mycroft-support-helper.mycroftai/settings.json
2021-11-02 12:17:43.291 | INFO     |  5896 | mycroft.skills.skill_loader:_communicate_load_status:344 | Skill mycroft-support-helper.mycroftai loaded successfully
2021-11-02 12:17:43.292 | INFO     |  5896 | mycroft.skills.skill_loader:load:185 | ATTEMPTING TO LOAD SKILL: mycroft-wiki.mycroftai
2021-11-02 12:17:43.311 | INFO     |  5896 | mycroft.skills.settings:get_local_settings:83 | /opt/mycroft/skills/mycroft-wiki.mycroftai/settings.json
2021-11-02 12:17:43.367 | INFO     |  5896 | mycroft.skills.skill_loader:_check_for_first_run:324 | First run of mycroft-wiki.mycroftai
2021-11-02 12:17:43.367 | INFO     |  5896 | mycroft.skills.settings:save_settings:116 | Skill settings successfully saved to /home/runner/.config/mycroft/skills/mycroft-wiki.mycroftai/settings.json
2021-11-02 12:17:43.376 | INFO     |  5896 | mycroft.skills.skill_loader:_communicate_load_status:344 | Skill mycroft-wiki.mycroftai loaded successfully
2021-11-02 12:17:43.380 | INFO     |  5896 | mycroft.skills.skill_loader:load:185 | ATTEMPTING TO LOAD SKILL: mycroft-hello-world.mycroftai
2021-11-02 12:17:43.395 | INFO     |  5896 | mycroft.skills.settings:get_local_settings:83 | /opt/mycroft/skills/mycroft-hello-world.mycroftai/settings.json
2021-11-02 12:17:43.435 | INFO     |  5896 | mycroft.skills.skill_loader:_check_for_first_run:324 | First run of mycroft-hello-world.mycroftai
2021-11-02 12:17:43.439 | INFO     |  5896 | mycroft.skills.settings:save_settings:116 | Skill settings successfully saved to /home/runner/.config/mycroft/skills/mycroft-hello-world.mycroftai/settings.json
2021-11-02 12:17:43.477 | INFO     |  5896 | mycroft.skills.skill_loader:_communicate_load_status:344 | Skill mycroft-hello-world.mycroftai loaded successfully
2021-11-02 12:17:43.478 | INFO     |  5896 | mycroft.skills.skill_loader:load:185 | ATTEMPTING TO LOAD SKILL: mycroft-weather.mycroftai
2021-11-02 12:17:43.507 | INFO     |  5896 | mycroft.skills.settings:get_local_settings:83 | /opt/mycroft/skills/mycroft-weather.mycroftai/settings.json
2021-11-02 12:17:43.827 | INFO     |  5896 | mycroft.skills.skill_loader:_check_for_first_run:324 | First run of mycroft-weather.mycroftai
2021-11-02 12:17:43.833 | INFO     |  5896 | mycroft.skills.settings:save_settings:116 | Skill settings successfully saved to /home/runner/.config/mycroft/skills/mycroft-weather.mycroftai/settings.json
2021-11-02 12:17:43.835 | INFO     |  5896 | mycroft.skills.skill_loader:_communicate_load_status:344 | Skill mycroft-weather.mycroftai loaded successfully
2021-11-02 12:17:43.836 | INFO     |  5896 | mycroft.skills.skill_loader:load:185 | ATTEMPTING TO LOAD SKILL: mycroft-configuration.mycroftai
2021-11-02 12:17:43.850 | INFO     |  5896 | mycroft.skills.settings:get_local_settings:83 | /opt/mycroft/skills/mycroft-configuration.mycroftai/settings.json
2021-11-02 12:17:43.900 | INFO     |  5896 | mycroft.skills.skill_loader:_check_for_first_run:324 | First run of mycroft-configuration.mycroftai
2021-11-02 12:17:43.902 | INFO     |  5896 | mycroft.skills.settings:save_settings:116 | Skill settings successfully saved to /home/runner/.config/mycroft/skills/mycroft-configuration.mycroftai/settings.json
2021-11-02 12:17:43.904 | INFO     |  5896 | mycroft.skills.skill_loader:_communicate_load_status:344 | Skill mycroft-configuration.mycroftai loaded successfully
2021-11-02 12:17:43.906 | INFO     |  5896 | mycroft.skills.skill_loader:load:185 | ATTEMPTING TO LOAD SKILL: homeassistant.mycroftai
2021-11-02 12:17:44.400 | INFO     |  5896 | mycroft.skills.settings:get_local_settings:83 | /opt/mycroft/skills/homeassistant.mycroftai/settings.json
2021-11-02 12:17:44.402 | INFO     |  5896 | mycroft.skills.settings:get_local_settings:83 | /opt/mycroft/skills/homeassistant.mycroftai/settings.json
2021-11-02 12:17:44.483 | INFO     |  5896 | mycroft.skills.skill_loader:_communicate_load_status:344 | Skill homeassistant.mycroftai loaded successfully
2021-11-02 12:17:44.483 | INFO     |  5896 | mycroft.skills.skill_loader:load:185 | ATTEMPTING TO LOAD SKILL: mycroft-audio-record.mycroftai
2021-11-02 12:17:44.501 | INFO     |  5896 | mycroft.skills.settings:get_local_settings:83 | /opt/mycroft/skills/mycroft-audio-record.mycroftai/settings.json
2021-11-02 12:17:44.539 | INFO     |  5896 | mycroft.skills.skill_loader:_check_for_first_run:324 | First run of mycroft-audio-record.mycroftai
2021-11-02 12:17:44.540 | INFO     |  5896 | mycroft.skills.settings:save_settings:116 | Skill settings successfully saved to /home/runner/.config/mycroft/skills/mycroft-audio-record.mycroftai/settings.json
2021-11-02 12:17:44.545 | INFO     |  5896 | mycroft.skills.skill_loader:_communicate_load_status:344 | Skill mycroft-audio-record.mycroftai loaded successfully
2021-11-02 12:17:44.546 | INFO     |  5896 | mycroft.skills.skill_loader:load:185 | ATTEMPTING TO LOAD SKILL: mycroft-version-checker.mycroftai
2021-11-02 12:17:44.558 | INFO     |  5896 | mycroft.skills.settings:get_local_settings:83 | /opt/mycroft/skills/mycroft-version-checker.mycroftai/settings.json
2021-11-02 12:17:44.598 | INFO     |  5896 | mycroft.skills.skill_loader:_check_for_first_run:324 | First run of mycroft-version-checker.mycroftai
2021-11-02 12:17:44.598 | INFO     |  5896 | mycroft.skills.settings:save_settings:116 | Skill settings successfully saved to /home/runner/.config/mycroft/skills/mycroft-version-checker.mycroftai/settings.json
2021-11-02 12:17:44.602 | INFO     |  5896 | mycroft.skills.skill_loader:_communicate_load_status:344 | Skill mycroft-version-checker.mycroftai loaded successfully
2021-11-02 12:17:44.602 | INFO     |  5896 | mycroft.skills.skill_loader:load:185 | ATTEMPTING TO LOAD SKILL: fallback-wolfram-alpha.mycroftai
2021-11-02 12:17:44.699 | INFO     |  5896 | mycroft.skills.settings:get_local_settings:83 | /opt/mycroft/skills/fallback-wolfram-alpha.mycroftai/settings.json
2021-11-02 12:17:44.735 | INFO     |  5896 | mycroft.skills.skill_loader:_check_for_first_run:324 | First run of fallback-wolfram-alpha.mycroftai
2021-11-02 12:17:44.735 | INFO     |  5896 | mycroft.skills.settings:save_settings:116 | Skill settings successfully saved to /home/runner/.config/mycroft/skills/fallback-wolfram-alpha.mycroftai/settings.json
2021-11-02 12:17:44.746 | INFO     |  5896 | mycroft.skills.skill_loader:_communicate_load_status:344 | Skill fallback-wolfram-alpha.mycroftai loaded successfully
2021-11-02 12:17:44.746 | INFO     |  5896 | mycroft.skills.skill_loader:load:185 | ATTEMPTING TO LOAD SKILL: mycroft-spelling.mycroftai
2021-11-02 12:17:44.758 | INFO     |  5896 | mycroft.skills.settings:get_local_settings:83 | /opt/mycroft/skills/mycroft-spelling.mycroftai/settings.json
2021-11-02 12:17:44.775 | INFO     |  5896 | mycroft.skills.skill_loader:_check_for_first_run:324 | First run of mycroft-spelling.mycroftai
2021-11-02 12:17:44.776 | INFO     |  5896 | mycroft.skills.settings:save_settings:116 | Skill settings successfully saved to /home/runner/.config/mycroft/skills/mycroft-spelling.mycroftai/settings.json
2021-11-02 12:17:44.789 | INFO     |  5896 | mycroft.skills.skill_loader:_communicate_load_status:344 | Skill mycroft-spelling.mycroftai loaded successfully
2021-11-02 12:17:44.789 | INFO     |  5896 | mycroft.skills.skill_loader:load:185 | ATTEMPTING TO LOAD SKILL: fallback-query.mycroftai
2021-11-02 12:17:44.802 | INFO     |  5896 | mycroft.skills.settings:get_local_settings:83 | /opt/mycroft/skills/fallback-query.mycroftai/settings.json
2021-11-02 12:17:44.836 | INFO     |  5896 | mycroft.skills.skill_loader:_check_for_first_run:324 | First run of fallback-query.mycroftai
2021-11-02 12:17:44.837 | INFO     |  5896 | mycroft.skills.settings:save_settings:116 | Skill settings successfully saved to /home/runner/.config/mycroft/skills/fallback-query.mycroftai/settings.json
2021-11-02 12:17:44.841 | INFO     |  5896 | mycroft.skills.skill_loader:_communicate_load_status:344 | Skill fallback-query.mycroftai loaded successfully
2021-11-02 12:17:44.842 | INFO     |  5896 | mycroft.skills.skill_loader:load:185 | ATTEMPTING TO LOAD SKILL: mycroft-singing.mycroftai
2021-11-02 12:17:44.852 | INFO     |  5896 | mycroft.skills.settings:get_local_settings:83 | /opt/mycroft/skills/mycroft-singing.mycroftai/settings.json
2021-11-02 12:17:44.875 | INFO     |  5896 | mycroft.skills.skill_loader:_check_for_first_run:324 | First run of mycroft-singing.mycroftai
2021-11-02 12:17:44.876 | INFO     |  5896 | mycroft.skills.settings:save_settings:116 | Skill settings successfully saved to /home/runner/.config/mycroft/skills/mycroft-singing.mycroftai/settings.json
2021-11-02 12:17:44.884 | INFO     |  5896 | mycroft.skills.skill_loader:_communicate_load_status:344 | Skill mycroft-singing.mycroftai loaded successfully
2021-11-02 12:17:44.884 | INFO     |  5896 | mycroft.skills.skill_manager:_load_on_startup:275 | Skills all loaded!
2021-11-02 12:17:44.908 | INFO     |  5896 | __main__:on_ready:185 | Skills service is ready.
2021-11-02 12:17:44.939 | INFO     |  5896 | mycroft.skills.intent_services.padatious_service:train:151 | Training... (single_thread=False)
Regenerated mycroft-alarm.mycroftai:{daytype}.
Regenerated mycroft-stop.mycroftai:ssh.enable.intent.
Regenerated mycroft-stop.mycroftai:reboot.intent.
Regenerated mycroft-stop.mycroftai:ssh.disable.intent.
Regenerated mycroft-installer.mycroftai:install.custom.intent.
Regenerated mycroft-installer.mycroftai:remove.intent.
Regenerated mycroft-installer.mycroftai:list.skills.intent.
Regenerated mycroft-installer.mycroftai:install.intent.
Regenerated mycroft-installer.mycroftai:is.installed.intent.
Regenerated mycroft-installer.mycroftai:install.beta.intent.
Regenerated mycroft-npr-news.mycroftai:PlayTheNews.intent.
Regenerated mycroft-alarm.mycroftai:snooze.intent.
Regenerated mycroft-alarm.mycroftai:change.alarm.sound.intent.
Regenerated mycroft-reminder.mycroftai:ReminderAt.intent.
Regenerated mycroft-reminder.mycroftai:UnspecifiedReminderAt.intent.
Regenerated mycroft-reminder.mycroftai:DeleteReminderForDay.intent.
Regenerated mycroft-reminder.mycroftai:GetNextReminders.intent.
Regenerated mycroft-personal.mycroftai:WhoAreYou.intent.
Regenerated mycroft-personal.mycroftai:WhoMadeYou.intent.
Regenerated mycroft-personal.mycroftai:WhenWereYouBorn.intent.
Regenerated mycroft-personal.mycroftai:DoYouDream.intent.
Regenerated mycroft-support-helper.mycroftai:contact.support.intent.
Regenerated mycroft-wiki.mycroftai:Random.intent.
Regenerated mycroft-hello-world.mycroftai:HowAreYou.intent.
Regenerated mycroft-weather.mycroftai:do-i-need-an-umbrella.intent.
Regenerated homeassistant.mycroftai:toggle.intent.
Regenerated homeassistant.mycroftai:add.item.shopping.list.intent.
Regenerated homeassistant.mycroftai:decrease.light.brightness.intent.
Regenerated homeassistant.mycroftai:turn.on.intent.
Regenerated homeassistant.mycroftai:automation.intent.
Regenerated homeassistant.mycroftai:cover.stop.intent.
Regenerated homeassistant.mycroftai:cover.close.intent.
Regenerated homeassistant.mycroftai:set.climate.intent.
Regenerated mycroft-timer.mycroftai:start.timer.intent.
Regenerated mycroft-timer.mycroftai:timer.status.intent.
Regenerated mycroft-date-time.mycroftai:date.future.weekend.intent.
Regenerated mycroft-date-time.mycroftai:what.time.is.it.intent.
Regenerated mycroft-date-time.mycroftai:what.time.will.it.be.intent.
Regenerated mycroft-date-time.mycroftai:date.last.weekend.intent.
Regenerated mycroft-stop.mycroftai:wifi.setup.intent.
Regenerated mycroft-stop.mycroftai:shutdown.intent.
Regenerated mycroft-reminder.mycroftai:CancelActiveReminder.intent.
Regenerated mycroft-reminder.mycroftai:SnoozeReminder.intent.
Regenerated mycroft-reminder.mycroftai:GetRemindersForDay.intent.
Regenerated mycroft-reminder.mycroftai:Reminder.intent.
Regenerated mycroft-reminder.mycroftai:ClearReminders.intent.
Regenerated mycroft-personal.mycroftai:WhatAreYou.intent.
Regenerated mycroft-personal.mycroftai:DoYouRhyme.intent.
Regenerated mycroft-personal.mycroftai:WhereWereYouBorn.intent.
Regenerated mycroft-configuration.mycroftai:DisablePreciseDev.intent.
Regenerated mycroft-configuration.mycroftai:EnablePreciseDev.intent.
Regenerated mycroft-configuration.mycroftai:WhereAreYou.intent.
Regenerated homeassistant.mycroftai:set.light.brightness.intent.
Regenerated homeassistant.mycroftai:turn.off.intent.
Regenerated homeassistant.mycroftai:sensor.intent.
Regenerated homeassistant.mycroftai:increase.light.brightness.intent.
Regenerated homeassistant.mycroftai:tracker.intent.
Regenerated homeassistant.mycroftai:cover.open.intent.
Regenerated mycroft-audio-record.mycroftai:PlayRecording.intent.
Regenerated mycroft-audio-record.mycroftai:StartRecording.intent.
2021-11-02 12:17:47.856 | INFO     |  5896 | mycroft.skills.intent_services.padatious_service:train:153 | Training complete.
2021-11-02 12:17:50.197 | INFO     |  5896 | mycroft.skills.settings:save_settings:116 | Skill settings successfully saved to /home/runner/.config/mycroft/skills/mycroft-pairing.mycroftai/settings.json
2021-11-02 12:17:50.489 | INFO     |  5896 | mycroft.skills.settings:save_settings:116 | Skill settings successfully saved to /home/runner/.config/mycroft/skills/mycroft-timer.mycroftai/settings.json
2021-11-02 12:18:38.071 | INFO     |  5896 | __main__:on_stopping:193 | Skills service is shutting down...
2021-11-02 12:18:38.072 | INFO     |  5896 | __main__:shutdown:284 | Shutting down Skills service
2021-11-02 12:18:38.105 | ERROR    |  5896 | VolumeSkill | Couldn't allocate mixer, ALSAAudioError('No such file or directory [default]')
2021-11-02 12:18:38.108 | INFO     |  5896 | mycroft.skills.settings:save_settings:116 | Skill settings successfully saved to /home/runner/.config/mycroft/skills/mycroft-volume.mycroftai/settings.json
2021-11-02 12:18:38.118 | INFO     |  5896 | mycroft.skills.settings:save_settings:116 | Skill settings successfully saved to /home/runner/.config/mycroft/skills/mycroft-fallback-duck-duck-go.mycroftai/settings.json
2021-11-02 12:18:38.129 | INFO     |  5896 | UnknownSkill | Removing all handlers...
2021-11-02 12:18:38.138 | INFO     |  5896 | mycroft.skills.settings:save_settings:116 | Skill settings successfully saved to /home/runner/.config/mycroft/skills/fallback-unknown.mycroftai/settings.json
2021-11-02 12:18:38.147 | INFO     |  5896 | mycroft.skills.settings:save_settings:116 | Skill settings successfully saved to /home/runner/.config/mycroft/skills/mycroft-date-time.mycroftai/settings.json
2021-11-02 12:18:38.149 | INFO     |  5896 | mycroft.skills.settings:save_settings:116 | Skill settings successfully saved to /home/runner/.config/mycroft/skills/mycroft-playback-control.mycroftai/settings.json
2021-11-02 12:18:39.150 | INFO     |  5896 | Playback Control Skill | Audio service status: {}
2021-11-02 12:18:40.151 | WARNING  |  5896 | mycroft.skills.skill_manager:_shutdown_skill:106 | mycroft-playback-control.mycroftai shutdown took 2.0024880419999818 seconds
2021-11-02 12:18:40.152 | INFO     |  5896 | mycroft.skills.settings:save_settings:116 | Skill settings successfully saved to /home/runner/.config/mycroft/skills/mycroft-speak.mycroftai/settings.json
2021-11-02 12:18:40.154 | INFO     |  5896 | mycroft.skills.settings:save_settings:116 | Skill settings successfully saved to /home/runner/.config/mycroft/skills/mycroft-stop.mycroftai/settings.json
2021-11-02 12:18:40.155 | INFO     |  5896 | mycroft.skills.settings:save_settings:116 | Skill settings successfully saved to /home/runner/.config/mycroft/skills/mycroft-installer.mycroftai/settings.json
2021-11-02 12:18:40.156 | INFO     |  5896 | mycroft.skills.settings:save_settings:116 | Skill settings successfully saved to /home/runner/.config/mycroft/skills/mycroft-ip.mycroftai/settings.json
2021-11-02 12:18:40.158 | INFO     |  5896 | mycroft.skills.settings:save_settings:116 | Skill settings successfully saved to /home/runner/.config/mycroft/skills/mycroft-npr-news.mycroftai/settings.json
2021-11-02 12:18:40.159 | INFO     |  5896 | mycroft.skills.settings:save_settings:116 | Skill settings successfully saved to /home/runner/.config/mycroft/skills/mycroft-alarm.mycroftai/settings.json
2021-11-02 12:18:40.167 | INFO     |  5896 | mycroft.skills.settings:save_settings:116 | Skill settings successfully saved to /home/runner/.config/mycroft/skills/mycroft-reminder.mycroftai/settings.json
2021-11-02 12:18:40.192 | INFO     |  5896 | mycroft.skills.settings:save_settings:116 | Skill settings successfully saved to /home/runner/.config/mycroft/skills/mycroft-naptime.mycroftai/settings.json
2021-11-02 12:18:40.194 | INFO     |  5896 | mycroft.skills.settings:save_settings:116 | Skill settings successfully saved to /home/runner/.config/mycroft/skills/mycroft-joke.mycroftai/settings.json
2021-11-02 12:18:40.195 | INFO     |  5896 | mycroft.skills.settings:save_settings:116 | Skill settings successfully saved to /home/runner/.config/mycroft/skills/mycroft-personal.mycroftai/settings.json
2021-11-02 12:18:40.197 | INFO     |  5896 | mycroft.skills.settings:save_settings:116 | Skill settings successfully saved to /home/runner/.config/mycroft/skills/mycroft-support-helper.mycroftai/settings.json
2021-11-02 12:18:40.203 | INFO     |  5896 | mycroft.skills.settings:save_settings:116 | Skill settings successfully saved to /home/runner/.config/mycroft/skills/mycroft-wiki.mycroftai/settings.json
2021-11-02 12:18:40.204 | INFO     |  5896 | mycroft.skills.settings:save_settings:116 | Skill settings successfully saved to /home/runner/.config/mycroft/skills/mycroft-hello-world.mycroftai/settings.json
2021-11-02 12:18:40.205 | INFO     |  5896 | mycroft.skills.settings:save_settings:116 | Skill settings successfully saved to /home/runner/.config/mycroft/skills/mycroft-weather.mycroftai/settings.json
2021-11-02 12:18:40.208 | INFO     |  5896 | mycroft.skills.settings:save_settings:116 | Skill settings successfully saved to /home/runner/.config/mycroft/skills/mycroft-configuration.mycroftai/settings.json
2021-11-02 12:18:40.221 | INFO     |  5896 | HomeAssistantSkill | Removing all handlers...
2021-11-02 12:18:40.222 | WARNING  |  5896 | mycroft.skills.fallback_skill:remove_fallback:185 | Could not find matching fallback handler
2021-11-02 12:18:40.223 | INFO     |  5896 | mycroft.skills.settings:save_settings:116 | Skill settings successfully saved to /home/runner/.config/mycroft/skills/mycroft-audio-record.mycroftai/settings.json
2021-11-02 12:18:40.245 | INFO     |  5896 | mycroft.skills.settings:save_settings:116 | Skill settings successfully saved to /home/runner/.config/mycroft/skills/mycroft-version-checker.mycroftai/settings.json
2021-11-02 12:18:40.289 | INFO     |  5896 | mycroft.skills.settings:save_settings:116 | Skill settings successfully saved to /home/runner/.config/mycroft/skills/fallback-wolfram-alpha.mycroftai/settings.json
2021-11-02 12:18:40.294 | INFO     |  5896 | mycroft.skills.settings:save_settings:116 | Skill settings successfully saved to /home/runner/.config/mycroft/skills/mycroft-spelling.mycroftai/settings.json
2021-11-02 12:18:40.295 | INFO     |  5896 | QuestionsAnswersSkill | Removing all handlers...
2021-11-02 12:18:40.295 | INFO     |  5896 | mycroft.skills.settings:save_settings:116 | Skill settings successfully saved to /home/runner/.config/mycroft/skills/fallback-query.mycroftai/settings.json
2021-11-02 12:18:40.308 | INFO     |  5896 | mycroft.skills.settings:save_settings:116 | Skill settings successfully saved to /home/runner/.config/mycroft/skills/mycroft-singing.mycroftai/settings.json
2021-11-02 12:18:40.320 | INFO     |  5896 | __main__:shutdown:291 | Skills service shutdown complete!
2021-11-02 12:18:40.361 | ERROR    |  5896 | websocket | error from callback <bound method MessageBusClient.on_message of <mycroft.messagebus.client.client.MessageBusClient object at 0x7f373d5f8950>>: cannot schedule new futures after shutdown
2021-11-02 12:18:40.361 | ERROR    |  5896 | mycroft_bus_client.client.client | === RuntimeError('cannot schedule new futures after shutdown') ===
Traceback (most recent call last):
  File "/opt/mycroft-core/.venv/lib/python3.7/site-packages/websocket/_app.py", line 407, in _callback
    callback(self, *args)
  File "/opt/mycroft-core/.venv/lib/python3.7/site-packages/mycroft_bus_client/client/client.py", line 182, in on_message
    self.emitter.emit('message', message)
  File "/opt/mycroft-core/.venv/lib/python3.7/site-packages/pyee/_base.py", line 113, in emit
    handled = self._call_handlers(event, args, kwargs)
  File "/opt/mycroft-core/.venv/lib/python3.7/site-packages/pyee/_base.py", line 96, in _call_handlers
    self._emit_run(f, args, kwargs)
  File "/opt/mycroft-core/.venv/lib/python3.7/site-packages/pyee/_executor.py", line 50, in _emit_run
    future = self._executor.submit(f, *args, **kwargs)
  File "/opt/hostedtoolcache/Python/3.7.12/x64/lib/python3.7/concurrent/futures/thread.py", line 163, in submit
    raise RuntimeError('cannot schedule new futures after shutdown')
RuntimeError: cannot schedule new futures after shutdown
2021-11-02 12:18:40.362 | ERROR    |  5896 | mycroft_bus_client.client.client | Exception closing websocket: RuntimeError('cannot schedule new futures after shutdown')
2021-11-02 12:18:40.362 | WARNING  |  5896 | mycroft_bus_client.client.client | Message Bus Client will reconnect in 5.0 seconds.
