2021-11-02 07:39:12.613 | INFO     |  6144 | mycroft.messagebus.load_config:load_message_bus_config:33 | Loading message bus configs
2021-11-02 07:39:12.617 | INFO     |  6144 | mycroft_bus_client.client.client | Connected
2021-11-02 07:39:12.618 | INFO     |  6144 | mycroft.util.process_utils:start_message_bus_client:155 | Connected to messagebus
2021-11-02 07:39:12.627 | INFO     |  6144 | mycroft.skills.msm_wrapper:create_msm:96 | Acquiring lock to instantiate MSM
2021-11-02 07:39:13.680 | INFO     |  6144 | msm.mycroft_skills_manager | building SkillEntry objects for all skills
2021-11-02 07:39:14.312 | INFO     |  6144 | mycroft.skills.msm_wrapper:create_msm:112 | Releasing MSM instantiation lock.
2021-11-02 07:39:14.312 | INFO     |  6144 | mycroft.skills.skill_updater:_log_next_download_time:267 | Next scheduled skill update: 2021-11-02 07:39:13.312452
2021-11-02 07:39:14.313 | INFO     |  6144 | msm.skill_entry | Downloading skill: https://github.com/mycroftai/skill-pairing
2021-11-02 07:39:14.875 | INFO     |  6144 | msm.skill_entry | Installing system requirements...
2021-11-02 07:39:14.909 | INFO     |  6144 | msm.skill_entry | Successfully installed mycroft-pairing
2021-11-02 07:39:14.910 | INFO     |  6144 | msm.mycroft_skills_manager | invalidating skills cache
2021-11-02 07:39:14.911 | INFO     |  6144 | mycroft.skills.skill_loader:load:185 | ATTEMPTING TO LOAD SKILL: mycroft-pairing.mycroftai
2021-11-02 07:39:14.919 | INFO     |  6144 | mycroft.skills.settings:get_local_settings:83 | /opt/mycroft/skills/mycroft-pairing.mycroftai/settings.json
2021-11-02 07:39:14.965 | INFO     |  6144 | mycroft.skills.skill_loader:_check_for_first_run:324 | First run of mycroft-pairing.mycroftai
2021-11-02 07:39:14.966 | INFO     |  6144 | mycroft.skills.settings:save_settings:116 | Skill settings successfully saved to /home/runner/.config/mycroft/skills/mycroft-pairing.mycroftai/settings.json
2021-11-02 07:39:14.966 | INFO     |  6144 | mycroft.skills.skill_loader:_communicate_load_status:344 | Skill mycroft-pairing.mycroftai loaded successfully
2021-11-02 07:39:14.967 | INFO     |  6144 | msm.skill_entry | Downloading skill: https://github.com/mycroftai/skill-volume
2021-11-02 07:39:15.378 | INFO     |  6144 | msm.skill_entry | Installing system requirements...
2021-11-02 07:39:15.401 | INFO     |  6144 | msm.skill_entry | Installing requirements.txt for mycroft-volume
2021-11-02 07:39:16.939 | INFO     |  6144 | msm.skill_entry | Successfully installed mycroft-volume
2021-11-02 07:39:16.940 | INFO     |  6144 | msm.mycroft_skills_manager | invalidating skills cache
2021-11-02 07:39:16.941 | INFO     |  6144 | mycroft.skills.skill_loader:load:185 | ATTEMPTING TO LOAD SKILL: mycroft-volume.mycroftai
2021-11-02 07:39:16.955 | INFO     |  6144 | mycroft.skills.settings:get_local_settings:83 | /opt/mycroft/skills/mycroft-volume.mycroftai/settings.json
2021-11-02 07:39:17.036 | ERROR    |  6144 | VolumeSkill | Couldn't allocate mixer, ALSAAudioError('No such file or directory [default]')
2021-11-02 07:39:20.072 | INFO     |  6144 | mycroft.skills.skill_loader:_check_for_first_run:324 | First run of mycroft-volume.mycroftai
2021-11-02 07:39:20.072 | INFO     |  6144 | mycroft.skills.settings:save_settings:116 | Skill settings successfully saved to /home/runner/.config/mycroft/skills/mycroft-volume.mycroftai/settings.json
2021-11-02 07:39:20.073 | INFO     |  6144 | mycroft.skills.skill_loader:_communicate_load_status:344 | Skill mycroft-volume.mycroftai loaded successfully
2021-11-02 07:39:20.074 | INFO     |  6144 | __main__:on_started:177 | Skills service is starting up.
2021-11-02 07:39:20.132 | INFO     |  6144 | __main__:_update_system:154 | Attempting system update...
2021-11-02 07:39:23.135 | INFO     |  6144 | mycroft.enclosure.display_manager:_write_data:70 | Display Manager is creating /tmp/mycroft/ipc/managers/disp_info
2021-11-02 07:39:23.137 | INFO     |  6144 | __main__:_ensure_device_is_paired:133 | Device not paired, invoking the pairing skill
2021-11-02 07:39:23.137 | INFO     |  6144 | __main__:on_alive:181 | Skills service is alive.
2021-11-02 07:39:23.145 | INFO     |  6144 | msm.mycroft_skills_manager | building SkillEntry objects for all skills
2021-11-02 07:39:23.346 | INFO     |  6144 | PairingSkill | Communicating account URL to user
2021-11-02 07:39:23.531 | WARNING  |  6144 | msm.mycroft_skills_manager | No such default skill: mycroft-pandora
2021-11-02 07:39:23.532 | INFO     |  6144 | mycroft.skills.skill_manager:run:234 | Not all default skills are installed, performing skill update...
2021-11-02 07:39:23.532 | INFO     |  6144 | mycroft.skills.skill_updater:update_skills:149 | Beginning skill update...
2021-11-02 07:39:23.597 | INFO     |  6144 | msm.mycroft_skills_manager | building SkillEntry objects for all skills
2021-11-02 07:39:23.831 | INFO     |  6144 | msm.mycroft_skills_manager | invalidating skills cache
2021-11-02 07:39:23.849 | INFO     |  6144 | msm.skill_entry | Downloading skill: https://github.com/mycroftai/fallback-wolfram-alpha
2021-11-02 07:39:23.856 | INFO     |  6144 | msm.skill_entry | Downloading skill: https://github.com/mycroftai/skill-alarm
2021-11-02 07:39:23.864 | INFO     |  6144 | msm.skill_entry | Downloading skill: https://github.com/mycroftai/skill-audio-record
2021-11-02 07:39:23.880 | INFO     |  6144 | msm.skill_entry | Downloading skill: https://github.com/mycroftai/fallback-duckduckgo
2021-11-02 07:39:23.888 | INFO     |  6144 | msm.skill_entry | Downloading skill: https://github.com/mycroftai/skill-hello-world
2021-11-02 07:39:23.896 | INFO     |  6144 | msm.skill_entry | Downloading skill: https://github.com/mycroftai/skill-configuration
2021-11-02 07:39:23.901 | INFO     |  6144 | msm.skill_entry | Downloading skill: https://github.com/mycroftai/skill-date-time
2021-11-02 07:39:23.901 | INFO     |  6144 | msm.skill_entry | Downloading skill: https://github.com/mycroftai/skill-installer
2021-11-02 07:39:23.910 | INFO     |  6144 | msm.skill_entry | Downloading skill: https://github.com/mycroftai/fallback-unknown
2021-11-02 07:39:23.912 | INFO     |  6144 | msm.skill_entry | Downloading skill: https://github.com/mycroftai/skill-ip
2021-11-02 07:39:23.913 | INFO     |  6144 | msm.skill_entry | Downloading skill: https://github.com/mycroftai/skill-joke
2021-11-02 07:39:23.915 | INFO     |  6144 | msm.skill_entry | Downloading skill: https://github.com/mycroftai/skill-naptime
2021-11-02 07:39:23.923 | INFO     |  6144 | msm.skill_entry | Downloading skill: https://github.com/mycroftai/skill-npr-news
2021-11-02 07:39:23.945 | INFO     |  6144 | msm.skill_entry | Downloading skill: https://github.com/mycroftai/skill-reminder
2021-11-02 07:39:23.971 | INFO     |  6144 | msm.skill_entry | Downloading skill: https://github.com/mycroftai/skill-singing
2021-11-02 07:39:24.017 | INFO     |  6144 | msm.skill_entry | Downloading skill: https://github.com/mycroftai/skill-playback-control
2021-11-02 07:39:24.016 | INFO     |  6144 | msm.skill_entry | Downloading skill: https://github.com/mycroftai/skill-personal
2021-11-02 07:39:24.899 | INFO     |  6144 | msm.skill_entry | Installing system requirements...
2021-11-02 07:39:25.042 | INFO     |  6144 | msm.skill_entry | Installing requirements.txt for mycroft-fallback-duck-duck-go
2021-11-02 07:39:25.066 | INFO     |  6144 | msm.skill_entry | Installing system requirements...
2021-11-02 07:39:25.122 | INFO     |  6144 | msm.skill_entry | Installing system requirements...
2021-11-02 07:39:25.259 | INFO     |  6144 | msm.skill_entry | Installing requirements.txt for fallback-wolfram-alpha
2021-11-02 07:39:25.260 | INFO     |  6144 | msm.skill_entry | Successfully installed mycroft-hello-world
2021-11-02 07:39:25.260 | INFO     |  6144 | msm.mycroft_skills_manager | invalidating skills cache
2021-11-02 07:39:25.261 | INFO     |  6144 | msm.skill_entry | Downloading skill: https://github.com/mycroftai/skill-speak
2021-11-02 07:39:25.460 | ERROR    |  6144 | msm.mycroft_skills_manager | Error running install_or_update on homeassistant.mycroftai: MergeConflict
2021-11-02 07:39:25.461 | INFO     |  6144 | msm.skill_entry | Downloading skill: https://github.com/mycroftai/skill-spelling
2021-11-02 07:39:25.887 | INFO     |  6144 | msm.skill_entry | Installing system requirements...
2021-11-02 07:39:25.929 | INFO     |  6144 | msm.skill_entry | Installing requirements.txt for mycroft-audio-record
2021-11-02 07:39:26.028 | INFO     |  6144 | msm.skill_entry | Nothing new for mycroft-volume
2021-11-02 07:39:26.029 | INFO     |  6144 | msm.skill_entry | Nothing new for mycroft-pairing
2021-11-02 07:39:26.144 | INFO     |  6144 | msm.skill_entry | Installing system requirements...
2021-11-02 07:39:26.207 | INFO     |  6144 | msm.skill_entry | Installing system requirements...
2021-11-02 07:39:26.212 | INFO     |  6144 | msm.skill_entry | Installing system requirements...
2021-11-02 07:39:26.290 | INFO     |  6144 | msm.skill_entry | Installing system requirements...
2021-11-02 07:39:26.299 | INFO     |  6144 | msm.skill_entry | Installing system requirements...
2021-11-02 07:39:26.306 | INFO     |  6144 | msm.skill_entry | Successfully installed mycroft-playback-control
2021-11-02 07:39:26.307 | INFO     |  6144 | msm.mycroft_skills_manager | invalidating skills cache
2021-11-02 07:39:26.309 | INFO     |  6144 | msm.skill_entry | Downloading skill: https://github.com/mycroftai/skill-stop
2021-11-02 07:39:26.315 | INFO     |  6144 | msm.skill_entry | Installing system requirements...
2021-11-02 07:39:26.324 | INFO     |  6144 | msm.skill_entry | Installing system requirements...
2021-11-02 07:39:26.393 | INFO     |  6144 | msm.skill_entry | Installing system requirements...
2021-11-02 07:39:26.401 | INFO     |  6144 | msm.skill_entry | Installing requirements.txt for mycroft-configuration
2021-11-02 07:39:26.424 | INFO     |  6144 | msm.skill_entry | Installing system requirements...
2021-11-02 07:39:26.428 | INFO     |  6144 | msm.skill_entry | Successfully installed fallback-unknown
2021-11-02 07:39:26.429 | INFO     |  6144 | msm.mycroft_skills_manager | invalidating skills cache
2021-11-02 07:39:26.432 | INFO     |  6144 | msm.skill_entry | Downloading skill: https://github.com/mycroftai/skill-support
2021-11-02 07:39:26.459 | INFO     |  6144 | msm.skill_entry | Downloading skill: https://github.com/mycroftai/mycroft-timer
2021-11-02 07:39:26.470 | INFO     |  6144 | msm.skill_entry | Installing requirements.txt for mycroft-volume
2021-11-02 07:39:26.471 | INFO     |  6144 | msm.skill_entry | Installing system requirements...
2021-11-02 07:39:26.497 | INFO     |  6144 | msm.skill_entry | Installing system requirements...
2021-11-02 07:39:26.541 | INFO     |  6144 | msm.skill_entry | Successfully installed mycroft-personal
2021-11-02 07:39:26.542 | INFO     |  6144 | msm.mycroft_skills_manager | invalidating skills cache
2021-11-02 07:39:26.557 | INFO     |  6144 | msm.skill_entry | Installing requirements.txt for mycroft-joke
2021-11-02 07:39:26.558 | INFO     |  6144 | msm.skill_entry | Downloading skill: https://github.com/mycroftai/skill-weather
2021-11-02 07:39:26.615 | INFO     |  6144 | msm.skill_entry | Successfully installed mycroft-naptime
2021-11-02 07:39:26.615 | INFO     |  6144 | msm.mycroft_skills_manager | invalidating skills cache
2021-11-02 07:39:26.617 | INFO     |  6144 | msm.skill_entry | Installing requirements.txt for mycroft-ip
2021-11-02 07:39:26.618 | INFO     |  6144 | msm.skill_entry | Installing system requirements...
2021-11-02 07:39:26.619 | INFO     |  6144 | msm.skill_entry | Installing system requirements...
2021-11-02 07:39:26.623 | INFO     |  6144 | msm.skill_entry | Installing system requirements...
2021-11-02 07:39:26.624 | INFO     |  6144 | msm.skill_entry | Successfully installed mycroft-reminder
2021-11-02 07:39:26.625 | INFO     |  6144 | msm.mycroft_skills_manager | invalidating skills cache
2021-11-02 07:39:26.626 | INFO     |  6144 | msm.skill_entry | Downloading skill: https://github.com/mycroftai/skill-wiki
2021-11-02 07:39:26.632 | INFO     |  6144 | msm.skill_entry | Downloading skill: https://github.com/mycroftai/skill-version-checker
2021-11-02 07:39:26.686 | INFO     |  6144 | msm.skill_entry | Installing requirements.txt for mycroft-installer
2021-11-02 07:39:26.718 | INFO     |  6144 | msm.skill_entry | Installing system requirements...
2021-11-02 07:39:26.732 | INFO     |  6144 | msm.skill_entry | Installing requirements.txt for mycroft-npr-news
2021-11-02 07:39:26.737 | INFO     |  6144 | msm.skill_entry | Successfully installed mycroft-speak
2021-11-02 07:39:26.738 | INFO     |  6144 | msm.mycroft_skills_manager | invalidating skills cache
2021-11-02 07:39:26.740 | INFO     |  6144 | msm.skill_entry | Downloading skill: https://github.com/MycroftAI/skill-query
2021-11-02 07:39:26.806 | INFO     |  6144 | msm.skill_entry | Installing requirements.txt for mycroft-date-time
2021-11-02 07:39:26.828 | INFO     |  6144 | msm.skill_entry | Successfully installed mycroft-spelling
2021-11-02 07:39:26.828 | INFO     |  6144 | msm.mycroft_skills_manager | invalidating skills cache
2021-11-02 07:39:26.946 | INFO     |  6144 | msm.skill_entry | Installing system requirements...
2021-11-02 07:39:27.029 | INFO     |  6144 | msm.skill_entry | Installing requirements.txt for mycroft-alarm
2021-11-02 07:39:27.262 | INFO     |  6144 | msm.skill_entry | Installing system requirements...
2021-11-02 07:39:27.391 | INFO     |  6144 | msm.skill_entry | Successfully installed mycroft-stop
2021-11-02 07:39:27.391 | INFO     |  6144 | msm.mycroft_skills_manager | invalidating skills cache
2021-11-02 07:39:27.437 | INFO     |  6144 | msm.skill_entry | Installing system requirements...
2021-11-02 07:39:27.621 | INFO     |  6144 | msm.skill_entry | Installing system requirements...
2021-11-02 07:39:27.666 | INFO     |  6144 | msm.skill_entry | Installing requirements.txt for mycroft-support-helper
2021-11-02 07:39:27.667 | INFO     |  6144 | msm.skill_entry | Installing system requirements...
2021-11-02 07:39:27.722 | INFO     |  6144 | msm.skill_entry | Successfully installed fallback-query
2021-11-02 07:39:27.723 | INFO     |  6144 | msm.mycroft_skills_manager | invalidating skills cache
2021-11-02 07:39:27.726 | INFO     |  6144 | msm.skill_entry | Installing system requirements...
2021-11-02 07:39:27.787 | ERROR    |  6144 | msm.mycroft_skills_manager | Error running install_or_update on homeassistant: MergeConflict
2021-11-02 07:39:27.796 | INFO     |  6144 | msm.skill_entry | Installing requirements.txt for mycroft-wiki
2021-11-02 07:39:27.811 | INFO     |  6144 | msm.skill_entry | Successfully installed mycroft-version-checker
2021-11-02 07:39:27.811 | INFO     |  6144 | msm.mycroft_skills_manager | invalidating skills cache
2021-11-02 07:39:27.912 | INFO     |  6144 | msm.skill_entry | Installing system requirements...
2021-11-02 07:39:27.959 | INFO     |  6144 | msm.skill_entry | Successfully installed mycroft-singing
2021-11-02 07:39:27.959 | INFO     |  6144 | msm.mycroft_skills_manager | invalidating skills cache
2021-11-02 07:39:28.001 | INFO     |  6144 | msm.skill_entry | Installing system requirements...
2021-11-02 07:39:28.027 | INFO     |  6144 | msm.skill_entry | Successfully installed mycroft-timer
2021-11-02 07:39:28.027 | INFO     |  6144 | msm.mycroft_skills_manager | invalidating skills cache
2021-11-02 07:39:28.114 | INFO     |  6144 | msm.skill_entry | Installing system requirements...
2021-11-02 07:39:28.153 | INFO     |  6144 | msm.skill_entry | Installing requirements.txt for mycroft-weather
2021-11-02 07:39:28.498 | INFO     |  6144 | msm.skill_entry | Successfully installed mycroft-fallback-duck-duck-go
2021-11-02 07:39:28.499 | INFO     |  6144 | msm.mycroft_skills_manager | invalidating skills cache
2021-11-02 07:39:32.518 | INFO     |  6144 | msm.skill_entry | Successfully installed fallback-wolfram-alpha
2021-11-02 07:39:32.519 | INFO     |  6144 | msm.mycroft_skills_manager | invalidating skills cache
2021-11-02 07:39:33.439 | INFO     |  6144 | msm.skill_entry | Successfully installed mycroft-audio-record
2021-11-02 07:39:33.587 | INFO     |  6144 | msm.mycroft_skills_manager | invalidating skills cache
2021-11-02 07:39:36.230 | INFO     |  6144 | msm.skill_entry | Successfully installed mycroft-configuration
2021-11-02 07:39:36.231 | INFO     |  6144 | msm.mycroft_skills_manager | invalidating skills cache
2021-11-02 07:39:38.251 | INFO     |  6144 | msm.skill_entry | Successfully installed mycroft-joke
2021-11-02 07:39:38.253 | INFO     |  6144 | msm.mycroft_skills_manager | invalidating skills cache
2021-11-02 07:39:39.171 | INFO     |  6144 | msm.skill_entry | Successfully installed mycroft-ip
2021-11-02 07:39:39.172 | INFO     |  6144 | msm.mycroft_skills_manager | invalidating skills cache
2021-11-02 07:39:40.136 | INFO     |  6144 | msm.skill_entry | Successfully installed mycroft-installer
2021-11-02 07:39:40.137 | INFO     |  6144 | msm.mycroft_skills_manager | invalidating skills cache
2021-11-02 07:39:43.481 | INFO     |  6144 | msm.skill_entry | Successfully installed mycroft-npr-news
2021-11-02 07:39:43.481 | INFO     |  6144 | msm.mycroft_skills_manager | invalidating skills cache
2021-11-02 07:39:53.690 | INFO     |  6144 | PairingSkill | Initiating device pairing sequence...
2021-11-02 07:39:53.690 | INFO     |  6144 | PairingSkill | Retrieving pairing code from device API...
2021-11-02 07:39:53.907 | INFO     |  6144 | PairingSkill | Pairing code obtained: FCUPNL
2021-11-02 07:39:53.907 | INFO     |  6144 | PairingSkill | Communicating pairing URL to user
2021-11-02 07:40:00.846 | INFO     |  6144 | msm.skill_entry | Successfully installed mycroft-date-time
2021-11-02 07:40:00.846 | INFO     |  6144 | msm.mycroft_skills_manager | invalidating skills cache
2021-11-02 07:40:01.799 | INFO     |  6144 | msm.skill_entry | Successfully installed mycroft-alarm
2021-11-02 07:40:01.800 | INFO     |  6144 | msm.mycroft_skills_manager | invalidating skills cache
2021-11-02 07:40:04.169 | INFO     |  6144 | msm.skill_entry | Successfully installed mycroft-support-helper
2021-11-02 07:40:04.169 | INFO     |  6144 | msm.mycroft_skills_manager | invalidating skills cache
2021-11-02 07:40:06.488 | INFO     |  6144 | msm.skill_entry | Successfully installed mycroft-wiki
2021-11-02 07:40:06.488 | INFO     |  6144 | msm.mycroft_skills_manager | invalidating skills cache
2021-11-02 07:40:07.682 | INFO     |  6144 | msm.skill_entry | Successfully installed mycroft-weather
2021-11-02 07:40:07.683 | INFO     |  6144 | msm.mycroft_skills_manager | invalidating skills cache
2021-11-02 07:40:07.705 | INFO     |  6144 | mycroft.skills.skill_updater:_log_next_download_time:267 | Next scheduled skill update: 2021-11-02 08:40:07.705107
2021-11-02 07:40:07.706 | INFO     |  6144 | mycroft.skills.skill_updater:update_skills:170 | Skill update complete
2021-11-02 07:40:07.706 | INFO     |  6144 | mycroft.skills.skill_manager:_load_on_startup:273 | Loading installed skills...
2021-11-02 07:40:07.707 | INFO     |  6144 | mycroft.skills.skill_loader:load:185 | ATTEMPTING TO LOAD SKILL: mycroft-ip.mycroftai
2021-11-02 07:40:07.765 | INFO     |  6144 | mycroft.skills.settings:get_local_settings:83 | /opt/mycroft/skills/mycroft-ip.mycroftai/settings.json
2021-11-02 07:40:07.776 | INFO     |  6144 | mycroft.skills.skill_loader:_check_for_first_run:324 | First run of mycroft-ip.mycroftai
2021-11-02 07:40:07.777 | INFO     |  6144 | mycroft.skills.settings:save_settings:116 | Skill settings successfully saved to /home/runner/.config/mycroft/skills/mycroft-ip.mycroftai/settings.json
2021-11-02 07:40:07.777 | INFO     |  6144 | mycroft.skills.skill_loader:_communicate_load_status:344 | Skill mycroft-ip.mycroftai loaded successfully
2021-11-02 07:40:07.778 | INFO     |  6144 | mycroft.skills.skill_loader:load:185 | ATTEMPTING TO LOAD SKILL: mycroft-reminder.mycroftai
2021-11-02 07:40:07.845 | INFO     |  6144 | mycroft.skills.settings:get_local_settings:83 | /opt/mycroft/skills/mycroft-reminder.mycroftai/settings.json
2021-11-02 07:40:07.886 | INFO     |  6144 | mycroft.skills.skill_loader:_check_for_first_run:324 | First run of mycroft-reminder.mycroftai
2021-11-02 07:40:07.892 | INFO     |  6144 | mycroft.skills.settings:save_settings:116 | Skill settings successfully saved to /home/runner/.config/mycroft/skills/mycroft-reminder.mycroftai/settings.json
2021-11-02 07:40:07.896 | INFO     |  6144 | mycroft.skills.skill_loader:_communicate_load_status:344 | Skill mycroft-reminder.mycroftai loaded successfully
2021-11-02 07:40:07.896 | INFO     |  6144 | mycroft.skills.skill_loader:load:185 | ATTEMPTING TO LOAD SKILL: mycroft-installer.mycroftai
2021-11-02 07:40:07.904 | INFO     |  6144 | mycroft.skills.settings:get_local_settings:83 | /opt/mycroft/skills/mycroft-installer.mycroftai/settings.json
2021-11-02 07:40:07.933 | INFO     |  6144 | mycroft.skills.skill_loader:_check_for_first_run:324 | First run of mycroft-installer.mycroftai
2021-11-02 07:40:07.934 | INFO     |  6144 | mycroft.skills.settings:save_settings:116 | Skill settings successfully saved to /home/runner/.config/mycroft/skills/mycroft-installer.mycroftai/settings.json
2021-11-02 07:40:07.936 | INFO     |  6144 | mycroft.skills.skill_loader:_communicate_load_status:344 | Skill mycroft-installer.mycroftai loaded successfully
2021-11-02 07:40:07.936 | INFO     |  6144 | mycroft.skills.skill_loader:load:185 | ATTEMPTING TO LOAD SKILL: mycroft-version-checker.mycroftai
2021-11-02 07:40:07.949 | INFO     |  6144 | mycroft.skills.settings:get_local_settings:83 | /opt/mycroft/skills/mycroft-version-checker.mycroftai/settings.json
2021-11-02 07:40:07.961 | INFO     |  6144 | mycroft.skills.skill_loader:_check_for_first_run:324 | First run of mycroft-version-checker.mycroftai
2021-11-02 07:40:07.962 | INFO     |  6144 | mycroft.skills.settings:save_settings:116 | Skill settings successfully saved to /home/runner/.config/mycroft/skills/mycroft-version-checker.mycroftai/settings.json
2021-11-02 07:40:07.962 | INFO     |  6144 | mycroft.skills.skill_loader:_communicate_load_status:344 | Skill mycroft-version-checker.mycroftai loaded successfully
2021-11-02 07:40:07.963 | INFO     |  6144 | mycroft.skills.skill_loader:load:185 | ATTEMPTING TO LOAD SKILL: mycroft-singing.mycroftai
2021-11-02 07:40:07.968 | INFO     |  6144 | mycroft.skills.settings:get_local_settings:83 | /opt/mycroft/skills/mycroft-singing.mycroftai/settings.json
2021-11-02 07:40:07.979 | INFO     |  6144 | mycroft.skills.skill_loader:_check_for_first_run:324 | First run of mycroft-singing.mycroftai
2021-11-02 07:40:07.979 | INFO     |  6144 | mycroft.skills.settings:save_settings:116 | Skill settings successfully saved to /home/runner/.config/mycroft/skills/mycroft-singing.mycroftai/settings.json
2021-11-02 07:40:07.982 | INFO     |  6144 | mycroft.skills.skill_loader:_communicate_load_status:344 | Skill mycroft-singing.mycroftai loaded successfully
2021-11-02 07:40:07.982 | INFO     |  6144 | mycroft.skills.skill_loader:load:185 | ATTEMPTING TO LOAD SKILL: mycroft-joke.mycroftai
2021-11-02 07:40:07.992 | INFO     |  6144 | mycroft.skills.settings:get_local_settings:83 | /opt/mycroft/skills/mycroft-joke.mycroftai/settings.json
2021-11-02 07:40:08.007 | INFO     |  6144 | mycroft.skills.skill_loader:_check_for_first_run:324 | First run of mycroft-joke.mycroftai
2021-11-02 07:40:08.008 | INFO     |  6144 | mycroft.skills.settings:save_settings:116 | Skill settings successfully saved to /home/runner/.config/mycroft/skills/mycroft-joke.mycroftai/settings.json
2021-11-02 07:40:08.010 | INFO     |  6144 | mycroft.skills.skill_loader:_communicate_load_status:344 | Skill mycroft-joke.mycroftai loaded successfully
2021-11-02 07:40:08.010 | INFO     |  6144 | mycroft.skills.skill_loader:load:185 | ATTEMPTING TO LOAD SKILL: mycroft-timer.mycroftai
2021-11-02 07:40:08.039 | INFO     |  6144 | mycroft.skills.settings:get_local_settings:83 | /opt/mycroft/skills/mycroft-timer.mycroftai/settings.json
2021-11-02 07:40:08.149 | INFO     |  6144 | mycroft.skills.skill_loader:_check_for_first_run:324 | First run of mycroft-timer.mycroftai
2021-11-02 07:40:08.150 | INFO     |  6144 | mycroft.skills.settings:save_settings:116 | Skill settings successfully saved to /home/runner/.config/mycroft/skills/mycroft-timer.mycroftai/settings.json
2021-11-02 07:40:08.154 | INFO     |  6144 | mycroft.skills.skill_loader:_communicate_load_status:344 | Skill mycroft-timer.mycroftai loaded successfully
2021-11-02 07:40:08.157 | INFO     |  6144 | mycroft.skills.skill_loader:load:185 | ATTEMPTING TO LOAD SKILL: homeassistant.mycroftai
2021-11-02 07:40:08.558 | INFO     |  6144 | mycroft.skills.settings:get_local_settings:83 | /opt/mycroft/skills/homeassistant.mycroftai/settings.json
2021-11-02 07:40:08.559 | INFO     |  6144 | mycroft.skills.settings:get_local_settings:83 | /opt/mycroft/skills/homeassistant.mycroftai/settings.json
2021-11-02 07:40:08.633 | INFO     |  6144 | mycroft.skills.skill_loader:_communicate_load_status:344 | Skill homeassistant.mycroftai loaded successfully
2021-11-02 07:40:08.634 | INFO     |  6144 | mycroft.skills.skill_loader:load:185 | ATTEMPTING TO LOAD SKILL: mycroft-alarm.mycroftai
2021-11-02 07:40:08.689 | INFO     |  6144 | mycroft.skills.settings:get_local_settings:83 | /opt/mycroft/skills/mycroft-alarm.mycroftai/settings.json
2021-11-02 07:40:08.689 | ERROR    |  6144 | AlarmSkill | Couldn't allocate mixer, ALSAAudioError('No such file or directory [default]')
2021-11-02 07:40:08.756 | INFO     |  6144 | mycroft.skills.skill_loader:_check_for_first_run:324 | First run of mycroft-alarm.mycroftai
2021-11-02 07:40:08.756 | INFO     |  6144 | mycroft.skills.settings:save_settings:116 | Skill settings successfully saved to /home/runner/.config/mycroft/skills/mycroft-alarm.mycroftai/settings.json
2021-11-02 07:40:08.761 | INFO     |  6144 | mycroft.skills.skill_loader:_communicate_load_status:344 | Skill mycroft-alarm.mycroftai loaded successfully
2021-11-02 07:40:08.762 | INFO     |  6144 | mycroft.skills.skill_loader:load:185 | ATTEMPTING TO LOAD SKILL: mycroft-naptime.mycroftai
2021-11-02 07:40:08.770 | INFO     |  6144 | mycroft.skills.settings:get_local_settings:83 | /opt/mycroft/skills/mycroft-naptime.mycroftai/settings.json
2021-11-02 07:40:08.791 | INFO     |  6144 | mycroft.skills.skill_loader:_check_for_first_run:324 | First run of mycroft-naptime.mycroftai
2021-11-02 07:40:08.791 | INFO     |  6144 | mycroft.skills.settings:save_settings:116 | Skill settings successfully saved to /home/runner/.config/mycroft/skills/mycroft-naptime.mycroftai/settings.json
2021-11-02 07:40:08.797 | INFO     |  6144 | mycroft.skills.skill_loader:_communicate_load_status:344 | Skill mycroft-naptime.mycroftai loaded successfully
2021-11-02 07:40:08.797 | INFO     |  6144 | mycroft.skills.skill_loader:load:185 | ATTEMPTING TO LOAD SKILL: mycroft-spelling.mycroftai
2021-11-02 07:40:08.800 | INFO     |  6144 | mycroft.skills.settings:get_local_settings:83 | /opt/mycroft/skills/mycroft-spelling.mycroftai/settings.json
2021-11-02 07:40:08.830 | INFO     |  6144 | mycroft.skills.skill_loader:_check_for_first_run:324 | First run of mycroft-spelling.mycroftai
2021-11-02 07:40:08.830 | INFO     |  6144 | mycroft.skills.settings:save_settings:116 | Skill settings successfully saved to /home/runner/.config/mycroft/skills/mycroft-spelling.mycroftai/settings.json
2021-11-02 07:40:08.834 | INFO     |  6144 | mycroft.skills.skill_loader:_communicate_load_status:344 | Skill mycroft-spelling.mycroftai loaded successfully
2021-11-02 07:40:08.834 | INFO     |  6144 | mycroft.skills.skill_loader:load:185 | ATTEMPTING TO LOAD SKILL: mycroft-fallback-duck-duck-go.mycroftai
2021-11-02 07:40:08.853 | INFO     |  6144 | mycroft.skills.settings:get_local_settings:83 | /opt/mycroft/skills/mycroft-fallback-duck-duck-go.mycroftai/settings.json
2021-11-02 07:40:08.880 | INFO     |  6144 | mycroft.skills.skill_loader:_check_for_first_run:324 | First run of mycroft-fallback-duck-duck-go.mycroftai
2021-11-02 07:40:08.880 | INFO     |  6144 | mycroft.skills.settings:save_settings:116 | Skill settings successfully saved to /home/runner/.config/mycroft/skills/mycroft-fallback-duck-duck-go.mycroftai/settings.json
2021-11-02 07:40:08.881 | INFO     |  6144 | mycroft.skills.skill_loader:_communicate_load_status:344 | Skill mycroft-fallback-duck-duck-go.mycroftai loaded successfully
2021-11-02 07:40:08.881 | INFO     |  6144 | mycroft.skills.skill_loader:load:185 | ATTEMPTING TO LOAD SKILL: mycroft-npr-news.mycroftai
2021-11-02 07:40:09.006 | INFO     |  6144 | mycroft.skills.settings:get_local_settings:83 | /opt/mycroft/skills/mycroft-npr-news.mycroftai/settings.json
2021-11-02 07:40:10.033 | INFO     |  6144 | mycroft.skills.skill_loader:_check_for_first_run:324 | First run of mycroft-npr-news.mycroftai
2021-11-02 07:40:10.034 | INFO     |  6144 | mycroft.skills.settings:save_settings:116 | Skill settings successfully saved to /home/runner/.config/mycroft/skills/mycroft-npr-news.mycroftai/settings.json
2021-11-02 07:40:10.041 | INFO     |  6144 | mycroft.skills.skill_loader:_communicate_load_status:344 | Skill mycroft-npr-news.mycroftai loaded successfully
2021-11-02 07:40:10.042 | INFO     |  6144 | mycroft.skills.skill_loader:load:185 | ATTEMPTING TO LOAD SKILL: mycroft-support-helper.mycroftai
2021-11-02 07:40:10.051 | INFO     |  6144 | mycroft.skills.settings:get_local_settings:83 | /opt/mycroft/skills/mycroft-support-helper.mycroftai/settings.json
2021-11-02 07:40:10.062 | INFO     |  6144 | mycroft.skills.skill_loader:_check_for_first_run:324 | First run of mycroft-support-helper.mycroftai
2021-11-02 07:40:10.063 | INFO     |  6144 | mycroft.skills.settings:save_settings:116 | Skill settings successfully saved to /home/runner/.config/mycroft/skills/mycroft-support-helper.mycroftai/settings.json
2021-11-02 07:40:10.086 | INFO     |  6144 | mycroft.skills.skill_loader:_communicate_load_status:344 | Skill mycroft-support-helper.mycroftai loaded successfully
2021-11-02 07:40:10.086 | INFO     |  6144 | mycroft.skills.skill_loader:load:185 | ATTEMPTING TO LOAD SKILL: mycroft-weather.mycroftai
2021-11-02 07:40:10.107 | INFO     |  6144 | mycroft.skills.settings:get_local_settings:83 | /opt/mycroft/skills/mycroft-weather.mycroftai/settings.json
2021-11-02 07:40:10.227 | INFO     |  6144 | mycroft.skills.skill_loader:_check_for_first_run:324 | First run of mycroft-weather.mycroftai
2021-11-02 07:40:10.228 | INFO     |  6144 | mycroft.skills.settings:save_settings:116 | Skill settings successfully saved to /home/runner/.config/mycroft/skills/mycroft-weather.mycroftai/settings.json
2021-11-02 07:40:10.275 | INFO     |  6144 | mycroft.skills.skill_loader:_communicate_load_status:344 | Skill mycroft-weather.mycroftai loaded successfully
2021-11-02 07:40:10.276 | INFO     |  6144 | mycroft.skills.skill_loader:load:185 | ATTEMPTING TO LOAD SKILL: mycroft-speak.mycroftai
2021-11-02 07:40:10.307 | INFO     |  6144 | mycroft.skills.settings:get_local_settings:83 | /opt/mycroft/skills/mycroft-speak.mycroftai/settings.json
2021-11-02 07:40:10.334 | INFO     |  6144 | mycroft.skills.skill_loader:_check_for_first_run:324 | First run of mycroft-speak.mycroftai
2021-11-02 07:40:10.335 | INFO     |  6144 | mycroft.skills.settings:save_settings:116 | Skill settings successfully saved to /home/runner/.config/mycroft/skills/mycroft-speak.mycroftai/settings.json
2021-11-02 07:40:10.374 | INFO     |  6144 | mycroft.skills.skill_loader:_communicate_load_status:344 | Skill mycroft-speak.mycroftai loaded successfully
2021-11-02 07:40:10.375 | INFO     |  6144 | mycroft.skills.skill_loader:load:185 | ATTEMPTING TO LOAD SKILL: mycroft-audio-record.mycroftai
2021-11-02 07:40:10.380 | INFO     |  6144 | mycroft.skills.settings:get_local_settings:83 | /opt/mycroft/skills/mycroft-audio-record.mycroftai/settings.json
2021-11-02 07:40:10.426 | INFO     |  6144 | mycroft.skills.skill_loader:_check_for_first_run:324 | First run of mycroft-audio-record.mycroftai
2021-11-02 07:40:10.427 | INFO     |  6144 | mycroft.skills.settings:save_settings:116 | Skill settings successfully saved to /home/runner/.config/mycroft/skills/mycroft-audio-record.mycroftai/settings.json
2021-11-02 07:40:10.496 | INFO     |  6144 | mycroft.skills.skill_loader:_communicate_load_status:344 | Skill mycroft-audio-record.mycroftai loaded successfully
2021-11-02 07:40:10.513 | INFO     |  6144 | mycroft.skills.skill_loader:load:185 | ATTEMPTING TO LOAD SKILL: mycroft-stop.mycroftai
2021-11-02 07:40:10.522 | INFO     |  6144 | mycroft.skills.settings:get_local_settings:83 | /opt/mycroft/skills/mycroft-stop.mycroftai/settings.json
2021-11-02 07:40:10.574 | INFO     |  6144 | mycroft.skills.skill_loader:_check_for_first_run:324 | First run of mycroft-stop.mycroftai
2021-11-02 07:40:10.575 | INFO     |  6144 | mycroft.skills.settings:save_settings:116 | Skill settings successfully saved to /home/runner/.config/mycroft/skills/mycroft-stop.mycroftai/settings.json
2021-11-02 07:40:10.596 | INFO     |  6144 | mycroft.skills.skill_loader:_communicate_load_status:344 | Skill mycroft-stop.mycroftai loaded successfully
2021-11-02 07:40:10.597 | INFO     |  6144 | mycroft.skills.skill_loader:load:185 | ATTEMPTING TO LOAD SKILL: mycroft-hello-world.mycroftai
2021-11-02 07:40:10.607 | INFO     |  6144 | mycroft.skills.settings:get_local_settings:83 | /opt/mycroft/skills/mycroft-hello-world.mycroftai/settings.json
2021-11-02 07:40:10.620 | INFO     |  6144 | mycroft.skills.skill_loader:_check_for_first_run:324 | First run of mycroft-hello-world.mycroftai
2021-11-02 07:40:10.621 | INFO     |  6144 | mycroft.skills.settings:save_settings:116 | Skill settings successfully saved to /home/runner/.config/mycroft/skills/mycroft-hello-world.mycroftai/settings.json
2021-11-02 07:40:10.662 | INFO     |  6144 | mycroft.skills.skill_loader:_communicate_load_status:344 | Skill mycroft-hello-world.mycroftai loaded successfully
2021-11-02 07:40:10.664 | INFO     |  6144 | mycroft.skills.skill_loader:load:185 | ATTEMPTING TO LOAD SKILL: mycroft-date-time.mycroftai
2021-11-02 07:40:11.284 | INFO     |  6144 | mycroft.skills.settings:get_local_settings:83 | /opt/mycroft/skills/mycroft-date-time.mycroftai/settings.json
2021-11-02 07:40:11.323 | INFO     |  6144 | TimeSkill | Registering resting screen <bound method TimeSkill.handle_idle of <mycroft-date-time_mycroftai.TimeSkill object at 0x7f1414cb7e90>> for Time and Date.
2021-11-02 07:40:11.337 | INFO     |  6144 | TimeSkill | Registering resting screen
2021-11-02 07:40:11.339 | INFO     |  6144 | mycroft.skills.skill_loader:_check_for_first_run:324 | First run of mycroft-date-time.mycroftai
2021-11-02 07:40:11.352 | INFO     |  6144 | mycroft.skills.settings:save_settings:116 | Skill settings successfully saved to /home/runner/.config/mycroft/skills/mycroft-date-time.mycroftai/settings.json
2021-11-02 07:40:11.355 | INFO     |  6144 | mycroft.skills.skill_loader:_communicate_load_status:344 | Skill mycroft-date-time.mycroftai loaded successfully
2021-11-02 07:40:11.356 | INFO     |  6144 | mycroft.skills.skill_loader:load:185 | ATTEMPTING TO LOAD SKILL: mycroft-configuration.mycroftai
2021-11-02 07:40:11.367 | INFO     |  6144 | mycroft.skills.settings:get_local_settings:83 | /opt/mycroft/skills/mycroft-configuration.mycroftai/settings.json
2021-11-02 07:40:11.412 | INFO     |  6144 | mycroft.skills.skill_loader:_check_for_first_run:324 | First run of mycroft-configuration.mycroftai
2021-11-02 07:40:11.413 | INFO     |  6144 | mycroft.skills.settings:save_settings:116 | Skill settings successfully saved to /home/runner/.config/mycroft/skills/mycroft-configuration.mycroftai/settings.json
2021-11-02 07:40:11.414 | INFO     |  6144 | mycroft.skills.skill_loader:_communicate_load_status:344 | Skill mycroft-configuration.mycroftai loaded successfully
2021-11-02 07:40:11.415 | INFO     |  6144 | mycroft.skills.skill_loader:load:185 | ATTEMPTING TO LOAD SKILL: fallback-query.mycroftai
2021-11-02 07:40:11.431 | INFO     |  6144 | mycroft.skills.settings:get_local_settings:83 | /opt/mycroft/skills/fallback-query.mycroftai/settings.json
2021-11-02 07:40:11.479 | INFO     |  6144 | mycroft.skills.skill_loader:_check_for_first_run:324 | First run of fallback-query.mycroftai
2021-11-02 07:40:11.480 | INFO     |  6144 | mycroft.skills.settings:save_settings:116 | Skill settings successfully saved to /home/runner/.config/mycroft/skills/fallback-query.mycroftai/settings.json
2021-11-02 07:40:11.481 | INFO     |  6144 | mycroft.skills.skill_loader:_communicate_load_status:344 | Skill fallback-query.mycroftai loaded successfully
2021-11-02 07:40:11.482 | INFO     |  6144 | mycroft.skills.skill_loader:load:185 | ATTEMPTING TO LOAD SKILL: mycroft-personal.mycroftai
2021-11-02 07:40:11.491 | INFO     |  6144 | mycroft.skills.settings:get_local_settings:83 | /opt/mycroft/skills/mycroft-personal.mycroftai/settings.json
2021-11-02 07:40:11.507 | INFO     |  6144 | mycroft.skills.skill_loader:_check_for_first_run:324 | First run of mycroft-personal.mycroftai
2021-11-02 07:40:11.507 | INFO     |  6144 | mycroft.skills.settings:save_settings:116 | Skill settings successfully saved to /home/runner/.config/mycroft/skills/mycroft-personal.mycroftai/settings.json
2021-11-02 07:40:11.509 | INFO     |  6144 | mycroft.skills.skill_loader:_communicate_load_status:344 | Skill mycroft-personal.mycroftai loaded successfully
2021-11-02 07:40:11.510 | INFO     |  6144 | mycroft.skills.skill_loader:load:185 | ATTEMPTING TO LOAD SKILL: fallback-wolfram-alpha.mycroftai
2021-11-02 07:40:11.608 | INFO     |  6144 | mycroft.skills.settings:get_local_settings:83 | /opt/mycroft/skills/fallback-wolfram-alpha.mycroftai/settings.json
2021-11-02 07:40:11.630 | INFO     |  6144 | mycroft.skills.skill_loader:_check_for_first_run:324 | First run of fallback-wolfram-alpha.mycroftai
2021-11-02 07:40:11.631 | INFO     |  6144 | mycroft.skills.settings:save_settings:116 | Skill settings successfully saved to /home/runner/.config/mycroft/skills/fallback-wolfram-alpha.mycroftai/settings.json
2021-11-02 07:40:11.633 | INFO     |  6144 | mycroft.skills.skill_loader:_communicate_load_status:344 | Skill fallback-wolfram-alpha.mycroftai loaded successfully
2021-11-02 07:40:11.633 | INFO     |  6144 | mycroft.skills.skill_loader:load:185 | ATTEMPTING TO LOAD SKILL: mycroft-wiki.mycroftai
2021-11-02 07:40:11.655 | INFO     |  6144 | mycroft.skills.settings:get_local_settings:83 | /opt/mycroft/skills/mycroft-wiki.mycroftai/settings.json
2021-11-02 07:40:11.695 | INFO     |  6144 | mycroft.skills.skill_loader:_check_for_first_run:324 | First run of mycroft-wiki.mycroftai
2021-11-02 07:40:11.697 | INFO     |  6144 | mycroft.skills.settings:save_settings:116 | Skill settings successfully saved to /home/runner/.config/mycroft/skills/mycroft-wiki.mycroftai/settings.json
2021-11-02 07:40:11.703 | INFO     |  6144 | mycroft.skills.skill_loader:_communicate_load_status:344 | Skill mycroft-wiki.mycroftai loaded successfully
2021-11-02 07:40:11.704 | INFO     |  6144 | mycroft.skills.skill_loader:load:185 | ATTEMPTING TO LOAD SKILL: fallback-unknown.mycroftai
2021-11-02 07:40:11.786 | INFO     |  6144 | mycroft.skills.settings:get_local_settings:83 | /opt/mycroft/skills/fallback-unknown.mycroftai/settings.json
2021-11-02 07:40:11.798 | INFO     |  6144 | mycroft.skills.skill_loader:_check_for_first_run:324 | First run of fallback-unknown.mycroftai
2021-11-02 07:40:11.799 | INFO     |  6144 | mycroft.skills.settings:save_settings:116 | Skill settings successfully saved to /home/runner/.config/mycroft/skills/fallback-unknown.mycroftai/settings.json
2021-11-02 07:40:11.803 | INFO     |  6144 | mycroft.skills.skill_loader:_communicate_load_status:344 | Skill fallback-unknown.mycroftai loaded successfully
2021-11-02 07:40:11.804 | INFO     |  6144 | mycroft.skills.skill_loader:load:185 | ATTEMPTING TO LOAD SKILL: mycroft-playback-control.mycroftai
2021-11-02 07:40:11.822 | INFO     |  6144 | mycroft.skills.settings:get_local_settings:83 | /opt/mycroft/skills/mycroft-playback-control.mycroftai/settings.json
2021-11-02 07:40:11.918 | INFO     |  6144 | mycroft.skills.skill_loader:_check_for_first_run:324 | First run of mycroft-playback-control.mycroftai
2021-11-02 07:40:11.918 | INFO     |  6144 | mycroft.skills.settings:save_settings:116 | Skill settings successfully saved to /home/runner/.config/mycroft/skills/mycroft-playback-control.mycroftai/settings.json
2021-11-02 07:40:11.927 | INFO     |  6144 | mycroft.skills.skill_loader:_communicate_load_status:344 | Skill mycroft-playback-control.mycroftai loaded successfully
2021-11-02 07:40:11.927 | INFO     |  6144 | mycroft.skills.skill_manager:_load_on_startup:275 | Skills all loaded!
2021-11-02 07:40:12.006 | INFO     |  6144 | __main__:on_ready:185 | Skills service is ready.
2021-11-02 07:40:12.158 | INFO     |  6144 | mycroft.skills.intent_services.padatious_service:train:151 | Training... (single_thread=False)
Regenerated mycroft-alarm.mycroftai:{daytype}.
Regenerated mycroft-reminder.mycroftai:SnoozeReminder.intent.
Regenerated mycroft-installer.mycroftai:install.custom.intent.
Regenerated mycroft-installer.mycroftai:install.intent.
Regenerated mycroft-installer.mycroftai:is.installed.intent.
Regenerated mycroft-installer.mycroftai:install.beta.intent.
Regenerated mycroft-installer.mycroftai:list.skills.intent.
Regenerated mycroft-installer.mycroftai:remove.intent.
Regenerated mycroft-timer.mycroftai:start.timer.intent.
Regenerated mycroft-timer.mycroftai:timer.status.intent.
Regenerated homeassistant.mycroftai:decrease.light.brightness.intent.
Regenerated homeassistant.mycroftai:set.light.brightness.intent.
Regenerated homeassistant.mycroftai:turn.off.intent.
Regenerated homeassistant.mycroftai:tracker.intent.
Regenerated homeassistant.mycroftai:cover.close.intent.
Regenerated homeassistant.mycroftai:sensor.intent.
Regenerated homeassistant.mycroftai:automation.intent.
Regenerated mycroft-configuration.mycroftai:EnablePreciseDev.intent.
Regenerated mycroft-configuration.mycroftai:WhereAreYou.intent.
Regenerated mycroft-configuration.mycroftai:DisablePreciseDev.intent.
Regenerated mycroft-personal.mycroftai:WhenWereYouBorn.intent.
Regenerated mycroft-personal.mycroftai:WhatAreYou.intent.
Regenerated mycroft-personal.mycroftai:DoYouRhyme.intent.
Regenerated mycroft-personal.mycroftai:WhoAreYou.intent.
Regenerated mycroft-personal.mycroftai:WhoMadeYou.intent.
Regenerated mycroft-reminder.mycroftai:GetRemindersForDay.intent.
Regenerated mycroft-reminder.mycroftai:Reminder.intent.
Regenerated mycroft-reminder.mycroftai:ReminderAt.intent.
Regenerated mycroft-reminder.mycroftai:GetNextReminders.intent.
Regenerated mycroft-reminder.mycroftai:ClearReminders.intent.
Regenerated mycroft-reminder.mycroftai:DeleteReminderForDay.intent.
Regenerated mycroft-reminder.mycroftai:UnspecifiedReminderAt.intent.
Regenerated mycroft-reminder.mycroftai:CancelActiveReminder.intent.
Regenerated homeassistant.mycroftai:turn.on.intent.
Regenerated homeassistant.mycroftai:toggle.intent.
Regenerated homeassistant.mycroftai:cover.stop.intent.
Regenerated homeassistant.mycroftai:set.climate.intent.
Regenerated homeassistant.mycroftai:add.item.shopping.list.intent.
Regenerated homeassistant.mycroftai:cover.open.intent.
Regenerated homeassistant.mycroftai:increase.light.brightness.intent.
Regenerated mycroft-alarm.mycroftai:change.alarm.sound.intent.
Regenerated mycroft-alarm.mycroftai:snooze.intent.
Regenerated mycroft-npr-news.mycroftai:PlayTheNews.intent.
Regenerated mycroft-support-helper.mycroftai:contact.support.intent.
Regenerated mycroft-weather.mycroftai:do-i-need-an-umbrella.intent.
Regenerated mycroft-audio-record.mycroftai:StartRecording.intent.
Regenerated mycroft-audio-record.mycroftai:PlayRecording.intent.
Regenerated mycroft-stop.mycroftai:reboot.intent.
Regenerated mycroft-stop.mycroftai:shutdown.intent.
Regenerated mycroft-hello-world.mycroftai:HowAreYou.intent.
Regenerated mycroft-stop.mycroftai:ssh.enable.intent.
Regenerated mycroft-stop.mycroftai:wifi.setup.intent.
Regenerated mycroft-stop.mycroftai:ssh.disable.intent.
Regenerated mycroft-date-time.mycroftai:date.future.weekend.intent.
Regenerated mycroft-date-time.mycroftai:what.time.is.it.intent.
Regenerated mycroft-date-time.mycroftai:date.last.weekend.intent.
Regenerated mycroft-date-time.mycroftai:what.time.will.it.be.intent.
Regenerated mycroft-personal.mycroftai:WhereWereYouBorn.intent.
Regenerated mycroft-personal.mycroftai:DoYouDream.intent.
Regenerated mycroft-wiki.mycroftai:Random.intent.
2021-11-02 07:40:17.285 | INFO     |  6144 | mycroft.skills.intent_services.padatious_service:train:153 | Training complete.
2021-11-02 07:40:24.267 | INFO     |  6144 | mycroft.skills.settings:save_settings:116 | Skill settings successfully saved to /home/runner/.config/mycroft/skills/mycroft-pairing.mycroftai/settings.json
2021-11-02 07:40:24.569 | INFO     |  6144 | mycroft.skills.settings:save_settings:116 | Skill settings successfully saved to /home/runner/.config/mycroft/skills/mycroft-timer.mycroftai/settings.json
2021-11-02 07:40:51.340 | INFO     |  6144 | __main__:on_stopping:193 | Skills service is shutting down...
2021-11-02 07:40:51.341 | INFO     |  6144 | __main__:shutdown:284 | Shutting down Skills service
2021-11-02 07:40:51.361 | ERROR    |  6144 | VolumeSkill | Couldn't allocate mixer, ALSAAudioError('No such file or directory [default]')
2021-11-02 07:40:51.363 | INFO     |  6144 | mycroft.skills.settings:save_settings:116 | Skill settings successfully saved to /home/runner/.config/mycroft/skills/mycroft-volume.mycroftai/settings.json
2021-11-02 07:40:51.372 | INFO     |  6144 | mycroft.skills.settings:save_settings:116 | Skill settings successfully saved to /home/runner/.config/mycroft/skills/mycroft-ip.mycroftai/settings.json
2021-11-02 07:40:51.374 | INFO     |  6144 | mycroft.skills.settings:save_settings:116 | Skill settings successfully saved to /home/runner/.config/mycroft/skills/mycroft-reminder.mycroftai/settings.json
2021-11-02 07:40:51.376 | INFO     |  6144 | mycroft.skills.settings:save_settings:116 | Skill settings successfully saved to /home/runner/.config/mycroft/skills/mycroft-installer.mycroftai/settings.json
2021-11-02 07:40:51.384 | INFO     |  6144 | mycroft.skills.settings:save_settings:116 | Skill settings successfully saved to /home/runner/.config/mycroft/skills/mycroft-version-checker.mycroftai/settings.json
2021-11-02 07:40:51.386 | INFO     |  6144 | mycroft.skills.settings:save_settings:116 | Skill settings successfully saved to /home/runner/.config/mycroft/skills/mycroft-singing.mycroftai/settings.json
2021-11-02 07:40:51.387 | INFO     |  6144 | mycroft.skills.settings:save_settings:116 | Skill settings successfully saved to /home/runner/.config/mycroft/skills/mycroft-joke.mycroftai/settings.json
2021-11-02 07:40:51.390 | INFO     |  6144 | HomeAssistantSkill | Removing all handlers...
2021-11-02 07:40:51.397 | WARNING  |  6144 | mycroft.skills.fallback_skill:remove_fallback:185 | Could not find matching fallback handler
2021-11-02 07:40:51.398 | INFO     |  6144 | mycroft.skills.settings:save_settings:116 | Skill settings successfully saved to /home/runner/.config/mycroft/skills/mycroft-alarm.mycroftai/settings.json
2021-11-02 07:40:51.399 | INFO     |  6144 | mycroft.skills.settings:save_settings:116 | Skill settings successfully saved to /home/runner/.config/mycroft/skills/mycroft-naptime.mycroftai/settings.json
2021-11-02 07:40:51.401 | INFO     |  6144 | mycroft.skills.settings:save_settings:116 | Skill settings successfully saved to /home/runner/.config/mycroft/skills/mycroft-spelling.mycroftai/settings.json
2021-11-02 07:40:51.402 | INFO     |  6144 | mycroft.skills.settings:save_settings:116 | Skill settings successfully saved to /home/runner/.config/mycroft/skills/mycroft-fallback-duck-duck-go.mycroftai/settings.json
2021-11-02 07:40:51.403 | INFO     |  6144 | mycroft.skills.settings:save_settings:116 | Skill settings successfully saved to /home/runner/.config/mycroft/skills/mycroft-npr-news.mycroftai/settings.json
2021-11-02 07:40:51.404 | INFO     |  6144 | mycroft.skills.settings:save_settings:116 | Skill settings successfully saved to /home/runner/.config/mycroft/skills/mycroft-support-helper.mycroftai/settings.json
2021-11-02 07:40:51.413 | INFO     |  6144 | mycroft.skills.settings:save_settings:116 | Skill settings successfully saved to /home/runner/.config/mycroft/skills/mycroft-weather.mycroftai/settings.json
2021-11-02 07:40:51.414 | INFO     |  6144 | mycroft.skills.settings:save_settings:116 | Skill settings successfully saved to /home/runner/.config/mycroft/skills/mycroft-speak.mycroftai/settings.json
2021-11-02 07:40:51.416 | INFO     |  6144 | mycroft.skills.settings:save_settings:116 | Skill settings successfully saved to /home/runner/.config/mycroft/skills/mycroft-audio-record.mycroftai/settings.json
2021-11-02 07:40:51.417 | INFO     |  6144 | mycroft.skills.settings:save_settings:116 | Skill settings successfully saved to /home/runner/.config/mycroft/skills/mycroft-stop.mycroftai/settings.json
2021-11-02 07:40:51.419 | INFO     |  6144 | mycroft.skills.settings:save_settings:116 | Skill settings successfully saved to /home/runner/.config/mycroft/skills/mycroft-hello-world.mycroftai/settings.json
2021-11-02 07:40:51.420 | INFO     |  6144 | mycroft.skills.settings:save_settings:116 | Skill settings successfully saved to /home/runner/.config/mycroft/skills/mycroft-date-time.mycroftai/settings.json
2021-11-02 07:40:51.428 | INFO     |  6144 | mycroft.skills.settings:save_settings:116 | Skill settings successfully saved to /home/runner/.config/mycroft/skills/mycroft-configuration.mycroftai/settings.json
2021-11-02 07:40:51.430 | INFO     |  6144 | QuestionsAnswersSkill | Removing all handlers...
2021-11-02 07:40:51.431 | INFO     |  6144 | mycroft.skills.settings:save_settings:116 | Skill settings successfully saved to /home/runner/.config/mycroft/skills/fallback-query.mycroftai/settings.json
2021-11-02 07:40:51.432 | INFO     |  6144 | mycroft.skills.settings:save_settings:116 | Skill settings successfully saved to /home/runner/.config/mycroft/skills/mycroft-personal.mycroftai/settings.json
2021-11-02 07:40:51.434 | INFO     |  6144 | mycroft.skills.settings:save_settings:116 | Skill settings successfully saved to /home/runner/.config/mycroft/skills/fallback-wolfram-alpha.mycroftai/settings.json
2021-11-02 07:40:51.443 | INFO     |  6144 | mycroft.skills.settings:save_settings:116 | Skill settings successfully saved to /home/runner/.config/mycroft/skills/mycroft-wiki.mycroftai/settings.json
2021-11-02 07:40:51.443 | INFO     |  6144 | UnknownSkill | Removing all handlers...
2021-11-02 07:40:51.444 | INFO     |  6144 | mycroft.skills.settings:save_settings:116 | Skill settings successfully saved to /home/runner/.config/mycroft/skills/fallback-unknown.mycroftai/settings.json
2021-11-02 07:40:51.445 | INFO     |  6144 | mycroft.skills.settings:save_settings:116 | Skill settings successfully saved to /home/runner/.config/mycroft/skills/mycroft-playback-control.mycroftai/settings.json
2021-11-02 07:40:52.446 | INFO     |  6144 | Playback Control Skill | Audio service status: {}
2021-11-02 07:40:53.447 | WARNING  |  6144 | mycroft.skills.skill_manager:_shutdown_skill:106 | mycroft-playback-control.mycroftai shutdown took 2.002072138000017 seconds
2021-11-02 07:40:53.448 | INFO     |  6144 | __main__:shutdown:291 | Skills service shutdown complete!
2021-11-02 07:40:53.945 | ERROR    |  6144 | websocket | error from callback <bound method MessageBusClient.on_message of <mycroft.messagebus.client.client.MessageBusClient object at 0x7f1436392850>>: cannot schedule new futures after shutdown
2021-11-02 07:40:53.946 | ERROR    |  6144 | mycroft_bus_client.client.client | === RuntimeError('cannot schedule new futures after shutdown') ===
Traceback (most recent call last):
  File "/opt/mycroft-core/.venv/lib/python3.7/site-packages/websocket/_app.py", line 407, in _callback
    callback(self, *args)
  File "/opt/mycroft-core/.venv/lib/python3.7/site-packages/mycroft_bus_client/client/client.py", line 182, in on_message
    self.emitter.emit('message', message)
  File "/opt/mycroft-core/.venv/lib/python3.7/site-packages/pyee/_base.py", line 113, in emit
    handled = self._call_handlers(event, args, kwargs)
  File "/opt/mycroft-core/.venv/lib/python3.7/site-packages/pyee/_base.py", line 96, in _call_handlers
    self._emit_run(f, args, kwargs)
  File "/opt/mycroft-core/.venv/lib/python3.7/site-packages/pyee/_executor.py", line 50, in _emit_run
    future = self._executor.submit(f, *args, **kwargs)
  File "/opt/hostedtoolcache/Python/3.7.12/x64/lib/python3.7/concurrent/futures/thread.py", line 163, in submit
    raise RuntimeError('cannot schedule new futures after shutdown')
RuntimeError: cannot schedule new futures after shutdown
2021-11-02 07:40:53.947 | ERROR    |  6144 | mycroft_bus_client.client.client | Exception closing websocket: RuntimeError('cannot schedule new futures after shutdown')
2021-11-02 07:40:53.947 | WARNING  |  6144 | mycroft_bus_client.client.client | Message Bus Client will reconnect in 5.0 seconds.
