2022-03-17 21:30:34.043 | INFO     |  4727 | mycroft.messagebus.load_config:load_message_bus_config:33 | Loading message bus configs
2022-03-17 21:30:34.057 | INFO     |  4727 | mycroft_bus_client.client.client | Connected
2022-03-17 21:30:34.066 | INFO     |  4727 | mycroft.util.process_utils:start_message_bus_client:155 | Connected to messagebus
2022-03-17 21:30:34.070 | INFO     |  4727 | mycroft.skills.msm_wrapper:create_msm:96 | Acquiring lock to instantiate MSM
2022-03-17 21:30:36.025 | INFO     |  4727 | msm.mycroft_skills_manager | building SkillEntry objects for all skills
2022-03-17 21:30:36.412 | INFO     |  4727 | mycroft.skills.msm_wrapper:create_msm:112 | Releasing MSM instantiation lock.
2022-03-17 21:30:36.413 | INFO     |  4727 | mycroft.skills.skill_updater:_log_next_download_time:267 | Next scheduled skill update: 2022-03-17 21:30:35.412890
2022-03-17 21:30:36.413 | INFO     |  4727 | msm.skill_entry | Downloading skill: https://github.com/mycroftai/skill-pairing
2022-03-17 21:30:36.785 | INFO     |  4727 | msm.skill_entry | Installing system requirements...
2022-03-17 21:30:36.814 | INFO     |  4727 | msm.skill_entry | Successfully installed mycroft-pairing
2022-03-17 21:30:36.814 | INFO     |  4727 | msm.mycroft_skills_manager | invalidating skills cache
2022-03-17 21:30:36.816 | INFO     |  4727 | mycroft.skills.skill_loader:load:185 | ATTEMPTING TO LOAD SKILL: mycroft-pairing.mycroftai
2022-03-17 21:30:36.827 | INFO     |  4727 | mycroft.skills.settings:get_local_settings:83 | /opt/mycroft/skills/mycroft-pairing.mycroftai/settings.json
2022-03-17 21:30:36.839 | INFO     |  4727 | mycroft.skills.skill_loader:_check_for_first_run:324 | First run of mycroft-pairing.mycroftai
2022-03-17 21:30:36.840 | INFO     |  4727 | mycroft.skills.settings:save_settings:116 | Skill settings successfully saved to /home/runner/.config/mycroft/skills/mycroft-pairing.mycroftai/settings.json
2022-03-17 21:30:36.847 | INFO     |  4727 | mycroft.skills.skill_loader:_communicate_load_status:344 | Skill mycroft-pairing.mycroftai loaded successfully
2022-03-17 21:30:36.847 | INFO     |  4727 | msm.skill_entry | Downloading skill: https://github.com/mycroftai/skill-volume
2022-03-17 21:30:37.279 | INFO     |  4727 | msm.skill_entry | Installing system requirements...
2022-03-17 21:30:37.291 | INFO     |  4727 | msm.skill_entry | Installing requirements.txt for mycroft-volume
2022-03-17 21:30:38.143 | INFO     |  4727 | msm.skill_entry | Successfully installed mycroft-volume
2022-03-17 21:30:38.143 | INFO     |  4727 | msm.mycroft_skills_manager | invalidating skills cache
2022-03-17 21:30:38.144 | INFO     |  4727 | mycroft.skills.skill_loader:load:185 | ATTEMPTING TO LOAD SKILL: mycroft-volume.mycroftai
2022-03-17 21:30:38.152 | INFO     |  4727 | mycroft.skills.settings:get_local_settings:83 | /opt/mycroft/skills/mycroft-volume.mycroftai/settings.json
2022-03-17 21:30:38.243 | ERROR    |  4727 | VolumeSkill | Couldn't allocate mixer, ALSAAudioError('No such file or directory [default]')
2022-03-17 21:30:41.245 | INFO     |  4727 | mycroft.skills.skill_loader:_check_for_first_run:324 | First run of mycroft-volume.mycroftai
2022-03-17 21:30:41.245 | INFO     |  4727 | mycroft.skills.settings:save_settings:116 | Skill settings successfully saved to /home/runner/.config/mycroft/skills/mycroft-volume.mycroftai/settings.json
2022-03-17 21:30:41.246 | INFO     |  4727 | mycroft.skills.skill_loader:_communicate_load_status:344 | Skill mycroft-volume.mycroftai loaded successfully
2022-03-17 21:30:41.247 | INFO     |  4727 | __main__:on_started:177 | Skills service is starting up.
2022-03-17 21:30:41.314 | INFO     |  4727 | __main__:_update_system:154 | Attempting system update...
2022-03-17 21:30:44.378 | INFO     |  4727 | mycroft.enclosure.display_manager:_write_data:70 | Display Manager is creating /tmp/mycroft/ipc/managers/disp_info
2022-03-17 21:30:44.379 | INFO     |  4727 | __main__:_ensure_device_is_paired:133 | Device not paired, invoking the pairing skill
2022-03-17 21:30:44.394 | INFO     |  4727 | __main__:on_alive:181 | Skills service is alive.
2022-03-17 21:30:44.437 | INFO     |  4727 | msm.mycroft_skills_manager | building SkillEntry objects for all skills
2022-03-17 21:30:44.619 | INFO     |  4727 | PairingSkill | Communicating account URL to user
2022-03-17 21:30:45.317 | WARNING  |  4727 | msm.mycroft_skills_manager | No such default skill: mycroft-pandora
2022-03-17 21:30:45.318 | INFO     |  4727 | mycroft.skills.skill_manager:run:234 | Not all default skills are installed, performing skill update...
2022-03-17 21:30:45.319 | INFO     |  4727 | mycroft.skills.skill_updater:update_skills:149 | Beginning skill update...
2022-03-17 21:30:45.382 | INFO     |  4727 | msm.mycroft_skills_manager | building SkillEntry objects for all skills
2022-03-17 21:30:45.582 | INFO     |  4727 | msm.mycroft_skills_manager | invalidating skills cache
2022-03-17 21:30:45.606 | INFO     |  4727 | msm.skill_entry | Downloading skill: https://github.com/mycroftai/fallback-unknown
2022-03-17 21:30:45.632 | INFO     |  4727 | msm.skill_entry | Downloading skill: https://github.com/mycroftai/skill-audio-record
2022-03-17 21:30:45.634 | INFO     |  4727 | msm.skill_entry | Downloading skill: https://github.com/mycroftai/skill-alarm
2022-03-17 21:30:45.651 | INFO     |  4727 | msm.skill_entry | Downloading skill: https://github.com/mycroftai/skill-date-time
2022-03-17 21:30:45.655 | INFO     |  4727 | msm.skill_entry | Downloading skill: https://github.com/mycroftai/skill-configuration
2022-03-17 21:30:45.665 | INFO     |  4727 | msm.skill_entry | Downloading skill: https://github.com/mycroftai/fallback-duckduckgo
2022-03-17 21:30:45.692 | INFO     |  4727 | msm.skill_entry | Downloading skill: https://github.com/mycroftai/skill-hello-world
2022-03-17 21:30:45.693 | INFO     |  4727 | msm.skill_entry | Downloading skill: https://github.com/mycroftai/skill-installer
2022-03-17 21:30:45.694 | INFO     |  4727 | msm.skill_entry | Downloading skill: https://github.com/mycroftai/skill-ip
2022-03-17 21:30:45.695 | INFO     |  4727 | msm.skill_entry | Downloading skill: https://github.com/mycroftai/skill-joke
2022-03-17 21:30:45.707 | INFO     |  4727 | msm.skill_entry | Downloading skill: https://github.com/mycroftai/skill-npr-news
2022-03-17 21:30:45.707 | INFO     |  4727 | msm.skill_entry | Downloading skill: https://github.com/mycroftai/fallback-wolfram-alpha
2022-03-17 21:30:45.709 | INFO     |  4727 | msm.skill_entry | Downloading skill: https://github.com/mycroftai/skill-personal
2022-03-17 21:30:45.710 | INFO     |  4727 | msm.skill_entry | Downloading skill: https://github.com/mycroftai/skill-playback-control
2022-03-17 21:30:45.710 | INFO     |  4727 | msm.skill_entry | Downloading skill: https://github.com/mycroftai/skill-reminder
2022-03-17 21:30:45.713 | INFO     |  4727 | msm.skill_entry | Downloading skill: https://github.com/mycroftai/skill-singing
2022-03-17 21:30:45.716 | INFO     |  4727 | msm.skill_entry | Downloading skill: https://github.com/mycroftai/skill-naptime
2022-03-17 21:30:46.849 | INFO     |  4727 | msm.skill_entry | Installing system requirements...
2022-03-17 21:30:46.935 | INFO     |  4727 | msm.skill_entry | Installing system requirements...
2022-03-17 21:30:46.982 | INFO     |  4727 | msm.skill_entry | Installing requirements.txt for mycroft-audio-record
2022-03-17 21:30:47.034 | INFO     |  4727 | msm.skill_entry | Installing requirements.txt for mycroft-fallback-duck-duck-go
2022-03-17 21:30:47.154 | INFO     |  4727 | msm.skill_entry | Installing system requirements...
2022-03-17 21:30:47.199 | INFO     |  4727 | msm.skill_entry | Successfully installed fallback-unknown
2022-03-17 21:30:47.200 | INFO     |  4727 | msm.mycroft_skills_manager | invalidating skills cache
2022-03-17 21:30:47.201 | INFO     |  4727 | msm.skill_entry | Downloading skill: https://github.com/mycroftai/skill-speak
2022-03-17 21:30:47.240 | ERROR    |  4727 | msm.mycroft_skills_manager | Error running install_or_update on homeassistant.mycroftai: MergeConflict
2022-03-17 21:30:47.251 | INFO     |  4727 | msm.skill_entry | Downloading skill: https://github.com/mycroftai/skill-spelling
2022-03-17 21:30:47.326 | INFO     |  4727 | msm.skill_entry | Nothing new for mycroft-pairing
2022-03-17 21:30:47.359 | INFO     |  4727 | msm.skill_entry | Installing system requirements...
2022-03-17 21:30:47.424 | INFO     |  4727 | msm.skill_entry | Installing system requirements...
2022-03-17 21:30:47.430 | INFO     |  4727 | msm.skill_entry | Installing system requirements...
2022-03-17 21:30:47.491 | INFO     |  4727 | msm.skill_entry | Downloading skill: https://github.com/mycroftai/skill-stop
2022-03-17 21:30:47.514 | INFO     |  4727 | msm.skill_entry | Installing system requirements...
2022-03-17 21:30:47.528 | INFO     |  4727 | msm.skill_entry | Successfully installed mycroft-personal
2022-03-17 21:30:47.529 | INFO     |  4727 | msm.mycroft_skills_manager | invalidating skills cache
2022-03-17 21:30:47.531 | INFO     |  4727 | msm.skill_entry | Downloading skill: https://github.com/mycroftai/skill-support
2022-03-17 21:30:47.534 | INFO     |  4727 | msm.skill_entry | Installing system requirements...
2022-03-17 21:30:47.539 | INFO     |  4727 | msm.skill_entry | Installing system requirements...
2022-03-17 21:30:47.548 | INFO     |  4727 | msm.skill_entry | Installing requirements.txt for mycroft-joke
2022-03-17 21:30:47.628 | INFO     |  4727 | msm.skill_entry | Successfully installed mycroft-hello-world
2022-03-17 21:30:47.628 | INFO     |  4727 | msm.mycroft_skills_manager | invalidating skills cache
2022-03-17 21:30:47.630 | INFO     |  4727 | msm.skill_entry | Downloading skill: https://github.com/mycroftai/mycroft-timer
2022-03-17 21:30:47.651 | INFO     |  4727 | msm.skill_entry | Installing requirements.txt for fallback-wolfram-alpha
2022-03-17 21:30:47.654 | INFO     |  4727 | msm.skill_entry | Successfully installed mycroft-naptime
2022-03-17 21:30:47.655 | INFO     |  4727 | msm.mycroft_skills_manager | invalidating skills cache
2022-03-17 21:30:47.662 | INFO     |  4727 | msm.skill_entry | Downloading skill: https://github.com/mycroftai/skill-weather
2022-03-17 21:30:47.699 | INFO     |  4727 | msm.skill_entry | Installing system requirements...
2022-03-17 21:30:47.702 | INFO     |  4727 | msm.skill_entry | Installing system requirements...
2022-03-17 21:30:47.710 | INFO     |  4727 | msm.skill_entry | Installing system requirements...
2022-03-17 21:30:47.752 | INFO     |  4727 | msm.skill_entry | Installing system requirements...
2022-03-17 21:30:47.844 | INFO     |  4727 | msm.skill_entry | Installing system requirements...
2022-03-17 21:30:47.875 | INFO     |  4727 | msm.skill_entry | Installing requirements.txt for mycroft-npr-news
2022-03-17 21:30:47.883 | INFO     |  4727 | msm.skill_entry | Successfully installed mycroft-playback-control
2022-03-17 21:30:47.884 | INFO     |  4727 | msm.mycroft_skills_manager | invalidating skills cache
2022-03-17 21:30:47.885 | INFO     |  4727 | msm.skill_entry | Downloading skill: https://github.com/mycroftai/skill-version-checker
2022-03-17 21:30:47.890 | INFO     |  4727 | msm.skill_entry | Nothing new for mycroft-volume
2022-03-17 21:30:47.902 | INFO     |  4727 | msm.skill_entry | Installing requirements.txt for mycroft-ip
2022-03-17 21:30:47.904 | INFO     |  4727 | msm.skill_entry | Installing system requirements...
2022-03-17 21:30:47.941 | INFO     |  4727 | msm.skill_entry | Successfully installed mycroft-reminder
2022-03-17 21:30:47.942 | INFO     |  4727 | msm.mycroft_skills_manager | invalidating skills cache
2022-03-17 21:30:47.943 | INFO     |  4727 | msm.skill_entry | Downloading skill: https://github.com/mycroftai/skill-wiki
2022-03-17 21:30:47.974 | INFO     |  4727 | msm.skill_entry | Installing system requirements...
2022-03-17 21:30:48.007 | INFO     |  4727 | msm.skill_entry | Installing requirements.txt for mycroft-configuration
2022-03-17 21:30:48.028 | INFO     |  4727 | msm.skill_entry | Installing system requirements...
2022-03-17 21:30:48.067 | INFO     |  4727 | msm.skill_entry | Installing requirements.txt for mycroft-date-time
2022-03-17 21:30:48.162 | INFO     |  4727 | msm.skill_entry | Installing requirements.txt for mycroft-installer
2022-03-17 21:30:48.170 | INFO     |  4727 | msm.skill_entry | Installing requirements.txt for mycroft-volume
2022-03-17 21:30:48.174 | INFO     |  4727 | msm.skill_entry | Installing system requirements...
2022-03-17 21:30:48.214 | INFO     |  4727 | msm.skill_entry | Installing system requirements...
2022-03-17 21:30:48.219 | INFO     |  4727 | msm.skill_entry | Installing system requirements...
2022-03-17 21:30:48.250 | INFO     |  4727 | msm.skill_entry | Successfully installed mycroft-speak
2022-03-17 21:30:48.250 | INFO     |  4727 | msm.mycroft_skills_manager | invalidating skills cache
2022-03-17 21:30:48.252 | INFO     |  4727 | msm.skill_entry | Downloading skill: https://github.com/MycroftAI/skill-query
2022-03-17 21:30:48.301 | INFO     |  4727 | msm.skill_entry | Successfully installed mycroft-spelling
2022-03-17 21:30:48.302 | INFO     |  4727 | msm.mycroft_skills_manager | invalidating skills cache
2022-03-17 21:30:48.326 | INFO     |  4727 | msm.skill_entry | Installing requirements.txt for mycroft-alarm
2022-03-17 21:30:48.586 | INFO     |  4727 | msm.skill_entry | Installing system requirements...
2022-03-17 21:30:48.591 | INFO     |  4727 | msm.skill_entry | Installing system requirements...
2022-03-17 21:30:48.696 | INFO     |  4727 | msm.skill_entry | Installing requirements.txt for mycroft-support-helper
2022-03-17 21:30:48.701 | INFO     |  4727 | msm.skill_entry | Successfully installed mycroft-stop
2022-03-17 21:30:48.702 | INFO     |  4727 | msm.mycroft_skills_manager | invalidating skills cache
2022-03-17 21:30:48.801 | INFO     |  4727 | msm.skill_entry | Installing system requirements...
2022-03-17 21:30:48.884 | INFO     |  4727 | msm.skill_entry | Successfully installed mycroft-version-checker
2022-03-17 21:30:48.884 | INFO     |  4727 | msm.mycroft_skills_manager | invalidating skills cache
2022-03-17 21:30:48.930 | INFO     |  4727 | msm.skill_entry | Installing system requirements...
2022-03-17 21:30:48.966 | INFO     |  4727 | msm.skill_entry | Installing system requirements...
2022-03-17 21:30:49.019 | INFO     |  4727 | msm.skill_entry | Installing requirements.txt for mycroft-wiki
2022-03-17 21:30:49.042 | ERROR    |  4727 | msm.mycroft_skills_manager | Error running install_or_update on homeassistant: MergeConflict
2022-03-17 21:30:49.054 | INFO     |  4727 | msm.skill_entry | Successfully installed fallback-query
2022-03-17 21:30:49.054 | INFO     |  4727 | msm.mycroft_skills_manager | invalidating skills cache
2022-03-17 21:30:49.098 | INFO     |  4727 | msm.skill_entry | Installing system requirements...
2022-03-17 21:30:49.155 | INFO     |  4727 | msm.skill_entry | Successfully installed mycroft-timer
2022-03-17 21:30:49.155 | INFO     |  4727 | msm.mycroft_skills_manager | invalidating skills cache
2022-03-17 21:30:49.349 | INFO     |  4727 | msm.skill_entry | Installing system requirements...
2022-03-17 21:30:49.387 | INFO     |  4727 | msm.skill_entry | Installing requirements.txt for mycroft-weather
2022-03-17 21:30:49.576 | INFO     |  4727 | msm.skill_entry | Installing system requirements...
2022-03-17 21:30:49.596 | INFO     |  4727 | msm.skill_entry | Successfully installed mycroft-singing
2022-03-17 21:30:49.599 | INFO     |  4727 | msm.mycroft_skills_manager | invalidating skills cache
2022-03-17 21:30:49.892 | INFO     |  4727 | msm.skill_entry | Successfully installed mycroft-audio-record
2022-03-17 21:30:49.892 | INFO     |  4727 | msm.mycroft_skills_manager | invalidating skills cache
2022-03-17 21:30:50.984 | INFO     |  4727 | msm.skill_entry | Successfully installed mycroft-fallback-duck-duck-go
2022-03-17 21:30:50.984 | INFO     |  4727 | msm.mycroft_skills_manager | invalidating skills cache
2022-03-17 21:30:52.035 | INFO     |  4727 | msm.skill_entry | Successfully installed mycroft-joke
2022-03-17 21:30:52.035 | INFO     |  4727 | msm.mycroft_skills_manager | invalidating skills cache
2022-03-17 21:30:57.039 | INFO     |  4727 | msm.skill_entry | Successfully installed fallback-wolfram-alpha
2022-03-17 21:30:57.039 | INFO     |  4727 | msm.mycroft_skills_manager | invalidating skills cache
2022-03-17 21:31:02.330 | INFO     |  4727 | msm.skill_entry | Successfully installed mycroft-npr-news
2022-03-17 21:31:02.330 | INFO     |  4727 | msm.mycroft_skills_manager | invalidating skills cache
2022-03-17 21:31:03.182 | INFO     |  4727 | msm.skill_entry | Successfully installed mycroft-ip
2022-03-17 21:31:03.182 | INFO     |  4727 | msm.mycroft_skills_manager | invalidating skills cache
2022-03-17 21:31:07.843 | INFO     |  4727 | msm.skill_entry | Successfully installed mycroft-configuration
2022-03-17 21:31:07.843 | INFO     |  4727 | msm.mycroft_skills_manager | invalidating skills cache
2022-03-17 21:31:14.934 | INFO     |  4727 | PairingSkill | Initiating device pairing sequence...
2022-03-17 21:31:14.934 | INFO     |  4727 | PairingSkill | Retrieving pairing code from device API...
2022-03-17 21:31:15.107 | INFO     |  4727 | PairingSkill | Pairing code obtained: J4X3J3
2022-03-17 21:31:15.107 | INFO     |  4727 | PairingSkill | Communicating pairing URL to user
2022-03-17 21:31:34.076 | INFO     |  4727 | msm.skill_entry | Successfully installed mycroft-date-time
2022-03-17 21:31:34.076 | INFO     |  4727 | msm.mycroft_skills_manager | invalidating skills cache
2022-03-17 21:31:34.995 | INFO     |  4727 | msm.skill_entry | Successfully installed mycroft-installer
2022-03-17 21:31:34.995 | INFO     |  4727 | msm.mycroft_skills_manager | invalidating skills cache
2022-03-17 21:31:36.794 | INFO     |  4727 | msm.skill_entry | Successfully installed mycroft-alarm
2022-03-17 21:31:36.794 | INFO     |  4727 | msm.mycroft_skills_manager | invalidating skills cache
2022-03-17 21:31:38.792 | INFO     |  4727 | msm.skill_entry | Successfully installed mycroft-support-helper
2022-03-17 21:31:38.792 | INFO     |  4727 | msm.mycroft_skills_manager | invalidating skills cache
2022-03-17 21:31:43.077 | INFO     |  4727 | msm.skill_entry | Successfully installed mycroft-wiki
2022-03-17 21:31:43.078 | INFO     |  4727 | msm.mycroft_skills_manager | invalidating skills cache
2022-03-17 21:31:44.037 | INFO     |  4727 | msm.skill_entry | Successfully installed mycroft-weather
2022-03-17 21:31:44.038 | INFO     |  4727 | msm.mycroft_skills_manager | invalidating skills cache
2022-03-17 21:31:44.046 | INFO     |  4727 | mycroft.skills.skill_updater:_log_next_download_time:267 | Next scheduled skill update: 2022-03-17 22:31:44.045836
2022-03-17 21:31:44.046 | INFO     |  4727 | mycroft.skills.skill_updater:update_skills:170 | Skill update complete
2022-03-17 21:31:44.046 | INFO     |  4727 | mycroft.skills.skill_manager:_load_on_startup:273 | Loading installed skills...
2022-03-17 21:31:44.048 | INFO     |  4727 | mycroft.skills.skill_loader:load:185 | ATTEMPTING TO LOAD SKILL: mycroft-joke.mycroftai
2022-03-17 21:31:44.054 | INFO     |  4727 | mycroft.skills.settings:get_local_settings:83 | /opt/mycroft/skills/mycroft-joke.mycroftai/settings.json
2022-03-17 21:31:44.063 | INFO     |  4727 | mycroft.skills.skill_loader:_check_for_first_run:324 | First run of mycroft-joke.mycroftai
2022-03-17 21:31:44.064 | INFO     |  4727 | mycroft.skills.settings:save_settings:116 | Skill settings successfully saved to /home/runner/.config/mycroft/skills/mycroft-joke.mycroftai/settings.json
2022-03-17 21:31:44.065 | INFO     |  4727 | mycroft.skills.skill_loader:_communicate_load_status:344 | Skill mycroft-joke.mycroftai loaded successfully
2022-03-17 21:31:44.066 | INFO     |  4727 | mycroft.skills.skill_loader:load:185 | ATTEMPTING TO LOAD SKILL: mycroft-alarm.mycroftai
2022-03-17 21:31:44.081 | INFO     |  4727 | mycroft.skills.settings:get_local_settings:83 | /opt/mycroft/skills/mycroft-alarm.mycroftai/settings.json
2022-03-17 21:31:44.081 | ERROR    |  4727 | AlarmSkill | Couldn't allocate mixer, ALSAAudioError('No such file or directory [default]')
2022-03-17 21:31:44.110 | INFO     |  4727 | mycroft.skills.skill_loader:_check_for_first_run:324 | First run of mycroft-alarm.mycroftai
2022-03-17 21:31:44.111 | INFO     |  4727 | mycroft.skills.settings:save_settings:116 | Skill settings successfully saved to /home/runner/.config/mycroft/skills/mycroft-alarm.mycroftai/settings.json
2022-03-17 21:31:44.111 | INFO     |  4727 | mycroft.skills.skill_loader:_communicate_load_status:344 | Skill mycroft-alarm.mycroftai loaded successfully
2022-03-17 21:31:44.112 | INFO     |  4727 | mycroft.skills.skill_loader:load:185 | ATTEMPTING TO LOAD SKILL: mycroft-version-checker.mycroftai
2022-03-17 21:31:44.116 | INFO     |  4727 | mycroft.skills.settings:get_local_settings:83 | /opt/mycroft/skills/mycroft-version-checker.mycroftai/settings.json
2022-03-17 21:31:44.129 | INFO     |  4727 | mycroft.skills.skill_loader:_check_for_first_run:324 | First run of mycroft-version-checker.mycroftai
2022-03-17 21:31:44.130 | INFO     |  4727 | mycroft.skills.settings:save_settings:116 | Skill settings successfully saved to /home/runner/.config/mycroft/skills/mycroft-version-checker.mycroftai/settings.json
2022-03-17 21:31:44.131 | INFO     |  4727 | mycroft.skills.skill_loader:_communicate_load_status:344 | Skill mycroft-version-checker.mycroftai loaded successfully
2022-03-17 21:31:44.131 | INFO     |  4727 | mycroft.skills.skill_loader:load:185 | ATTEMPTING TO LOAD SKILL: mycroft-timer.mycroftai
2022-03-17 21:31:44.151 | INFO     |  4727 | mycroft.skills.settings:get_local_settings:83 | /opt/mycroft/skills/mycroft-timer.mycroftai/settings.json
2022-03-17 21:31:44.202 | INFO     |  4727 | mycroft.skills.skill_loader:_check_for_first_run:324 | First run of mycroft-timer.mycroftai
2022-03-17 21:31:44.203 | INFO     |  4727 | mycroft.skills.settings:save_settings:116 | Skill settings successfully saved to /home/runner/.config/mycroft/skills/mycroft-timer.mycroftai/settings.json
2022-03-17 21:31:44.204 | INFO     |  4727 | mycroft.skills.skill_loader:_communicate_load_status:344 | Skill mycroft-timer.mycroftai loaded successfully
2022-03-17 21:31:44.205 | INFO     |  4727 | mycroft.skills.skill_loader:load:185 | ATTEMPTING TO LOAD SKILL: mycroft-playback-control.mycroftai
2022-03-17 21:31:44.209 | INFO     |  4727 | mycroft.skills.settings:get_local_settings:83 | /opt/mycroft/skills/mycroft-playback-control.mycroftai/settings.json
2022-03-17 21:31:44.226 | INFO     |  4727 | mycroft.skills.skill_loader:_check_for_first_run:324 | First run of mycroft-playback-control.mycroftai
2022-03-17 21:31:44.227 | INFO     |  4727 | mycroft.skills.settings:save_settings:116 | Skill settings successfully saved to /home/runner/.config/mycroft/skills/mycroft-playback-control.mycroftai/settings.json
2022-03-17 21:31:44.228 | INFO     |  4727 | mycroft.skills.skill_loader:_communicate_load_status:344 | Skill mycroft-playback-control.mycroftai loaded successfully
2022-03-17 21:31:44.228 | INFO     |  4727 | mycroft.skills.skill_loader:load:185 | ATTEMPTING TO LOAD SKILL: mycroft-hello-world.mycroftai
2022-03-17 21:31:44.231 | INFO     |  4727 | mycroft.skills.settings:get_local_settings:83 | /opt/mycroft/skills/mycroft-hello-world.mycroftai/settings.json
2022-03-17 21:31:44.239 | INFO     |  4727 | mycroft.skills.skill_loader:_check_for_first_run:324 | First run of mycroft-hello-world.mycroftai
2022-03-17 21:31:44.240 | INFO     |  4727 | mycroft.skills.settings:save_settings:116 | Skill settings successfully saved to /home/runner/.config/mycroft/skills/mycroft-hello-world.mycroftai/settings.json
2022-03-17 21:31:44.240 | INFO     |  4727 | mycroft.skills.skill_loader:_communicate_load_status:344 | Skill mycroft-hello-world.mycroftai loaded successfully
2022-03-17 21:31:44.241 | INFO     |  4727 | mycroft.skills.skill_loader:load:185 | ATTEMPTING TO LOAD SKILL: mycroft-singing.mycroftai
2022-03-17 21:31:44.244 | INFO     |  4727 | mycroft.skills.settings:get_local_settings:83 | /opt/mycroft/skills/mycroft-singing.mycroftai/settings.json
2022-03-17 21:31:44.251 | INFO     |  4727 | mycroft.skills.skill_loader:_check_for_first_run:324 | First run of mycroft-singing.mycroftai
2022-03-17 21:31:44.251 | INFO     |  4727 | mycroft.skills.settings:save_settings:116 | Skill settings successfully saved to /home/runner/.config/mycroft/skills/mycroft-singing.mycroftai/settings.json
2022-03-17 21:31:44.252 | INFO     |  4727 | mycroft.skills.skill_loader:_communicate_load_status:344 | Skill mycroft-singing.mycroftai loaded successfully
2022-03-17 21:31:44.253 | INFO     |  4727 | mycroft.skills.skill_loader:load:185 | ATTEMPTING TO LOAD SKILL: mycroft-speak.mycroftai
2022-03-17 21:31:44.255 | INFO     |  4727 | mycroft.skills.settings:get_local_settings:83 | /opt/mycroft/skills/mycroft-speak.mycroftai/settings.json
2022-03-17 21:31:44.266 | INFO     |  4727 | mycroft.skills.skill_loader:_check_for_first_run:324 | First run of mycroft-speak.mycroftai
2022-03-17 21:31:44.266 | INFO     |  4727 | mycroft.skills.settings:save_settings:116 | Skill settings successfully saved to /home/runner/.config/mycroft/skills/mycroft-speak.mycroftai/settings.json
2022-03-17 21:31:44.267 | INFO     |  4727 | mycroft.skills.skill_loader:_communicate_load_status:344 | Skill mycroft-speak.mycroftai loaded successfully
2022-03-17 21:31:44.267 | INFO     |  4727 | mycroft.skills.skill_loader:load:185 | ATTEMPTING TO LOAD SKILL: fallback-query.mycroftai
2022-03-17 21:31:44.271 | INFO     |  4727 | mycroft.skills.settings:get_local_settings:83 | /opt/mycroft/skills/fallback-query.mycroftai/settings.json
2022-03-17 21:31:44.277 | INFO     |  4727 | mycroft.skills.skill_loader:_check_for_first_run:324 | First run of fallback-query.mycroftai
2022-03-17 21:31:44.277 | INFO     |  4727 | mycroft.skills.settings:save_settings:116 | Skill settings successfully saved to /home/runner/.config/mycroft/skills/fallback-query.mycroftai/settings.json
2022-03-17 21:31:44.278 | INFO     |  4727 | mycroft.skills.skill_loader:_communicate_load_status:344 | Skill fallback-query.mycroftai loaded successfully
2022-03-17 21:31:44.279 | INFO     |  4727 | mycroft.skills.skill_loader:load:185 | ATTEMPTING TO LOAD SKILL: mycroft-fallback-duck-duck-go.mycroftai
2022-03-17 21:31:44.286 | INFO     |  4727 | mycroft.skills.settings:get_local_settings:83 | /opt/mycroft/skills/mycroft-fallback-duck-duck-go.mycroftai/settings.json
2022-03-17 21:31:44.296 | INFO     |  4727 | mycroft.skills.skill_loader:_check_for_first_run:324 | First run of mycroft-fallback-duck-duck-go.mycroftai
2022-03-17 21:31:44.296 | INFO     |  4727 | mycroft.skills.settings:save_settings:116 | Skill settings successfully saved to /home/runner/.config/mycroft/skills/mycroft-fallback-duck-duck-go.mycroftai/settings.json
2022-03-17 21:31:44.297 | INFO     |  4727 | mycroft.skills.skill_loader:_communicate_load_status:344 | Skill mycroft-fallback-duck-duck-go.mycroftai loaded successfully
2022-03-17 21:31:44.298 | INFO     |  4727 | mycroft.skills.skill_loader:load:185 | ATTEMPTING TO LOAD SKILL: mycroft-configuration.mycroftai
2022-03-17 21:31:44.302 | INFO     |  4727 | mycroft.skills.settings:get_local_settings:83 | /opt/mycroft/skills/mycroft-configuration.mycroftai/settings.json
2022-03-17 21:31:44.320 | INFO     |  4727 | mycroft.skills.skill_loader:_check_for_first_run:324 | First run of mycroft-configuration.mycroftai
2022-03-17 21:31:44.322 | INFO     |  4727 | mycroft.skills.settings:save_settings:116 | Skill settings successfully saved to /home/runner/.config/mycroft/skills/mycroft-configuration.mycroftai/settings.json
2022-03-17 21:31:44.323 | INFO     |  4727 | mycroft.skills.skill_loader:_communicate_load_status:344 | Skill mycroft-configuration.mycroftai loaded successfully
2022-03-17 21:31:44.324 | INFO     |  4727 | mycroft.skills.skill_loader:load:185 | ATTEMPTING TO LOAD SKILL: fallback-wolfram-alpha.mycroftai
2022-03-17 21:31:44.354 | INFO     |  4727 | mycroft.skills.settings:get_local_settings:83 | /opt/mycroft/skills/fallback-wolfram-alpha.mycroftai/settings.json
2022-03-17 21:31:44.387 | INFO     |  4727 | mycroft.skills.skill_loader:_check_for_first_run:324 | First run of fallback-wolfram-alpha.mycroftai
2022-03-17 21:31:44.388 | INFO     |  4727 | mycroft.skills.settings:save_settings:116 | Skill settings successfully saved to /home/runner/.config/mycroft/skills/fallback-wolfram-alpha.mycroftai/settings.json
2022-03-17 21:31:44.389 | INFO     |  4727 | mycroft.skills.skill_loader:_communicate_load_status:344 | Skill fallback-wolfram-alpha.mycroftai loaded successfully
2022-03-17 21:31:44.390 | INFO     |  4727 | mycroft.skills.skill_loader:load:185 | ATTEMPTING TO LOAD SKILL: mycroft-date-time.mycroftai
2022-03-17 21:31:44.904 | INFO     |  4727 | mycroft.skills.settings:get_local_settings:83 | /opt/mycroft/skills/mycroft-date-time.mycroftai/settings.json
2022-03-17 21:31:44.951 | INFO     |  4727 | TimeSkill | Registering resting screen <bound method TimeSkill.handle_idle of <mycroft-date-time_mycroftai.TimeSkill object at 0x7f375c5ddb90>> for Time and Date.
2022-03-17 21:31:44.956 | INFO     |  4727 | TimeSkill | Registering resting screen
2022-03-17 21:31:44.965 | INFO     |  4727 | mycroft.skills.skill_loader:_check_for_first_run:324 | First run of mycroft-date-time.mycroftai
2022-03-17 21:31:44.965 | INFO     |  4727 | mycroft.skills.settings:save_settings:116 | Skill settings successfully saved to /home/runner/.config/mycroft/skills/mycroft-date-time.mycroftai/settings.json
2022-03-17 21:31:44.969 | INFO     |  4727 | mycroft.skills.skill_loader:_communicate_load_status:344 | Skill mycroft-date-time.mycroftai loaded successfully
2022-03-17 21:31:44.970 | INFO     |  4727 | mycroft.skills.skill_loader:load:185 | ATTEMPTING TO LOAD SKILL: mycroft-weather.mycroftai
2022-03-17 21:31:45.026 | INFO     |  4727 | mycroft.skills.settings:get_local_settings:83 | /opt/mycroft/skills/mycroft-weather.mycroftai/settings.json
2022-03-17 21:31:45.113 | INFO     |  4727 | mycroft.skills.skill_loader:_check_for_first_run:324 | First run of mycroft-weather.mycroftai
2022-03-17 21:31:45.114 | INFO     |  4727 | mycroft.skills.settings:save_settings:116 | Skill settings successfully saved to /home/runner/.config/mycroft/skills/mycroft-weather.mycroftai/settings.json
2022-03-17 21:31:45.115 | INFO     |  4727 | mycroft.skills.skill_loader:_communicate_load_status:344 | Skill mycroft-weather.mycroftai loaded successfully
2022-03-17 21:31:45.115 | INFO     |  4727 | mycroft.skills.skill_loader:load:185 | ATTEMPTING TO LOAD SKILL: mycroft-audio-record.mycroftai
2022-03-17 21:31:45.121 | INFO     |  4727 | mycroft.skills.settings:get_local_settings:83 | /opt/mycroft/skills/mycroft-audio-record.mycroftai/settings.json
2022-03-17 21:31:45.131 | INFO     |  4727 | mycroft.skills.skill_loader:_check_for_first_run:324 | First run of mycroft-audio-record.mycroftai
2022-03-17 21:31:45.132 | INFO     |  4727 | mycroft.skills.settings:save_settings:116 | Skill settings successfully saved to /home/runner/.config/mycroft/skills/mycroft-audio-record.mycroftai/settings.json
2022-03-17 21:31:45.132 | INFO     |  4727 | mycroft.skills.skill_loader:_communicate_load_status:344 | Skill mycroft-audio-record.mycroftai loaded successfully
2022-03-17 21:31:45.133 | INFO     |  4727 | mycroft.skills.skill_loader:load:185 | ATTEMPTING TO LOAD SKILL: mycroft-wiki.mycroftai
2022-03-17 21:31:45.274 | INFO     |  4727 | mycroft.skills.settings:get_local_settings:83 | /opt/mycroft/skills/mycroft-wiki.mycroftai/settings.json
2022-03-17 21:31:45.294 | INFO     |  4727 | mycroft.skills.skill_loader:_check_for_first_run:324 | First run of mycroft-wiki.mycroftai
2022-03-17 21:31:45.297 | INFO     |  4727 | mycroft.skills.settings:save_settings:116 | Skill settings successfully saved to /home/runner/.config/mycroft/skills/mycroft-wiki.mycroftai/settings.json
2022-03-17 21:31:45.298 | INFO     |  4727 | mycroft.skills.skill_loader:_communicate_load_status:344 | Skill mycroft-wiki.mycroftai loaded successfully
2022-03-17 21:31:45.302 | INFO     |  4727 | mycroft.skills.skill_loader:load:185 | ATTEMPTING TO LOAD SKILL: mycroft-naptime.mycroftai
2022-03-17 21:31:45.311 | INFO     |  4727 | mycroft.skills.settings:get_local_settings:83 | /opt/mycroft/skills/mycroft-naptime.mycroftai/settings.json
2022-03-17 21:31:45.323 | INFO     |  4727 | mycroft.skills.skill_loader:_check_for_first_run:324 | First run of mycroft-naptime.mycroftai
2022-03-17 21:31:45.325 | INFO     |  4727 | mycroft.skills.settings:save_settings:116 | Skill settings successfully saved to /home/runner/.config/mycroft/skills/mycroft-naptime.mycroftai/settings.json
2022-03-17 21:31:45.328 | INFO     |  4727 | mycroft.skills.skill_loader:_communicate_load_status:344 | Skill mycroft-naptime.mycroftai loaded successfully
2022-03-17 21:31:45.328 | INFO     |  4727 | mycroft.skills.skill_loader:load:185 | ATTEMPTING TO LOAD SKILL: mycroft-npr-news.mycroftai
2022-03-17 21:31:45.409 | INFO     |  4727 | mycroft.skills.settings:get_local_settings:83 | /opt/mycroft/skills/mycroft-npr-news.mycroftai/settings.json
2022-03-17 21:31:45.981 | INFO     |  4727 | mycroft.skills.settings:save_settings:116 | Skill settings successfully saved to /home/runner/.config/mycroft/skills/mycroft-pairing.mycroftai/settings.json
2022-03-17 21:31:45.983 | INFO     |  4727 | mycroft.skills.settings:save_settings:116 | Skill settings successfully saved to /home/runner/.config/mycroft/skills/mycroft-timer.mycroftai/settings.json
2022-03-17 21:31:46.440 | INFO     |  4727 | mycroft.skills.skill_loader:_check_for_first_run:324 | First run of mycroft-npr-news.mycroftai
2022-03-17 21:31:46.441 | INFO     |  4727 | mycroft.skills.settings:save_settings:116 | Skill settings successfully saved to /home/runner/.config/mycroft/skills/mycroft-npr-news.mycroftai/settings.json
2022-03-17 21:31:46.446 | INFO     |  4727 | mycroft.skills.skill_loader:_communicate_load_status:344 | Skill mycroft-npr-news.mycroftai loaded successfully
2022-03-17 21:31:46.447 | INFO     |  4727 | mycroft.skills.skill_loader:load:185 | ATTEMPTING TO LOAD SKILL: mycroft-support-helper.mycroftai
2022-03-17 21:31:46.453 | INFO     |  4727 | mycroft.skills.settings:get_local_settings:83 | /opt/mycroft/skills/mycroft-support-helper.mycroftai/settings.json
2022-03-17 21:31:46.461 | INFO     |  4727 | mycroft.skills.skill_loader:_check_for_first_run:324 | First run of mycroft-support-helper.mycroftai
2022-03-17 21:31:46.461 | INFO     |  4727 | mycroft.skills.settings:save_settings:116 | Skill settings successfully saved to /home/runner/.config/mycroft/skills/mycroft-support-helper.mycroftai/settings.json
2022-03-17 21:31:46.464 | INFO     |  4727 | mycroft.skills.skill_loader:_communicate_load_status:344 | Skill mycroft-support-helper.mycroftai loaded successfully
2022-03-17 21:31:46.464 | INFO     |  4727 | mycroft.skills.skill_loader:load:185 | ATTEMPTING TO LOAD SKILL: mycroft-personal.mycroftai
2022-03-17 21:31:46.468 | INFO     |  4727 | mycroft.skills.settings:get_local_settings:83 | /opt/mycroft/skills/mycroft-personal.mycroftai/settings.json
2022-03-17 21:31:46.495 | INFO     |  4727 | mycroft.skills.skill_loader:_check_for_first_run:324 | First run of mycroft-personal.mycroftai
2022-03-17 21:31:46.495 | INFO     |  4727 | mycroft.skills.settings:save_settings:116 | Skill settings successfully saved to /home/runner/.config/mycroft/skills/mycroft-personal.mycroftai/settings.json
2022-03-17 21:31:46.498 | INFO     |  4727 | mycroft.skills.skill_loader:_communicate_load_status:344 | Skill mycroft-personal.mycroftai loaded successfully
2022-03-17 21:31:46.499 | INFO     |  4727 | mycroft.skills.skill_loader:load:185 | ATTEMPTING TO LOAD SKILL: homeassistant.mycroftai
2022-03-17 21:31:46.635 | INFO     |  4727 | mycroft.skills.settings:get_local_settings:83 | /opt/mycroft/skills/homeassistant.mycroftai/settings.json
2022-03-17 21:31:46.636 | INFO     |  4727 | mycroft.skills.settings:get_local_settings:83 | /opt/mycroft/skills/homeassistant.mycroftai/settings.json
2022-03-17 21:31:46.742 | INFO     |  4727 | mycroft.skills.skill_loader:_communicate_load_status:344 | Skill homeassistant.mycroftai loaded successfully
2022-03-17 21:31:46.745 | INFO     |  4727 | mycroft.skills.skill_loader:load:185 | ATTEMPTING TO LOAD SKILL: mycroft-ip.mycroftai
2022-03-17 21:31:46.763 | INFO     |  4727 | mycroft.skills.settings:get_local_settings:83 | /opt/mycroft/skills/mycroft-ip.mycroftai/settings.json
2022-03-17 21:31:46.774 | INFO     |  4727 | mycroft.skills.skill_loader:_check_for_first_run:324 | First run of mycroft-ip.mycroftai
2022-03-17 21:31:46.777 | INFO     |  4727 | mycroft.skills.settings:save_settings:116 | Skill settings successfully saved to /home/runner/.config/mycroft/skills/mycroft-ip.mycroftai/settings.json
2022-03-17 21:31:46.779 | INFO     |  4727 | mycroft.skills.skill_loader:_communicate_load_status:344 | Skill mycroft-ip.mycroftai loaded successfully
2022-03-17 21:31:46.781 | INFO     |  4727 | mycroft.skills.skill_loader:load:185 | ATTEMPTING TO LOAD SKILL: mycroft-installer.mycroftai
2022-03-17 21:31:46.794 | INFO     |  4727 | mycroft.skills.settings:get_local_settings:83 | /opt/mycroft/skills/mycroft-installer.mycroftai/settings.json
2022-03-17 21:31:46.817 | INFO     |  4727 | mycroft.skills.skill_loader:_check_for_first_run:324 | First run of mycroft-installer.mycroftai
2022-03-17 21:31:46.819 | INFO     |  4727 | mycroft.skills.settings:save_settings:116 | Skill settings successfully saved to /home/runner/.config/mycroft/skills/mycroft-installer.mycroftai/settings.json
2022-03-17 21:31:46.823 | INFO     |  4727 | mycroft.skills.skill_loader:_communicate_load_status:344 | Skill mycroft-installer.mycroftai loaded successfully
2022-03-17 21:31:46.823 | INFO     |  4727 | mycroft.skills.skill_loader:load:185 | ATTEMPTING TO LOAD SKILL: mycroft-stop.mycroftai
2022-03-17 21:31:46.827 | INFO     |  4727 | mycroft.skills.settings:get_local_settings:83 | /opt/mycroft/skills/mycroft-stop.mycroftai/settings.json
2022-03-17 21:31:46.857 | INFO     |  4727 | mycroft.skills.skill_loader:_check_for_first_run:324 | First run of mycroft-stop.mycroftai
2022-03-17 21:31:46.857 | INFO     |  4727 | mycroft.skills.settings:save_settings:116 | Skill settings successfully saved to /home/runner/.config/mycroft/skills/mycroft-stop.mycroftai/settings.json
2022-03-17 21:31:46.861 | INFO     |  4727 | mycroft.skills.skill_loader:_communicate_load_status:344 | Skill mycroft-stop.mycroftai loaded successfully
2022-03-17 21:31:46.861 | INFO     |  4727 | mycroft.skills.skill_loader:load:185 | ATTEMPTING TO LOAD SKILL: fallback-unknown.mycroftai
2022-03-17 21:31:46.865 | INFO     |  4727 | mycroft.skills.settings:get_local_settings:83 | /opt/mycroft/skills/fallback-unknown.mycroftai/settings.json
2022-03-17 21:31:46.871 | INFO     |  4727 | mycroft.skills.skill_loader:_check_for_first_run:324 | First run of fallback-unknown.mycroftai
2022-03-17 21:31:46.871 | INFO     |  4727 | mycroft.skills.settings:save_settings:116 | Skill settings successfully saved to /home/runner/.config/mycroft/skills/fallback-unknown.mycroftai/settings.json
2022-03-17 21:31:46.872 | INFO     |  4727 | mycroft.skills.skill_loader:_communicate_load_status:344 | Skill fallback-unknown.mycroftai loaded successfully
2022-03-17 21:31:46.873 | INFO     |  4727 | mycroft.skills.skill_loader:load:185 | ATTEMPTING TO LOAD SKILL: mycroft-spelling.mycroftai
2022-03-17 21:31:46.877 | INFO     |  4727 | mycroft.skills.settings:get_local_settings:83 | /opt/mycroft/skills/mycroft-spelling.mycroftai/settings.json
2022-03-17 21:31:46.888 | INFO     |  4727 | mycroft.skills.skill_loader:_check_for_first_run:324 | First run of mycroft-spelling.mycroftai
2022-03-17 21:31:46.889 | INFO     |  4727 | mycroft.skills.settings:save_settings:116 | Skill settings successfully saved to /home/runner/.config/mycroft/skills/mycroft-spelling.mycroftai/settings.json
2022-03-17 21:31:46.890 | INFO     |  4727 | mycroft.skills.skill_loader:_communicate_load_status:344 | Skill mycroft-spelling.mycroftai loaded successfully
2022-03-17 21:31:46.891 | INFO     |  4727 | mycroft.skills.skill_loader:load:185 | ATTEMPTING TO LOAD SKILL: mycroft-reminder.mycroftai
2022-03-17 21:31:46.909 | INFO     |  4727 | mycroft.skills.settings:get_local_settings:83 | /opt/mycroft/skills/mycroft-reminder.mycroftai/settings.json
2022-03-17 21:31:46.933 | INFO     |  4727 | mycroft.skills.skill_loader:_check_for_first_run:324 | First run of mycroft-reminder.mycroftai
2022-03-17 21:31:46.934 | INFO     |  4727 | mycroft.skills.settings:save_settings:116 | Skill settings successfully saved to /home/runner/.config/mycroft/skills/mycroft-reminder.mycroftai/settings.json
2022-03-17 21:31:46.936 | INFO     |  4727 | mycroft.skills.skill_loader:_communicate_load_status:344 | Skill mycroft-reminder.mycroftai loaded successfully
2022-03-17 21:31:46.936 | INFO     |  4727 | mycroft.skills.skill_manager:_load_on_startup:275 | Skills all loaded!
2022-03-17 21:31:46.968 | INFO     |  4727 | __main__:on_ready:185 | Skills service is ready.
2022-03-17 21:31:46.997 | INFO     |  4727 | mycroft.skills.intent_services.padatious_service:train:151 | Training... (single_thread=False)
FANN Error 2: Unable to open configuration file "/home/runner/.local/share/mycroft/intent_cache/homeassistant.mycroftai:{/tmp/mycroft/cache/HomeAssistantSkill/tracker}.intent.net" for writing.
Regenerated mycroft-alarm.mycroftai:{daytype}.
Regenerated homeassistant.mycroftai:{/tmp/mycroft/cache/HomeAssistantSkill/tracker}.
Exception in thread Thread-31:
multiprocessing.pool.RemoteTraceback: 
"""
Traceback (most recent call last):
  File "/opt/hostedtoolcache/Python/3.7.12/x64/lib/python3.7/multiprocessing/pool.py", line 121, in worker
    result = (True, func(*args, **kwds))
  File "/opt/hostedtoolcache/Python/3.7.12/x64/lib/python3.7/multiprocessing/pool.py", line 44, in mapstar
    return list(map(*args))
  File "/opt/mycroft-core/.venv/lib/python3.7/site-packages/padatious/training_manager.py", line 29, in _train_and_save
    obj.save(cache)
  File "/opt/mycroft-core/.venv/lib/python3.7/site-packages/padatious/entity.py", line 43, in save
    SimpleIntent.save(self, prefix)
  File "/opt/mycroft-core/.venv/lib/python3.7/site-packages/padatious/simple_intent.py", line 129, in save
    self.ids.save(prefix)
  File "/opt/mycroft-core/.venv/lib/python3.7/site-packages/padatious/id_manager.py", line 48, in save
    with open(prefix + '.ids', 'w') as f:
FileNotFoundError: [Errno 2] No such file or directory: '/home/runner/.local/share/mycroft/intent_cache/homeassistant.mycroftai:{/tmp/mycroft/cache/HomeAssistantSkill/tracker}.intent.ids'
"""

The above exception was the direct cause of the following exception:

Traceback (most recent call last):
  File "/opt/hostedtoolcache/Python/3.7.12/x64/lib/python3.7/threading.py", line 926, in _bootstrap_inner
    self.run()
  File "/opt/hostedtoolcache/Python/3.7.12/x64/lib/python3.7/threading.py", line 870, in run
    self._target(*self._args, **self._kwargs)
  File "/opt/mycroft-core/.venv/lib/python3.7/site-packages/padatious/training_manager.py", line 100, in train
    pool.map_async(train, self.objects_to_train).get(timeout)
  File "/opt/hostedtoolcache/Python/3.7.12/x64/lib/python3.7/multiprocessing/pool.py", line 657, in get
    raise self._value
FileNotFoundError: [Errno 2] No such file or directory: '/home/runner/.local/share/mycroft/intent_cache/homeassistant.mycroftai:{/tmp/mycroft/cache/HomeAssistantSkill/tracker}.intent.ids'

FANN Error 2: Unable to open configuration file "/home/runner/.local/share/mycroft/intent_cache/homeassistant.mycroftai:{/tmp/mycroft/cache/HomeAssistantSkill/tracker}.intent.net" for writing.
Regenerated mycroft-alarm.mycroftai:{daytype}.
Regenerated homeassistant.mycroftai:{/tmp/mycroft/cache/HomeAssistantSkill/tracker}.
Regenerated mycroft-date-time.mycroftai:what.time.is.it.intent.
Regenerated mycroft-date-time.mycroftai:date.last.weekend.intent.
Regenerated mycroft-date-time.mycroftai:what.time.will.it.be.intent.
Regenerated mycroft-date-time.mycroftai:date.future.weekend.intent.
Regenerated mycroft-weather.mycroftai:do-i-need-an-umbrella.intent.
Regenerated mycroft-wiki.mycroftai:Random.intent.
Regenerated mycroft-audio-record.mycroftai:PlayRecording.intent.
Regenerated mycroft-audio-record.mycroftai:StartRecording.intent.
Regenerated mycroft-npr-news.mycroftai:PlayTheNews.intent.
Regenerated mycroft-support-helper.mycroftai:contact.support.intent.
Regenerated mycroft-personal.mycroftai:WhoAreYou.intent.
Regenerated mycroft-personal.mycroftai:WhereWereYouBorn.intent.
Regenerated mycroft-personal.mycroftai:DoYouDream.intent.
Regenerated mycroft-personal.mycroftai:WhenWereYouBorn.intent.
Regenerated mycroft-personal.mycroftai:WhoMadeYou.intent.
Regenerated mycroft-personal.mycroftai:DoYouRhyme.intent.
Regenerated homeassistant.mycroftai:set.light.brightness.intent.
Regenerated homeassistant.mycroftai:automation.intent.
Regenerated homeassistant.mycroftai:increase.light.brightness.intent.
Regenerated homeassistant.mycroftai:turn.off.intent.
Regenerated homeassistant.mycroftai:open.intent.
Regenerated homeassistant.mycroftai:show.camera.image.intent.
Regenerated homeassistant.mycroftai:sensor.intent.
Regenerated homeassistant.mycroftai:toggle.intent.
Regenerated mycroft-alarm.mycroftai:change.alarm.sound.intent.
Regenerated mycroft-alarm.mycroftai:snooze.intent.
Regenerated mycroft-timer.mycroftai:timer.status.intent.
Regenerated mycroft-timer.mycroftai:start.timer.intent.
Regenerated mycroft-hello-world.mycroftai:HowAreYou.intent.
Regenerated mycroft-configuration.mycroftai:EnablePreciseDev.intent.
Regenerated mycroft-configuration.mycroftai:WhereAreYou.intent.
Regenerated mycroft-configuration.mycroftai:DisablePreciseDev.intent.
Regenerated mycroft-personal.mycroftai:WhatAreYou.intent.
Regenerated homeassistant.mycroftai:stop.intent.
Regenerated homeassistant.mycroftai:set.climate.intent.
Regenerated homeassistant.mycroftai:decrease.light.brightness.intent.
Regenerated homeassistant.mycroftai:close.intent.
Regenerated homeassistant.mycroftai:add.item.shopping.list.intent.
Regenerated homeassistant.mycroftai:tracker.intent.
Regenerated homeassistant.mycroftai:turn.on.intent.
Regenerated mycroft-installer.mycroftai:is.installed.intent.
Regenerated mycroft-installer.mycroftai:install.beta.intent.
Regenerated mycroft-installer.mycroftai:install.custom.intent.
Regenerated mycroft-installer.mycroftai:remove.intent.
Regenerated mycroft-installer.mycroftai:list.skills.intent.
Regenerated mycroft-installer.mycroftai:install.intent.
Regenerated mycroft-stop.mycroftai:ssh.disable.intent.
Regenerated mycroft-stop.mycroftai:shutdown.intent.
Regenerated mycroft-stop.mycroftai:ssh.enable.intent.
Regenerated mycroft-stop.mycroftai:wifi.setup.intent.
Regenerated mycroft-stop.mycroftai:reboot.intent.
Regenerated mycroft-reminder.mycroftai:UnspecifiedReminderAt.intent.
Regenerated mycroft-reminder.mycroftai:CancelActiveReminder.intent.
Regenerated mycroft-reminder.mycroftai:Reminder.intent.
Regenerated mycroft-reminder.mycroftai:DeleteReminderForDay.intent.
Regenerated mycroft-reminder.mycroftai:GetNextReminders.intent.
Regenerated mycroft-reminder.mycroftai:ReminderAt.intent.
Regenerated mycroft-reminder.mycroftai:ClearReminders.intent.
Regenerated mycroft-reminder.mycroftai:SnoozeReminder.intent.
Regenerated mycroft-reminder.mycroftai:GetRemindersForDay.intent.
2022-03-17 21:31:50.543 | INFO     |  4727 | mycroft.skills.intent_services.padatious_service:train:153 | Training complete.
Regenerated mycroft-alarm.mycroftai:change.alarm.sound.intent.
Regenerated mycroft-alarm.mycroftai:snooze.intent.
Regenerated mycroft-timer.mycroftai:timer.status.intent.
Regenerated mycroft-timer.mycroftai:start.timer.intent.
Regenerated mycroft-hello-world.mycroftai:HowAreYou.intent.
Regenerated mycroft-configuration.mycroftai:EnablePreciseDev.intent.
Regenerated mycroft-configuration.mycroftai:WhereAreYou.intent.
Regenerated mycroft-configuration.mycroftai:DisablePreciseDev.intent.
Regenerated homeassistant.mycroftai:set.light.brightness.intent.
Regenerated homeassistant.mycroftai:automation.intent.
Regenerated homeassistant.mycroftai:increase.light.brightness.intent.
Regenerated homeassistant.mycroftai:turn.off.intent.
Regenerated homeassistant.mycroftai:open.intent.
Regenerated homeassistant.mycroftai:show.camera.image.intent.
Regenerated homeassistant.mycroftai:sensor.intent.
Regenerated homeassistant.mycroftai:toggle.intent.
Regenerated mycroft-reminder.mycroftai:ReminderAt.intent.
Regenerated mycroft-reminder.mycroftai:ClearReminders.intent.
Regenerated mycroft-reminder.mycroftai:SnoozeReminder.intent.
Regenerated mycroft-reminder.mycroftai:GetRemindersForDay.intent.
Regenerated mycroft-date-time.mycroftai:what.time.is.it.intent.
Regenerated mycroft-date-time.mycroftai:date.last.weekend.intent.
Regenerated mycroft-date-time.mycroftai:what.time.will.it.be.intent.
Regenerated mycroft-date-time.mycroftai:date.future.weekend.intent.
Regenerated mycroft-weather.mycroftai:do-i-need-an-umbrella.intent.
Regenerated mycroft-wiki.mycroftai:Random.intent.
Regenerated mycroft-audio-record.mycroftai:PlayRecording.intent.
Regenerated mycroft-audio-record.mycroftai:StartRecording.intent.
Regenerated mycroft-npr-news.mycroftai:PlayTheNews.intent.
Regenerated mycroft-support-helper.mycroftai:contact.support.intent.
Regenerated mycroft-personal.mycroftai:WhoAreYou.intent.
Regenerated mycroft-personal.mycroftai:WhereWereYouBorn.intent.
Regenerated mycroft-personal.mycroftai:DoYouDream.intent.
Regenerated mycroft-personal.mycroftai:WhenWereYouBorn.intent.
Regenerated mycroft-personal.mycroftai:WhoMadeYou.intent.
Regenerated mycroft-personal.mycroftai:DoYouRhyme.intent.
Regenerated mycroft-personal.mycroftai:WhatAreYou.intent.
Regenerated homeassistant.mycroftai:stop.intent.
Regenerated homeassistant.mycroftai:set.climate.intent.
Regenerated homeassistant.mycroftai:decrease.light.brightness.intent.
Regenerated homeassistant.mycroftai:close.intent.
Regenerated homeassistant.mycroftai:add.item.shopping.list.intent.
Regenerated homeassistant.mycroftai:tracker.intent.
Regenerated homeassistant.mycroftai:turn.on.intent.
Regenerated mycroft-installer.mycroftai:is.installed.intent.
Regenerated mycroft-installer.mycroftai:install.beta.intent.
Regenerated mycroft-installer.mycroftai:install.custom.intent.
Regenerated mycroft-installer.mycroftai:remove.intent.
Regenerated mycroft-installer.mycroftai:list.skills.intent.
Regenerated mycroft-installer.mycroftai:install.intent.
Regenerated mycroft-stop.mycroftai:ssh.disable.intent.
Regenerated mycroft-stop.mycroftai:shutdown.intent.
Regenerated mycroft-stop.mycroftai:ssh.enable.intent.
Regenerated mycroft-stop.mycroftai:wifi.setup.intent.
Regenerated mycroft-stop.mycroftai:reboot.intent.
Regenerated mycroft-reminder.mycroftai:UnspecifiedReminderAt.intent.
Regenerated mycroft-reminder.mycroftai:CancelActiveReminder.intent.
Regenerated mycroft-reminder.mycroftai:Reminder.intent.
Regenerated mycroft-reminder.mycroftai:DeleteReminderForDay.intent.
Regenerated mycroft-reminder.mycroftai:GetNextReminders.intent.
2022-03-17 21:32:35.796 | ERROR    |  4727 | WeatherSkill | Weather API failure
Traceback (most recent call last):
  File "/opt/mycroft/skills/mycroft-weather.mycroftai/__init__.py", line 1129, in _get_weather
    self.config_core.get("system_unit"), latitude, longitude
  File "/opt/mycroft/skills/mycroft-weather.mycroftai/skill/api.py", line 105, in get_weather_for_coordinates
    response = self.request(api_request)
  File "/opt/mycroft-core/mycroft/api/__init__.py", line 64, in request
    return self.send(params)
  File "/opt/mycroft-core/mycroft/api/__init__.py", line 147, in send
    return self.get_response(response, no_refresh)
  File "/opt/mycroft-core/mycroft/api/__init__.py", line 170, in get_response
    raise HTTPError(data, response=response)
requests.exceptions.HTTPError: {'error': 'device not authorized'}
2022-03-17 21:32:35.798 | INFO     |  4727 | mycroft.skills.settings:save_settings:116 | Skill settings successfully saved to /home/runner/.config/mycroft/skills/mycroft-weather.mycroftai/settings.json
2022-03-17 21:32:35.802 | ERROR    |  4727 | mycroft.skills.mycroft_skill.mycroft_skill:on_error:923 | An error occurred while processing a request in Pairing Skill
Traceback (most recent call last):
  File "/opt/mycroft-core/mycroft/skills/mycroft_skill/event_container.py", line 73, in wrapper
    handler(message)
  File "/opt/mycroft/skills/mycroft-pairing.mycroftai/__init__.py", line 108, in not_paired
    self.handle_pairing()
TypeError: handle_pairing() missing 1 required positional argument: '_'
2022-03-17 21:32:44.472 | WARNING  |  4727 | ConfigurationSkill | Impossible to update configuration because device isn't paired
2022-03-17 21:32:57.350 | INFO     |  4727 | __main__:on_stopping:193 | Skills service is shutting down...
2022-03-17 21:32:57.351 | INFO     |  4727 | __main__:shutdown:284 | Shutting down Skills service
2022-03-17 21:32:57.817 | ERROR    |  4727 | VolumeSkill | Couldn't allocate mixer, ALSAAudioError('No such file or directory [default]')
2022-03-17 21:32:57.818 | INFO     |  4727 | mycroft.skills.settings:save_settings:116 | Skill settings successfully saved to /home/runner/.config/mycroft/skills/mycroft-volume.mycroftai/settings.json
2022-03-17 21:32:57.821 | INFO     |  4727 | mycroft.skills.settings:save_settings:116 | Skill settings successfully saved to /home/runner/.config/mycroft/skills/mycroft-joke.mycroftai/settings.json
2022-03-17 21:32:57.828 | INFO     |  4727 | mycroft.skills.settings:save_settings:116 | Skill settings successfully saved to /home/runner/.config/mycroft/skills/mycroft-alarm.mycroftai/settings.json
2022-03-17 21:32:57.835 | INFO     |  4727 | mycroft.skills.settings:save_settings:116 | Skill settings successfully saved to /home/runner/.config/mycroft/skills/mycroft-version-checker.mycroftai/settings.json
2022-03-17 21:32:57.849 | INFO     |  4727 | mycroft.skills.settings:save_settings:116 | Skill settings successfully saved to /home/runner/.config/mycroft/skills/mycroft-playback-control.mycroftai/settings.json
2022-03-17 21:32:58.850 | INFO     |  4727 | Playback Control Skill | Audio service status: {}
2022-03-17 21:32:59.851 | WARNING  |  4727 | mycroft.skills.skill_manager:_shutdown_skill:106 | mycroft-playback-control.mycroftai shutdown took 2.001896023000029 seconds
2022-03-17 21:32:59.852 | INFO     |  4727 | mycroft.skills.settings:save_settings:116 | Skill settings successfully saved to /home/runner/.config/mycroft/skills/mycroft-hello-world.mycroftai/settings.json
2022-03-17 21:32:59.853 | INFO     |  4727 | mycroft.skills.settings:save_settings:116 | Skill settings successfully saved to /home/runner/.config/mycroft/skills/mycroft-singing.mycroftai/settings.json
2022-03-17 21:32:59.854 | INFO     |  4727 | mycroft.skills.settings:save_settings:116 | Skill settings successfully saved to /home/runner/.config/mycroft/skills/mycroft-speak.mycroftai/settings.json
2022-03-17 21:32:59.856 | INFO     |  4727 | QuestionsAnswersSkill | Removing all handlers...
2022-03-17 21:32:59.857 | INFO     |  4727 | mycroft.skills.settings:save_settings:116 | Skill settings successfully saved to /home/runner/.config/mycroft/skills/fallback-query.mycroftai/settings.json
2022-03-17 21:32:59.858 | INFO     |  4727 | mycroft.skills.settings:save_settings:116 | Skill settings successfully saved to /home/runner/.config/mycroft/skills/mycroft-fallback-duck-duck-go.mycroftai/settings.json
2022-03-17 21:32:59.860 | INFO     |  4727 | mycroft.skills.settings:save_settings:116 | Skill settings successfully saved to /home/runner/.config/mycroft/skills/mycroft-configuration.mycroftai/settings.json
2022-03-17 21:32:59.892 | INFO     |  4727 | mycroft.skills.settings:save_settings:116 | Skill settings successfully saved to /home/runner/.config/mycroft/skills/fallback-wolfram-alpha.mycroftai/settings.json
2022-03-17 21:32:59.893 | INFO     |  4727 | mycroft.skills.settings:save_settings:116 | Skill settings successfully saved to /home/runner/.config/mycroft/skills/mycroft-date-time.mycroftai/settings.json
2022-03-17 21:32:59.899 | INFO     |  4727 | mycroft.skills.settings:save_settings:116 | Skill settings successfully saved to /home/runner/.config/mycroft/skills/mycroft-audio-record.mycroftai/settings.json
2022-03-17 21:32:59.901 | INFO     |  4727 | mycroft.skills.settings:save_settings:116 | Skill settings successfully saved to /home/runner/.config/mycroft/skills/mycroft-wiki.mycroftai/settings.json
2022-03-17 21:32:59.901 | INFO     |  4727 | mycroft.skills.settings:save_settings:116 | Skill settings successfully saved to /home/runner/.config/mycroft/skills/mycroft-naptime.mycroftai/settings.json
2022-03-17 21:32:59.903 | INFO     |  4727 | mycroft.skills.settings:save_settings:116 | Skill settings successfully saved to /home/runner/.config/mycroft/skills/mycroft-npr-news.mycroftai/settings.json
2022-03-17 21:32:59.908 | INFO     |  4727 | mycroft.skills.settings:save_settings:116 | Skill settings successfully saved to /home/runner/.config/mycroft/skills/mycroft-support-helper.mycroftai/settings.json
2022-03-17 21:32:59.909 | INFO     |  4727 | mycroft.skills.settings:save_settings:116 | Skill settings successfully saved to /home/runner/.config/mycroft/skills/mycroft-personal.mycroftai/settings.json
2022-03-17 21:32:59.909 | INFO     |  4727 | HomeAssistantSkill | Removing all handlers...
2022-03-17 21:32:59.910 | WARNING  |  4727 | mycroft.skills.fallback_skill:remove_fallback:185 | Could not find matching fallback handler
2022-03-17 21:32:59.910 | INFO     |  4727 | mycroft.skills.settings:save_settings:116 | Skill settings successfully saved to /home/runner/.config/mycroft/skills/mycroft-ip.mycroftai/settings.json
2022-03-17 21:32:59.911 | INFO     |  4727 | mycroft.skills.settings:save_settings:116 | Skill settings successfully saved to /home/runner/.config/mycroft/skills/mycroft-installer.mycroftai/settings.json
2022-03-17 21:32:59.912 | INFO     |  4727 | mycroft.skills.settings:save_settings:116 | Skill settings successfully saved to /home/runner/.config/mycroft/skills/mycroft-stop.mycroftai/settings.json
2022-03-17 21:32:59.912 | INFO     |  4727 | UnknownSkill | Removing all handlers...
2022-03-17 21:32:59.917 | INFO     |  4727 | mycroft.skills.settings:save_settings:116 | Skill settings successfully saved to /home/runner/.config/mycroft/skills/fallback-unknown.mycroftai/settings.json
2022-03-17 21:32:59.927 | INFO     |  4727 | mycroft.skills.settings:save_settings:116 | Skill settings successfully saved to /home/runner/.config/mycroft/skills/mycroft-spelling.mycroftai/settings.json
2022-03-17 21:32:59.937 | INFO     |  4727 | mycroft.skills.settings:save_settings:116 | Skill settings successfully saved to /home/runner/.config/mycroft/skills/mycroft-reminder.mycroftai/settings.json
2022-03-17 21:32:59.939 | INFO     |  4727 | __main__:shutdown:291 | Skills service shutdown complete!
2022-03-17 21:32:59.939 | ERROR    |  4727 | websocket | error from callback <bound method MessageBusClient.on_message of <mycroft.messagebus.client.client.MessageBusClient object at 0x7f3765354110>>: cannot schedule new futures after interpreter shutdown
2022-03-17 21:32:59.939 | ERROR    |  4727 | mycroft_bus_client.client.client | === RuntimeError('cannot schedule new futures after interpreter shutdown') ===
Traceback (most recent call last):
  File "/opt/mycroft-core/.venv/lib/python3.7/site-packages/websocket/_app.py", line 407, in _callback
    callback(self, *args)
  File "/opt/mycroft-core/.venv/lib/python3.7/site-packages/mycroft_bus_client/client/client.py", line 182, in on_message
    self.emitter.emit('message', message)
  File "/opt/mycroft-core/.venv/lib/python3.7/site-packages/pyee/_base.py", line 113, in emit
    handled = self._call_handlers(event, args, kwargs)
  File "/opt/mycroft-core/.venv/lib/python3.7/site-packages/pyee/_base.py", line 96, in _call_handlers
    self._emit_run(f, args, kwargs)
  File "/opt/mycroft-core/.venv/lib/python3.7/site-packages/pyee/_executor.py", line 50, in _emit_run
    future = self._executor.submit(f, *args, **kwargs)
  File "/opt/hostedtoolcache/Python/3.7.12/x64/lib/python3.7/concurrent/futures/thread.py", line 165, in submit
    raise RuntimeError('cannot schedule new futures after '
RuntimeError: cannot schedule new futures after interpreter shutdown
2022-03-17 21:32:59.940 | ERROR    |  4727 | mycroft_bus_client.client.client | Exception closing websocket: RuntimeError('cannot schedule new futures after interpreter shutdown')
2022-03-17 21:32:59.940 | WARNING  |  4727 | mycroft_bus_client.client.client | Message Bus Client will reconnect in 5.0 seconds.
