2021-11-29 05:14:05.790 | INFO     |  5358 | mycroft.messagebus.load_config:load_message_bus_config:33 | Loading message bus configs
2021-11-29 05:14:05.801 | INFO     |  5358 | mycroft_bus_client.client.client | Connected
2021-11-29 05:14:05.802 | INFO     |  5358 | mycroft.util.process_utils:start_message_bus_client:155 | Connected to messagebus
2021-11-29 05:14:05.807 | INFO     |  5358 | mycroft.skills.msm_wrapper:create_msm:96 | Acquiring lock to instantiate MSM
2021-11-29 05:14:06.861 | INFO     |  5358 | msm.mycroft_skills_manager | building SkillEntry objects for all skills
2021-11-29 05:14:07.121 | INFO     |  5358 | mycroft.skills.msm_wrapper:create_msm:112 | Releasing MSM instantiation lock.
2021-11-29 05:14:07.122 | INFO     |  5358 | mycroft.skills.skill_updater:_log_next_download_time:267 | Next scheduled skill update: 2021-11-29 05:14:06.122021
2021-11-29 05:14:07.122 | INFO     |  5358 | msm.skill_entry | Downloading skill: https://github.com/mycroftai/skill-pairing
2021-11-29 05:14:07.421 | INFO     |  5358 | msm.skill_entry | Installing system requirements...
2021-11-29 05:14:07.432 | INFO     |  5358 | msm.skill_entry | Successfully installed mycroft-pairing
2021-11-29 05:14:07.433 | INFO     |  5358 | msm.mycroft_skills_manager | invalidating skills cache
2021-11-29 05:14:07.434 | INFO     |  5358 | mycroft.skills.skill_loader:load:185 | ATTEMPTING TO LOAD SKILL: mycroft-pairing.mycroftai
2021-11-29 05:14:07.442 | INFO     |  5358 | mycroft.skills.settings:get_local_settings:83 | /opt/mycroft/skills/mycroft-pairing.mycroftai/settings.json
2021-11-29 05:14:07.465 | INFO     |  5358 | mycroft.skills.skill_loader:_check_for_first_run:324 | First run of mycroft-pairing.mycroftai
2021-11-29 05:14:07.466 | INFO     |  5358 | mycroft.skills.settings:save_settings:116 | Skill settings successfully saved to /home/runner/.config/mycroft/skills/mycroft-pairing.mycroftai/settings.json
2021-11-29 05:14:07.467 | INFO     |  5358 | mycroft.skills.skill_loader:_communicate_load_status:344 | Skill mycroft-pairing.mycroftai loaded successfully
2021-11-29 05:14:07.467 | INFO     |  5358 | msm.skill_entry | Downloading skill: https://github.com/mycroftai/skill-volume
2021-11-29 05:14:07.862 | INFO     |  5358 | msm.skill_entry | Installing system requirements...
2021-11-29 05:14:07.875 | INFO     |  5358 | msm.skill_entry | Installing requirements.txt for mycroft-volume
2021-11-29 05:14:08.806 | INFO     |  5358 | msm.skill_entry | Successfully installed mycroft-volume
2021-11-29 05:14:08.806 | INFO     |  5358 | msm.mycroft_skills_manager | invalidating skills cache
2021-11-29 05:14:08.808 | INFO     |  5358 | mycroft.skills.skill_loader:load:185 | ATTEMPTING TO LOAD SKILL: mycroft-volume.mycroftai
2021-11-29 05:14:08.817 | INFO     |  5358 | mycroft.skills.settings:get_local_settings:83 | /opt/mycroft/skills/mycroft-volume.mycroftai/settings.json
2021-11-29 05:14:08.978 | ERROR    |  5358 | VolumeSkill | Couldn't allocate mixer, ALSAAudioError('No such file or directory [default]')
2021-11-29 05:14:11.982 | INFO     |  5358 | mycroft.skills.skill_loader:_check_for_first_run:324 | First run of mycroft-volume.mycroftai
2021-11-29 05:14:11.983 | INFO     |  5358 | mycroft.skills.settings:save_settings:116 | Skill settings successfully saved to /home/runner/.config/mycroft/skills/mycroft-volume.mycroftai/settings.json
2021-11-29 05:14:11.984 | INFO     |  5358 | mycroft.skills.skill_loader:_communicate_load_status:344 | Skill mycroft-volume.mycroftai loaded successfully
2021-11-29 05:14:11.984 | INFO     |  5358 | __main__:on_started:177 | Skills service is starting up.
2021-11-29 05:14:12.052 | INFO     |  5358 | __main__:_update_system:154 | Attempting system update...
2021-11-29 05:14:15.058 | INFO     |  5358 | mycroft.enclosure.display_manager:_write_data:70 | Display Manager is creating /tmp/mycroft/ipc/managers/disp_info
2021-11-29 05:14:15.059 | INFO     |  5358 | __main__:_ensure_device_is_paired:133 | Device not paired, invoking the pairing skill
2021-11-29 05:14:15.072 | INFO     |  5358 | __main__:on_alive:181 | Skills service is alive.
2021-11-29 05:14:15.082 | INFO     |  5358 | msm.mycroft_skills_manager | building SkillEntry objects for all skills
2021-11-29 05:14:15.287 | INFO     |  5358 | PairingSkill | Communicating account URL to user
2021-11-29 05:14:15.803 | WARNING  |  5358 | msm.mycroft_skills_manager | No such default skill: mycroft-pandora
2021-11-29 05:14:15.804 | INFO     |  5358 | mycroft.skills.skill_manager:run:234 | Not all default skills are installed, performing skill update...
2021-11-29 05:14:15.804 | INFO     |  5358 | mycroft.skills.skill_updater:update_skills:149 | Beginning skill update...
2021-11-29 05:14:15.868 | INFO     |  5358 | msm.mycroft_skills_manager | building SkillEntry objects for all skills
2021-11-29 05:14:16.756 | INFO     |  5358 | msm.mycroft_skills_manager | invalidating skills cache
2021-11-29 05:14:17.211 | INFO     |  5358 | msm.skill_entry | Downloading skill: https://github.com/mycroftai/skill-personal
2021-11-29 05:14:17.214 | INFO     |  5358 | msm.skill_entry | Downloading skill: https://github.com/mycroftai/skill-alarm
2021-11-29 05:14:17.220 | INFO     |  5358 | msm.skill_entry | Downloading skill: https://github.com/mycroftai/skill-naptime
2021-11-29 05:14:17.221 | INFO     |  5358 | msm.skill_entry | Downloading skill: https://github.com/mycroftai/skill-hello-world
2021-11-29 05:14:17.224 | INFO     |  5358 | msm.skill_entry | Downloading skill: https://github.com/mycroftai/skill-installer
2021-11-29 05:14:17.225 | INFO     |  5358 | msm.skill_entry | Downloading skill: https://github.com/mycroftai/skill-audio-record
2021-11-29 05:14:17.226 | INFO     |  5358 | msm.skill_entry | Downloading skill: https://github.com/mycroftai/skill-configuration
2021-11-29 05:14:17.227 | INFO     |  5358 | msm.skill_entry | Downloading skill: https://github.com/mycroftai/skill-playback-control
2021-11-29 05:14:17.227 | INFO     |  5358 | msm.skill_entry | Downloading skill: https://github.com/mycroftai/skill-ip
2021-11-29 05:14:17.228 | INFO     |  5358 | msm.skill_entry | Downloading skill: https://github.com/mycroftai/skill-joke
2021-11-29 05:14:17.228 | INFO     |  5358 | msm.skill_entry | Downloading skill: https://github.com/mycroftai/fallback-wolfram-alpha
2021-11-29 05:14:17.228 | INFO     |  5358 | msm.skill_entry | Downloading skill: https://github.com/mycroftai/skill-npr-news
2021-11-29 05:14:17.229 | INFO     |  5358 | msm.skill_entry | Downloading skill: https://github.com/mycroftai/fallback-duckduckgo
2021-11-29 05:14:17.230 | INFO     |  5358 | msm.skill_entry | Downloading skill: https://github.com/mycroftai/skill-reminder
2021-11-29 05:14:17.230 | INFO     |  5358 | msm.skill_entry | Downloading skill: https://github.com/mycroftai/skill-date-time
2021-11-29 05:14:17.265 | INFO     |  5358 | msm.skill_entry | Downloading skill: https://github.com/mycroftai/skill-singing
2021-11-29 05:14:17.283 | INFO     |  5358 | msm.skill_entry | Downloading skill: https://github.com/mycroftai/fallback-unknown
2021-11-29 05:14:18.857 | INFO     |  5358 | msm.skill_entry | Installing system requirements...
2021-11-29 05:14:18.903 | INFO     |  5358 | msm.skill_entry | Installing system requirements...
2021-11-29 05:14:18.998 | INFO     |  5358 | msm.skill_entry | Installing system requirements...
2021-11-29 05:14:19.088 | INFO     |  5358 | msm.skill_entry | Installing system requirements...
2021-11-29 05:14:19.109 | INFO     |  5358 | msm.skill_entry | Installing requirements.txt for mycroft-audio-record
2021-11-29 05:14:19.153 | INFO     |  5358 | msm.skill_entry | Installing system requirements...
2021-11-29 05:14:19.158 | INFO     |  5358 | msm.skill_entry | Installing requirements.txt for fallback-wolfram-alpha
2021-11-29 05:14:19.159 | INFO     |  5358 | msm.skill_entry | Installing system requirements...
2021-11-29 05:14:19.229 | INFO     |  5358 | msm.skill_entry | Installing system requirements...
2021-11-29 05:14:19.240 | INFO     |  5358 | msm.skill_entry | Installing requirements.txt for mycroft-ip
2021-11-29 05:14:19.242 | INFO     |  5358 | msm.skill_entry | Installing system requirements...
2021-11-29 05:14:19.246 | INFO     |  5358 | msm.skill_entry | Installing system requirements...
2021-11-29 05:14:19.301 | INFO     |  5358 | msm.skill_entry | Installing requirements.txt for mycroft-fallback-duck-duck-go
2021-11-29 05:14:19.320 | INFO     |  5358 | msm.skill_entry | Installing system requirements...
2021-11-29 05:14:19.340 | INFO     |  5358 | msm.skill_entry | Installing requirements.txt for mycroft-joke
2021-11-29 05:14:19.341 | INFO     |  5358 | msm.skill_entry | Successfully installed mycroft-hello-world
2021-11-29 05:14:19.341 | INFO     |  5358 | msm.mycroft_skills_manager | invalidating skills cache
2021-11-29 05:14:19.342 | INFO     |  5358 | msm.skill_entry | Downloading skill: https://github.com/mycroftai/skill-speak
2021-11-29 05:14:19.372 | INFO     |  5358 | msm.skill_entry | Nothing new for mycroft-pairing
2021-11-29 05:14:19.380 | INFO     |  5358 | msm.skill_entry | Successfully installed mycroft-playback-control
2021-11-29 05:14:19.380 | INFO     |  5358 | msm.mycroft_skills_manager | invalidating skills cache
2021-11-29 05:14:19.381 | INFO     |  5358 | msm.skill_entry | Downloading skill: https://github.com/mycroftai/skill-spelling
2021-11-29 05:14:19.463 | INFO     |  5358 | msm.skill_entry | Installing system requirements...
2021-11-29 05:14:19.484 | INFO     |  5358 | msm.skill_entry | Successfully installed fallback-unknown
2021-11-29 05:14:19.484 | INFO     |  5358 | msm.mycroft_skills_manager | invalidating skills cache
2021-11-29 05:14:19.486 | INFO     |  5358 | msm.skill_entry | Downloading skill: https://github.com/mycroftai/skill-stop
2021-11-29 05:14:19.528 | INFO     |  5358 | msm.skill_entry | Successfully installed mycroft-naptime
2021-11-29 05:14:19.529 | INFO     |  5358 | msm.mycroft_skills_manager | invalidating skills cache
2021-11-29 05:14:19.530 | INFO     |  5358 | msm.skill_entry | Downloading skill: https://github.com/mycroftai/skill-support
2021-11-29 05:14:19.619 | INFO     |  5358 | msm.skill_entry | Successfully installed mycroft-personal
2021-11-29 05:14:19.620 | INFO     |  5358 | msm.mycroft_skills_manager | invalidating skills cache
2021-11-29 05:14:19.621 | INFO     |  5358 | msm.skill_entry | Installing system requirements...
2021-11-29 05:14:19.637 | INFO     |  5358 | msm.skill_entry | Downloading skill: https://github.com/mycroftai/mycroft-timer
2021-11-29 05:14:19.746 | INFO     |  5358 | msm.skill_entry | Downloading skill: https://github.com/mycroftai/skill-weather
2021-11-29 05:14:19.756 | INFO     |  5358 | msm.skill_entry | Installing requirements.txt for mycroft-configuration
2021-11-29 05:14:19.841 | INFO     |  5358 | msm.skill_entry | Installing system requirements...
2021-11-29 05:14:19.848 | INFO     |  5358 | msm.skill_entry | Installing system requirements...
2021-11-29 05:14:19.850 | INFO     |  5358 | msm.skill_entry | Installing system requirements...
2021-11-29 05:14:19.885 | INFO     |  5358 | msm.skill_entry | Installing requirements.txt for mycroft-installer
2021-11-29 05:14:19.897 | INFO     |  5358 | msm.skill_entry | Installing requirements.txt for mycroft-npr-news
2021-11-29 05:14:19.902 | INFO     |  5358 | msm.skill_entry | Successfully installed mycroft-reminder
2021-11-29 05:14:19.902 | INFO     |  5358 | msm.mycroft_skills_manager | invalidating skills cache
2021-11-29 05:14:19.903 | INFO     |  5358 | msm.skill_entry | Downloading skill: https://github.com/mycroftai/skill-version-checker
2021-11-29 05:14:19.938 | ERROR    |  5358 | msm.mycroft_skills_manager | Error running install_or_update on homeassistant.mycroftai: MergeConflict
2021-11-29 05:14:19.942 | INFO     |  5358 | msm.skill_entry | Downloading skill: https://github.com/mycroftai/skill-wiki
2021-11-29 05:14:19.998 | INFO     |  5358 | msm.skill_entry | Nothing new for mycroft-volume
2021-11-29 05:14:20.623 | INFO     |  5358 | msm.skill_entry | Installing system requirements...
2021-11-29 05:14:20.645 | INFO     |  5358 | msm.skill_entry | Installing requirements.txt for mycroft-volume
2021-11-29 05:14:20.816 | INFO     |  5358 | msm.skill_entry | Installing system requirements...
2021-11-29 05:14:20.956 | INFO     |  5358 | msm.skill_entry | Installing system requirements...
2021-11-29 05:14:20.967 | INFO     |  5358 | msm.skill_entry | Installing system requirements...
2021-11-29 05:14:20.977 | INFO     |  5358 | msm.skill_entry | Installing requirements.txt for mycroft-date-time
2021-11-29 05:14:21.001 | INFO     |  5358 | msm.skill_entry | Successfully installed mycroft-spelling
2021-11-29 05:14:21.002 | INFO     |  5358 | msm.mycroft_skills_manager | invalidating skills cache
2021-11-29 05:14:21.004 | INFO     |  5358 | msm.skill_entry | Downloading skill: https://github.com/MycroftAI/skill-query
2021-11-29 05:14:21.012 | INFO     |  5358 | msm.skill_entry | Successfully installed mycroft-speak
2021-11-29 05:14:21.013 | INFO     |  5358 | msm.mycroft_skills_manager | invalidating skills cache
2021-11-29 05:14:21.033 | INFO     |  5358 | msm.skill_entry | Installing system requirements...
2021-11-29 05:14:21.157 | INFO     |  5358 | msm.skill_entry | Installing requirements.txt for mycroft-support-helper
2021-11-29 05:14:21.266 | INFO     |  5358 | msm.skill_entry | Installing system requirements...
2021-11-29 05:14:21.347 | INFO     |  5358 | msm.skill_entry | Installing requirements.txt for mycroft-alarm
2021-11-29 05:14:21.649 | INFO     |  5358 | msm.skill_entry | Installing system requirements...
2021-11-29 05:14:21.766 | INFO     |  5358 | msm.skill_entry | Successfully installed mycroft-stop
2021-11-29 05:14:21.766 | INFO     |  5358 | msm.mycroft_skills_manager | invalidating skills cache
2021-11-29 05:14:21.818 | INFO     |  5358 | msm.skill_entry | Installing system requirements...
2021-11-29 05:14:21.846 | INFO     |  5358 | msm.skill_entry | Installing system requirements...
2021-11-29 05:14:21.881 | INFO     |  5358 | msm.skill_entry | Installing system requirements...
2021-11-29 05:14:21.949 | INFO     |  5358 | msm.skill_entry | Successfully installed mycroft-timer
2021-11-29 05:14:21.949 | INFO     |  5358 | msm.mycroft_skills_manager | invalidating skills cache
2021-11-29 05:14:21.962 | INFO     |  5358 | msm.skill_entry | Installing system requirements...
2021-11-29 05:14:21.966 | INFO     |  5358 | msm.skill_entry | Successfully installed mycroft-version-checker
2021-11-29 05:14:21.967 | INFO     |  5358 | msm.mycroft_skills_manager | invalidating skills cache
2021-11-29 05:14:21.971 | INFO     |  5358 | msm.skill_entry | Installing system requirements...
2021-11-29 05:14:21.978 | INFO     |  5358 | msm.skill_entry | Successfully installed fallback-query
2021-11-29 05:14:21.978 | INFO     |  5358 | msm.mycroft_skills_manager | invalidating skills cache
2021-11-29 05:14:22.017 | INFO     |  5358 | msm.skill_entry | Installing requirements.txt for mycroft-wiki
2021-11-29 05:14:22.024 | INFO     |  5358 | msm.skill_entry | Successfully installed mycroft-singing
2021-11-29 05:14:22.024 | INFO     |  5358 | msm.mycroft_skills_manager | invalidating skills cache
2021-11-29 05:14:22.132 | ERROR    |  5358 | msm.mycroft_skills_manager | Error running install_or_update on homeassistant: MergeConflict
2021-11-29 05:14:22.142 | INFO     |  5358 | msm.skill_entry | Successfully installed mycroft-audio-record
2021-11-29 05:14:22.142 | INFO     |  5358 | msm.mycroft_skills_manager | invalidating skills cache
2021-11-29 05:14:22.162 | INFO     |  5358 | msm.skill_entry | Installing system requirements...
2021-11-29 05:14:22.176 | INFO     |  5358 | msm.skill_entry | Installing requirements.txt for mycroft-weather
2021-11-29 05:14:26.462 | INFO     |  5358 | msm.skill_entry | Successfully installed fallback-wolfram-alpha
2021-11-29 05:14:26.463 | INFO     |  5358 | msm.mycroft_skills_manager | invalidating skills cache
2021-11-29 05:14:27.489 | INFO     |  5358 | msm.skill_entry | Successfully installed mycroft-ip
2021-11-29 05:14:27.489 | INFO     |  5358 | msm.mycroft_skills_manager | invalidating skills cache
2021-11-29 05:14:29.079 | INFO     |  5358 | msm.skill_entry | Successfully installed mycroft-fallback-duck-duck-go
2021-11-29 05:14:29.080 | INFO     |  5358 | msm.mycroft_skills_manager | invalidating skills cache
2021-11-29 05:14:30.454 | INFO     |  5358 | msm.skill_entry | Successfully installed mycroft-joke
2021-11-29 05:14:30.455 | INFO     |  5358 | msm.mycroft_skills_manager | invalidating skills cache
2021-11-29 05:14:33.391 | INFO     |  5358 | msm.skill_entry | Successfully installed mycroft-configuration
2021-11-29 05:14:33.392 | INFO     |  5358 | msm.mycroft_skills_manager | invalidating skills cache
2021-11-29 05:14:34.492 | INFO     |  5358 | msm.skill_entry | Successfully installed mycroft-installer
2021-11-29 05:14:34.492 | INFO     |  5358 | msm.mycroft_skills_manager | invalidating skills cache
2021-11-29 05:14:37.975 | INFO     |  5358 | msm.skill_entry | Successfully installed mycroft-npr-news
2021-11-29 05:14:37.976 | INFO     |  5358 | msm.mycroft_skills_manager | invalidating skills cache
2021-11-29 05:14:45.635 | INFO     |  5358 | PairingSkill | Initiating device pairing sequence...
2021-11-29 05:14:45.636 | INFO     |  5358 | PairingSkill | Retrieving pairing code from device API...
2021-11-29 05:14:45.934 | INFO     |  5358 | PairingSkill | Pairing code obtained: AUPTA4
2021-11-29 05:14:45.935 | INFO     |  5358 | PairingSkill | Communicating pairing URL to user
2021-11-29 05:14:57.130 | INFO     |  5358 | msm.skill_entry | Successfully installed mycroft-date-time
2021-11-29 05:14:57.131 | INFO     |  5358 | msm.mycroft_skills_manager | invalidating skills cache
2021-11-29 05:14:59.791 | INFO     |  5358 | msm.skill_entry | Successfully installed mycroft-support-helper
2021-11-29 05:14:59.792 | INFO     |  5358 | msm.mycroft_skills_manager | invalidating skills cache
2021-11-29 05:15:01.027 | INFO     |  5358 | msm.skill_entry | Successfully installed mycroft-alarm
2021-11-29 05:15:01.027 | INFO     |  5358 | msm.mycroft_skills_manager | invalidating skills cache
2021-11-29 05:15:03.431 | INFO     |  5358 | msm.skill_entry | Successfully installed mycroft-wiki
2021-11-29 05:15:03.431 | INFO     |  5358 | msm.mycroft_skills_manager | invalidating skills cache
2021-11-29 05:15:04.699 | INFO     |  5358 | msm.skill_entry | Successfully installed mycroft-weather
2021-11-29 05:15:04.699 | INFO     |  5358 | msm.mycroft_skills_manager | invalidating skills cache
2021-11-29 05:15:04.748 | INFO     |  5358 | mycroft.skills.skill_updater:_log_next_download_time:267 | Next scheduled skill update: 2021-11-29 06:15:04.747349
2021-11-29 05:15:04.748 | INFO     |  5358 | mycroft.skills.skill_updater:update_skills:170 | Skill update complete
2021-11-29 05:15:04.748 | INFO     |  5358 | mycroft.skills.skill_manager:_load_on_startup:273 | Loading installed skills...
2021-11-29 05:15:04.749 | INFO     |  5358 | mycroft.skills.skill_loader:load:185 | ATTEMPTING TO LOAD SKILL: mycroft-stop.mycroftai
2021-11-29 05:15:04.754 | INFO     |  5358 | mycroft.skills.settings:get_local_settings:83 | /opt/mycroft/skills/mycroft-stop.mycroftai/settings.json
2021-11-29 05:15:04.769 | INFO     |  5358 | mycroft.skills.skill_loader:_check_for_first_run:324 | First run of mycroft-stop.mycroftai
2021-11-29 05:15:04.770 | INFO     |  5358 | mycroft.skills.settings:save_settings:116 | Skill settings successfully saved to /home/runner/.config/mycroft/skills/mycroft-stop.mycroftai/settings.json
2021-11-29 05:15:04.771 | INFO     |  5358 | mycroft.skills.skill_loader:_communicate_load_status:344 | Skill mycroft-stop.mycroftai loaded successfully
2021-11-29 05:15:04.772 | INFO     |  5358 | mycroft.skills.skill_loader:load:185 | ATTEMPTING TO LOAD SKILL: mycroft-alarm.mycroftai
2021-11-29 05:15:04.796 | INFO     |  5358 | mycroft.skills.settings:get_local_settings:83 | /opt/mycroft/skills/mycroft-alarm.mycroftai/settings.json
2021-11-29 05:15:04.796 | ERROR    |  5358 | AlarmSkill | Couldn't allocate mixer, ALSAAudioError('No such file or directory [default]')
2021-11-29 05:15:04.848 | INFO     |  5358 | mycroft.skills.skill_loader:_check_for_first_run:324 | First run of mycroft-alarm.mycroftai
2021-11-29 05:15:04.849 | INFO     |  5358 | mycroft.skills.settings:save_settings:116 | Skill settings successfully saved to /home/runner/.config/mycroft/skills/mycroft-alarm.mycroftai/settings.json
2021-11-29 05:15:04.850 | INFO     |  5358 | mycroft.skills.skill_loader:_communicate_load_status:344 | Skill mycroft-alarm.mycroftai loaded successfully
2021-11-29 05:15:04.850 | INFO     |  5358 | mycroft.skills.skill_loader:load:185 | ATTEMPTING TO LOAD SKILL: mycroft-date-time.mycroftai
2021-11-29 05:15:05.428 | INFO     |  5358 | mycroft.skills.settings:get_local_settings:83 | /opt/mycroft/skills/mycroft-date-time.mycroftai/settings.json
2021-11-29 05:15:05.459 | INFO     |  5358 | TimeSkill | Registering resting screen <bound method TimeSkill.handle_idle of <mycroft-date-time_mycroftai.TimeSkill object at 0x7f59dc83f410>> for Time and Date.
2021-11-29 05:15:05.468 | INFO     |  5358 | TimeSkill | Registering resting screen
2021-11-29 05:15:05.471 | INFO     |  5358 | mycroft.skills.skill_loader:_check_for_first_run:324 | First run of mycroft-date-time.mycroftai
2021-11-29 05:15:05.479 | INFO     |  5358 | mycroft.skills.settings:save_settings:116 | Skill settings successfully saved to /home/runner/.config/mycroft/skills/mycroft-date-time.mycroftai/settings.json
2021-11-29 05:15:05.482 | INFO     |  5358 | mycroft.skills.skill_loader:_communicate_load_status:344 | Skill mycroft-date-time.mycroftai loaded successfully
2021-11-29 05:15:05.483 | INFO     |  5358 | mycroft.skills.skill_loader:load:185 | ATTEMPTING TO LOAD SKILL: mycroft-fallback-duck-duck-go.mycroftai
2021-11-29 05:15:05.506 | INFO     |  5358 | mycroft.skills.settings:get_local_settings:83 | /opt/mycroft/skills/mycroft-fallback-duck-duck-go.mycroftai/settings.json
2021-11-29 05:15:05.532 | INFO     |  5358 | mycroft.skills.skill_loader:_check_for_first_run:324 | First run of mycroft-fallback-duck-duck-go.mycroftai
2021-11-29 05:15:05.533 | INFO     |  5358 | mycroft.skills.settings:save_settings:116 | Skill settings successfully saved to /home/runner/.config/mycroft/skills/mycroft-fallback-duck-duck-go.mycroftai/settings.json
2021-11-29 05:15:05.533 | INFO     |  5358 | mycroft.skills.skill_loader:_communicate_load_status:344 | Skill mycroft-fallback-duck-duck-go.mycroftai loaded successfully
2021-11-29 05:15:05.541 | INFO     |  5358 | mycroft.skills.skill_loader:load:185 | ATTEMPTING TO LOAD SKILL: mycroft-singing.mycroftai
2021-11-29 05:15:05.544 | INFO     |  5358 | mycroft.skills.settings:get_local_settings:83 | /opt/mycroft/skills/mycroft-singing.mycroftai/settings.json
2021-11-29 05:15:05.571 | INFO     |  5358 | mycroft.skills.skill_loader:_check_for_first_run:324 | First run of mycroft-singing.mycroftai
2021-11-29 05:15:05.576 | INFO     |  5358 | mycroft.skills.settings:save_settings:116 | Skill settings successfully saved to /home/runner/.config/mycroft/skills/mycroft-singing.mycroftai/settings.json
2021-11-29 05:15:05.577 | INFO     |  5358 | mycroft.skills.skill_loader:_communicate_load_status:344 | Skill mycroft-singing.mycroftai loaded successfully
2021-11-29 05:15:05.578 | INFO     |  5358 | mycroft.skills.skill_loader:load:185 | ATTEMPTING TO LOAD SKILL: mycroft-installer.mycroftai
2021-11-29 05:15:05.599 | INFO     |  5358 | mycroft.skills.settings:get_local_settings:83 | /opt/mycroft/skills/mycroft-installer.mycroftai/settings.json
2021-11-29 05:15:05.614 | INFO     |  5358 | mycroft.skills.skill_loader:_check_for_first_run:324 | First run of mycroft-installer.mycroftai
2021-11-29 05:15:05.615 | INFO     |  5358 | mycroft.skills.settings:save_settings:116 | Skill settings successfully saved to /home/runner/.config/mycroft/skills/mycroft-installer.mycroftai/settings.json
2021-11-29 05:15:05.624 | INFO     |  5358 | mycroft.skills.skill_loader:_communicate_load_status:344 | Skill mycroft-installer.mycroftai loaded successfully
2021-11-29 05:15:05.624 | INFO     |  5358 | mycroft.skills.skill_loader:load:185 | ATTEMPTING TO LOAD SKILL: fallback-unknown.mycroftai
2021-11-29 05:15:05.642 | INFO     |  5358 | mycroft.skills.settings:get_local_settings:83 | /opt/mycroft/skills/fallback-unknown.mycroftai/settings.json
2021-11-29 05:15:05.669 | INFO     |  5358 | mycroft.skills.skill_loader:_check_for_first_run:324 | First run of fallback-unknown.mycroftai
2021-11-29 05:15:05.670 | INFO     |  5358 | mycroft.skills.settings:save_settings:116 | Skill settings successfully saved to /home/runner/.config/mycroft/skills/fallback-unknown.mycroftai/settings.json
2021-11-29 05:15:05.670 | INFO     |  5358 | mycroft.skills.skill_loader:_communicate_load_status:344 | Skill fallback-unknown.mycroftai loaded successfully
2021-11-29 05:15:05.671 | INFO     |  5358 | mycroft.skills.skill_loader:load:185 | ATTEMPTING TO LOAD SKILL: mycroft-timer.mycroftai
2021-11-29 05:15:05.713 | INFO     |  5358 | mycroft.skills.settings:get_local_settings:83 | /opt/mycroft/skills/mycroft-timer.mycroftai/settings.json
2021-11-29 05:15:05.805 | INFO     |  5358 | mycroft.skills.skill_loader:_check_for_first_run:324 | First run of mycroft-timer.mycroftai
2021-11-29 05:15:05.806 | INFO     |  5358 | mycroft.skills.settings:save_settings:116 | Skill settings successfully saved to /home/runner/.config/mycroft/skills/mycroft-timer.mycroftai/settings.json
2021-11-29 05:15:05.812 | INFO     |  5358 | mycroft.skills.skill_loader:_communicate_load_status:344 | Skill mycroft-timer.mycroftai loaded successfully
2021-11-29 05:15:05.812 | INFO     |  5358 | mycroft.skills.skill_loader:load:185 | ATTEMPTING TO LOAD SKILL: mycroft-ip.mycroftai
2021-11-29 05:15:05.870 | INFO     |  5358 | mycroft.skills.settings:get_local_settings:83 | /opt/mycroft/skills/mycroft-ip.mycroftai/settings.json
2021-11-29 05:15:05.901 | INFO     |  5358 | mycroft.skills.skill_loader:_check_for_first_run:324 | First run of mycroft-ip.mycroftai
2021-11-29 05:15:05.902 | INFO     |  5358 | mycroft.skills.settings:save_settings:116 | Skill settings successfully saved to /home/runner/.config/mycroft/skills/mycroft-ip.mycroftai/settings.json
2021-11-29 05:15:05.903 | INFO     |  5358 | mycroft.skills.skill_loader:_communicate_load_status:344 | Skill mycroft-ip.mycroftai loaded successfully
2021-11-29 05:15:05.903 | INFO     |  5358 | mycroft.skills.skill_loader:load:185 | ATTEMPTING TO LOAD SKILL: fallback-wolfram-alpha.mycroftai
2021-11-29 05:15:05.968 | INFO     |  5358 | mycroft.skills.settings:get_local_settings:83 | /opt/mycroft/skills/fallback-wolfram-alpha.mycroftai/settings.json
2021-11-29 05:15:06.006 | INFO     |  5358 | mycroft.skills.skill_loader:_check_for_first_run:324 | First run of fallback-wolfram-alpha.mycroftai
2021-11-29 05:15:06.006 | INFO     |  5358 | mycroft.skills.settings:save_settings:116 | Skill settings successfully saved to /home/runner/.config/mycroft/skills/fallback-wolfram-alpha.mycroftai/settings.json
2021-11-29 05:15:06.007 | INFO     |  5358 | mycroft.skills.skill_loader:_communicate_load_status:344 | Skill fallback-wolfram-alpha.mycroftai loaded successfully
2021-11-29 05:15:06.013 | INFO     |  5358 | mycroft.skills.skill_loader:load:185 | ATTEMPTING TO LOAD SKILL: mycroft-wiki.mycroftai
2021-11-29 05:15:06.211 | INFO     |  5358 | mycroft.skills.settings:get_local_settings:83 | /opt/mycroft/skills/mycroft-wiki.mycroftai/settings.json
2021-11-29 05:15:06.254 | INFO     |  5358 | mycroft.skills.skill_loader:_check_for_first_run:324 | First run of mycroft-wiki.mycroftai
2021-11-29 05:15:06.255 | INFO     |  5358 | mycroft.skills.settings:save_settings:116 | Skill settings successfully saved to /home/runner/.config/mycroft/skills/mycroft-wiki.mycroftai/settings.json
2021-11-29 05:15:06.259 | INFO     |  5358 | mycroft.skills.skill_loader:_communicate_load_status:344 | Skill mycroft-wiki.mycroftai loaded successfully
2021-11-29 05:15:06.260 | INFO     |  5358 | mycroft.skills.skill_loader:load:185 | ATTEMPTING TO LOAD SKILL: mycroft-version-checker.mycroftai
2021-11-29 05:15:06.275 | INFO     |  5358 | mycroft.skills.settings:get_local_settings:83 | /opt/mycroft/skills/mycroft-version-checker.mycroftai/settings.json
2021-11-29 05:15:06.314 | INFO     |  5358 | mycroft.skills.skill_loader:_check_for_first_run:324 | First run of mycroft-version-checker.mycroftai
2021-11-29 05:15:06.315 | INFO     |  5358 | mycroft.skills.settings:save_settings:116 | Skill settings successfully saved to /home/runner/.config/mycroft/skills/mycroft-version-checker.mycroftai/settings.json
2021-11-29 05:15:06.320 | INFO     |  5358 | mycroft.skills.skill_loader:_communicate_load_status:344 | Skill mycroft-version-checker.mycroftai loaded successfully
2021-11-29 05:15:06.321 | INFO     |  5358 | mycroft.skills.skill_loader:load:185 | ATTEMPTING TO LOAD SKILL: mycroft-speak.mycroftai
2021-11-29 05:15:06.325 | INFO     |  5358 | mycroft.skills.settings:get_local_settings:83 | /opt/mycroft/skills/mycroft-speak.mycroftai/settings.json
2021-11-29 05:15:06.364 | INFO     |  5358 | mycroft.skills.skill_loader:_check_for_first_run:324 | First run of mycroft-speak.mycroftai
2021-11-29 05:15:06.365 | INFO     |  5358 | mycroft.skills.settings:save_settings:116 | Skill settings successfully saved to /home/runner/.config/mycroft/skills/mycroft-speak.mycroftai/settings.json
2021-11-29 05:15:06.366 | INFO     |  5358 | mycroft.skills.skill_loader:_communicate_load_status:344 | Skill mycroft-speak.mycroftai loaded successfully
2021-11-29 05:15:06.369 | INFO     |  5358 | mycroft.skills.skill_loader:load:185 | ATTEMPTING TO LOAD SKILL: mycroft-weather.mycroftai
2021-11-29 05:15:06.420 | INFO     |  5358 | mycroft.skills.settings:get_local_settings:83 | /opt/mycroft/skills/mycroft-weather.mycroftai/settings.json
2021-11-29 05:15:06.577 | INFO     |  5358 | mycroft.skills.skill_loader:_check_for_first_run:324 | First run of mycroft-weather.mycroftai
2021-11-29 05:15:06.578 | INFO     |  5358 | mycroft.skills.settings:save_settings:116 | Skill settings successfully saved to /home/runner/.config/mycroft/skills/mycroft-weather.mycroftai/settings.json
2021-11-29 05:15:06.580 | INFO     |  5358 | mycroft.skills.skill_loader:_communicate_load_status:344 | Skill mycroft-weather.mycroftai loaded successfully
2021-11-29 05:15:06.581 | INFO     |  5358 | mycroft.skills.skill_loader:load:185 | ATTEMPTING TO LOAD SKILL: mycroft-spelling.mycroftai
2021-11-29 05:15:06.587 | INFO     |  5358 | mycroft.skills.settings:get_local_settings:83 | /opt/mycroft/skills/mycroft-spelling.mycroftai/settings.json
2021-11-29 05:15:06.604 | INFO     |  5358 | mycroft.skills.skill_loader:_check_for_first_run:324 | First run of mycroft-spelling.mycroftai
2021-11-29 05:15:06.604 | INFO     |  5358 | mycroft.skills.settings:save_settings:116 | Skill settings successfully saved to /home/runner/.config/mycroft/skills/mycroft-spelling.mycroftai/settings.json
2021-11-29 05:15:06.607 | INFO     |  5358 | mycroft.skills.skill_loader:_communicate_load_status:344 | Skill mycroft-spelling.mycroftai loaded successfully
2021-11-29 05:15:06.611 | INFO     |  5358 | mycroft.skills.skill_loader:load:185 | ATTEMPTING TO LOAD SKILL: homeassistant.mycroftai
2021-11-29 05:15:07.151 | INFO     |  5358 | mycroft.skills.settings:get_local_settings:83 | /opt/mycroft/skills/homeassistant.mycroftai/settings.json
2021-11-29 05:15:07.152 | INFO     |  5358 | mycroft.skills.settings:get_local_settings:83 | /opt/mycroft/skills/homeassistant.mycroftai/settings.json
2021-11-29 05:15:07.255 | INFO     |  5358 | mycroft.skills.skill_loader:_communicate_load_status:344 | Skill homeassistant.mycroftai loaded successfully
2021-11-29 05:15:07.255 | INFO     |  5358 | mycroft.skills.skill_loader:load:185 | ATTEMPTING TO LOAD SKILL: mycroft-audio-record.mycroftai
2021-11-29 05:15:07.274 | INFO     |  5358 | mycroft.skills.settings:get_local_settings:83 | /opt/mycroft/skills/mycroft-audio-record.mycroftai/settings.json
2021-11-29 05:15:07.338 | INFO     |  5358 | mycroft.skills.skill_loader:_check_for_first_run:324 | First run of mycroft-audio-record.mycroftai
2021-11-29 05:15:07.339 | INFO     |  5358 | mycroft.skills.settings:save_settings:116 | Skill settings successfully saved to /home/runner/.config/mycroft/skills/mycroft-audio-record.mycroftai/settings.json
2021-11-29 05:15:07.357 | INFO     |  5358 | mycroft.skills.skill_loader:_communicate_load_status:344 | Skill mycroft-audio-record.mycroftai loaded successfully
2021-11-29 05:15:07.361 | INFO     |  5358 | mycroft.skills.skill_loader:load:185 | ATTEMPTING TO LOAD SKILL: mycroft-joke.mycroftai
2021-11-29 05:15:07.436 | INFO     |  5358 | mycroft.skills.settings:get_local_settings:83 | /opt/mycroft/skills/mycroft-joke.mycroftai/settings.json
2021-11-29 05:15:07.478 | INFO     |  5358 | mycroft.skills.skill_loader:_check_for_first_run:324 | First run of mycroft-joke.mycroftai
2021-11-29 05:15:07.479 | INFO     |  5358 | mycroft.skills.settings:save_settings:116 | Skill settings successfully saved to /home/runner/.config/mycroft/skills/mycroft-joke.mycroftai/settings.json
2021-11-29 05:15:07.490 | INFO     |  5358 | mycroft.skills.skill_loader:_communicate_load_status:344 | Skill mycroft-joke.mycroftai loaded successfully
2021-11-29 05:15:07.492 | INFO     |  5358 | mycroft.skills.skill_loader:load:185 | ATTEMPTING TO LOAD SKILL: mycroft-npr-news.mycroftai
2021-11-29 05:15:07.597 | INFO     |  5358 | mycroft.skills.settings:get_local_settings:83 | /opt/mycroft/skills/mycroft-npr-news.mycroftai/settings.json
2021-11-29 05:15:08.631 | INFO     |  5358 | mycroft.skills.skill_loader:_check_for_first_run:324 | First run of mycroft-npr-news.mycroftai
2021-11-29 05:15:08.633 | INFO     |  5358 | mycroft.skills.settings:save_settings:116 | Skill settings successfully saved to /home/runner/.config/mycroft/skills/mycroft-npr-news.mycroftai/settings.json
2021-11-29 05:15:08.634 | INFO     |  5358 | mycroft.skills.skill_loader:_communicate_load_status:344 | Skill mycroft-npr-news.mycroftai loaded successfully
2021-11-29 05:15:08.635 | INFO     |  5358 | mycroft.skills.skill_loader:load:185 | ATTEMPTING TO LOAD SKILL: fallback-query.mycroftai
2021-11-29 05:15:08.643 | INFO     |  5358 | mycroft.skills.settings:get_local_settings:83 | /opt/mycroft/skills/fallback-query.mycroftai/settings.json
2021-11-29 05:15:08.664 | INFO     |  5358 | mycroft.skills.skill_loader:_check_for_first_run:324 | First run of fallback-query.mycroftai
2021-11-29 05:15:08.664 | INFO     |  5358 | mycroft.skills.settings:save_settings:116 | Skill settings successfully saved to /home/runner/.config/mycroft/skills/fallback-query.mycroftai/settings.json
2021-11-29 05:15:08.665 | INFO     |  5358 | mycroft.skills.skill_loader:_communicate_load_status:344 | Skill fallback-query.mycroftai loaded successfully
2021-11-29 05:15:08.665 | INFO     |  5358 | mycroft.skills.skill_loader:load:185 | ATTEMPTING TO LOAD SKILL: mycroft-support-helper.mycroftai
2021-11-29 05:15:08.674 | INFO     |  5358 | mycroft.skills.settings:get_local_settings:83 | /opt/mycroft/skills/mycroft-support-helper.mycroftai/settings.json
2021-11-29 05:15:08.682 | INFO     |  5358 | mycroft.skills.skill_loader:_check_for_first_run:324 | First run of mycroft-support-helper.mycroftai
2021-11-29 05:15:08.682 | INFO     |  5358 | mycroft.skills.settings:save_settings:116 | Skill settings successfully saved to /home/runner/.config/mycroft/skills/mycroft-support-helper.mycroftai/settings.json
2021-11-29 05:15:08.683 | INFO     |  5358 | mycroft.skills.skill_loader:_communicate_load_status:344 | Skill mycroft-support-helper.mycroftai loaded successfully
2021-11-29 05:15:08.683 | INFO     |  5358 | mycroft.skills.skill_loader:load:185 | ATTEMPTING TO LOAD SKILL: mycroft-playback-control.mycroftai
2021-11-29 05:15:08.690 | INFO     |  5358 | mycroft.skills.settings:get_local_settings:83 | /opt/mycroft/skills/mycroft-playback-control.mycroftai/settings.json
2021-11-29 05:15:08.719 | INFO     |  5358 | mycroft.skills.skill_loader:_check_for_first_run:324 | First run of mycroft-playback-control.mycroftai
2021-11-29 05:15:08.719 | INFO     |  5358 | mycroft.skills.settings:save_settings:116 | Skill settings successfully saved to /home/runner/.config/mycroft/skills/mycroft-playback-control.mycroftai/settings.json
2021-11-29 05:15:08.721 | INFO     |  5358 | mycroft.skills.skill_loader:_communicate_load_status:344 | Skill mycroft-playback-control.mycroftai loaded successfully
2021-11-29 05:15:08.721 | INFO     |  5358 | mycroft.skills.skill_loader:load:185 | ATTEMPTING TO LOAD SKILL: mycroft-hello-world.mycroftai
2021-11-29 05:15:08.726 | INFO     |  5358 | mycroft.skills.settings:get_local_settings:83 | /opt/mycroft/skills/mycroft-hello-world.mycroftai/settings.json
2021-11-29 05:15:08.739 | INFO     |  5358 | mycroft.skills.skill_loader:_check_for_first_run:324 | First run of mycroft-hello-world.mycroftai
2021-11-29 05:15:08.740 | INFO     |  5358 | mycroft.skills.settings:save_settings:116 | Skill settings successfully saved to /home/runner/.config/mycroft/skills/mycroft-hello-world.mycroftai/settings.json
2021-11-29 05:15:08.741 | INFO     |  5358 | mycroft.skills.skill_loader:_communicate_load_status:344 | Skill mycroft-hello-world.mycroftai loaded successfully
2021-11-29 05:15:08.741 | INFO     |  5358 | mycroft.skills.skill_loader:load:185 | ATTEMPTING TO LOAD SKILL: mycroft-naptime.mycroftai
2021-11-29 05:15:08.745 | INFO     |  5358 | mycroft.skills.settings:get_local_settings:83 | /opt/mycroft/skills/mycroft-naptime.mycroftai/settings.json
2021-11-29 05:15:08.764 | INFO     |  5358 | mycroft.skills.skill_loader:_check_for_first_run:324 | First run of mycroft-naptime.mycroftai
2021-11-29 05:15:08.765 | INFO     |  5358 | mycroft.skills.settings:save_settings:116 | Skill settings successfully saved to /home/runner/.config/mycroft/skills/mycroft-naptime.mycroftai/settings.json
2021-11-29 05:15:08.767 | INFO     |  5358 | mycroft.skills.skill_loader:_communicate_load_status:344 | Skill mycroft-naptime.mycroftai loaded successfully
2021-11-29 05:15:08.767 | INFO     |  5358 | mycroft.skills.skill_loader:load:185 | ATTEMPTING TO LOAD SKILL: mycroft-configuration.mycroftai
2021-11-29 05:15:08.774 | INFO     |  5358 | mycroft.skills.settings:get_local_settings:83 | /opt/mycroft/skills/mycroft-configuration.mycroftai/settings.json
2021-11-29 05:15:08.797 | INFO     |  5358 | mycroft.skills.skill_loader:_check_for_first_run:324 | First run of mycroft-configuration.mycroftai
2021-11-29 05:15:08.802 | INFO     |  5358 | mycroft.skills.settings:save_settings:116 | Skill settings successfully saved to /home/runner/.config/mycroft/skills/mycroft-configuration.mycroftai/settings.json
2021-11-29 05:15:08.803 | INFO     |  5358 | mycroft.skills.skill_loader:_communicate_load_status:344 | Skill mycroft-configuration.mycroftai loaded successfully
2021-11-29 05:15:08.804 | INFO     |  5358 | mycroft.skills.skill_loader:load:185 | ATTEMPTING TO LOAD SKILL: mycroft-reminder.mycroftai
2021-11-29 05:15:08.819 | INFO     |  5358 | mycroft.skills.settings:get_local_settings:83 | /opt/mycroft/skills/mycroft-reminder.mycroftai/settings.json
2021-11-29 05:15:08.875 | INFO     |  5358 | mycroft.skills.skill_loader:_check_for_first_run:324 | First run of mycroft-reminder.mycroftai
2021-11-29 05:15:08.880 | INFO     |  5358 | mycroft.skills.settings:save_settings:116 | Skill settings successfully saved to /home/runner/.config/mycroft/skills/mycroft-reminder.mycroftai/settings.json
2021-11-29 05:15:08.881 | INFO     |  5358 | mycroft.skills.skill_loader:_communicate_load_status:344 | Skill mycroft-reminder.mycroftai loaded successfully
2021-11-29 05:15:08.882 | INFO     |  5358 | mycroft.skills.skill_loader:load:185 | ATTEMPTING TO LOAD SKILL: mycroft-personal.mycroftai
2021-11-29 05:15:08.888 | INFO     |  5358 | mycroft.skills.settings:get_local_settings:83 | /opt/mycroft/skills/mycroft-personal.mycroftai/settings.json
2021-11-29 05:15:08.907 | INFO     |  5358 | mycroft.skills.skill_loader:_check_for_first_run:324 | First run of mycroft-personal.mycroftai
2021-11-29 05:15:08.907 | INFO     |  5358 | mycroft.skills.settings:save_settings:116 | Skill settings successfully saved to /home/runner/.config/mycroft/skills/mycroft-personal.mycroftai/settings.json
2021-11-29 05:15:08.919 | INFO     |  5358 | mycroft.skills.skill_loader:_communicate_load_status:344 | Skill mycroft-personal.mycroftai loaded successfully
2021-11-29 05:15:08.920 | INFO     |  5358 | mycroft.skills.skill_manager:_load_on_startup:275 | Skills all loaded!
2021-11-29 05:15:08.990 | INFO     |  5358 | __main__:on_ready:185 | Skills service is ready.
2021-11-29 05:15:09.090 | INFO     |  5358 | mycroft.skills.intent_services.padatious_service:train:151 | Training... (single_thread=False)
Regenerated mycroft-alarm.mycroftai:{daytype}.
Regenerated mycroft-date-time.mycroftai:what.time.will.it.be.intent.
Regenerated mycroft-date-time.mycroftai:date.future.weekend.intent.
Regenerated mycroft-date-time.mycroftai:what.time.is.it.intent.
Regenerated mycroft-installer.mycroftai:list.skills.intent.
Regenerated mycroft-installer.mycroftai:install.custom.intent.
Regenerated mycroft-installer.mycroftai:install.intent.
Regenerated mycroft-installer.mycroftai:is.installed.intent.
Regenerated mycroft-installer.mycroftai:remove.intent.
Regenerated homeassistant.mycroftai:decrease.light.brightness.intent.
Regenerated homeassistant.mycroftai:turn.on.intent.
Regenerated homeassistant.mycroftai:turn.off.intent.
Regenerated homeassistant.mycroftai:cover.close.intent.
Regenerated homeassistant.mycroftai:tracker.intent.
Regenerated homeassistant.mycroftai:cover.open.intent.
Regenerated homeassistant.mycroftai:sensor.intent.
Regenerated homeassistant.mycroftai:set.light.brightness.intent.
Regenerated mycroft-reminder.mycroftai:GetRemindersForDay.intent.
Regenerated mycroft-reminder.mycroftai:GetNextReminders.intent.
Regenerated mycroft-reminder.mycroftai:UnspecifiedReminderAt.intent.
Regenerated mycroft-reminder.mycroftai:ClearReminders.intent.
Regenerated mycroft-personal.mycroftai:WhenWereYouBorn.intent.
Regenerated mycroft-personal.mycroftai:DoYouRhyme.intent.
Regenerated mycroft-personal.mycroftai:WhoMadeYou.intent.
Regenerated mycroft-personal.mycroftai:DoYouDream.intent.
Regenerated mycroft-personal.mycroftai:WhatAreYou.intent.
Regenerated mycroft-personal.mycroftai:WhoAreYou.intent.
Regenerated mycroft-personal.mycroftai:WhereWereYouBorn.intent.
Regenerated mycroft-stop.mycroftai:wifi.setup.intent.
Regenerated mycroft-stop.mycroftai:ssh.enable.intent.
Regenerated mycroft-stop.mycroftai:reboot.intent.
Regenerated mycroft-stop.mycroftai:ssh.disable.intent.
Regenerated mycroft-stop.mycroftai:shutdown.intent.
Regenerated mycroft-alarm.mycroftai:change.alarm.sound.intent.
Regenerated mycroft-alarm.mycroftai:snooze.intent.
Regenerated mycroft-date-time.mycroftai:date.last.weekend.intent.
Regenerated mycroft-installer.mycroftai:install.beta.intent.
Regenerated mycroft-timer.mycroftai:timer.status.intent.
Regenerated mycroft-timer.mycroftai:start.timer.intent.
Regenerated mycroft-wiki.mycroftai:Random.intent.
Regenerated mycroft-weather.mycroftai:do-i-need-an-umbrella.intent.
Regenerated homeassistant.mycroftai:toggle.intent.
Regenerated homeassistant.mycroftai:automation.intent.
Regenerated homeassistant.mycroftai:set.climate.intent.
Regenerated homeassistant.mycroftai:add.item.shopping.list.intent.
Regenerated homeassistant.mycroftai:cover.stop.intent.
Regenerated homeassistant.mycroftai:increase.light.brightness.intent.
Regenerated mycroft-audio-record.mycroftai:StartRecording.intent.
Regenerated mycroft-audio-record.mycroftai:PlayRecording.intent.
Regenerated mycroft-npr-news.mycroftai:PlayTheNews.intent.
Regenerated mycroft-support-helper.mycroftai:contact.support.intent.
Regenerated mycroft-hello-world.mycroftai:HowAreYou.intent.
Regenerated mycroft-configuration.mycroftai:WhereAreYou.intent.
Regenerated mycroft-configuration.mycroftai:DisablePreciseDev.intent.
Regenerated mycroft-configuration.mycroftai:EnablePreciseDev.intent.
Regenerated mycroft-reminder.mycroftai:CancelActiveReminder.intent.
Regenerated mycroft-reminder.mycroftai:SnoozeReminder.intent.
Regenerated mycroft-reminder.mycroftai:ReminderAt.intent.
Regenerated mycroft-reminder.mycroftai:Reminder.intent.
Regenerated mycroft-reminder.mycroftai:DeleteReminderForDay.intent.
2021-11-29 05:15:12.052 | INFO     |  5358 | mycroft.skills.intent_services.padatious_service:train:153 | Training complete.
2021-11-29 05:15:16.300 | INFO     |  5358 | mycroft.skills.settings:save_settings:116 | Skill settings successfully saved to /home/runner/.config/mycroft/skills/mycroft-pairing.mycroftai/settings.json
2021-11-29 05:15:16.602 | INFO     |  5358 | mycroft.skills.settings:save_settings:116 | Skill settings successfully saved to /home/runner/.config/mycroft/skills/mycroft-timer.mycroftai/settings.json
2021-11-29 05:15:49.775 | INFO     |  5358 | __main__:on_stopping:193 | Skills service is shutting down...
2021-11-29 05:15:49.776 | INFO     |  5358 | __main__:shutdown:284 | Shutting down Skills service
2021-11-29 05:15:50.049 | ERROR    |  5358 | VolumeSkill | Couldn't allocate mixer, ALSAAudioError('No such file or directory [default]')
2021-11-29 05:15:50.052 | INFO     |  5358 | mycroft.skills.settings:save_settings:116 | Skill settings successfully saved to /home/runner/.config/mycroft/skills/mycroft-volume.mycroftai/settings.json
2021-11-29 05:15:50.057 | INFO     |  5358 | mycroft.skills.settings:save_settings:116 | Skill settings successfully saved to /home/runner/.config/mycroft/skills/mycroft-stop.mycroftai/settings.json
2021-11-29 05:15:50.060 | INFO     |  5358 | mycroft.skills.settings:save_settings:116 | Skill settings successfully saved to /home/runner/.config/mycroft/skills/mycroft-alarm.mycroftai/settings.json
2021-11-29 05:15:50.062 | INFO     |  5358 | mycroft.skills.settings:save_settings:116 | Skill settings successfully saved to /home/runner/.config/mycroft/skills/mycroft-date-time.mycroftai/settings.json
2021-11-29 05:15:50.093 | INFO     |  5358 | mycroft.skills.settings:save_settings:116 | Skill settings successfully saved to /home/runner/.config/mycroft/skills/mycroft-fallback-duck-duck-go.mycroftai/settings.json
2021-11-29 05:15:50.101 | INFO     |  5358 | mycroft.skills.settings:save_settings:116 | Skill settings successfully saved to /home/runner/.config/mycroft/skills/mycroft-singing.mycroftai/settings.json
2021-11-29 05:15:50.107 | INFO     |  5358 | mycroft.skills.settings:save_settings:116 | Skill settings successfully saved to /home/runner/.config/mycroft/skills/mycroft-installer.mycroftai/settings.json
2021-11-29 05:15:50.108 | INFO     |  5358 | UnknownSkill | Removing all handlers...
2021-11-29 05:15:50.109 | INFO     |  5358 | mycroft.skills.settings:save_settings:116 | Skill settings successfully saved to /home/runner/.config/mycroft/skills/fallback-unknown.mycroftai/settings.json
2021-11-29 05:15:50.112 | INFO     |  5358 | mycroft.skills.settings:save_settings:116 | Skill settings successfully saved to /home/runner/.config/mycroft/skills/mycroft-ip.mycroftai/settings.json
2021-11-29 05:15:50.115 | INFO     |  5358 | mycroft.skills.settings:save_settings:116 | Skill settings successfully saved to /home/runner/.config/mycroft/skills/fallback-wolfram-alpha.mycroftai/settings.json
2021-11-29 05:15:50.124 | INFO     |  5358 | mycroft.skills.settings:save_settings:116 | Skill settings successfully saved to /home/runner/.config/mycroft/skills/mycroft-wiki.mycroftai/settings.json
2021-11-29 05:15:50.125 | INFO     |  5358 | mycroft.skills.settings:save_settings:116 | Skill settings successfully saved to /home/runner/.config/mycroft/skills/mycroft-version-checker.mycroftai/settings.json
2021-11-29 05:15:50.128 | INFO     |  5358 | mycroft.skills.settings:save_settings:116 | Skill settings successfully saved to /home/runner/.config/mycroft/skills/mycroft-speak.mycroftai/settings.json
2021-11-29 05:15:50.133 | INFO     |  5358 | mycroft.skills.settings:save_settings:116 | Skill settings successfully saved to /home/runner/.config/mycroft/skills/mycroft-weather.mycroftai/settings.json
2021-11-29 05:15:50.135 | INFO     |  5358 | mycroft.skills.settings:save_settings:116 | Skill settings successfully saved to /home/runner/.config/mycroft/skills/mycroft-spelling.mycroftai/settings.json
2021-11-29 05:15:50.135 | INFO     |  5358 | HomeAssistantSkill | Removing all handlers...
2021-11-29 05:15:50.136 | WARNING  |  5358 | mycroft.skills.fallback_skill:remove_fallback:185 | Could not find matching fallback handler
2021-11-29 05:15:50.142 | INFO     |  5358 | mycroft.skills.settings:save_settings:116 | Skill settings successfully saved to /home/runner/.config/mycroft/skills/mycroft-audio-record.mycroftai/settings.json
2021-11-29 05:15:50.144 | INFO     |  5358 | mycroft.skills.settings:save_settings:116 | Skill settings successfully saved to /home/runner/.config/mycroft/skills/mycroft-joke.mycroftai/settings.json
2021-11-29 05:15:50.146 | INFO     |  5358 | mycroft.skills.settings:save_settings:116 | Skill settings successfully saved to /home/runner/.config/mycroft/skills/mycroft-npr-news.mycroftai/settings.json
2021-11-29 05:15:50.147 | INFO     |  5358 | QuestionsAnswersSkill | Removing all handlers...
2021-11-29 05:15:50.148 | INFO     |  5358 | mycroft.skills.settings:save_settings:116 | Skill settings successfully saved to /home/runner/.config/mycroft/skills/fallback-query.mycroftai/settings.json
2021-11-29 05:15:50.156 | INFO     |  5358 | mycroft.skills.settings:save_settings:116 | Skill settings successfully saved to /home/runner/.config/mycroft/skills/mycroft-support-helper.mycroftai/settings.json
2021-11-29 05:15:50.157 | INFO     |  5358 | mycroft.skills.settings:save_settings:116 | Skill settings successfully saved to /home/runner/.config/mycroft/skills/mycroft-playback-control.mycroftai/settings.json
2021-11-29 05:15:51.159 | INFO     |  5358 | Playback Control Skill | Audio service status: {}
2021-11-29 05:15:52.160 | WARNING  |  5358 | mycroft.skills.skill_manager:_shutdown_skill:106 | mycroft-playback-control.mycroftai shutdown took 2.00311328600003 seconds
2021-11-29 05:15:52.161 | INFO     |  5358 | mycroft.skills.settings:save_settings:116 | Skill settings successfully saved to /home/runner/.config/mycroft/skills/mycroft-hello-world.mycroftai/settings.json
2021-11-29 05:15:52.162 | INFO     |  5358 | mycroft.skills.settings:save_settings:116 | Skill settings successfully saved to /home/runner/.config/mycroft/skills/mycroft-naptime.mycroftai/settings.json
2021-11-29 05:15:52.166 | INFO     |  5358 | mycroft.skills.settings:save_settings:116 | Skill settings successfully saved to /home/runner/.config/mycroft/skills/mycroft-configuration.mycroftai/settings.json
2021-11-29 05:15:52.181 | INFO     |  5358 | mycroft.skills.settings:save_settings:116 | Skill settings successfully saved to /home/runner/.config/mycroft/skills/mycroft-reminder.mycroftai/settings.json
2021-11-29 05:15:52.183 | INFO     |  5358 | mycroft.skills.settings:save_settings:116 | Skill settings successfully saved to /home/runner/.config/mycroft/skills/mycroft-personal.mycroftai/settings.json
2021-11-29 05:15:52.184 | INFO     |  5358 | __main__:shutdown:291 | Skills service shutdown complete!
2021-11-29 05:15:52.189 | ERROR    |  5358 | websocket | error from callback <bound method MessageBusClient.on_message of <mycroft.messagebus.client.client.MessageBusClient object at 0x7f59ef339f10>>: cannot schedule new futures after shutdown
2021-11-29 05:15:52.189 | ERROR    |  5358 | mycroft_bus_client.client.client | === RuntimeError('cannot schedule new futures after shutdown') ===
Traceback (most recent call last):
  File "/opt/mycroft-core/.venv/lib/python3.7/site-packages/websocket/_app.py", line 407, in _callback
    callback(self, *args)
  File "/opt/mycroft-core/.venv/lib/python3.7/site-packages/mycroft_bus_client/client/client.py", line 182, in on_message
    self.emitter.emit('message', message)
  File "/opt/mycroft-core/.venv/lib/python3.7/site-packages/pyee/_base.py", line 113, in emit
    handled = self._call_handlers(event, args, kwargs)
  File "/opt/mycroft-core/.venv/lib/python3.7/site-packages/pyee/_base.py", line 96, in _call_handlers
    self._emit_run(f, args, kwargs)
  File "/opt/mycroft-core/.venv/lib/python3.7/site-packages/pyee/_executor.py", line 50, in _emit_run
    future = self._executor.submit(f, *args, **kwargs)
  File "/opt/hostedtoolcache/Python/3.7.12/x64/lib/python3.7/concurrent/futures/thread.py", line 163, in submit
    raise RuntimeError('cannot schedule new futures after shutdown')
RuntimeError: cannot schedule new futures after shutdown
2021-11-29 05:15:52.190 | ERROR    |  5358 | mycroft_bus_client.client.client | Exception closing websocket: RuntimeError('cannot schedule new futures after shutdown')
2021-11-29 05:15:52.190 | WARNING  |  5358 | mycroft_bus_client.client.client | Message Bus Client will reconnect in 5.0 seconds.
