2022-03-17 06:10:00.533 | INFO     |  4853 | mycroft.messagebus.load_config:load_message_bus_config:33 | Loading message bus configs
2022-03-17 06:10:00.544 | INFO     |  4853 | mycroft_bus_client.client.client | Connected
2022-03-17 06:10:00.554 | INFO     |  4853 | mycroft.util.process_utils:start_message_bus_client:155 | Connected to messagebus
2022-03-17 06:10:00.563 | INFO     |  4853 | mycroft.skills.msm_wrapper:create_msm:96 | Acquiring lock to instantiate MSM
2022-03-17 06:10:01.616 | INFO     |  4853 | msm.mycroft_skills_manager | building SkillEntry objects for all skills
2022-03-17 06:10:02.085 | INFO     |  4853 | mycroft.skills.msm_wrapper:create_msm:112 | Releasing MSM instantiation lock.
2022-03-17 06:10:02.086 | INFO     |  4853 | mycroft.skills.skill_updater:_log_next_download_time:267 | Next scheduled skill update: 2022-03-17 06:10:01.085997
2022-03-17 06:10:02.086 | INFO     |  4853 | msm.skill_entry | Downloading skill: https://github.com/mycroftai/skill-pairing
2022-03-17 06:10:02.596 | INFO     |  4853 | msm.skill_entry | Installing system requirements...
2022-03-17 06:10:02.631 | INFO     |  4853 | msm.skill_entry | Successfully installed mycroft-pairing
2022-03-17 06:10:02.631 | INFO     |  4853 | msm.mycroft_skills_manager | invalidating skills cache
2022-03-17 06:10:02.633 | INFO     |  4853 | mycroft.skills.skill_loader:load:185 | ATTEMPTING TO LOAD SKILL: mycroft-pairing.mycroftai
2022-03-17 06:10:02.654 | INFO     |  4853 | mycroft.skills.settings:get_local_settings:83 | /opt/mycroft/skills/mycroft-pairing.mycroftai/settings.json
2022-03-17 06:10:02.683 | INFO     |  4853 | mycroft.skills.skill_loader:_check_for_first_run:324 | First run of mycroft-pairing.mycroftai
2022-03-17 06:10:02.684 | INFO     |  4853 | mycroft.skills.settings:save_settings:116 | Skill settings successfully saved to /home/runner/.config/mycroft/skills/mycroft-pairing.mycroftai/settings.json
2022-03-17 06:10:02.685 | INFO     |  4853 | mycroft.skills.skill_loader:_communicate_load_status:344 | Skill mycroft-pairing.mycroftai loaded successfully
2022-03-17 06:10:02.685 | INFO     |  4853 | msm.skill_entry | Downloading skill: https://github.com/mycroftai/skill-volume
2022-03-17 06:10:03.126 | INFO     |  4853 | msm.skill_entry | Installing system requirements...
2022-03-17 06:10:03.163 | INFO     |  4853 | msm.skill_entry | Installing requirements.txt for mycroft-volume
2022-03-17 06:10:04.437 | INFO     |  4853 | msm.skill_entry | Successfully installed mycroft-volume
2022-03-17 06:10:04.437 | INFO     |  4853 | msm.mycroft_skills_manager | invalidating skills cache
2022-03-17 06:10:04.439 | INFO     |  4853 | mycroft.skills.skill_loader:load:185 | ATTEMPTING TO LOAD SKILL: mycroft-volume.mycroftai
2022-03-17 06:10:04.447 | INFO     |  4853 | mycroft.skills.settings:get_local_settings:83 | /opt/mycroft/skills/mycroft-volume.mycroftai/settings.json
2022-03-17 06:10:04.567 | ERROR    |  4853 | VolumeSkill | Couldn't allocate mixer, ALSAAudioError('No such file or directory [default]')
2022-03-17 06:10:07.568 | INFO     |  4853 | mycroft.skills.skill_loader:_check_for_first_run:324 | First run of mycroft-volume.mycroftai
2022-03-17 06:10:07.569 | INFO     |  4853 | mycroft.skills.settings:save_settings:116 | Skill settings successfully saved to /home/runner/.config/mycroft/skills/mycroft-volume.mycroftai/settings.json
2022-03-17 06:10:07.570 | INFO     |  4853 | mycroft.skills.skill_loader:_communicate_load_status:344 | Skill mycroft-volume.mycroftai loaded successfully
2022-03-17 06:10:07.570 | INFO     |  4853 | __main__:on_started:177 | Skills service is starting up.
2022-03-17 06:10:07.632 | INFO     |  4853 | __main__:_update_system:154 | Attempting system update...
2022-03-17 06:10:10.635 | INFO     |  4853 | mycroft.enclosure.display_manager:_write_data:70 | Display Manager is creating /tmp/mycroft/ipc/managers/disp_info
2022-03-17 06:10:10.636 | INFO     |  4853 | __main__:_ensure_device_is_paired:133 | Device not paired, invoking the pairing skill
2022-03-17 06:10:10.638 | INFO     |  4853 | __main__:on_alive:181 | Skills service is alive.
2022-03-17 06:10:10.643 | INFO     |  4853 | msm.mycroft_skills_manager | building SkillEntry objects for all skills
2022-03-17 06:10:10.842 | INFO     |  4853 | PairingSkill | Communicating account URL to user
2022-03-17 06:10:11.242 | WARNING  |  4853 | msm.mycroft_skills_manager | No such default skill: mycroft-pandora
2022-03-17 06:10:11.243 | INFO     |  4853 | mycroft.skills.skill_manager:run:234 | Not all default skills are installed, performing skill update...
2022-03-17 06:10:11.243 | INFO     |  4853 | mycroft.skills.skill_updater:update_skills:149 | Beginning skill update...
2022-03-17 06:10:11.303 | INFO     |  4853 | msm.mycroft_skills_manager | building SkillEntry objects for all skills
2022-03-17 06:10:12.014 | INFO     |  4853 | msm.mycroft_skills_manager | invalidating skills cache
2022-03-17 06:10:12.238 | INFO     |  4853 | msm.skill_entry | Downloading skill: https://github.com/mycroftai/fallback-unknown
2022-03-17 06:10:12.250 | INFO     |  4853 | msm.skill_entry | Downloading skill: https://github.com/mycroftai/skill-audio-record
2022-03-17 06:10:12.254 | INFO     |  4853 | msm.skill_entry | Downloading skill: https://github.com/mycroftai/skill-alarm
2022-03-17 06:10:12.258 | INFO     |  4853 | msm.skill_entry | Downloading skill: https://github.com/mycroftai/skill-configuration
2022-03-17 06:10:12.264 | INFO     |  4853 | msm.skill_entry | Downloading skill: https://github.com/mycroftai/skill-date-time
2022-03-17 06:10:12.273 | INFO     |  4853 | msm.skill_entry | Downloading skill: https://github.com/mycroftai/fallback-duckduckgo
2022-03-17 06:10:12.290 | INFO     |  4853 | msm.skill_entry | Downloading skill: https://github.com/mycroftai/skill-ip
2022-03-17 06:10:12.290 | INFO     |  4853 | msm.skill_entry | Downloading skill: https://github.com/mycroftai/fallback-wolfram-alpha
2022-03-17 06:10:12.291 | INFO     |  4853 | msm.skill_entry | Downloading skill: https://github.com/mycroftai/skill-hello-world
2022-03-17 06:10:12.294 | INFO     |  4853 | msm.skill_entry | Downloading skill: https://github.com/mycroftai/skill-joke
2022-03-17 06:10:12.308 | INFO     |  4853 | msm.skill_entry | Downloading skill: https://github.com/mycroftai/skill-naptime
2022-03-17 06:10:12.310 | INFO     |  4853 | msm.skill_entry | Downloading skill: https://github.com/mycroftai/skill-npr-news
2022-03-17 06:10:12.311 | INFO     |  4853 | msm.skill_entry | Downloading skill: https://github.com/mycroftai/skill-personal
2022-03-17 06:10:12.311 | INFO     |  4853 | msm.skill_entry | Downloading skill: https://github.com/mycroftai/skill-playback-control
2022-03-17 06:10:12.312 | INFO     |  4853 | msm.skill_entry | Downloading skill: https://github.com/mycroftai/skill-reminder
2022-03-17 06:10:12.314 | INFO     |  4853 | msm.skill_entry | Downloading skill: https://github.com/mycroftai/skill-singing
2022-03-17 06:10:12.332 | INFO     |  4853 | msm.skill_entry | Downloading skill: https://github.com/mycroftai/skill-installer
2022-03-17 06:10:13.487 | INFO     |  4853 | msm.skill_entry | Installing system requirements...
2022-03-17 06:10:13.756 | INFO     |  4853 | msm.skill_entry | Installing system requirements...
2022-03-17 06:10:13.779 | INFO     |  4853 | msm.skill_entry | Installing system requirements...
2022-03-17 06:10:13.782 | INFO     |  4853 | msm.skill_entry | Installing system requirements...
2022-03-17 06:10:13.793 | INFO     |  4853 | msm.skill_entry | Successfully installed fallback-unknown
2022-03-17 06:10:13.794 | INFO     |  4853 | msm.mycroft_skills_manager | invalidating skills cache
2022-03-17 06:10:13.796 | INFO     |  4853 | msm.skill_entry | Downloading skill: https://github.com/mycroftai/skill-speak
2022-03-17 06:10:13.824 | INFO     |  4853 | msm.skill_entry | Installing system requirements...
2022-03-17 06:10:13.829 | INFO     |  4853 | msm.skill_entry | Installing system requirements...
2022-03-17 06:10:13.930 | INFO     |  4853 | msm.skill_entry | Installing system requirements...
2022-03-17 06:10:14.023 | INFO     |  4853 | msm.skill_entry | Installing requirements.txt for mycroft-configuration
2022-03-17 06:10:14.033 | INFO     |  4853 | msm.skill_entry | Installing requirements.txt for mycroft-joke
2022-03-17 06:10:14.045 | INFO     |  4853 | msm.skill_entry | Installing system requirements...
2022-03-17 06:10:14.053 | INFO     |  4853 | msm.skill_entry | Successfully installed mycroft-naptime
2022-03-17 06:10:14.064 | INFO     |  4853 | msm.mycroft_skills_manager | invalidating skills cache
2022-03-17 06:10:14.059 | INFO     |  4853 | msm.skill_entry | Installing requirements.txt for mycroft-audio-record
2022-03-17 06:10:14.059 | INFO     |  4853 | msm.skill_entry | Installing system requirements...
2022-03-17 06:10:14.071 | INFO     |  4853 | msm.skill_entry | Downloading skill: https://github.com/mycroftai/skill-spelling
2022-03-17 06:10:14.099 | INFO     |  4853 | msm.skill_entry | Installing requirements.txt for mycroft-ip
2022-03-17 06:10:14.100 | INFO     |  4853 | msm.skill_entry | Installing requirements.txt for mycroft-fallback-duck-duck-go
2022-03-17 06:10:14.203 | INFO     |  4853 | msm.skill_entry | Installing system requirements...
2022-03-17 06:10:14.261 | INFO     |  4853 | msm.skill_entry | Successfully installed mycroft-hello-world
2022-03-17 06:10:14.261 | INFO     |  4853 | msm.mycroft_skills_manager | invalidating skills cache
2022-03-17 06:10:14.263 | INFO     |  4853 | msm.skill_entry | Downloading skill: https://github.com/mycroftai/skill-stop
2022-03-17 06:10:14.267 | INFO     |  4853 | msm.skill_entry | Successfully installed mycroft-personal
2022-03-17 06:10:14.268 | INFO     |  4853 | msm.mycroft_skills_manager | invalidating skills cache
2022-03-17 06:10:14.284 | INFO     |  4853 | msm.skill_entry | Downloading skill: https://github.com/mycroftai/skill-support
2022-03-17 06:10:14.338 | INFO     |  4853 | msm.skill_entry | Installing system requirements...
2022-03-17 06:10:14.388 | INFO     |  4853 | msm.skill_entry | Installing requirements.txt for fallback-wolfram-alpha
2022-03-17 06:10:14.481 | INFO     |  4853 | msm.skill_entry | Installing system requirements...
2022-03-17 06:10:14.500 | INFO     |  4853 | msm.skill_entry | Successfully installed mycroft-playback-control
2022-03-17 06:10:14.501 | INFO     |  4853 | msm.mycroft_skills_manager | invalidating skills cache
2022-03-17 06:10:14.508 | INFO     |  4853 | msm.skill_entry | Downloading skill: https://github.com/mycroftai/mycroft-timer
2022-03-17 06:10:14.510 | INFO     |  4853 | msm.skill_entry | Installing system requirements...
2022-03-17 06:10:14.618 | INFO     |  4853 | msm.skill_entry | Installing system requirements...
2022-03-17 06:10:14.689 | INFO     |  4853 | msm.skill_entry | Installing requirements.txt for mycroft-installer
2022-03-17 06:10:14.690 | INFO     |  4853 | msm.skill_entry | Installing requirements.txt for mycroft-npr-news
2022-03-17 06:10:14.773 | INFO     |  4853 | msm.skill_entry | Installing system requirements...
2022-03-17 06:10:14.778 | INFO     |  4853 | msm.skill_entry | Successfully installed mycroft-reminder
2022-03-17 06:10:14.779 | INFO     |  4853 | msm.mycroft_skills_manager | invalidating skills cache
2022-03-17 06:10:14.781 | INFO     |  4853 | msm.skill_entry | Downloading skill: https://github.com/mycroftai/skill-weather
2022-03-17 06:10:14.932 | INFO     |  4853 | msm.skill_entry | Installing requirements.txt for mycroft-date-time
2022-03-17 06:10:15.367 | INFO     |  4853 | msm.skill_entry | Nothing new for mycroft-pairing
2022-03-17 06:10:15.438 | INFO     |  4853 | msm.skill_entry | Nothing new for mycroft-volume
2022-03-17 06:10:15.555 | INFO     |  4853 | msm.skill_entry | Installing system requirements...
2022-03-17 06:10:15.593 | INFO     |  4853 | msm.skill_entry | Installing system requirements...
2022-03-17 06:10:15.670 | INFO     |  4853 | msm.skill_entry | Downloading skill: https://github.com/mycroftai/skill-version-checker
2022-03-17 06:10:15.737 | INFO     |  4853 | msm.skill_entry | Installing requirements.txt for mycroft-volume
2022-03-17 06:10:15.784 | INFO     |  4853 | msm.skill_entry | Installing system requirements...
2022-03-17 06:10:15.810 | ERROR    |  4853 | msm.mycroft_skills_manager | Error running install_or_update on homeassistant.mycroftai: MergeConflict
2022-03-17 06:10:15.812 | INFO     |  4853 | msm.skill_entry | Downloading skill: https://github.com/mycroftai/skill-wiki
2022-03-17 06:10:15.860 | INFO     |  4853 | msm.skill_entry | Installing system requirements...
2022-03-17 06:10:15.908 | INFO     |  4853 | msm.skill_entry | Installing system requirements...
2022-03-17 06:10:15.971 | INFO     |  4853 | msm.skill_entry | Installing requirements.txt for mycroft-alarm
2022-03-17 06:10:16.008 | INFO     |  4853 | msm.skill_entry | Successfully installed mycroft-spelling
2022-03-17 06:10:16.008 | INFO     |  4853 | msm.mycroft_skills_manager | invalidating skills cache
2022-03-17 06:10:16.011 | INFO     |  4853 | msm.skill_entry | Downloading skill: https://github.com/MycroftAI/skill-query
2022-03-17 06:10:16.073 | INFO     |  4853 | msm.skill_entry | Installing system requirements...
2022-03-17 06:10:16.089 | INFO     |  4853 | msm.skill_entry | Successfully installed mycroft-speak
2022-03-17 06:10:16.089 | INFO     |  4853 | msm.mycroft_skills_manager | invalidating skills cache
2022-03-17 06:10:16.102 | INFO     |  4853 | msm.skill_entry | Installing system requirements...
2022-03-17 06:10:16.250 | INFO     |  4853 | msm.skill_entry | Installing requirements.txt for mycroft-support-helper
2022-03-17 06:10:16.270 | INFO     |  4853 | msm.skill_entry | Successfully installed mycroft-stop
2022-03-17 06:10:16.270 | INFO     |  4853 | msm.mycroft_skills_manager | invalidating skills cache
2022-03-17 06:10:16.345 | INFO     |  4853 | msm.skill_entry | Installing system requirements...
2022-03-17 06:10:16.444 | INFO     |  4853 | msm.skill_entry | Successfully installed mycroft-timer
2022-03-17 06:10:16.444 | INFO     |  4853 | msm.mycroft_skills_manager | invalidating skills cache
2022-03-17 06:10:16.716 | INFO     |  4853 | msm.skill_entry | Installing system requirements...
2022-03-17 06:10:16.796 | INFO     |  4853 | msm.skill_entry | Installing system requirements...
2022-03-17 06:10:16.801 | INFO     |  4853 | msm.skill_entry | Successfully installed fallback-query
2022-03-17 06:10:16.801 | INFO     |  4853 | msm.mycroft_skills_manager | invalidating skills cache
2022-03-17 06:10:16.883 | INFO     |  4853 | msm.skill_entry | Installing system requirements...
2022-03-17 06:10:16.890 | INFO     |  4853 | msm.skill_entry | Successfully installed mycroft-version-checker
2022-03-17 06:10:16.891 | INFO     |  4853 | msm.mycroft_skills_manager | invalidating skills cache
2022-03-17 06:10:16.959 | INFO     |  4853 | msm.skill_entry | Installing requirements.txt for mycroft-weather
2022-03-17 06:10:16.964 | ERROR    |  4853 | msm.mycroft_skills_manager | Error running install_or_update on homeassistant: MergeConflict
2022-03-17 06:10:16.972 | INFO     |  4853 | msm.skill_entry | Installing system requirements...
2022-03-17 06:10:16.999 | INFO     |  4853 | msm.skill_entry | Installing requirements.txt for mycroft-wiki
2022-03-17 06:10:17.429 | INFO     |  4853 | msm.skill_entry | Installing system requirements...
2022-03-17 06:10:17.459 | INFO     |  4853 | msm.skill_entry | Successfully installed mycroft-singing
2022-03-17 06:10:17.459 | INFO     |  4853 | msm.mycroft_skills_manager | invalidating skills cache
2022-03-17 06:10:22.682 | INFO     |  4853 | msm.skill_entry | Successfully installed mycroft-configuration
2022-03-17 06:10:22.683 | INFO     |  4853 | msm.mycroft_skills_manager | invalidating skills cache
2022-03-17 06:10:23.983 | INFO     |  4853 | msm.skill_entry | Successfully installed mycroft-joke
2022-03-17 06:10:23.983 | INFO     |  4853 | msm.mycroft_skills_manager | invalidating skills cache
2022-03-17 06:10:25.158 | INFO     |  4853 | msm.skill_entry | Successfully installed mycroft-audio-record
2022-03-17 06:10:25.159 | INFO     |  4853 | msm.mycroft_skills_manager | invalidating skills cache
2022-03-17 06:10:26.315 | INFO     |  4853 | msm.skill_entry | Successfully installed mycroft-ip
2022-03-17 06:10:26.318 | INFO     |  4853 | msm.mycroft_skills_manager | invalidating skills cache
2022-03-17 06:10:27.595 | INFO     |  4853 | msm.skill_entry | Successfully installed mycroft-fallback-duck-duck-go
2022-03-17 06:10:27.595 | INFO     |  4853 | msm.mycroft_skills_manager | invalidating skills cache
2022-03-17 06:10:33.834 | INFO     |  4853 | msm.skill_entry | Successfully installed fallback-wolfram-alpha
2022-03-17 06:10:33.834 | INFO     |  4853 | msm.mycroft_skills_manager | invalidating skills cache
2022-03-17 06:10:34.895 | INFO     |  4853 | msm.skill_entry | Successfully installed mycroft-installer
2022-03-17 06:10:34.895 | INFO     |  4853 | msm.mycroft_skills_manager | invalidating skills cache
2022-03-17 06:10:41.177 | INFO     |  4853 | PairingSkill | Initiating device pairing sequence...
2022-03-17 06:10:41.178 | INFO     |  4853 | PairingSkill | Retrieving pairing code from device API...
2022-03-17 06:10:41.378 | INFO     |  4853 | PairingSkill | Pairing code obtained: PN93KP
2022-03-17 06:10:41.378 | INFO     |  4853 | PairingSkill | Communicating pairing URL to user
2022-03-17 06:10:41.464 | INFO     |  4853 | msm.skill_entry | Successfully installed mycroft-npr-news
2022-03-17 06:10:41.465 | INFO     |  4853 | msm.mycroft_skills_manager | invalidating skills cache
2022-03-17 06:11:11.734 | INFO     |  4853 | mycroft.skills.settings:save_settings:116 | Skill settings successfully saved to /home/runner/.config/mycroft/skills/mycroft-pairing.mycroftai/settings.json
2022-03-17 06:11:12.481 | INFO     |  4853 | msm.skill_entry | Successfully installed mycroft-date-time
2022-03-17 06:11:12.482 | INFO     |  4853 | msm.mycroft_skills_manager | invalidating skills cache
2022-03-17 06:11:15.486 | INFO     |  4853 | msm.skill_entry | Successfully installed mycroft-alarm
2022-03-17 06:11:15.486 | INFO     |  4853 | msm.mycroft_skills_manager | invalidating skills cache
2022-03-17 06:11:17.897 | INFO     |  4853 | msm.skill_entry | Successfully installed mycroft-support-helper
2022-03-17 06:11:17.897 | INFO     |  4853 | msm.mycroft_skills_manager | invalidating skills cache
2022-03-17 06:11:19.073 | INFO     |  4853 | msm.skill_entry | Successfully installed mycroft-weather
2022-03-17 06:11:19.073 | INFO     |  4853 | msm.mycroft_skills_manager | invalidating skills cache
2022-03-17 06:11:24.369 | INFO     |  4853 | msm.skill_entry | Successfully installed mycroft-wiki
2022-03-17 06:11:24.369 | INFO     |  4853 | msm.mycroft_skills_manager | invalidating skills cache
2022-03-17 06:11:24.374 | INFO     |  4853 | mycroft.skills.skill_updater:_log_next_download_time:267 | Next scheduled skill update: 2022-03-17 07:11:24.373349
2022-03-17 06:11:24.374 | INFO     |  4853 | mycroft.skills.skill_updater:update_skills:170 | Skill update complete
2022-03-17 06:11:24.374 | INFO     |  4853 | mycroft.skills.skill_manager:_load_on_startup:273 | Loading installed skills...
2022-03-17 06:11:24.376 | INFO     |  4853 | mycroft.skills.skill_loader:load:185 | ATTEMPTING TO LOAD SKILL: mycroft-joke.mycroftai
2022-03-17 06:11:24.384 | INFO     |  4853 | mycroft.skills.settings:get_local_settings:83 | /opt/mycroft/skills/mycroft-joke.mycroftai/settings.json
2022-03-17 06:11:24.410 | INFO     |  4853 | mycroft.skills.skill_loader:_check_for_first_run:324 | First run of mycroft-joke.mycroftai
2022-03-17 06:11:24.413 | INFO     |  4853 | mycroft.skills.settings:save_settings:116 | Skill settings successfully saved to /home/runner/.config/mycroft/skills/mycroft-joke.mycroftai/settings.json
2022-03-17 06:11:24.418 | INFO     |  4853 | mycroft.skills.skill_loader:_communicate_load_status:344 | Skill mycroft-joke.mycroftai loaded successfully
2022-03-17 06:11:24.419 | INFO     |  4853 | mycroft.skills.skill_loader:load:185 | ATTEMPTING TO LOAD SKILL: mycroft-alarm.mycroftai
2022-03-17 06:11:24.434 | INFO     |  4853 | mycroft.skills.settings:get_local_settings:83 | /opt/mycroft/skills/mycroft-alarm.mycroftai/settings.json
2022-03-17 06:11:24.435 | ERROR    |  4853 | AlarmSkill | Couldn't allocate mixer, ALSAAudioError('No such file or directory [default]')
2022-03-17 06:11:24.572 | INFO     |  4853 | mycroft.skills.skill_loader:_check_for_first_run:324 | First run of mycroft-alarm.mycroftai
2022-03-17 06:11:24.575 | INFO     |  4853 | mycroft.skills.settings:save_settings:116 | Skill settings successfully saved to /home/runner/.config/mycroft/skills/mycroft-alarm.mycroftai/settings.json
2022-03-17 06:11:24.580 | INFO     |  4853 | mycroft.skills.skill_loader:_communicate_load_status:344 | Skill mycroft-alarm.mycroftai loaded successfully
2022-03-17 06:11:24.583 | INFO     |  4853 | mycroft.skills.skill_loader:load:185 | ATTEMPTING TO LOAD SKILL: mycroft-version-checker.mycroftai
2022-03-17 06:11:24.590 | INFO     |  4853 | mycroft.skills.settings:get_local_settings:83 | /opt/mycroft/skills/mycroft-version-checker.mycroftai/settings.json
2022-03-17 06:11:24.620 | INFO     |  4853 | mycroft.skills.skill_loader:_check_for_first_run:324 | First run of mycroft-version-checker.mycroftai
2022-03-17 06:11:24.621 | INFO     |  4853 | mycroft.skills.settings:save_settings:116 | Skill settings successfully saved to /home/runner/.config/mycroft/skills/mycroft-version-checker.mycroftai/settings.json
2022-03-17 06:11:24.625 | INFO     |  4853 | mycroft.skills.skill_loader:_communicate_load_status:344 | Skill mycroft-version-checker.mycroftai loaded successfully
2022-03-17 06:11:24.626 | INFO     |  4853 | mycroft.skills.skill_loader:load:185 | ATTEMPTING TO LOAD SKILL: mycroft-timer.mycroftai
2022-03-17 06:11:24.655 | INFO     |  4853 | mycroft.skills.settings:get_local_settings:83 | /opt/mycroft/skills/mycroft-timer.mycroftai/settings.json
2022-03-17 06:11:24.750 | INFO     |  4853 | mycroft.skills.skill_loader:_check_for_first_run:324 | First run of mycroft-timer.mycroftai
2022-03-17 06:11:24.751 | INFO     |  4853 | mycroft.skills.settings:save_settings:116 | Skill settings successfully saved to /home/runner/.config/mycroft/skills/mycroft-timer.mycroftai/settings.json
2022-03-17 06:11:24.760 | INFO     |  4853 | mycroft.skills.skill_loader:_communicate_load_status:344 | Skill mycroft-timer.mycroftai loaded successfully
2022-03-17 06:11:24.763 | INFO     |  4853 | mycroft.skills.skill_loader:load:185 | ATTEMPTING TO LOAD SKILL: mycroft-playback-control.mycroftai
2022-03-17 06:11:24.767 | INFO     |  4853 | mycroft.skills.settings:get_local_settings:83 | /opt/mycroft/skills/mycroft-playback-control.mycroftai/settings.json
2022-03-17 06:11:24.824 | INFO     |  4853 | mycroft.skills.skill_loader:_check_for_first_run:324 | First run of mycroft-playback-control.mycroftai
2022-03-17 06:11:24.825 | INFO     |  4853 | mycroft.skills.settings:save_settings:116 | Skill settings successfully saved to /home/runner/.config/mycroft/skills/mycroft-playback-control.mycroftai/settings.json
2022-03-17 06:11:24.829 | INFO     |  4853 | mycroft.skills.skill_loader:_communicate_load_status:344 | Skill mycroft-playback-control.mycroftai loaded successfully
2022-03-17 06:11:24.830 | INFO     |  4853 | mycroft.skills.skill_loader:load:185 | ATTEMPTING TO LOAD SKILL: mycroft-hello-world.mycroftai
2022-03-17 06:11:24.837 | INFO     |  4853 | mycroft.skills.settings:get_local_settings:83 | /opt/mycroft/skills/mycroft-hello-world.mycroftai/settings.json
2022-03-17 06:11:24.859 | INFO     |  4853 | mycroft.skills.skill_loader:_check_for_first_run:324 | First run of mycroft-hello-world.mycroftai
2022-03-17 06:11:24.860 | INFO     |  4853 | mycroft.skills.settings:save_settings:116 | Skill settings successfully saved to /home/runner/.config/mycroft/skills/mycroft-hello-world.mycroftai/settings.json
2022-03-17 06:11:24.862 | INFO     |  4853 | mycroft.skills.skill_loader:_communicate_load_status:344 | Skill mycroft-hello-world.mycroftai loaded successfully
2022-03-17 06:11:24.865 | INFO     |  4853 | mycroft.skills.skill_loader:load:185 | ATTEMPTING TO LOAD SKILL: mycroft-singing.mycroftai
2022-03-17 06:11:24.868 | INFO     |  4853 | mycroft.skills.settings:get_local_settings:83 | /opt/mycroft/skills/mycroft-singing.mycroftai/settings.json
2022-03-17 06:11:24.895 | INFO     |  4853 | mycroft.skills.skill_loader:_check_for_first_run:324 | First run of mycroft-singing.mycroftai
2022-03-17 06:11:24.895 | INFO     |  4853 | mycroft.skills.settings:save_settings:116 | Skill settings successfully saved to /home/runner/.config/mycroft/skills/mycroft-singing.mycroftai/settings.json
2022-03-17 06:11:24.897 | INFO     |  4853 | mycroft.skills.skill_loader:_communicate_load_status:344 | Skill mycroft-singing.mycroftai loaded successfully
2022-03-17 06:11:24.899 | INFO     |  4853 | mycroft.skills.skill_loader:load:185 | ATTEMPTING TO LOAD SKILL: mycroft-speak.mycroftai
2022-03-17 06:11:24.902 | INFO     |  4853 | mycroft.skills.settings:get_local_settings:83 | /opt/mycroft/skills/mycroft-speak.mycroftai/settings.json
2022-03-17 06:11:24.932 | INFO     |  4853 | mycroft.skills.skill_loader:_check_for_first_run:324 | First run of mycroft-speak.mycroftai
2022-03-17 06:11:24.947 | INFO     |  4853 | mycroft.skills.settings:save_settings:116 | Skill settings successfully saved to /home/runner/.config/mycroft/skills/mycroft-speak.mycroftai/settings.json
2022-03-17 06:11:24.952 | INFO     |  4853 | mycroft.skills.skill_loader:_communicate_load_status:344 | Skill mycroft-speak.mycroftai loaded successfully
2022-03-17 06:11:24.952 | INFO     |  4853 | mycroft.skills.skill_loader:load:185 | ATTEMPTING TO LOAD SKILL: fallback-query.mycroftai
2022-03-17 06:11:24.957 | INFO     |  4853 | mycroft.skills.settings:get_local_settings:83 | /opt/mycroft/skills/fallback-query.mycroftai/settings.json
2022-03-17 06:11:24.981 | INFO     |  4853 | mycroft.skills.skill_loader:_check_for_first_run:324 | First run of fallback-query.mycroftai
2022-03-17 06:11:24.982 | INFO     |  4853 | mycroft.skills.settings:save_settings:116 | Skill settings successfully saved to /home/runner/.config/mycroft/skills/fallback-query.mycroftai/settings.json
2022-03-17 06:11:24.987 | INFO     |  4853 | mycroft.skills.skill_loader:_communicate_load_status:344 | Skill fallback-query.mycroftai loaded successfully
2022-03-17 06:11:24.988 | INFO     |  4853 | mycroft.skills.skill_loader:load:185 | ATTEMPTING TO LOAD SKILL: mycroft-fallback-duck-duck-go.mycroftai
2022-03-17 06:11:25.006 | INFO     |  4853 | mycroft.skills.settings:get_local_settings:83 | /opt/mycroft/skills/mycroft-fallback-duck-duck-go.mycroftai/settings.json
2022-03-17 06:11:25.042 | INFO     |  4853 | mycroft.skills.skill_loader:_check_for_first_run:324 | First run of mycroft-fallback-duck-duck-go.mycroftai
2022-03-17 06:11:25.044 | INFO     |  4853 | mycroft.skills.settings:save_settings:116 | Skill settings successfully saved to /home/runner/.config/mycroft/skills/mycroft-fallback-duck-duck-go.mycroftai/settings.json
2022-03-17 06:11:25.048 | INFO     |  4853 | mycroft.skills.skill_loader:_communicate_load_status:344 | Skill mycroft-fallback-duck-duck-go.mycroftai loaded successfully
2022-03-17 06:11:25.049 | INFO     |  4853 | mycroft.skills.skill_loader:load:185 | ATTEMPTING TO LOAD SKILL: mycroft-configuration.mycroftai
2022-03-17 06:11:25.060 | INFO     |  4853 | mycroft.skills.settings:get_local_settings:83 | /opt/mycroft/skills/mycroft-configuration.mycroftai/settings.json
2022-03-17 06:11:25.112 | INFO     |  4853 | mycroft.skills.skill_loader:_check_for_first_run:324 | First run of mycroft-configuration.mycroftai
2022-03-17 06:11:25.113 | INFO     |  4853 | mycroft.skills.settings:save_settings:116 | Skill settings successfully saved to /home/runner/.config/mycroft/skills/mycroft-configuration.mycroftai/settings.json
2022-03-17 06:11:25.116 | INFO     |  4853 | mycroft.skills.skill_loader:_communicate_load_status:344 | Skill mycroft-configuration.mycroftai loaded successfully
2022-03-17 06:11:25.117 | INFO     |  4853 | mycroft.skills.skill_loader:load:185 | ATTEMPTING TO LOAD SKILL: fallback-wolfram-alpha.mycroftai
2022-03-17 06:11:25.139 | INFO     |  4853 | mycroft.skills.settings:get_local_settings:83 | /opt/mycroft/skills/fallback-wolfram-alpha.mycroftai/settings.json
2022-03-17 06:11:25.182 | INFO     |  4853 | mycroft.skills.skill_loader:_check_for_first_run:324 | First run of fallback-wolfram-alpha.mycroftai
2022-03-17 06:11:25.185 | INFO     |  4853 | mycroft.skills.settings:save_settings:116 | Skill settings successfully saved to /home/runner/.config/mycroft/skills/fallback-wolfram-alpha.mycroftai/settings.json
2022-03-17 06:11:25.188 | INFO     |  4853 | mycroft.skills.skill_loader:_communicate_load_status:344 | Skill fallback-wolfram-alpha.mycroftai loaded successfully
2022-03-17 06:11:25.190 | INFO     |  4853 | mycroft.skills.skill_loader:load:185 | ATTEMPTING TO LOAD SKILL: mycroft-date-time.mycroftai
2022-03-17 06:11:25.550 | INFO     |  4853 | mycroft.skills.settings:get_local_settings:83 | /opt/mycroft/skills/mycroft-date-time.mycroftai/settings.json
2022-03-17 06:11:25.605 | INFO     |  4853 | TimeSkill | Registering resting screen <bound method TimeSkill.handle_idle of <mycroft-date-time_mycroftai.TimeSkill object at 0x7f49f45a32d0>> for Time and Date.
2022-03-17 06:11:25.606 | INFO     |  4853 | TimeSkill | Registering resting screen
2022-03-17 06:11:25.609 | INFO     |  4853 | mycroft.skills.skill_loader:_check_for_first_run:324 | First run of mycroft-date-time.mycroftai
2022-03-17 06:11:25.610 | INFO     |  4853 | mycroft.skills.settings:save_settings:116 | Skill settings successfully saved to /home/runner/.config/mycroft/skills/mycroft-date-time.mycroftai/settings.json
2022-03-17 06:11:25.619 | INFO     |  4853 | mycroft.skills.skill_loader:_communicate_load_status:344 | Skill mycroft-date-time.mycroftai loaded successfully
2022-03-17 06:11:25.620 | INFO     |  4853 | mycroft.skills.skill_loader:load:185 | ATTEMPTING TO LOAD SKILL: mycroft-weather.mycroftai
2022-03-17 06:11:25.673 | INFO     |  4853 | mycroft.skills.settings:get_local_settings:83 | /opt/mycroft/skills/mycroft-weather.mycroftai/settings.json
2022-03-17 06:11:25.883 | INFO     |  4853 | mycroft.skills.skill_loader:_check_for_first_run:324 | First run of mycroft-weather.mycroftai
2022-03-17 06:11:25.884 | INFO     |  4853 | mycroft.skills.settings:save_settings:116 | Skill settings successfully saved to /home/runner/.config/mycroft/skills/mycroft-weather.mycroftai/settings.json
2022-03-17 06:11:25.884 | INFO     |  4853 | mycroft.skills.skill_loader:_communicate_load_status:344 | Skill mycroft-weather.mycroftai loaded successfully
2022-03-17 06:11:25.885 | INFO     |  4853 | mycroft.skills.skill_loader:load:185 | ATTEMPTING TO LOAD SKILL: mycroft-audio-record.mycroftai
2022-03-17 06:11:25.902 | INFO     |  4853 | mycroft.skills.settings:get_local_settings:83 | /opt/mycroft/skills/mycroft-audio-record.mycroftai/settings.json
2022-03-17 06:11:25.933 | INFO     |  4853 | mycroft.skills.skill_loader:_check_for_first_run:324 | First run of mycroft-audio-record.mycroftai
2022-03-17 06:11:25.934 | INFO     |  4853 | mycroft.skills.settings:save_settings:116 | Skill settings successfully saved to /home/runner/.config/mycroft/skills/mycroft-audio-record.mycroftai/settings.json
2022-03-17 06:11:25.939 | INFO     |  4853 | mycroft.skills.skill_loader:_communicate_load_status:344 | Skill mycroft-audio-record.mycroftai loaded successfully
2022-03-17 06:11:25.939 | INFO     |  4853 | mycroft.skills.skill_loader:load:185 | ATTEMPTING TO LOAD SKILL: mycroft-wiki.mycroftai
2022-03-17 06:11:26.161 | INFO     |  4853 | mycroft.skills.settings:get_local_settings:83 | /opt/mycroft/skills/mycroft-wiki.mycroftai/settings.json
2022-03-17 06:11:26.183 | INFO     |  4853 | mycroft.skills.skill_loader:_check_for_first_run:324 | First run of mycroft-wiki.mycroftai
2022-03-17 06:11:26.183 | INFO     |  4853 | mycroft.skills.settings:save_settings:116 | Skill settings successfully saved to /home/runner/.config/mycroft/skills/mycroft-wiki.mycroftai/settings.json
2022-03-17 06:11:26.184 | INFO     |  4853 | mycroft.skills.skill_loader:_communicate_load_status:344 | Skill mycroft-wiki.mycroftai loaded successfully
2022-03-17 06:11:26.185 | INFO     |  4853 | mycroft.skills.skill_loader:load:185 | ATTEMPTING TO LOAD SKILL: mycroft-naptime.mycroftai
2022-03-17 06:11:26.191 | INFO     |  4853 | mycroft.skills.settings:get_local_settings:83 | /opt/mycroft/skills/mycroft-naptime.mycroftai/settings.json
2022-03-17 06:11:26.205 | INFO     |  4853 | mycroft.skills.skill_loader:_check_for_first_run:324 | First run of mycroft-naptime.mycroftai
2022-03-17 06:11:26.206 | INFO     |  4853 | mycroft.skills.settings:save_settings:116 | Skill settings successfully saved to /home/runner/.config/mycroft/skills/mycroft-naptime.mycroftai/settings.json
2022-03-17 06:11:26.209 | INFO     |  4853 | mycroft.skills.skill_loader:_communicate_load_status:344 | Skill mycroft-naptime.mycroftai loaded successfully
2022-03-17 06:11:26.209 | INFO     |  4853 | mycroft.skills.skill_loader:load:185 | ATTEMPTING TO LOAD SKILL: mycroft-npr-news.mycroftai
2022-03-17 06:11:26.296 | INFO     |  4853 | mycroft.skills.settings:get_local_settings:83 | /opt/mycroft/skills/mycroft-npr-news.mycroftai/settings.json
2022-03-17 06:11:27.330 | INFO     |  4853 | mycroft.skills.skill_loader:_check_for_first_run:324 | First run of mycroft-npr-news.mycroftai
2022-03-17 06:11:27.330 | INFO     |  4853 | mycroft.skills.settings:save_settings:116 | Skill settings successfully saved to /home/runner/.config/mycroft/skills/mycroft-npr-news.mycroftai/settings.json
2022-03-17 06:11:27.331 | INFO     |  4853 | mycroft.skills.skill_loader:_communicate_load_status:344 | Skill mycroft-npr-news.mycroftai loaded successfully
2022-03-17 06:11:27.332 | INFO     |  4853 | mycroft.skills.skill_loader:load:185 | ATTEMPTING TO LOAD SKILL: mycroft-support-helper.mycroftai
2022-03-17 06:11:27.345 | INFO     |  4853 | mycroft.skills.settings:get_local_settings:83 | /opt/mycroft/skills/mycroft-support-helper.mycroftai/settings.json
2022-03-17 06:11:27.354 | INFO     |  4853 | mycroft.skills.skill_loader:_check_for_first_run:324 | First run of mycroft-support-helper.mycroftai
2022-03-17 06:11:27.355 | INFO     |  4853 | mycroft.skills.settings:save_settings:116 | Skill settings successfully saved to /home/runner/.config/mycroft/skills/mycroft-support-helper.mycroftai/settings.json
2022-03-17 06:11:27.356 | INFO     |  4853 | mycroft.skills.skill_loader:_communicate_load_status:344 | Skill mycroft-support-helper.mycroftai loaded successfully
2022-03-17 06:11:27.357 | INFO     |  4853 | mycroft.skills.skill_loader:load:185 | ATTEMPTING TO LOAD SKILL: mycroft-personal.mycroftai
2022-03-17 06:11:27.361 | INFO     |  4853 | mycroft.skills.settings:get_local_settings:83 | /opt/mycroft/skills/mycroft-personal.mycroftai/settings.json
2022-03-17 06:11:27.384 | INFO     |  4853 | mycroft.skills.skill_loader:_check_for_first_run:324 | First run of mycroft-personal.mycroftai
2022-03-17 06:11:27.386 | INFO     |  4853 | mycroft.skills.settings:save_settings:116 | Skill settings successfully saved to /home/runner/.config/mycroft/skills/mycroft-personal.mycroftai/settings.json
2022-03-17 06:11:27.387 | INFO     |  4853 | mycroft.skills.skill_loader:_communicate_load_status:344 | Skill mycroft-personal.mycroftai loaded successfully
2022-03-17 06:11:27.387 | INFO     |  4853 | mycroft.skills.skill_loader:load:185 | ATTEMPTING TO LOAD SKILL: homeassistant.mycroftai
2022-03-17 06:11:27.553 | INFO     |  4853 | mycroft.skills.settings:get_local_settings:83 | /opt/mycroft/skills/homeassistant.mycroftai/settings.json
2022-03-17 06:11:27.555 | INFO     |  4853 | mycroft.skills.settings:get_local_settings:83 | /opt/mycroft/skills/homeassistant.mycroftai/settings.json
2022-03-17 06:11:27.629 | INFO     |  4853 | mycroft.skills.skill_loader:_communicate_load_status:344 | Skill homeassistant.mycroftai loaded successfully
2022-03-17 06:11:27.629 | INFO     |  4853 | mycroft.skills.skill_loader:load:185 | ATTEMPTING TO LOAD SKILL: mycroft-ip.mycroftai
2022-03-17 06:11:27.682 | INFO     |  4853 | mycroft.skills.settings:get_local_settings:83 | /opt/mycroft/skills/mycroft-ip.mycroftai/settings.json
2022-03-17 06:11:27.702 | INFO     |  4853 | mycroft.skills.skill_loader:_check_for_first_run:324 | First run of mycroft-ip.mycroftai
2022-03-17 06:11:27.703 | INFO     |  4853 | mycroft.skills.settings:save_settings:116 | Skill settings successfully saved to /home/runner/.config/mycroft/skills/mycroft-ip.mycroftai/settings.json
2022-03-17 06:11:27.711 | INFO     |  4853 | mycroft.skills.skill_loader:_communicate_load_status:344 | Skill mycroft-ip.mycroftai loaded successfully
2022-03-17 06:11:27.711 | INFO     |  4853 | mycroft.skills.skill_loader:load:185 | ATTEMPTING TO LOAD SKILL: mycroft-installer.mycroftai
2022-03-17 06:11:27.726 | INFO     |  4853 | mycroft.skills.settings:get_local_settings:83 | /opt/mycroft/skills/mycroft-installer.mycroftai/settings.json
2022-03-17 06:11:27.751 | INFO     |  4853 | mycroft.skills.skill_loader:_check_for_first_run:324 | First run of mycroft-installer.mycroftai
2022-03-17 06:11:27.752 | INFO     |  4853 | mycroft.skills.settings:save_settings:116 | Skill settings successfully saved to /home/runner/.config/mycroft/skills/mycroft-installer.mycroftai/settings.json
2022-03-17 06:11:27.753 | INFO     |  4853 | mycroft.skills.skill_loader:_communicate_load_status:344 | Skill mycroft-installer.mycroftai loaded successfully
2022-03-17 06:11:27.760 | INFO     |  4853 | mycroft.skills.skill_loader:load:185 | ATTEMPTING TO LOAD SKILL: mycroft-stop.mycroftai
2022-03-17 06:11:27.764 | INFO     |  4853 | mycroft.skills.settings:get_local_settings:83 | /opt/mycroft/skills/mycroft-stop.mycroftai/settings.json
2022-03-17 06:11:27.803 | INFO     |  4853 | mycroft.skills.skill_loader:_check_for_first_run:324 | First run of mycroft-stop.mycroftai
2022-03-17 06:11:27.804 | INFO     |  4853 | mycroft.skills.settings:save_settings:116 | Skill settings successfully saved to /home/runner/.config/mycroft/skills/mycroft-stop.mycroftai/settings.json
2022-03-17 06:11:27.808 | INFO     |  4853 | mycroft.skills.skill_loader:_communicate_load_status:344 | Skill mycroft-stop.mycroftai loaded successfully
2022-03-17 06:11:27.808 | INFO     |  4853 | mycroft.skills.skill_loader:load:185 | ATTEMPTING TO LOAD SKILL: fallback-unknown.mycroftai
2022-03-17 06:11:27.814 | INFO     |  4853 | mycroft.skills.settings:get_local_settings:83 | /opt/mycroft/skills/fallback-unknown.mycroftai/settings.json
2022-03-17 06:11:27.832 | INFO     |  4853 | mycroft.skills.skill_loader:_check_for_first_run:324 | First run of fallback-unknown.mycroftai
2022-03-17 06:11:27.832 | INFO     |  4853 | mycroft.skills.settings:save_settings:116 | Skill settings successfully saved to /home/runner/.config/mycroft/skills/fallback-unknown.mycroftai/settings.json
2022-03-17 06:11:27.833 | INFO     |  4853 | mycroft.skills.skill_loader:_communicate_load_status:344 | Skill fallback-unknown.mycroftai loaded successfully
2022-03-17 06:11:27.837 | INFO     |  4853 | mycroft.skills.skill_loader:load:185 | ATTEMPTING TO LOAD SKILL: mycroft-spelling.mycroftai
2022-03-17 06:11:27.841 | INFO     |  4853 | mycroft.skills.settings:get_local_settings:83 | /opt/mycroft/skills/mycroft-spelling.mycroftai/settings.json
2022-03-17 06:11:27.867 | INFO     |  4853 | mycroft.skills.skill_loader:_check_for_first_run:324 | First run of mycroft-spelling.mycroftai
2022-03-17 06:11:27.868 | INFO     |  4853 | mycroft.skills.settings:save_settings:116 | Skill settings successfully saved to /home/runner/.config/mycroft/skills/mycroft-spelling.mycroftai/settings.json
2022-03-17 06:11:27.868 | INFO     |  4853 | mycroft.skills.skill_loader:_communicate_load_status:344 | Skill mycroft-spelling.mycroftai loaded successfully
2022-03-17 06:11:27.869 | INFO     |  4853 | mycroft.skills.skill_loader:load:185 | ATTEMPTING TO LOAD SKILL: mycroft-reminder.mycroftai
2022-03-17 06:11:27.889 | INFO     |  4853 | mycroft.skills.settings:get_local_settings:83 | /opt/mycroft/skills/mycroft-reminder.mycroftai/settings.json
2022-03-17 06:11:27.942 | INFO     |  4853 | mycroft.skills.skill_loader:_check_for_first_run:324 | First run of mycroft-reminder.mycroftai
2022-03-17 06:11:27.943 | INFO     |  4853 | mycroft.skills.settings:save_settings:116 | Skill settings successfully saved to /home/runner/.config/mycroft/skills/mycroft-reminder.mycroftai/settings.json
2022-03-17 06:11:27.944 | INFO     |  4853 | mycroft.skills.skill_loader:_communicate_load_status:344 | Skill mycroft-reminder.mycroftai loaded successfully
2022-03-17 06:11:27.944 | INFO     |  4853 | mycroft.skills.skill_manager:_load_on_startup:275 | Skills all loaded!
2022-03-17 06:11:27.953 | INFO     |  4853 | __main__:on_ready:185 | Skills service is ready.
2022-03-17 06:11:27.991 | INFO     |  4853 | mycroft.skills.intent_services.padatious_service:train:151 | Training... (single_thread=False)
FANN Error 2: Unable to open configuration file "/home/runner/.local/share/mycroft/intent_cache/homeassistant.mycroftai:{/tmp/mycroft/cache/HomeAssistantSkill/tracker}.intent.net" for writing.
FANN Error 2: Unable to open configuration file "/home/runner/.local/share/mycroft/intent_cache/homeassistant.mycroftai:{/tmp/mycroft/cache/HomeAssistantSkill/tracker}.intent.net" for writing.
double free or corruption (out)
Regenerated homeassistant.mycroftai:{/tmp/mycroft/cache/HomeAssistantSkill/tracker}.
Regenerated mycroft-alarm.mycroftai:{daytype}.
Exception in thread Thread-32:
multiprocessing.pool.RemoteTraceback: 
"""
Traceback (most recent call last):
  File "/opt/hostedtoolcache/Python/3.7.12/x64/lib/python3.7/multiprocessing/pool.py", line 121, in worker
    result = (True, func(*args, **kwds))
  File "/opt/hostedtoolcache/Python/3.7.12/x64/lib/python3.7/multiprocessing/pool.py", line 44, in mapstar
    return list(map(*args))
  File "/opt/mycroft-core/.venv/lib/python3.7/site-packages/padatious/training_manager.py", line 29, in _train_and_save
    obj.save(cache)
  File "/opt/mycroft-core/.venv/lib/python3.7/site-packages/padatious/entity.py", line 43, in save
    SimpleIntent.save(self, prefix)
  File "/opt/mycroft-core/.venv/lib/python3.7/site-packages/padatious/simple_intent.py", line 129, in save
    self.ids.save(prefix)
  File "/opt/mycroft-core/.venv/lib/python3.7/site-packages/padatious/id_manager.py", line 48, in save
    with open(prefix + '.ids', 'w') as f:
FileNotFoundError: [Errno 2] No such file or directory: '/home/runner/.local/share/mycroft/intent_cache/homeassistant.mycroftai:{/tmp/mycroft/cache/HomeAssistantSkill/tracker}.intent.ids'
"""

The above exception was the direct cause of the following exception:

Traceback (most recent call last):
  File "/opt/hostedtoolcache/Python/3.7.12/x64/lib/python3.7/threading.py", line 926, in _bootstrap_inner
    self.run()
  File "/opt/hostedtoolcache/Python/3.7.12/x64/lib/python3.7/threading.py", line 870, in run
    self._target(*self._args, **self._kwargs)
  File "/opt/mycroft-core/.venv/lib/python3.7/site-packages/padatious/training_manager.py", line 100, in train
    pool.map_async(train, self.objects_to_train).get(timeout)
  File "/opt/hostedtoolcache/Python/3.7.12/x64/lib/python3.7/multiprocessing/pool.py", line 657, in get
    raise self._value
FileNotFoundError: [Errno 2] No such file or directory: '/home/runner/.local/share/mycroft/intent_cache/homeassistant.mycroftai:{/tmp/mycroft/cache/HomeAssistantSkill/tracker}.intent.ids'

Regenerated mycroft-date-time.mycroftai:date.last.weekend.intent.
Regenerated mycroft-date-time.mycroftai:date.future.weekend.intent.
Regenerated mycroft-date-time.mycroftai:what.time.will.it.be.intent.
Regenerated mycroft-date-time.mycroftai:what.time.is.it.intent.
Regenerated mycroft-weather.mycroftai:do-i-need-an-umbrella.intent.
Regenerated mycroft-audio-record.mycroftai:StartRecording.intent.
Regenerated mycroft-audio-record.mycroftai:PlayRecording.intent.
Regenerated mycroft-wiki.mycroftai:Random.intent.
Regenerated mycroft-npr-news.mycroftai:PlayTheNews.intent.
Regenerated mycroft-support-helper.mycroftai:contact.support.intent.
Regenerated mycroft-personal.mycroftai:WhoMadeYou.intent.
Regenerated mycroft-personal.mycroftai:WhenWereYouBorn.intent.
Regenerated mycroft-personal.mycroftai:DoYouDream.intent.
Regenerated mycroft-personal.mycroftai:WhoAreYou.intent.
Regenerated mycroft-personal.mycroftai:DoYouRhyme.intent.
Regenerated mycroft-personal.mycroftai:WhatAreYou.intent.
Regenerated mycroft-personal.mycroftai:WhereWereYouBorn.intent.
Regenerated homeassistant.mycroftai:tracker.intent.
Regenerated homeassistant.mycroftai:decrease.light.brightness.intent.
Regenerated homeassistant.mycroftai:turn.on.intent.
Regenerated homeassistant.mycroftai:stop.intent.
Regenerated homeassistant.mycroftai:open.intent.
Regenerated homeassistant.mycroftai:sensor.intent.
Regenerated homeassistant.mycroftai:close.intent.
Regenerated mycroft-installer.mycroftai:is.installed.intent.
Regenerated mycroft-installer.mycroftai:remove.intent.
Regenerated mycroft-installer.mycroftai:install.intent.
Regenerated mycroft-installer.mycroftai:list.skills.intent.
Regenerated mycroft-installer.mycroftai:install.beta.intent.
Regenerated mycroft-stop.mycroftai:shutdown.intent.
Regenerated mycroft-stop.mycroftai:ssh.disable.intent.
Regenerated mycroft-stop.mycroftai:wifi.setup.intent.
Regenerated mycroft-reminder.mycroftai:CancelActiveReminder.intent.
Regenerated mycroft-reminder.mycroftai:ClearReminders.intent.
Regenerated mycroft-reminder.mycroftai:GetRemindersForDay.intent.
Regenerated mycroft-alarm.mycroftai:snooze.intent.
Regenerated mycroft-alarm.mycroftai:change.alarm.sound.intent.
Regenerated mycroft-timer.mycroftai:timer.status.intent.
Regenerated mycroft-timer.mycroftai:start.timer.intent.
Regenerated mycroft-hello-world.mycroftai:HowAreYou.intent.
Regenerated mycroft-configuration.mycroftai:WhereAreYou.intent.
Regenerated mycroft-configuration.mycroftai:EnablePreciseDev.intent.
Regenerated mycroft-configuration.mycroftai:DisablePreciseDev.intent.
Regenerated homeassistant.mycroftai:add.item.shopping.list.intent.
Regenerated homeassistant.mycroftai:automation.intent.
Regenerated homeassistant.mycroftai:increase.light.brightness.intent.
Regenerated homeassistant.mycroftai:toggle.intent.
Regenerated homeassistant.mycroftai:turn.off.intent.
Regenerated homeassistant.mycroftai:set.light.brightness.intent.
Regenerated homeassistant.mycroftai:set.climate.intent.
Regenerated mycroft-installer.mycroftai:install.custom.intent.
Regenerated mycroft-stop.mycroftai:ssh.enable.intent.
Regenerated mycroft-stop.mycroftai:reboot.intent.
Regenerated mycroft-reminder.mycroftai:DeleteReminderForDay.intent.
Regenerated mycroft-reminder.mycroftai:Reminder.intent.
Regenerated mycroft-reminder.mycroftai:UnspecifiedReminderAt.intent.
Regenerated mycroft-reminder.mycroftai:ReminderAt.intent.
Regenerated mycroft-reminder.mycroftai:GetNextReminders.intent.
Regenerated mycroft-reminder.mycroftai:SnoozeReminder.intent.
Regenerated mycroft-date-time.mycroftai:date.last.weekend.intent.
Regenerated mycroft-date-time.mycroftai:date.future.weekend.intent.
Regenerated mycroft-date-time.mycroftai:what.time.will.it.be.intent.
Regenerated mycroft-date-time.mycroftai:what.time.is.it.intent.
Regenerated mycroft-weather.mycroftai:do-i-need-an-umbrella.intent.
Regenerated mycroft-audio-record.mycroftai:StartRecording.intent.
Regenerated mycroft-audio-record.mycroftai:PlayRecording.intent.
Regenerated mycroft-wiki.mycroftai:Random.intent.
Regenerated mycroft-npr-news.mycroftai:PlayTheNews.intent.
Regenerated mycroft-support-helper.mycroftai:contact.support.intent.
Regenerated mycroft-personal.mycroftai:WhoMadeYou.intent.
Regenerated mycroft-personal.mycroftai:WhenWereYouBorn.intent.
Regenerated mycroft-personal.mycroftai:DoYouDream.intent.
Regenerated mycroft-personal.mycroftai:WhoAreYou.intent.
Regenerated mycroft-personal.mycroftai:DoYouRhyme.intent.
Regenerated mycroft-personal.mycroftai:WhatAreYou.intent.
Regenerated homeassistant.mycroftai:add.item.shopping.list.intent.
Regenerated homeassistant.mycroftai:automation.intent.
Regenerated homeassistant.mycroftai:increase.light.brightness.intent.
Regenerated homeassistant.mycroftai:toggle.intent.
Regenerated homeassistant.mycroftai:turn.off.intent.
Regenerated homeassistant.mycroftai:set.light.brightness.intent.
Regenerated homeassistant.mycroftai:set.climate.intent.
Regenerated mycroft-installer.mycroftai:install.custom.intent.
Regenerated mycroft-installer.mycroftai:is.installed.intent.
Regenerated mycroft-installer.mycroftai:remove.intent.
Regenerated mycroft-installer.mycroftai:install.intent.
Regenerated mycroft-installer.mycroftai:list.skills.intent.
Regenerated mycroft-installer.mycroftai:install.beta.intent.
Regenerated mycroft-stop.mycroftai:shutdown.intent.
Regenerated mycroft-stop.mycroftai:ssh.disable.intent.
Regenerated mycroft-stop.mycroftai:wifi.setup.intent.
Regenerated mycroft-reminder.mycroftai:CancelActiveReminder.intent.
Regenerated mycroft-reminder.mycroftai:ClearReminders.intent.
Regenerated mycroft-reminder.mycroftai:GetRemindersForDay.intent.
Regenerated mycroft-alarm.mycroftai:snooze.intent.
Regenerated mycroft-alarm.mycroftai:change.alarm.sound.intent.
Regenerated mycroft-timer.mycroftai:timer.status.intent.
Regenerated mycroft-timer.mycroftai:start.timer.intent.
Regenerated mycroft-hello-world.mycroftai:HowAreYou.intent.
Regenerated mycroft-configuration.mycroftai:WhereAreYou.intent.
Regenerated mycroft-configuration.mycroftai:EnablePreciseDev.intent.
Regenerated mycroft-configuration.mycroftai:DisablePreciseDev.intent.
Regenerated mycroft-personal.mycroftai:WhereWereYouBorn.intent.
Regenerated homeassistant.mycroftai:tracker.intent.
Regenerated homeassistant.mycroftai:decrease.light.brightness.intent.
Regenerated homeassistant.mycroftai:turn.on.intent.
Regenerated homeassistant.mycroftai:stop.intent.
Regenerated homeassistant.mycroftai:open.intent.
Regenerated homeassistant.mycroftai:sensor.intent.
Regenerated homeassistant.mycroftai:close.intent.
Regenerated mycroft-stop.mycroftai:ssh.enable.intent.
Regenerated mycroft-stop.mycroftai:reboot.intent.
Regenerated mycroft-reminder.mycroftai:DeleteReminderForDay.intent.
Regenerated mycroft-reminder.mycroftai:Reminder.intent.
Regenerated mycroft-reminder.mycroftai:UnspecifiedReminderAt.intent.
Regenerated mycroft-reminder.mycroftai:ReminderAt.intent.
Regenerated mycroft-reminder.mycroftai:GetNextReminders.intent.
Regenerated mycroft-reminder.mycroftai:SnoozeReminder.intent.
2022-03-17 06:11:35.043 | INFO     |  4853 | mycroft.skills.intent_services.padatious_service:train:153 | Training complete.
2022-03-17 06:11:38.400 | INFO     |  4853 | QuestionsAnswersSkill | Searching for give me the value of Mycroft sensor please
2022-03-17 06:11:38.408 | INFO     |  4853 | WolframAlphaSkill | WolframAlpha query: give me the value of Mycroft sensor please
2022-03-17 06:11:38.409 | INFO     |  4853 | WolframAlphaSkill | Non-question, ignoring: give me the value of Mycroft sensor please
2022-03-17 06:11:38.411 | INFO     |  4853 | mycroft.skills.settings:save_settings:116 | Skill settings successfully saved to /home/runner/.config/mycroft/skills/mycroft-fallback-duck-duck-go.mycroftai/settings.json
2022-03-17 06:11:38.412 | INFO     |  4853 | mycroft.skills.settings:save_settings:116 | Skill settings successfully saved to /home/runner/.config/mycroft/skills/fallback-wolfram-alpha.mycroftai/settings.json
2022-03-17 06:11:38.425 | INFO     |  4853 | mycroft.skills.settings:save_settings:116 | Skill settings successfully saved to /home/runner/.config/mycroft/skills/fallback-query.mycroftai/settings.json
2022-03-17 06:11:38.430 | INFO     |  4853 | mycroft.skills.settings:save_settings:116 | Skill settings successfully saved to /home/runner/.config/mycroft/skills/fallback-query.mycroftai/settings.json
2022-03-17 06:11:39.298 | INFO     |  4853 | QuestionsAnswersSkill | Timeout occured check responses
2022-03-17 06:11:39.717 | INFO     |  4853 | mycroft.skills.settings:save_settings:116 | Skill settings successfully saved to /home/runner/.config/mycroft/skills/mycroft-timer.mycroftai/settings.json
2022-03-17 06:11:48.205 | INFO     |  4853 | QuestionsAnswersSkill | Searching for give me the value of Mycroft sensor please
Some objects timed out while training
2022-03-17 06:11:48.251 | INFO     |  4853 | WolframAlphaSkill | WolframAlpha query: give me the value of Mycroft sensor please
2022-03-17 06:11:48.251 | INFO     |  4853 | WolframAlphaSkill | Non-question, ignoring: give me the value of Mycroft sensor please
2022-03-17 06:11:48.693 | INFO     |  4853 | QuestionsAnswersSkill | Searching for can you turn on blue switch please
2022-03-17 06:11:48.701 | INFO     |  4853 | WolframAlphaSkill | WolframAlpha query: can you turn on blue switch please
2022-03-17 06:11:48.702 | INFO     |  4853 | WolframAlphaSkill | Non-question, ignoring: can you turn on blue switch please
2022-03-17 06:11:50.310 | INFO     |  4853 | QuestionsAnswersSkill | Timeout occured check responses
2022-03-17 06:11:58.996 | INFO     |  4853 | QuestionsAnswersSkill | Searching for can you turn on blue switch please
2022-03-17 06:11:59.003 | INFO     |  4853 | WolframAlphaSkill | WolframAlpha query: can you turn on blue switch please
2022-03-17 06:11:59.004 | INFO     |  4853 | WolframAlphaSkill | Non-question, ignoring: can you turn on blue switch please
2022-03-17 06:12:00.332 | INFO     |  4853 | QuestionsAnswersSkill | Timeout occured check responses
2022-03-17 06:12:09.300 | INFO     |  4853 | QuestionsAnswersSkill | Searching for can you toggle green switch
2022-03-17 06:12:09.306 | INFO     |  4853 | WolframAlphaSkill | WolframAlpha query: can you toggle green switch
2022-03-17 06:12:09.307 | INFO     |  4853 | WolframAlphaSkill | Non-question, ignoring: can you toggle green switch
2022-03-17 06:12:10.342 | INFO     |  4853 | QuestionsAnswersSkill | Timeout occured check responses
2022-03-17 06:12:19.564 | INFO     |  4853 | QuestionsAnswersSkill | Searching for can you toggle green switch
2022-03-17 06:12:19.569 | INFO     |  4853 | WolframAlphaSkill | WolframAlpha query: can you toggle green switch
2022-03-17 06:12:19.570 | INFO     |  4853 | WolframAlphaSkill | Non-question, ignoring: can you toggle green switch
2022-03-17 06:12:20.350 | INFO     |  4853 | QuestionsAnswersSkill | Timeout occured check responses
2022-03-17 06:12:25.436 | WARNING  |  4853 | ConfigurationSkill | Impossible to update configuration because device isn't paired
2022-03-17 06:12:29.905 | INFO     |  4853 | QuestionsAnswersSkill | Searching for can you toggle pink switch
2022-03-17 06:12:29.912 | INFO     |  4853 | WolframAlphaSkill | WolframAlpha query: can you toggle pink switch
2022-03-17 06:12:29.912 | INFO     |  4853 | WolframAlphaSkill | Non-question, ignoring: can you toggle pink switch
2022-03-17 06:12:30.363 | INFO     |  4853 | QuestionsAnswersSkill | Timeout occured check responses
2022-03-17 06:12:40.212 | INFO     |  4853 | QuestionsAnswersSkill | Searching for can you toggle pink switch
2022-03-17 06:12:40.219 | INFO     |  4853 | WolframAlphaSkill | WolframAlpha query: can you toggle pink switch
2022-03-17 06:12:40.219 | INFO     |  4853 | WolframAlphaSkill | Non-question, ignoring: can you toggle pink switch
2022-03-17 06:12:41.375 | INFO     |  4853 | QuestionsAnswersSkill | Timeout occured check responses
2022-03-17 06:12:50.479 | INFO     |  4853 | QuestionsAnswersSkill | Searching for can you turn off red switch please
2022-03-17 06:12:50.526 | INFO     |  4853 | WolframAlphaSkill | WolframAlpha query: can you turn off red switch please
2022-03-17 06:12:50.527 | INFO     |  4853 | WolframAlphaSkill | Non-question, ignoring: can you turn off red switch please
2022-03-17 06:12:51.389 | INFO     |  4853 | QuestionsAnswersSkill | Timeout occured check responses
2022-03-17 06:13:00.821 | INFO     |  4853 | QuestionsAnswersSkill | Searching for can you turn off red switch please
2022-03-17 06:13:00.826 | INFO     |  4853 | WolframAlphaSkill | WolframAlpha query: can you turn off red switch please
2022-03-17 06:13:00.827 | INFO     |  4853 | WolframAlphaSkill | Non-question, ignoring: can you turn off red switch please
2022-03-17 06:13:01.403 | INFO     |  4853 | QuestionsAnswersSkill | Timeout occured check responses
2022-03-17 06:13:11.126 | INFO     |  4853 | QuestionsAnswersSkill | Searching for can you turn on Mycroft light please
2022-03-17 06:13:11.132 | INFO     |  4853 | WolframAlphaSkill | WolframAlpha query: can you turn on Mycroft light please
2022-03-17 06:13:11.133 | INFO     |  4853 | WolframAlphaSkill | Non-question, ignoring: can you turn on Mycroft light please
2022-03-17 06:13:12.416 | INFO     |  4853 | QuestionsAnswersSkill | Timeout occured check responses
2022-03-17 06:13:21.429 | INFO     |  4853 | QuestionsAnswersSkill | Searching for can you turn on Mycroft light please
2022-03-17 06:13:21.436 | INFO     |  4853 | WolframAlphaSkill | WolframAlpha query: can you turn on Mycroft light please
2022-03-17 06:13:21.437 | INFO     |  4853 | WolframAlphaSkill | Non-question, ignoring: can you turn on Mycroft light please
2022-03-17 06:13:22.429 | INFO     |  4853 | QuestionsAnswersSkill | Timeout occured check responses
2022-03-17 06:13:25.513 | WARNING  |  4853 | ConfigurationSkill | Impossible to update configuration because device isn't paired
2022-03-17 06:13:32.780 | INFO     |  4853 | QuestionsAnswersSkill | Searching for can you turn off stairs light please
2022-03-17 06:13:32.789 | INFO     |  4853 | WolframAlphaSkill | WolframAlpha query: can you turn off stairs light please
2022-03-17 06:13:32.790 | INFO     |  4853 | WolframAlphaSkill | Non-question, ignoring: can you turn off stairs light please
2022-03-17 06:13:33.443 | INFO     |  4853 | QuestionsAnswersSkill | Timeout occured check responses
2022-03-17 06:13:43.085 | INFO     |  4853 | QuestionsAnswersSkill | Searching for can you turn off stairs light please
2022-03-17 06:13:43.094 | INFO     |  4853 | WolframAlphaSkill | WolframAlpha query: can you turn off stairs light please
2022-03-17 06:13:43.095 | INFO     |  4853 | WolframAlphaSkill | Non-question, ignoring: can you turn off stairs light please
2022-03-17 06:13:44.458 | INFO     |  4853 | QuestionsAnswersSkill | Timeout occured check responses
2022-03-17 06:13:53.400 | INFO     |  4853 | QuestionsAnswersSkill | Searching for activate the automation mycroft tracker automation
2022-03-17 06:13:53.406 | INFO     |  4853 | WolframAlphaSkill | WolframAlpha query: activate the automation mycroft tracker automation
2022-03-17 06:13:53.407 | INFO     |  4853 | WolframAlphaSkill | Non-question, ignoring: activate the automation mycroft tracker automation
2022-03-17 06:13:54.471 | INFO     |  4853 | QuestionsAnswersSkill | Timeout occured check responses
2022-03-17 06:14:03.690 | INFO     |  4853 | QuestionsAnswersSkill | Searching for activate the automation mycroft tracker automation
2022-03-17 06:14:03.696 | INFO     |  4853 | WolframAlphaSkill | WolframAlpha query: activate the automation mycroft tracker automation
2022-03-17 06:14:03.696 | INFO     |  4853 | WolframAlphaSkill | Non-question, ignoring: activate the automation mycroft tracker automation
2022-03-17 06:14:04.484 | INFO     |  4853 | QuestionsAnswersSkill | Timeout occured check responses
2022-03-17 06:14:13.992 | INFO     |  4853 | QuestionsAnswersSkill | Searching for give me location of the mark
2022-03-17 06:14:13.998 | INFO     |  4853 | WolframAlphaSkill | WolframAlpha query: give me location of the mark
2022-03-17 06:14:13.999 | INFO     |  4853 | WolframAlphaSkill | Non-question, ignoring: give me location of the mark
2022-03-17 06:14:15.500 | INFO     |  4853 | QuestionsAnswersSkill | Timeout occured check responses
2022-03-17 06:14:24.300 | INFO     |  4853 | QuestionsAnswersSkill | Searching for give me location of the mark
2022-03-17 06:14:24.309 | INFO     |  4853 | WolframAlphaSkill | WolframAlpha query: give me location of the mark
2022-03-17 06:14:24.310 | INFO     |  4853 | WolframAlphaSkill | Non-question, ignoring: give me location of the mark
2022-03-17 06:14:25.018 | INFO     |  4853 | QuestionsAnswersSkill | Timeout occured check responses
2022-03-17 06:14:25.097 | WARNING  |  4853 | ConfigurationSkill | Impossible to update configuration because device isn't paired
2022-03-17 06:14:34.604 | INFO     |  4853 | QuestionsAnswersSkill | Searching for give me location of the Czech Republic
2022-03-17 06:14:34.610 | INFO     |  4853 | WolframAlphaSkill | WolframAlpha query: give me location of the Czech Republic
2022-03-17 06:14:34.611 | INFO     |  4853 | WolframAlphaSkill | Non-question, ignoring: give me location of the Czech Republic
2022-03-17 06:14:35.026 | INFO     |  4853 | QuestionsAnswersSkill | Timeout occured check responses
2022-03-17 06:14:44.866 | INFO     |  4853 | QuestionsAnswersSkill | Searching for where is France
2022-03-17 06:14:44.914 | INFO     |  4853 | WolframAlphaSkill | WolframAlpha query: where is France
2022-03-17 06:14:45.009 | ERROR    |  4853 | mycroft.skills.mycroft_skill.mycroft_skill:on_error:923 | An error occurred while processing a request in Pairing Skill
Traceback (most recent call last):
  File "/opt/mycroft-core/mycroft/skills/mycroft_skill/event_container.py", line 73, in wrapper
    handler(message)
  File "/opt/mycroft/skills/mycroft-pairing.mycroftai/__init__.py", line 108, in not_paired
    self.handle_pairing()
TypeError: handle_pairing() missing 1 required positional argument: '_'
2022-03-17 06:14:45.012 | ERROR    |  4853 | mycroft.skills.mycroft_skill.mycroft_skill:on_error:923 | An error occurred while processing a request in Wolfram Alpha Skill
Traceback (most recent call last):
  File "/opt/mycroft-core/mycroft/skills/mycroft_skill/event_container.py", line 73, in wrapper
    handler(message)
  File "/opt/mycroft-core/mycroft/skills/common_query_skill.py", line 109, in __handle_question_query
    match = result[0]
TypeError: 'bool' object is not subscriptable
2022-03-17 06:14:54.053 | INFO     |  4853 | QuestionsAnswersSkill | Timeout occured check responses
2022-03-17 06:14:54.867 | INFO     |  4853 | UnknownSkill | Fallback type: question
2022-03-17 06:14:55.212 | INFO     |  4853 | QuestionsAnswersSkill | Searching for where is the golden gate bridge
2022-03-17 06:14:55.218 | INFO     |  4853 | WolframAlphaSkill | WolframAlpha query: where is the golden gate bridge
2022-03-17 06:14:55.307 | ERROR    |  4853 | mycroft.skills.mycroft_skill.mycroft_skill:on_error:923 | An error occurred while processing a request in Pairing Skill
Traceback (most recent call last):
  File "/opt/mycroft-core/mycroft/skills/mycroft_skill/event_container.py", line 73, in wrapper
    handler(message)
  File "/opt/mycroft/skills/mycroft-pairing.mycroftai/__init__.py", line 108, in not_paired
    self.handle_pairing()
TypeError: handle_pairing() missing 1 required positional argument: '_'
2022-03-17 06:14:55.308 | ERROR    |  4853 | mycroft.skills.mycroft_skill.mycroft_skill:on_error:923 | An error occurred while processing a request in Wolfram Alpha Skill
Traceback (most recent call last):
  File "/opt/mycroft-core/mycroft/skills/mycroft_skill/event_container.py", line 73, in wrapper
    handler(message)
  File "/opt/mycroft-core/mycroft/skills/common_query_skill.py", line 109, in __handle_question_query
    match = result[0]
TypeError: 'bool' object is not subscriptable
2022-03-17 06:15:05.068 | INFO     |  4853 | QuestionsAnswersSkill | Timeout occured check responses
2022-03-17 06:15:05.213 | INFO     |  4853 | UnknownSkill | Fallback type: question
2022-03-17 06:15:05.573 | ERROR    |  4853 | WeatherSkill | Weather API failure
Traceback (most recent call last):
  File "/opt/mycroft/skills/mycroft-weather.mycroftai/__init__.py", line 1129, in _get_weather
    self.config_core.get("system_unit"), latitude, longitude
  File "/opt/mycroft/skills/mycroft-weather.mycroftai/skill/api.py", line 105, in get_weather_for_coordinates
    response = self.request(api_request)
  File "/opt/mycroft-core/mycroft/api/__init__.py", line 64, in request
    return self.send(params)
  File "/opt/mycroft-core/mycroft/api/__init__.py", line 147, in send
    return self.get_response(response, no_refresh)
  File "/opt/mycroft-core/mycroft/api/__init__.py", line 170, in get_response
    raise HTTPError(data, response=response)
requests.exceptions.HTTPError: {'error': 'device not authorized'}
2022-03-17 06:15:05.574 | INFO     |  4853 | mycroft.skills.settings:save_settings:116 | Skill settings successfully saved to /home/runner/.config/mycroft/skills/mycroft-weather.mycroftai/settings.json
2022-03-17 06:15:05.577 | ERROR    |  4853 | mycroft.skills.mycroft_skill.mycroft_skill:on_error:923 | An error occurred while processing a request in Pairing Skill
Traceback (most recent call last):
  File "/opt/mycroft-core/mycroft/skills/mycroft_skill/event_container.py", line 73, in wrapper
    handler(message)
  File "/opt/mycroft/skills/mycroft-pairing.mycroftai/__init__.py", line 108, in not_paired
    self.handle_pairing()
TypeError: handle_pairing() missing 1 required positional argument: '_'
2022-03-17 06:15:16.506 | INFO     |  4853 | __main__:on_stopping:193 | Skills service is shutting down...
2022-03-17 06:15:16.507 | INFO     |  4853 | __main__:shutdown:284 | Shutting down Skills service
2022-03-17 06:15:16.582 | ERROR    |  4853 | VolumeSkill | Couldn't allocate mixer, ALSAAudioError('No such file or directory [default]')
2022-03-17 06:15:16.586 | INFO     |  4853 | mycroft.skills.settings:save_settings:116 | Skill settings successfully saved to /home/runner/.config/mycroft/skills/mycroft-volume.mycroftai/settings.json
2022-03-17 06:15:16.599 | INFO     |  4853 | mycroft.skills.settings:save_settings:116 | Skill settings successfully saved to /home/runner/.config/mycroft/skills/mycroft-joke.mycroftai/settings.json
2022-03-17 06:15:16.600 | INFO     |  4853 | mycroft.skills.settings:save_settings:116 | Skill settings successfully saved to /home/runner/.config/mycroft/skills/mycroft-alarm.mycroftai/settings.json
2022-03-17 06:15:16.603 | INFO     |  4853 | mycroft.skills.settings:save_settings:116 | Skill settings successfully saved to /home/runner/.config/mycroft/skills/mycroft-version-checker.mycroftai/settings.json
2022-03-17 06:15:16.624 | INFO     |  4853 | mycroft.skills.settings:save_settings:116 | Skill settings successfully saved to /home/runner/.config/mycroft/skills/mycroft-playback-control.mycroftai/settings.json
2022-03-17 06:15:17.625 | INFO     |  4853 | Playback Control Skill | Audio service status: {}
2022-03-17 06:15:18.626 | WARNING  |  4853 | mycroft.skills.skill_manager:_shutdown_skill:106 | mycroft-playback-control.mycroftai shutdown took 2.0025043140000207 seconds
2022-03-17 06:15:18.627 | INFO     |  4853 | mycroft.skills.settings:save_settings:116 | Skill settings successfully saved to /home/runner/.config/mycroft/skills/mycroft-hello-world.mycroftai/settings.json
2022-03-17 06:15:18.628 | INFO     |  4853 | mycroft.skills.settings:save_settings:116 | Skill settings successfully saved to /home/runner/.config/mycroft/skills/mycroft-singing.mycroftai/settings.json
2022-03-17 06:15:18.631 | INFO     |  4853 | mycroft.skills.settings:save_settings:116 | Skill settings successfully saved to /home/runner/.config/mycroft/skills/mycroft-speak.mycroftai/settings.json
2022-03-17 06:15:18.647 | INFO     |  4853 | QuestionsAnswersSkill | Removing all handlers...
2022-03-17 06:15:18.649 | INFO     |  4853 | mycroft.skills.settings:save_settings:116 | Skill settings successfully saved to /home/runner/.config/mycroft/skills/mycroft-configuration.mycroftai/settings.json
2022-03-17 06:15:18.651 | INFO     |  4853 | mycroft.skills.settings:save_settings:116 | Skill settings successfully saved to /home/runner/.config/mycroft/skills/mycroft-date-time.mycroftai/settings.json
2022-03-17 06:15:18.683 | INFO     |  4853 | mycroft.skills.settings:save_settings:116 | Skill settings successfully saved to /home/runner/.config/mycroft/skills/mycroft-audio-record.mycroftai/settings.json
2022-03-17 06:15:18.692 | INFO     |  4853 | mycroft.skills.settings:save_settings:116 | Skill settings successfully saved to /home/runner/.config/mycroft/skills/mycroft-wiki.mycroftai/settings.json
2022-03-17 06:15:18.705 | INFO     |  4853 | mycroft.skills.settings:save_settings:116 | Skill settings successfully saved to /home/runner/.config/mycroft/skills/mycroft-naptime.mycroftai/settings.json
2022-03-17 06:15:18.724 | INFO     |  4853 | mycroft.skills.settings:save_settings:116 | Skill settings successfully saved to /home/runner/.config/mycroft/skills/mycroft-npr-news.mycroftai/settings.json
2022-03-17 06:15:18.731 | INFO     |  4853 | mycroft.skills.settings:save_settings:116 | Skill settings successfully saved to /home/runner/.config/mycroft/skills/mycroft-support-helper.mycroftai/settings.json
2022-03-17 06:15:18.733 | INFO     |  4853 | mycroft.skills.settings:save_settings:116 | Skill settings successfully saved to /home/runner/.config/mycroft/skills/mycroft-personal.mycroftai/settings.json
2022-03-17 06:15:18.733 | INFO     |  4853 | HomeAssistantSkill | Removing all handlers...
2022-03-17 06:15:18.734 | WARNING  |  4853 | mycroft.skills.fallback_skill:remove_fallback:185 | Could not find matching fallback handler
2022-03-17 06:15:18.735 | INFO     |  4853 | mycroft.skills.settings:save_settings:116 | Skill settings successfully saved to /home/runner/.config/mycroft/skills/mycroft-ip.mycroftai/settings.json
2022-03-17 06:15:18.744 | INFO     |  4853 | mycroft.skills.settings:save_settings:116 | Skill settings successfully saved to /home/runner/.config/mycroft/skills/mycroft-installer.mycroftai/settings.json
2022-03-17 06:15:18.777 | INFO     |  4853 | mycroft.skills.settings:save_settings:116 | Skill settings successfully saved to /home/runner/.config/mycroft/skills/mycroft-stop.mycroftai/settings.json
2022-03-17 06:15:18.783 | INFO     |  4853 | UnknownSkill | Removing all handlers...
2022-03-17 06:15:18.785 | INFO     |  4853 | mycroft.skills.settings:save_settings:116 | Skill settings successfully saved to /home/runner/.config/mycroft/skills/fallback-unknown.mycroftai/settings.json
2022-03-17 06:15:18.791 | INFO     |  4853 | mycroft.skills.settings:save_settings:116 | Skill settings successfully saved to /home/runner/.config/mycroft/skills/mycroft-spelling.mycroftai/settings.json
2022-03-17 06:15:18.797 | INFO     |  4853 | mycroft.skills.settings:save_settings:116 | Skill settings successfully saved to /home/runner/.config/mycroft/skills/mycroft-reminder.mycroftai/settings.json
2022-03-17 06:15:18.806 | INFO     |  4853 | __main__:shutdown:291 | Skills service shutdown complete!
FANN Error 1: Unable to open configuration file "/home/runner/.local/share/mycroft/intent_cache/homeassistant.mycroftai:{/tmp/mycroft/cache/HomeAssistantSkill/tracker}.intent.net" for reading.
Took too long to train homeassistant.mycroftai:{/tmp/mycroft/cache/HomeAssistantSkill/tracker}
2022-03-17 06:15:18.849 | ERROR    |  4853 | websocket | error from callback <bound method MessageBusClient.on_message of <mycroft.messagebus.client.client.MessageBusClient object at 0x7f4a072e7ed0>>: cannot schedule new futures after shutdown
2022-03-17 06:15:18.850 | ERROR    |  4853 | mycroft_bus_client.client.client | === RuntimeError('cannot schedule new futures after shutdown') ===
Traceback (most recent call last):
  File "/opt/mycroft-core/.venv/lib/python3.7/site-packages/websocket/_app.py", line 407, in _callback
    callback(self, *args)
  File "/opt/mycroft-core/.venv/lib/python3.7/site-packages/mycroft_bus_client/client/client.py", line 182, in on_message
    self.emitter.emit('message', message)
  File "/opt/mycroft-core/.venv/lib/python3.7/site-packages/pyee/_base.py", line 113, in emit
    handled = self._call_handlers(event, args, kwargs)
  File "/opt/mycroft-core/.venv/lib/python3.7/site-packages/pyee/_base.py", line 96, in _call_handlers
    self._emit_run(f, args, kwargs)
  File "/opt/mycroft-core/.venv/lib/python3.7/site-packages/pyee/_executor.py", line 50, in _emit_run
    future = self._executor.submit(f, *args, **kwargs)
  File "/opt/hostedtoolcache/Python/3.7.12/x64/lib/python3.7/concurrent/futures/thread.py", line 163, in submit
    raise RuntimeError('cannot schedule new futures after shutdown')
RuntimeError: cannot schedule new futures after shutdown
2022-03-17 06:15:18.850 | ERROR    |  4853 | mycroft_bus_client.client.client | Exception closing websocket: RuntimeError('cannot schedule new futures after shutdown')
2022-03-17 06:15:18.850 | WARNING  |  4853 | mycroft_bus_client.client.client | Message Bus Client will reconnect in 5.0 seconds.
