2022-03-16 05:49:38.064 | INFO     |  4713 | mycroft.messagebus.load_config:load_message_bus_config:33 | Loading message bus configs
2022-03-16 05:49:38.069 | ERROR    |  4713 | mycroft_bus_client.client.client | === ConnectionRefusedError(111, 'Connection refused') ===
Traceback (most recent call last):
  File "/opt/mycroft-core/.venv/lib/python3.7/site-packages/websocket/_app.py", line 318, in run_forever
    proxy_type=proxy_type)
  File "/opt/mycroft-core/.venv/lib/python3.7/site-packages/websocket/_core.py", line 250, in connect
    options.pop('socket', None))
  File "/opt/mycroft-core/.venv/lib/python3.7/site-packages/websocket/_http.py", line 130, in connect
    sock = _open_socket(addrinfo_list, options.sockopt, options.timeout)
  File "/opt/mycroft-core/.venv/lib/python3.7/site-packages/websocket/_http.py", line 208, in _open_socket
    raise err
  File "/opt/mycroft-core/.venv/lib/python3.7/site-packages/websocket/_http.py", line 185, in _open_socket
    sock.connect(address)
ConnectionRefusedError: [Errno 111] Connection refused
2022-03-16 05:49:38.070 | ERROR    |  4713 | mycroft_bus_client.client.client | Exception closing websocket: ConnectionRefusedError(111, 'Connection refused')
2022-03-16 05:49:38.070 | WARNING  |  4713 | mycroft_bus_client.client.client | Message Bus Client will reconnect in 5.0 seconds.
2022-03-16 05:49:43.087 | INFO     |  4713 | mycroft_bus_client.client.client | Connected
2022-03-16 05:49:43.094 | INFO     |  4713 | mycroft.util.process_utils:start_message_bus_client:155 | Connected to messagebus
2022-03-16 05:49:43.107 | INFO     |  4713 | mycroft.skills.msm_wrapper:create_msm:96 | Acquiring lock to instantiate MSM
2022-03-16 05:49:43.108 | INFO     |  4713 | msm.mycroft_skills_manager | building SkillEntry objects for all skills
2022-03-16 05:49:43.518 | INFO     |  4713 | mycroft.skills.msm_wrapper:create_msm:112 | Releasing MSM instantiation lock.
2022-03-16 05:49:43.519 | INFO     |  4713 | mycroft.skills.skill_updater:_log_next_download_time:267 | Next scheduled skill update: 2022-03-16 05:49:42.519065
2022-03-16 05:49:43.520 | INFO     |  4713 | msm.skill_entry | Downloading skill: https://github.com/mycroftai/skill-pairing
2022-03-16 05:49:43.802 | INFO     |  4713 | msm.skill_entry | Installing system requirements...
2022-03-16 05:49:43.813 | INFO     |  4713 | msm.skill_entry | Successfully installed mycroft-pairing
2022-03-16 05:49:43.813 | INFO     |  4713 | msm.mycroft_skills_manager | invalidating skills cache
2022-03-16 05:49:43.815 | INFO     |  4713 | mycroft.skills.skill_loader:load:185 | ATTEMPTING TO LOAD SKILL: mycroft-pairing.mycroftai
2022-03-16 05:49:43.823 | INFO     |  4713 | mycroft.skills.settings:get_local_settings:83 | /opt/mycroft/skills/mycroft-pairing.mycroftai/settings.json
2022-03-16 05:49:43.847 | INFO     |  4713 | mycroft.skills.skill_loader:_check_for_first_run:324 | First run of mycroft-pairing.mycroftai
2022-03-16 05:49:43.847 | INFO     |  4713 | mycroft.skills.settings:save_settings:116 | Skill settings successfully saved to /home/runner/.config/mycroft/skills/mycroft-pairing.mycroftai/settings.json
2022-03-16 05:49:43.857 | INFO     |  4713 | mycroft.skills.skill_loader:_communicate_load_status:344 | Skill mycroft-pairing.mycroftai loaded successfully
2022-03-16 05:49:43.857 | INFO     |  4713 | msm.skill_entry | Downloading skill: https://github.com/mycroftai/skill-volume
2022-03-16 05:49:44.613 | INFO     |  4713 | msm.skill_entry | Installing system requirements...
2022-03-16 05:49:44.626 | INFO     |  4713 | msm.skill_entry | Installing requirements.txt for mycroft-volume
2022-03-16 05:49:45.719 | INFO     |  4713 | msm.skill_entry | Successfully installed mycroft-volume
2022-03-16 05:49:45.720 | INFO     |  4713 | msm.mycroft_skills_manager | invalidating skills cache
2022-03-16 05:49:45.722 | INFO     |  4713 | mycroft.skills.skill_loader:load:185 | ATTEMPTING TO LOAD SKILL: mycroft-volume.mycroftai
2022-03-16 05:49:45.732 | INFO     |  4713 | mycroft.skills.settings:get_local_settings:83 | /opt/mycroft/skills/mycroft-volume.mycroftai/settings.json
2022-03-16 05:49:45.776 | ERROR    |  4713 | VolumeSkill | Couldn't allocate mixer, ALSAAudioError('No such file or directory [default]')
2022-03-16 05:49:48.779 | INFO     |  4713 | mycroft.skills.skill_loader:_check_for_first_run:324 | First run of mycroft-volume.mycroftai
2022-03-16 05:49:48.781 | INFO     |  4713 | mycroft.skills.settings:save_settings:116 | Skill settings successfully saved to /home/runner/.config/mycroft/skills/mycroft-volume.mycroftai/settings.json
2022-03-16 05:49:48.868 | INFO     |  4713 | mycroft.skills.skill_loader:_communicate_load_status:344 | Skill mycroft-volume.mycroftai loaded successfully
2022-03-16 05:49:48.869 | INFO     |  4713 | __main__:on_started:177 | Skills service is starting up.
2022-03-16 05:49:48.924 | INFO     |  4713 | __main__:_update_system:154 | Attempting system update...
2022-03-16 05:49:51.926 | INFO     |  4713 | mycroft.enclosure.display_manager:_write_data:70 | Display Manager is creating /tmp/mycroft/ipc/managers/disp_info
2022-03-16 05:49:51.927 | INFO     |  4713 | __main__:_ensure_device_is_paired:133 | Device not paired, invoking the pairing skill
2022-03-16 05:49:51.928 | INFO     |  4713 | __main__:on_alive:181 | Skills service is alive.
2022-03-16 05:49:51.934 | INFO     |  4713 | msm.mycroft_skills_manager | building SkillEntry objects for all skills
2022-03-16 05:49:52.117 | INFO     |  4713 | PairingSkill | Communicating account URL to user
2022-03-16 05:49:52.188 | WARNING  |  4713 | msm.mycroft_skills_manager | No such default skill: mycroft-pandora
2022-03-16 05:49:52.189 | INFO     |  4713 | mycroft.skills.skill_manager:run:234 | Not all default skills are installed, performing skill update...
2022-03-16 05:49:52.190 | INFO     |  4713 | mycroft.skills.skill_updater:update_skills:149 | Beginning skill update...
2022-03-16 05:49:52.234 | INFO     |  4713 | msm.mycroft_skills_manager | building SkillEntry objects for all skills
2022-03-16 05:49:52.438 | INFO     |  4713 | msm.mycroft_skills_manager | invalidating skills cache
2022-03-16 05:49:52.468 | INFO     |  4713 | msm.skill_entry | Downloading skill: https://github.com/mycroftai/skill-alarm
2022-03-16 05:49:52.470 | INFO     |  4713 | msm.skill_entry | Downloading skill: https://github.com/mycroftai/skill-audio-record
2022-03-16 05:49:52.477 | INFO     |  4713 | msm.skill_entry | Downloading skill: https://github.com/mycroftai/skill-hello-world
2022-03-16 05:49:52.482 | INFO     |  4713 | msm.skill_entry | Downloading skill: https://github.com/mycroftai/skill-installer
2022-03-16 05:49:52.484 | INFO     |  4713 | msm.skill_entry | Downloading skill: https://github.com/mycroftai/fallback-wolfram-alpha
2022-03-16 05:49:52.490 | INFO     |  4713 | msm.skill_entry | Downloading skill: https://github.com/mycroftai/skill-ip
2022-03-16 05:49:52.500 | INFO     |  4713 | msm.skill_entry | Downloading skill: https://github.com/mycroftai/skill-joke
2022-03-16 05:49:52.506 | INFO     |  4713 | msm.skill_entry | Downloading skill: https://github.com/mycroftai/skill-naptime
2022-03-16 05:49:52.508 | INFO     |  4713 | msm.skill_entry | Downloading skill: https://github.com/mycroftai/skill-date-time
2022-03-16 05:49:52.513 | INFO     |  4713 | msm.skill_entry | Downloading skill: https://github.com/mycroftai/fallback-duckduckgo
2022-03-16 05:49:52.519 | INFO     |  4713 | msm.skill_entry | Downloading skill: https://github.com/mycroftai/skill-configuration
2022-03-16 05:49:52.525 | INFO     |  4713 | msm.skill_entry | Downloading skill: https://github.com/mycroftai/skill-npr-news
2022-03-16 05:49:52.531 | INFO     |  4713 | msm.skill_entry | Downloading skill: https://github.com/mycroftai/fallback-unknown
2022-03-16 05:49:52.533 | INFO     |  4713 | msm.skill_entry | Downloading skill: https://github.com/mycroftai/skill-personal
2022-03-16 05:49:52.535 | INFO     |  4713 | msm.skill_entry | Downloading skill: https://github.com/mycroftai/skill-playback-control
2022-03-16 05:49:52.541 | INFO     |  4713 | msm.skill_entry | Downloading skill: https://github.com/mycroftai/skill-singing
2022-03-16 05:49:52.546 | INFO     |  4713 | msm.skill_entry | Downloading skill: https://github.com/mycroftai/skill-reminder
2022-03-16 05:49:53.818 | INFO     |  4713 | msm.skill_entry | Installing system requirements...
2022-03-16 05:49:53.970 | INFO     |  4713 | msm.skill_entry | Installing system requirements...
2022-03-16 05:49:54.070 | INFO     |  4713 | msm.skill_entry | Installing requirements.txt for mycroft-audio-record
2022-03-16 05:49:54.113 | INFO     |  4713 | msm.skill_entry | Installing system requirements...
2022-03-16 05:49:54.132 | INFO     |  4713 | msm.skill_entry | Installing system requirements...
2022-03-16 05:49:54.184 | INFO     |  4713 | msm.skill_entry | Installing requirements.txt for mycroft-joke
2022-03-16 05:49:54.200 | INFO     |  4713 | msm.skill_entry | Installing system requirements...
2022-03-16 05:49:54.268 | INFO     |  4713 | msm.skill_entry | Installing system requirements...
2022-03-16 05:49:54.274 | INFO     |  4713 | msm.skill_entry | Installing system requirements...
2022-03-16 05:49:54.280 | INFO     |  4713 | msm.skill_entry | Installing system requirements...
2022-03-16 05:49:54.349 | INFO     |  4713 | msm.skill_entry | Successfully installed mycroft-playback-control
2022-03-16 05:49:54.350 | INFO     |  4713 | msm.mycroft_skills_manager | invalidating skills cache
2022-03-16 05:49:54.351 | INFO     |  4713 | msm.skill_entry | Downloading skill: https://github.com/mycroftai/skill-speak
2022-03-16 05:49:54.373 | INFO     |  4713 | msm.skill_entry | Successfully installed mycroft-hello-world
2022-03-16 05:49:54.374 | INFO     |  4713 | msm.mycroft_skills_manager | invalidating skills cache
2022-03-16 05:49:54.382 | INFO     |  4713 | msm.skill_entry | Downloading skill: https://github.com/mycroftai/skill-spelling
2022-03-16 05:49:54.391 | INFO     |  4713 | msm.skill_entry | Installing system requirements...
2022-03-16 05:49:54.406 | INFO     |  4713 | msm.skill_entry | Installing requirements.txt for mycroft-fallback-duck-duck-go
2022-03-16 05:49:54.450 | INFO     |  4713 | msm.skill_entry | Installing requirements.txt for mycroft-ip
2022-03-16 05:49:54.451 | INFO     |  4713 | msm.skill_entry | Successfully installed mycroft-naptime
2022-03-16 05:49:54.451 | INFO     |  4713 | msm.mycroft_skills_manager | invalidating skills cache
2022-03-16 05:49:54.453 | INFO     |  4713 | msm.skill_entry | Downloading skill: https://github.com/mycroftai/skill-stop
2022-03-16 05:49:54.496 | INFO     |  4713 | msm.skill_entry | Successfully installed fallback-unknown
2022-03-16 05:49:54.496 | INFO     |  4713 | msm.mycroft_skills_manager | invalidating skills cache
2022-03-16 05:49:54.497 | INFO     |  4713 | msm.skill_entry | Installing system requirements...
2022-03-16 05:49:54.499 | INFO     |  4713 | msm.skill_entry | Installing requirements.txt for mycroft-configuration
2022-03-16 05:49:54.506 | INFO     |  4713 | msm.skill_entry | Downloading skill: https://github.com/mycroftai/skill-support
2022-03-16 05:49:54.584 | INFO     |  4713 | msm.skill_entry | Successfully installed mycroft-personal
2022-03-16 05:49:54.586 | INFO     |  4713 | msm.mycroft_skills_manager | invalidating skills cache
2022-03-16 05:49:54.588 | INFO     |  4713 | msm.skill_entry | Downloading skill: https://github.com/mycroftai/mycroft-timer
2022-03-16 05:49:54.655 | INFO     |  4713 | msm.skill_entry | Installing system requirements...
2022-03-16 05:49:54.883 | INFO     |  4713 | msm.skill_entry | Installing requirements.txt for fallback-wolfram-alpha
2022-03-16 05:49:54.910 | INFO     |  4713 | msm.skill_entry | Nothing new for mycroft-pairing
2022-03-16 05:49:54.967 | INFO     |  4713 | msm.skill_entry | Installing system requirements...
2022-03-16 05:49:55.020 | INFO     |  4713 | msm.skill_entry | Installing system requirements...
2022-03-16 05:49:55.029 | INFO     |  4713 | msm.skill_entry | Installing system requirements...
2022-03-16 05:49:55.041 | INFO     |  4713 | msm.skill_entry | Installing system requirements...
2022-03-16 05:49:55.130 | INFO     |  4713 | msm.skill_entry | Successfully installed mycroft-reminder
2022-03-16 05:49:55.131 | INFO     |  4713 | msm.mycroft_skills_manager | invalidating skills cache
2022-03-16 05:49:55.132 | INFO     |  4713 | msm.skill_entry | Downloading skill: https://github.com/mycroftai/skill-weather
2022-03-16 05:49:55.195 | INFO     |  4713 | msm.skill_entry | Downloading skill: https://github.com/mycroftai/skill-version-checker
2022-03-16 05:49:55.197 | INFO     |  4713 | msm.skill_entry | Installing requirements.txt for mycroft-installer
2022-03-16 05:49:55.212 | INFO     |  4713 | msm.skill_entry | Installing system requirements...
2022-03-16 05:49:55.233 | INFO     |  4713 | msm.skill_entry | Installing system requirements...
2022-03-16 05:49:55.254 | INFO     |  4713 | msm.skill_entry | Installing requirements.txt for mycroft-npr-news
2022-03-16 05:49:55.307 | INFO     |  4713 | msm.skill_entry | Successfully installed mycroft-speak
2022-03-16 05:49:55.307 | INFO     |  4713 | msm.mycroft_skills_manager | invalidating skills cache
2022-03-16 05:49:55.308 | INFO     |  4713 | msm.skill_entry | Downloading skill: https://github.com/mycroftai/skill-wiki
2022-03-16 05:49:55.367 | INFO     |  4713 | msm.skill_entry | Installing requirements.txt for mycroft-date-time
2022-03-16 05:49:55.375 | INFO     |  4713 | msm.skill_entry | Installing system requirements...
2022-03-16 05:49:55.488 | ERROR    |  4713 | msm.mycroft_skills_manager | Error running install_or_update on homeassistant.mycroftai: MergeConflict
2022-03-16 05:49:55.515 | INFO     |  4713 | msm.skill_entry | Installing system requirements...
2022-03-16 05:49:55.521 | INFO     |  4713 | msm.skill_entry | Installing requirements.txt for mycroft-alarm
2022-03-16 05:49:55.543 | INFO     |  4713 | msm.skill_entry | Downloading skill: https://github.com/MycroftAI/skill-query
2022-03-16 05:49:55.643 | INFO     |  4713 | msm.skill_entry | Installing system requirements...
2022-03-16 05:49:55.654 | INFO     |  4713 | msm.skill_entry | Successfully installed mycroft-spelling
2022-03-16 05:49:55.655 | INFO     |  4713 | msm.mycroft_skills_manager | invalidating skills cache
2022-03-16 05:49:55.763 | INFO     |  4713 | msm.skill_entry | Installing system requirements...
2022-03-16 05:49:55.767 | INFO     |  4713 | msm.skill_entry | Successfully installed mycroft-stop
2022-03-16 05:49:55.768 | INFO     |  4713 | msm.mycroft_skills_manager | invalidating skills cache
2022-03-16 05:49:55.866 | INFO     |  4713 | msm.skill_entry | Installing requirements.txt for mycroft-support-helper
2022-03-16 05:49:56.114 | INFO     |  4713 | msm.skill_entry | Nothing new for mycroft-volume
2022-03-16 05:49:56.223 | INFO     |  4713 | msm.skill_entry | Installing system requirements...
2022-03-16 05:49:56.299 | INFO     |  4713 | msm.skill_entry | Installing system requirements...
2022-03-16 05:49:56.343 | INFO     |  4713 | msm.skill_entry | Installing system requirements...
2022-03-16 05:49:56.349 | INFO     |  4713 | msm.skill_entry | Installing system requirements...
2022-03-16 05:49:56.391 | INFO     |  4713 | msm.skill_entry | Installing requirements.txt for mycroft-volume
2022-03-16 05:49:56.449 | INFO     |  4713 | msm.skill_entry | Successfully installed mycroft-version-checker
2022-03-16 05:49:56.449 | INFO     |  4713 | msm.mycroft_skills_manager | invalidating skills cache
2022-03-16 05:49:56.450 | INFO     |  4713 | msm.skill_entry | Successfully installed mycroft-timer
2022-03-16 05:49:56.450 | INFO     |  4713 | msm.mycroft_skills_manager | invalidating skills cache
2022-03-16 05:49:56.450 | INFO     |  4713 | msm.skill_entry | Installing system requirements...
2022-03-16 05:49:56.455 | INFO     |  4713 | msm.skill_entry | Successfully installed fallback-query
2022-03-16 05:49:56.456 | INFO     |  4713 | msm.mycroft_skills_manager | invalidating skills cache
2022-03-16 05:49:56.521 | INFO     |  4713 | msm.skill_entry | Installing requirements.txt for mycroft-wiki
2022-03-16 05:49:56.706 | ERROR    |  4713 | msm.mycroft_skills_manager | Error running install_or_update on homeassistant: MergeConflict
2022-03-16 05:49:56.991 | INFO     |  4713 | msm.skill_entry | Installing system requirements...
2022-03-16 05:49:57.038 | INFO     |  4713 | msm.skill_entry | Installing requirements.txt for mycroft-weather
2022-03-16 05:49:57.428 | INFO     |  4713 | msm.skill_entry | Installing system requirements...
2022-03-16 05:49:57.459 | INFO     |  4713 | msm.skill_entry | Successfully installed mycroft-singing
2022-03-16 05:49:57.459 | INFO     |  4713 | msm.mycroft_skills_manager | invalidating skills cache
2022-03-16 05:49:57.695 | INFO     |  4713 | msm.skill_entry | Successfully installed mycroft-audio-record
2022-03-16 05:49:57.695 | INFO     |  4713 | msm.mycroft_skills_manager | invalidating skills cache
2022-03-16 05:49:58.946 | INFO     |  4713 | msm.skill_entry | Successfully installed mycroft-joke
2022-03-16 05:49:58.946 | INFO     |  4713 | msm.mycroft_skills_manager | invalidating skills cache
2022-03-16 05:50:00.248 | INFO     |  4713 | msm.skill_entry | Successfully installed mycroft-fallback-duck-duck-go
2022-03-16 05:50:00.249 | INFO     |  4713 | msm.mycroft_skills_manager | invalidating skills cache
2022-03-16 05:50:01.388 | INFO     |  4713 | msm.skill_entry | Successfully installed mycroft-ip
2022-03-16 05:50:01.389 | INFO     |  4713 | msm.mycroft_skills_manager | invalidating skills cache
2022-03-16 05:50:05.819 | INFO     |  4713 | msm.skill_entry | Successfully installed mycroft-configuration
2022-03-16 05:50:05.819 | INFO     |  4713 | msm.mycroft_skills_manager | invalidating skills cache
2022-03-16 05:50:10.710 | INFO     |  4713 | msm.skill_entry | Successfully installed fallback-wolfram-alpha
2022-03-16 05:50:10.710 | INFO     |  4713 | msm.mycroft_skills_manager | invalidating skills cache
2022-03-16 05:50:11.784 | INFO     |  4713 | msm.skill_entry | Successfully installed mycroft-installer
2022-03-16 05:50:11.784 | INFO     |  4713 | msm.mycroft_skills_manager | invalidating skills cache
2022-03-16 05:50:16.980 | INFO     |  4713 | msm.skill_entry | Successfully installed mycroft-npr-news
2022-03-16 05:50:16.980 | INFO     |  4713 | msm.mycroft_skills_manager | invalidating skills cache
2022-03-16 05:50:22.489 | INFO     |  4713 | PairingSkill | Initiating device pairing sequence...
2022-03-16 05:50:22.489 | INFO     |  4713 | PairingSkill | Retrieving pairing code from device API...
2022-03-16 05:50:22.729 | INFO     |  4713 | PairingSkill | Pairing code obtained: ENNNHV
2022-03-16 05:50:22.729 | INFO     |  4713 | PairingSkill | Communicating pairing URL to user
2022-03-16 05:50:42.583 | INFO     |  4713 | msm.skill_entry | Successfully installed mycroft-date-time
2022-03-16 05:50:42.584 | INFO     |  4713 | msm.mycroft_skills_manager | invalidating skills cache
2022-03-16 05:50:43.667 | INFO     |  4713 | msm.skill_entry | Successfully installed mycroft-alarm
2022-03-16 05:50:43.667 | INFO     |  4713 | msm.mycroft_skills_manager | invalidating skills cache
2022-03-16 05:50:47.281 | INFO     |  4713 | msm.skill_entry | Successfully installed mycroft-support-helper
2022-03-16 05:50:47.281 | INFO     |  4713 | msm.mycroft_skills_manager | invalidating skills cache
2022-03-16 05:50:53.086 | INFO     |  4713 | mycroft.skills.settings:save_settings:116 | Skill settings successfully saved to /home/runner/.config/mycroft/skills/mycroft-pairing.mycroftai/settings.json
2022-03-16 05:50:53.700 | INFO     |  4713 | msm.skill_entry | Successfully installed mycroft-wiki
2022-03-16 05:50:53.700 | INFO     |  4713 | msm.mycroft_skills_manager | invalidating skills cache
2022-03-16 05:50:54.948 | INFO     |  4713 | msm.skill_entry | Successfully installed mycroft-weather
2022-03-16 05:50:54.948 | INFO     |  4713 | msm.mycroft_skills_manager | invalidating skills cache
2022-03-16 05:50:55.041 | INFO     |  4713 | mycroft.skills.skill_updater:_log_next_download_time:267 | Next scheduled skill update: 2022-03-16 06:50:55.041319
2022-03-16 05:50:55.042 | INFO     |  4713 | mycroft.skills.skill_updater:update_skills:170 | Skill update complete
2022-03-16 05:50:55.042 | INFO     |  4713 | mycroft.skills.skill_manager:_load_on_startup:273 | Loading installed skills...
2022-03-16 05:50:55.044 | INFO     |  4713 | mycroft.skills.skill_loader:load:185 | ATTEMPTING TO LOAD SKILL: mycroft-joke.mycroftai
2022-03-16 05:50:55.051 | INFO     |  4713 | mycroft.skills.settings:get_local_settings:83 | /opt/mycroft/skills/mycroft-joke.mycroftai/settings.json
2022-03-16 05:50:55.067 | INFO     |  4713 | mycroft.skills.skill_loader:_check_for_first_run:324 | First run of mycroft-joke.mycroftai
2022-03-16 05:50:55.068 | INFO     |  4713 | mycroft.skills.settings:save_settings:116 | Skill settings successfully saved to /home/runner/.config/mycroft/skills/mycroft-joke.mycroftai/settings.json
2022-03-16 05:50:55.069 | INFO     |  4713 | mycroft.skills.skill_loader:_communicate_load_status:344 | Skill mycroft-joke.mycroftai loaded successfully
2022-03-16 05:50:55.069 | INFO     |  4713 | mycroft.skills.skill_loader:load:185 | ATTEMPTING TO LOAD SKILL: mycroft-alarm.mycroftai
2022-03-16 05:50:55.095 | INFO     |  4713 | mycroft.skills.settings:get_local_settings:83 | /opt/mycroft/skills/mycroft-alarm.mycroftai/settings.json
2022-03-16 05:50:55.095 | ERROR    |  4713 | AlarmSkill | Couldn't allocate mixer, ALSAAudioError('No such file or directory [default]')
2022-03-16 05:50:55.156 | INFO     |  4713 | mycroft.skills.skill_loader:_check_for_first_run:324 | First run of mycroft-alarm.mycroftai
2022-03-16 05:50:55.163 | INFO     |  4713 | mycroft.skills.settings:save_settings:116 | Skill settings successfully saved to /home/runner/.config/mycroft/skills/mycroft-alarm.mycroftai/settings.json
2022-03-16 05:50:55.174 | INFO     |  4713 | mycroft.skills.skill_loader:_communicate_load_status:344 | Skill mycroft-alarm.mycroftai loaded successfully
2022-03-16 05:50:55.178 | INFO     |  4713 | mycroft.skills.skill_loader:load:185 | ATTEMPTING TO LOAD SKILL: mycroft-version-checker.mycroftai
2022-03-16 05:50:55.218 | INFO     |  4713 | mycroft.skills.settings:get_local_settings:83 | /opt/mycroft/skills/mycroft-version-checker.mycroftai/settings.json
2022-03-16 05:50:55.245 | INFO     |  4713 | mycroft.skills.skill_loader:_check_for_first_run:324 | First run of mycroft-version-checker.mycroftai
2022-03-16 05:50:55.246 | INFO     |  4713 | mycroft.skills.settings:save_settings:116 | Skill settings successfully saved to /home/runner/.config/mycroft/skills/mycroft-version-checker.mycroftai/settings.json
2022-03-16 05:50:55.247 | INFO     |  4713 | mycroft.skills.skill_loader:_communicate_load_status:344 | Skill mycroft-version-checker.mycroftai loaded successfully
2022-03-16 05:50:55.247 | INFO     |  4713 | mycroft.skills.skill_loader:load:185 | ATTEMPTING TO LOAD SKILL: mycroft-timer.mycroftai
2022-03-16 05:50:55.274 | INFO     |  4713 | mycroft.skills.settings:get_local_settings:83 | /opt/mycroft/skills/mycroft-timer.mycroftai/settings.json
2022-03-16 05:50:55.344 | INFO     |  4713 | mycroft.skills.skill_loader:_check_for_first_run:324 | First run of mycroft-timer.mycroftai
2022-03-16 05:50:55.344 | INFO     |  4713 | mycroft.skills.settings:save_settings:116 | Skill settings successfully saved to /home/runner/.config/mycroft/skills/mycroft-timer.mycroftai/settings.json
2022-03-16 05:50:55.347 | INFO     |  4713 | mycroft.skills.skill_loader:_communicate_load_status:344 | Skill mycroft-timer.mycroftai loaded successfully
2022-03-16 05:50:55.349 | INFO     |  4713 | mycroft.skills.skill_loader:load:185 | ATTEMPTING TO LOAD SKILL: mycroft-playback-control.mycroftai
2022-03-16 05:50:55.356 | INFO     |  4713 | mycroft.skills.settings:get_local_settings:83 | /opt/mycroft/skills/mycroft-playback-control.mycroftai/settings.json
2022-03-16 05:50:55.404 | INFO     |  4713 | mycroft.skills.skill_loader:_check_for_first_run:324 | First run of mycroft-playback-control.mycroftai
2022-03-16 05:50:55.405 | INFO     |  4713 | mycroft.skills.settings:save_settings:116 | Skill settings successfully saved to /home/runner/.config/mycroft/skills/mycroft-playback-control.mycroftai/settings.json
2022-03-16 05:50:55.407 | INFO     |  4713 | mycroft.skills.skill_loader:_communicate_load_status:344 | Skill mycroft-playback-control.mycroftai loaded successfully
2022-03-16 05:50:55.407 | INFO     |  4713 | mycroft.skills.skill_loader:load:185 | ATTEMPTING TO LOAD SKILL: mycroft-hello-world.mycroftai
2022-03-16 05:50:55.417 | INFO     |  4713 | mycroft.skills.settings:get_local_settings:83 | /opt/mycroft/skills/mycroft-hello-world.mycroftai/settings.json
2022-03-16 05:50:55.449 | INFO     |  4713 | mycroft.skills.skill_loader:_check_for_first_run:324 | First run of mycroft-hello-world.mycroftai
2022-03-16 05:50:55.450 | INFO     |  4713 | mycroft.skills.settings:save_settings:116 | Skill settings successfully saved to /home/runner/.config/mycroft/skills/mycroft-hello-world.mycroftai/settings.json
2022-03-16 05:50:55.451 | INFO     |  4713 | mycroft.skills.skill_loader:_communicate_load_status:344 | Skill mycroft-hello-world.mycroftai loaded successfully
2022-03-16 05:50:55.451 | INFO     |  4713 | mycroft.skills.skill_loader:load:185 | ATTEMPTING TO LOAD SKILL: mycroft-singing.mycroftai
2022-03-16 05:50:55.455 | INFO     |  4713 | mycroft.skills.settings:get_local_settings:83 | /opt/mycroft/skills/mycroft-singing.mycroftai/settings.json
2022-03-16 05:50:55.472 | INFO     |  4713 | mycroft.skills.skill_loader:_check_for_first_run:324 | First run of mycroft-singing.mycroftai
2022-03-16 05:50:55.473 | INFO     |  4713 | mycroft.skills.settings:save_settings:116 | Skill settings successfully saved to /home/runner/.config/mycroft/skills/mycroft-singing.mycroftai/settings.json
2022-03-16 05:50:55.476 | INFO     |  4713 | mycroft.skills.skill_loader:_communicate_load_status:344 | Skill mycroft-singing.mycroftai loaded successfully
2022-03-16 05:50:55.477 | INFO     |  4713 | mycroft.skills.skill_loader:load:185 | ATTEMPTING TO LOAD SKILL: mycroft-speak.mycroftai
2022-03-16 05:50:55.483 | INFO     |  4713 | mycroft.skills.settings:get_local_settings:83 | /opt/mycroft/skills/mycroft-speak.mycroftai/settings.json
2022-03-16 05:50:55.503 | INFO     |  4713 | mycroft.skills.skill_loader:_check_for_first_run:324 | First run of mycroft-speak.mycroftai
2022-03-16 05:50:55.503 | INFO     |  4713 | mycroft.skills.settings:save_settings:116 | Skill settings successfully saved to /home/runner/.config/mycroft/skills/mycroft-speak.mycroftai/settings.json
2022-03-16 05:50:55.504 | INFO     |  4713 | mycroft.skills.skill_loader:_communicate_load_status:344 | Skill mycroft-speak.mycroftai loaded successfully
2022-03-16 05:50:55.506 | INFO     |  4713 | mycroft.skills.skill_loader:load:185 | ATTEMPTING TO LOAD SKILL: fallback-query.mycroftai
2022-03-16 05:50:55.511 | INFO     |  4713 | mycroft.skills.settings:get_local_settings:83 | /opt/mycroft/skills/fallback-query.mycroftai/settings.json
2022-03-16 05:50:55.524 | INFO     |  4713 | mycroft.skills.skill_loader:_check_for_first_run:324 | First run of fallback-query.mycroftai
2022-03-16 05:50:55.525 | INFO     |  4713 | mycroft.skills.settings:save_settings:116 | Skill settings successfully saved to /home/runner/.config/mycroft/skills/fallback-query.mycroftai/settings.json
2022-03-16 05:50:55.528 | INFO     |  4713 | mycroft.skills.skill_loader:_communicate_load_status:344 | Skill fallback-query.mycroftai loaded successfully
2022-03-16 05:50:55.528 | INFO     |  4713 | mycroft.skills.skill_loader:load:185 | ATTEMPTING TO LOAD SKILL: mycroft-fallback-duck-duck-go.mycroftai
2022-03-16 05:50:55.538 | INFO     |  4713 | mycroft.skills.settings:get_local_settings:83 | /opt/mycroft/skills/mycroft-fallback-duck-duck-go.mycroftai/settings.json
2022-03-16 05:50:55.562 | INFO     |  4713 | mycroft.skills.skill_loader:_check_for_first_run:324 | First run of mycroft-fallback-duck-duck-go.mycroftai
2022-03-16 05:50:55.562 | INFO     |  4713 | mycroft.skills.settings:save_settings:116 | Skill settings successfully saved to /home/runner/.config/mycroft/skills/mycroft-fallback-duck-duck-go.mycroftai/settings.json
2022-03-16 05:50:55.563 | INFO     |  4713 | mycroft.skills.skill_loader:_communicate_load_status:344 | Skill mycroft-fallback-duck-duck-go.mycroftai loaded successfully
2022-03-16 05:50:55.564 | INFO     |  4713 | mycroft.skills.skill_loader:load:185 | ATTEMPTING TO LOAD SKILL: mycroft-configuration.mycroftai
2022-03-16 05:50:55.576 | INFO     |  4713 | mycroft.skills.settings:get_local_settings:83 | /opt/mycroft/skills/mycroft-configuration.mycroftai/settings.json
2022-03-16 05:50:55.620 | INFO     |  4713 | mycroft.skills.skill_loader:_check_for_first_run:324 | First run of mycroft-configuration.mycroftai
2022-03-16 05:50:55.621 | INFO     |  4713 | mycroft.skills.settings:save_settings:116 | Skill settings successfully saved to /home/runner/.config/mycroft/skills/mycroft-configuration.mycroftai/settings.json
2022-03-16 05:50:55.622 | INFO     |  4713 | mycroft.skills.skill_loader:_communicate_load_status:344 | Skill mycroft-configuration.mycroftai loaded successfully
2022-03-16 05:50:55.622 | INFO     |  4713 | mycroft.skills.skill_loader:load:185 | ATTEMPTING TO LOAD SKILL: fallback-wolfram-alpha.mycroftai
2022-03-16 05:50:55.677 | INFO     |  4713 | mycroft.skills.settings:get_local_settings:83 | /opt/mycroft/skills/fallback-wolfram-alpha.mycroftai/settings.json
2022-03-16 05:50:55.703 | INFO     |  4713 | mycroft.skills.skill_loader:_check_for_first_run:324 | First run of fallback-wolfram-alpha.mycroftai
2022-03-16 05:50:55.704 | INFO     |  4713 | mycroft.skills.settings:save_settings:116 | Skill settings successfully saved to /home/runner/.config/mycroft/skills/fallback-wolfram-alpha.mycroftai/settings.json
2022-03-16 05:50:55.705 | INFO     |  4713 | mycroft.skills.skill_loader:_communicate_load_status:344 | Skill fallback-wolfram-alpha.mycroftai loaded successfully
2022-03-16 05:50:55.707 | INFO     |  4713 | mycroft.skills.skill_loader:load:185 | ATTEMPTING TO LOAD SKILL: mycroft-date-time.mycroftai
2022-03-16 05:50:56.162 | INFO     |  4713 | mycroft.skills.settings:get_local_settings:83 | /opt/mycroft/skills/mycroft-date-time.mycroftai/settings.json
2022-03-16 05:50:56.207 | INFO     |  4713 | TimeSkill | Registering resting screen <bound method TimeSkill.handle_idle of <mycroft-date-time_mycroftai.TimeSkill object at 0x7f081c5ba410>> for Time and Date.
2022-03-16 05:50:56.208 | INFO     |  4713 | TimeSkill | Registering resting screen
2022-03-16 05:50:56.211 | INFO     |  4713 | mycroft.skills.skill_loader:_check_for_first_run:324 | First run of mycroft-date-time.mycroftai
2022-03-16 05:50:56.212 | INFO     |  4713 | mycroft.skills.settings:save_settings:116 | Skill settings successfully saved to /home/runner/.config/mycroft/skills/mycroft-date-time.mycroftai/settings.json
2022-03-16 05:50:56.222 | INFO     |  4713 | mycroft.skills.skill_loader:_communicate_load_status:344 | Skill mycroft-date-time.mycroftai loaded successfully
2022-03-16 05:50:56.224 | INFO     |  4713 | mycroft.skills.skill_loader:load:185 | ATTEMPTING TO LOAD SKILL: mycroft-weather.mycroftai
2022-03-16 05:50:56.269 | INFO     |  4713 | mycroft.skills.settings:get_local_settings:83 | /opt/mycroft/skills/mycroft-weather.mycroftai/settings.json
2022-03-16 05:50:56.439 | INFO     |  4713 | mycroft.skills.skill_loader:_check_for_first_run:324 | First run of mycroft-weather.mycroftai
2022-03-16 05:50:56.440 | INFO     |  4713 | mycroft.skills.settings:save_settings:116 | Skill settings successfully saved to /home/runner/.config/mycroft/skills/mycroft-weather.mycroftai/settings.json
2022-03-16 05:50:56.445 | INFO     |  4713 | mycroft.skills.skill_loader:_communicate_load_status:344 | Skill mycroft-weather.mycroftai loaded successfully
2022-03-16 05:50:56.446 | INFO     |  4713 | mycroft.skills.skill_loader:load:185 | ATTEMPTING TO LOAD SKILL: mycroft-audio-record.mycroftai
2022-03-16 05:50:56.458 | INFO     |  4713 | mycroft.skills.settings:get_local_settings:83 | /opt/mycroft/skills/mycroft-audio-record.mycroftai/settings.json
2022-03-16 05:50:56.478 | INFO     |  4713 | mycroft.skills.skill_loader:_check_for_first_run:324 | First run of mycroft-audio-record.mycroftai
2022-03-16 05:50:56.481 | INFO     |  4713 | mycroft.skills.settings:save_settings:116 | Skill settings successfully saved to /home/runner/.config/mycroft/skills/mycroft-audio-record.mycroftai/settings.json
2022-03-16 05:50:56.483 | INFO     |  4713 | mycroft.skills.skill_loader:_communicate_load_status:344 | Skill mycroft-audio-record.mycroftai loaded successfully
2022-03-16 05:50:56.484 | INFO     |  4713 | mycroft.skills.skill_loader:load:185 | ATTEMPTING TO LOAD SKILL: mycroft-wiki.mycroftai
2022-03-16 05:50:56.672 | INFO     |  4713 | mycroft.skills.settings:get_local_settings:83 | /opt/mycroft/skills/mycroft-wiki.mycroftai/settings.json
2022-03-16 05:50:56.712 | INFO     |  4713 | mycroft.skills.skill_loader:_check_for_first_run:324 | First run of mycroft-wiki.mycroftai
2022-03-16 05:50:56.718 | INFO     |  4713 | mycroft.skills.settings:save_settings:116 | Skill settings successfully saved to /home/runner/.config/mycroft/skills/mycroft-wiki.mycroftai/settings.json
2022-03-16 05:50:56.727 | INFO     |  4713 | mycroft.skills.skill_loader:_communicate_load_status:344 | Skill mycroft-wiki.mycroftai loaded successfully
2022-03-16 05:50:56.730 | INFO     |  4713 | mycroft.skills.skill_loader:load:185 | ATTEMPTING TO LOAD SKILL: mycroft-naptime.mycroftai
2022-03-16 05:50:56.746 | INFO     |  4713 | mycroft.skills.settings:get_local_settings:83 | /opt/mycroft/skills/mycroft-naptime.mycroftai/settings.json
2022-03-16 05:50:56.782 | INFO     |  4713 | mycroft.skills.skill_loader:_check_for_first_run:324 | First run of mycroft-naptime.mycroftai
2022-03-16 05:50:56.783 | INFO     |  4713 | mycroft.skills.settings:save_settings:116 | Skill settings successfully saved to /home/runner/.config/mycroft/skills/mycroft-naptime.mycroftai/settings.json
2022-03-16 05:50:56.786 | INFO     |  4713 | mycroft.skills.skill_loader:_communicate_load_status:344 | Skill mycroft-naptime.mycroftai loaded successfully
2022-03-16 05:50:56.787 | INFO     |  4713 | mycroft.skills.skill_loader:load:185 | ATTEMPTING TO LOAD SKILL: mycroft-npr-news.mycroftai
2022-03-16 05:50:56.901 | INFO     |  4713 | mycroft.skills.settings:get_local_settings:83 | /opt/mycroft/skills/mycroft-npr-news.mycroftai/settings.json
2022-03-16 05:50:57.964 | INFO     |  4713 | mycroft.skills.skill_loader:_check_for_first_run:324 | First run of mycroft-npr-news.mycroftai
2022-03-16 05:50:57.967 | INFO     |  4713 | mycroft.skills.settings:save_settings:116 | Skill settings successfully saved to /home/runner/.config/mycroft/skills/mycroft-npr-news.mycroftai/settings.json
2022-03-16 05:50:57.968 | INFO     |  4713 | mycroft.skills.skill_loader:_communicate_load_status:344 | Skill mycroft-npr-news.mycroftai loaded successfully
2022-03-16 05:50:57.968 | INFO     |  4713 | mycroft.skills.skill_loader:load:185 | ATTEMPTING TO LOAD SKILL: mycroft-support-helper.mycroftai
2022-03-16 05:50:57.977 | INFO     |  4713 | mycroft.skills.settings:get_local_settings:83 | /opt/mycroft/skills/mycroft-support-helper.mycroftai/settings.json
2022-03-16 05:50:57.986 | INFO     |  4713 | mycroft.skills.skill_loader:_check_for_first_run:324 | First run of mycroft-support-helper.mycroftai
2022-03-16 05:50:57.987 | INFO     |  4713 | mycroft.skills.settings:save_settings:116 | Skill settings successfully saved to /home/runner/.config/mycroft/skills/mycroft-support-helper.mycroftai/settings.json
2022-03-16 05:50:57.987 | INFO     |  4713 | mycroft.skills.skill_loader:_communicate_load_status:344 | Skill mycroft-support-helper.mycroftai loaded successfully
2022-03-16 05:50:57.988 | INFO     |  4713 | mycroft.skills.skill_loader:load:185 | ATTEMPTING TO LOAD SKILL: mycroft-personal.mycroftai
2022-03-16 05:50:57.992 | INFO     |  4713 | mycroft.skills.settings:get_local_settings:83 | /opt/mycroft/skills/mycroft-personal.mycroftai/settings.json
2022-03-16 05:50:58.022 | INFO     |  4713 | mycroft.skills.skill_loader:_check_for_first_run:324 | First run of mycroft-personal.mycroftai
2022-03-16 05:50:58.023 | INFO     |  4713 | mycroft.skills.settings:save_settings:116 | Skill settings successfully saved to /home/runner/.config/mycroft/skills/mycroft-personal.mycroftai/settings.json
2022-03-16 05:50:58.027 | INFO     |  4713 | mycroft.skills.skill_loader:_communicate_load_status:344 | Skill mycroft-personal.mycroftai loaded successfully
2022-03-16 05:50:58.027 | INFO     |  4713 | mycroft.skills.skill_loader:load:185 | ATTEMPTING TO LOAD SKILL: homeassistant.mycroftai
2022-03-16 05:50:58.209 | INFO     |  4713 | mycroft.skills.settings:get_local_settings:83 | /opt/mycroft/skills/homeassistant.mycroftai/settings.json
2022-03-16 05:50:58.210 | INFO     |  4713 | mycroft.skills.settings:get_local_settings:83 | /opt/mycroft/skills/homeassistant.mycroftai/settings.json
2022-03-16 05:50:58.323 | INFO     |  4713 | mycroft.skills.skill_loader:_communicate_load_status:344 | Skill homeassistant.mycroftai loaded successfully
2022-03-16 05:50:58.325 | INFO     |  4713 | mycroft.skills.skill_loader:load:185 | ATTEMPTING TO LOAD SKILL: mycroft-ip.mycroftai
2022-03-16 05:50:58.376 | INFO     |  4713 | mycroft.skills.settings:get_local_settings:83 | /opt/mycroft/skills/mycroft-ip.mycroftai/settings.json
2022-03-16 05:50:58.400 | INFO     |  4713 | mycroft.skills.skill_loader:_check_for_first_run:324 | First run of mycroft-ip.mycroftai
2022-03-16 05:50:58.400 | INFO     |  4713 | mycroft.skills.settings:save_settings:116 | Skill settings successfully saved to /home/runner/.config/mycroft/skills/mycroft-ip.mycroftai/settings.json
2022-03-16 05:50:58.404 | INFO     |  4713 | mycroft.skills.skill_loader:_communicate_load_status:344 | Skill mycroft-ip.mycroftai loaded successfully
2022-03-16 05:50:58.405 | INFO     |  4713 | mycroft.skills.skill_loader:load:185 | ATTEMPTING TO LOAD SKILL: mycroft-installer.mycroftai
2022-03-16 05:50:58.419 | INFO     |  4713 | mycroft.skills.settings:get_local_settings:83 | /opt/mycroft/skills/mycroft-installer.mycroftai/settings.json
2022-03-16 05:50:58.463 | INFO     |  4713 | mycroft.skills.skill_loader:_check_for_first_run:324 | First run of mycroft-installer.mycroftai
2022-03-16 05:50:58.464 | INFO     |  4713 | mycroft.skills.settings:save_settings:116 | Skill settings successfully saved to /home/runner/.config/mycroft/skills/mycroft-installer.mycroftai/settings.json
2022-03-16 05:50:58.468 | INFO     |  4713 | mycroft.skills.skill_loader:_communicate_load_status:344 | Skill mycroft-installer.mycroftai loaded successfully
2022-03-16 05:50:58.469 | INFO     |  4713 | mycroft.skills.skill_loader:load:185 | ATTEMPTING TO LOAD SKILL: mycroft-stop.mycroftai
2022-03-16 05:50:58.474 | INFO     |  4713 | mycroft.skills.settings:get_local_settings:83 | /opt/mycroft/skills/mycroft-stop.mycroftai/settings.json
2022-03-16 05:50:58.497 | INFO     |  4713 | mycroft.skills.skill_loader:_check_for_first_run:324 | First run of mycroft-stop.mycroftai
2022-03-16 05:50:58.498 | INFO     |  4713 | mycroft.skills.settings:save_settings:116 | Skill settings successfully saved to /home/runner/.config/mycroft/skills/mycroft-stop.mycroftai/settings.json
2022-03-16 05:50:58.499 | INFO     |  4713 | mycroft.skills.skill_loader:_communicate_load_status:344 | Skill mycroft-stop.mycroftai loaded successfully
2022-03-16 05:50:58.500 | INFO     |  4713 | mycroft.skills.skill_loader:load:185 | ATTEMPTING TO LOAD SKILL: fallback-unknown.mycroftai
2022-03-16 05:50:58.505 | INFO     |  4713 | mycroft.skills.settings:get_local_settings:83 | /opt/mycroft/skills/fallback-unknown.mycroftai/settings.json
2022-03-16 05:50:58.521 | INFO     |  4713 | mycroft.skills.skill_loader:_check_for_first_run:324 | First run of fallback-unknown.mycroftai
2022-03-16 05:50:58.522 | INFO     |  4713 | mycroft.skills.settings:save_settings:116 | Skill settings successfully saved to /home/runner/.config/mycroft/skills/fallback-unknown.mycroftai/settings.json
2022-03-16 05:50:58.523 | INFO     |  4713 | mycroft.skills.skill_loader:_communicate_load_status:344 | Skill fallback-unknown.mycroftai loaded successfully
2022-03-16 05:50:58.525 | INFO     |  4713 | mycroft.skills.skill_loader:load:185 | ATTEMPTING TO LOAD SKILL: mycroft-spelling.mycroftai
2022-03-16 05:50:58.531 | INFO     |  4713 | mycroft.skills.settings:get_local_settings:83 | /opt/mycroft/skills/mycroft-spelling.mycroftai/settings.json
2022-03-16 05:50:58.555 | INFO     |  4713 | mycroft.skills.skill_loader:_check_for_first_run:324 | First run of mycroft-spelling.mycroftai
2022-03-16 05:50:58.555 | INFO     |  4713 | mycroft.skills.settings:save_settings:116 | Skill settings successfully saved to /home/runner/.config/mycroft/skills/mycroft-spelling.mycroftai/settings.json
2022-03-16 05:50:58.557 | INFO     |  4713 | mycroft.skills.skill_loader:_communicate_load_status:344 | Skill mycroft-spelling.mycroftai loaded successfully
2022-03-16 05:50:58.558 | INFO     |  4713 | mycroft.skills.skill_loader:load:185 | ATTEMPTING TO LOAD SKILL: mycroft-reminder.mycroftai
2022-03-16 05:50:58.572 | INFO     |  4713 | mycroft.skills.settings:get_local_settings:83 | /opt/mycroft/skills/mycroft-reminder.mycroftai/settings.json
2022-03-16 05:50:58.623 | INFO     |  4713 | mycroft.skills.skill_loader:_check_for_first_run:324 | First run of mycroft-reminder.mycroftai
2022-03-16 05:50:58.624 | INFO     |  4713 | mycroft.skills.settings:save_settings:116 | Skill settings successfully saved to /home/runner/.config/mycroft/skills/mycroft-reminder.mycroftai/settings.json
2022-03-16 05:50:58.625 | INFO     |  4713 | mycroft.skills.skill_loader:_communicate_load_status:344 | Skill mycroft-reminder.mycroftai loaded successfully
2022-03-16 05:50:58.629 | INFO     |  4713 | mycroft.skills.skill_manager:_load_on_startup:275 | Skills all loaded!
2022-03-16 05:50:58.648 | INFO     |  4713 | __main__:on_ready:185 | Skills service is ready.
2022-03-16 05:50:58.687 | INFO     |  4713 | mycroft.skills.intent_services.padatious_service:train:151 | Training... (single_thread=False)
Regenerated mycroft-alarm.mycroftai:{daytype}.
Regenerated mycroft-alarm.mycroftai:snooze.intent.
Regenerated mycroft-alarm.mycroftai:change.alarm.sound.intent.
Regenerated mycroft-timer.mycroftai:timer.status.intent.
Regenerated mycroft-timer.mycroftai:start.timer.intent.
Regenerated mycroft-hello-world.mycroftai:HowAreYou.intent.
Regenerated mycroft-configuration.mycroftai:WhereAreYou.intent.
Regenerated mycroft-configuration.mycroftai:EnablePreciseDev.intent.
Regenerated mycroft-configuration.mycroftai:DisablePreciseDev.intent.
Regenerated mycroft-npr-news.mycroftai:PlayTheNews.intent.
Regenerated mycroft-support-helper.mycroftai:contact.support.intent.
Regenerated mycroft-personal.mycroftai:WhoMadeYou.intent.
Regenerated mycroft-personal.mycroftai:DoYouRhyme.intent.
Regenerated mycroft-personal.mycroftai:DoYouDream.intent.
Regenerated mycroft-personal.mycroftai:WhatAreYou.intent.
Regenerated mycroft-personal.mycroftai:WhenWereYouBorn.intent.
Regenerated mycroft-personal.mycroftai:WhereWereYouBorn.intent.
Regenerated homeassistant.mycroftai:turn.off.intent.
Regenerated homeassistant.mycroftai:show.camera.image.intent.
Regenerated homeassistant.mycroftai:automation.intent.
Regenerated homeassistant.mycroftai:decrease.light.brightness.intent.
Regenerated homeassistant.mycroftai:sensor.intent.
Regenerated homeassistant.mycroftai:open.intent.
Regenerated homeassistant.mycroftai:close.intent.
Regenerated homeassistant.mycroftai:tracker.intent.
Regenerated mycroft-reminder.mycroftai:GetRemindersForDay.intent.
Regenerated mycroft-reminder.mycroftai:SnoozeReminder.intent.
Regenerated mycroft-reminder.mycroftai:ClearReminders.intent.
Regenerated mycroft-reminder.mycroftai:GetNextReminders.intent.
Regenerated mycroft-date-time.mycroftai:what.time.is.it.intent.
Regenerated mycroft-date-time.mycroftai:what.time.will.it.be.intent.
Regenerated mycroft-date-time.mycroftai:date.future.weekend.intent.
Regenerated mycroft-date-time.mycroftai:date.last.weekend.intent.
Regenerated mycroft-weather.mycroftai:do-i-need-an-umbrella.intent.
Regenerated mycroft-audio-record.mycroftai:StartRecording.intent.
Regenerated mycroft-audio-record.mycroftai:PlayRecording.intent.
Regenerated mycroft-wiki.mycroftai:Random.intent.
Regenerated mycroft-personal.mycroftai:WhoAreYou.intent.
Regenerated homeassistant.mycroftai:set.light.brightness.intent.
Regenerated homeassistant.mycroftai:set.climate.intent.
Regenerated homeassistant.mycroftai:toggle.intent.
Regenerated homeassistant.mycroftai:stop.intent.
Regenerated homeassistant.mycroftai:increase.light.brightness.intent.
Regenerated homeassistant.mycroftai:turn.on.intent.
Regenerated homeassistant.mycroftai:add.item.shopping.list.intent.
Regenerated mycroft-installer.mycroftai:remove.intent.
Regenerated mycroft-installer.mycroftai:install.beta.intent.
Regenerated mycroft-installer.mycroftai:install.custom.intent.
Regenerated mycroft-installer.mycroftai:list.skills.intent.
Regenerated mycroft-installer.mycroftai:install.intent.
Regenerated mycroft-installer.mycroftai:is.installed.intent.
Regenerated mycroft-stop.mycroftai:reboot.intent.
Regenerated mycroft-stop.mycroftai:ssh.enable.intent.
Regenerated mycroft-stop.mycroftai:wifi.setup.intent.
Regenerated mycroft-stop.mycroftai:ssh.disable.intent.
Regenerated mycroft-stop.mycroftai:shutdown.intent.
Regenerated mycroft-reminder.mycroftai:ReminderAt.intent.
Regenerated mycroft-reminder.mycroftai:DeleteReminderForDay.intent.
Regenerated mycroft-reminder.mycroftai:UnspecifiedReminderAt.intent.
Regenerated mycroft-reminder.mycroftai:CancelActiveReminder.intent.
Regenerated mycroft-reminder.mycroftai:Reminder.intent.
2022-03-16 05:51:01.999 | INFO     |  4713 | mycroft.skills.intent_services.padatious_service:train:153 | Training complete.
2022-03-16 05:51:05.426 | INFO     |  4713 | mycroft.skills.settings:save_settings:116 | Skill settings successfully saved to /home/runner/.config/mycroft/skills/mycroft-timer.mycroftai/settings.json
2022-03-16 05:51:37.661 | INFO     |  4713 | __main__:on_stopping:193 | Skills service is shutting down...
2022-03-16 05:51:37.661 | INFO     |  4713 | __main__:shutdown:284 | Shutting down Skills service
2022-03-16 05:51:37.927 | ERROR    |  4713 | VolumeSkill | Couldn't allocate mixer, ALSAAudioError('No such file or directory [default]')
2022-03-16 05:51:37.929 | INFO     |  4713 | mycroft.skills.settings:save_settings:116 | Skill settings successfully saved to /home/runner/.config/mycroft/skills/mycroft-volume.mycroftai/settings.json
2022-03-16 05:51:37.931 | INFO     |  4713 | mycroft.skills.settings:save_settings:116 | Skill settings successfully saved to /home/runner/.config/mycroft/skills/mycroft-joke.mycroftai/settings.json
2022-03-16 05:51:37.933 | INFO     |  4713 | mycroft.skills.settings:save_settings:116 | Skill settings successfully saved to /home/runner/.config/mycroft/skills/mycroft-alarm.mycroftai/settings.json
2022-03-16 05:51:37.934 | INFO     |  4713 | mycroft.skills.settings:save_settings:116 | Skill settings successfully saved to /home/runner/.config/mycroft/skills/mycroft-version-checker.mycroftai/settings.json
2022-03-16 05:51:37.967 | INFO     |  4713 | mycroft.skills.settings:save_settings:116 | Skill settings successfully saved to /home/runner/.config/mycroft/skills/mycroft-playback-control.mycroftai/settings.json
2022-03-16 05:51:38.969 | INFO     |  4713 | Playback Control Skill | Audio service status: {}
2022-03-16 05:51:39.970 | WARNING  |  4713 | mycroft.skills.skill_manager:_shutdown_skill:106 | mycroft-playback-control.mycroftai shutdown took 2.030223439999986 seconds
2022-03-16 05:51:39.971 | INFO     |  4713 | mycroft.skills.settings:save_settings:116 | Skill settings successfully saved to /home/runner/.config/mycroft/skills/mycroft-hello-world.mycroftai/settings.json
2022-03-16 05:51:39.972 | INFO     |  4713 | mycroft.skills.settings:save_settings:116 | Skill settings successfully saved to /home/runner/.config/mycroft/skills/mycroft-singing.mycroftai/settings.json
2022-03-16 05:51:39.974 | INFO     |  4713 | mycroft.skills.settings:save_settings:116 | Skill settings successfully saved to /home/runner/.config/mycroft/skills/mycroft-speak.mycroftai/settings.json
2022-03-16 05:51:39.975 | INFO     |  4713 | QuestionsAnswersSkill | Removing all handlers...
2022-03-16 05:51:39.976 | INFO     |  4713 | mycroft.skills.settings:save_settings:116 | Skill settings successfully saved to /home/runner/.config/mycroft/skills/fallback-query.mycroftai/settings.json
2022-03-16 05:51:39.978 | INFO     |  4713 | mycroft.skills.settings:save_settings:116 | Skill settings successfully saved to /home/runner/.config/mycroft/skills/mycroft-fallback-duck-duck-go.mycroftai/settings.json
2022-03-16 05:51:39.990 | INFO     |  4713 | mycroft.skills.settings:save_settings:116 | Skill settings successfully saved to /home/runner/.config/mycroft/skills/mycroft-configuration.mycroftai/settings.json
2022-03-16 05:51:40.014 | INFO     |  4713 | mycroft.skills.settings:save_settings:116 | Skill settings successfully saved to /home/runner/.config/mycroft/skills/fallback-wolfram-alpha.mycroftai/settings.json
2022-03-16 05:51:40.021 | INFO     |  4713 | mycroft.skills.settings:save_settings:116 | Skill settings successfully saved to /home/runner/.config/mycroft/skills/mycroft-date-time.mycroftai/settings.json
2022-03-16 05:51:40.024 | INFO     |  4713 | mycroft.skills.settings:save_settings:116 | Skill settings successfully saved to /home/runner/.config/mycroft/skills/mycroft-weather.mycroftai/settings.json
2022-03-16 05:51:40.038 | INFO     |  4713 | mycroft.skills.settings:save_settings:116 | Skill settings successfully saved to /home/runner/.config/mycroft/skills/mycroft-audio-record.mycroftai/settings.json
2022-03-16 05:51:40.041 | INFO     |  4713 | mycroft.skills.settings:save_settings:116 | Skill settings successfully saved to /home/runner/.config/mycroft/skills/mycroft-wiki.mycroftai/settings.json
2022-03-16 05:51:40.043 | INFO     |  4713 | mycroft.skills.settings:save_settings:116 | Skill settings successfully saved to /home/runner/.config/mycroft/skills/mycroft-naptime.mycroftai/settings.json
2022-03-16 05:51:40.058 | INFO     |  4713 | mycroft.skills.settings:save_settings:116 | Skill settings successfully saved to /home/runner/.config/mycroft/skills/mycroft-npr-news.mycroftai/settings.json
2022-03-16 05:51:40.059 | INFO     |  4713 | mycroft.skills.settings:save_settings:116 | Skill settings successfully saved to /home/runner/.config/mycroft/skills/mycroft-support-helper.mycroftai/settings.json
2022-03-16 05:51:40.060 | INFO     |  4713 | mycroft.skills.settings:save_settings:116 | Skill settings successfully saved to /home/runner/.config/mycroft/skills/mycroft-personal.mycroftai/settings.json
2022-03-16 05:51:40.061 | INFO     |  4713 | HomeAssistantSkill | Removing all handlers...
2022-03-16 05:51:40.062 | WARNING  |  4713 | mycroft.skills.fallback_skill:remove_fallback:185 | Could not find matching fallback handler
2022-03-16 05:51:40.063 | INFO     |  4713 | mycroft.skills.settings:save_settings:116 | Skill settings successfully saved to /home/runner/.config/mycroft/skills/mycroft-ip.mycroftai/settings.json
2022-03-16 05:51:40.064 | INFO     |  4713 | mycroft.skills.settings:save_settings:116 | Skill settings successfully saved to /home/runner/.config/mycroft/skills/mycroft-installer.mycroftai/settings.json
2022-03-16 05:51:40.065 | INFO     |  4713 | mycroft.skills.settings:save_settings:116 | Skill settings successfully saved to /home/runner/.config/mycroft/skills/mycroft-stop.mycroftai/settings.json
2022-03-16 05:51:40.066 | INFO     |  4713 | UnknownSkill | Removing all handlers...
2022-03-16 05:51:40.066 | INFO     |  4713 | mycroft.skills.settings:save_settings:116 | Skill settings successfully saved to /home/runner/.config/mycroft/skills/fallback-unknown.mycroftai/settings.json
2022-03-16 05:51:40.075 | INFO     |  4713 | mycroft.skills.settings:save_settings:116 | Skill settings successfully saved to /home/runner/.config/mycroft/skills/mycroft-spelling.mycroftai/settings.json
2022-03-16 05:51:40.089 | INFO     |  4713 | mycroft.skills.settings:save_settings:116 | Skill settings successfully saved to /home/runner/.config/mycroft/skills/mycroft-reminder.mycroftai/settings.json
2022-03-16 05:51:40.099 | INFO     |  4713 | __main__:shutdown:291 | Skills service shutdown complete!
2022-03-16 05:51:40.105 | ERROR    |  4713 | websocket | error from callback <bound method MessageBusClient.on_message of <mycroft.messagebus.client.client.MessageBusClient object at 0x7f08271238d0>>: cannot schedule new futures after shutdown
2022-03-16 05:51:40.106 | ERROR    |  4713 | mycroft_bus_client.client.client | === RuntimeError('cannot schedule new futures after shutdown') ===
Traceback (most recent call last):
  File "/opt/mycroft-core/.venv/lib/python3.7/site-packages/mycroft_bus_client/client/client.py", line 154, in on_error
    self.emitter.emit('error', error)
  File "/opt/mycroft-core/.venv/lib/python3.7/site-packages/pyee/_base.py", line 116, in emit
    self._emit_handle_potential_error(event, args[0] if args else None)
  File "/opt/mycroft-core/.venv/lib/python3.7/site-packages/pyee/_base.py", line 86, in _emit_handle_potential_error
    raise error
  File "/opt/mycroft-core/.venv/lib/python3.7/site-packages/websocket/_app.py", line 318, in run_forever
    proxy_type=proxy_type)
  File "/opt/mycroft-core/.venv/lib/python3.7/site-packages/websocket/_core.py", line 250, in connect
    options.pop('socket', None))
  File "/opt/mycroft-core/.venv/lib/python3.7/site-packages/websocket/_http.py", line 130, in connect
    sock = _open_socket(addrinfo_list, options.sockopt, options.timeout)
  File "/opt/mycroft-core/.venv/lib/python3.7/site-packages/websocket/_http.py", line 208, in _open_socket
    raise err
  File "/opt/mycroft-core/.venv/lib/python3.7/site-packages/websocket/_http.py", line 185, in _open_socket
    sock.connect(address)
ConnectionRefusedError: [Errno 111] Connection refused

During handling of the above exception, another exception occurred:

Traceback (most recent call last):
  File "/opt/mycroft-core/.venv/lib/python3.7/site-packages/websocket/_app.py", line 407, in _callback
    callback(self, *args)
  File "/opt/mycroft-core/.venv/lib/python3.7/site-packages/mycroft_bus_client/client/client.py", line 182, in on_message
    self.emitter.emit('message', message)
  File "/opt/mycroft-core/.venv/lib/python3.7/site-packages/pyee/_base.py", line 113, in emit
    handled = self._call_handlers(event, args, kwargs)
  File "/opt/mycroft-core/.venv/lib/python3.7/site-packages/pyee/_base.py", line 96, in _call_handlers
    self._emit_run(f, args, kwargs)
  File "/opt/mycroft-core/.venv/lib/python3.7/site-packages/pyee/_executor.py", line 50, in _emit_run
    future = self._executor.submit(f, *args, **kwargs)
  File "/opt/hostedtoolcache/Python/3.7.12/x64/lib/python3.7/concurrent/futures/thread.py", line 163, in submit
    raise RuntimeError('cannot schedule new futures after shutdown')
RuntimeError: cannot schedule new futures after shutdown
2022-03-16 05:51:40.107 | ERROR    |  4713 | mycroft_bus_client.client.client | Exception closing websocket: RuntimeError('cannot schedule new futures after shutdown')
2022-03-16 05:51:40.107 | WARNING  |  4713 | mycroft_bus_client.client.client | Message Bus Client will reconnect in 5.0 seconds.
