2021-10-29 05:00:47.470 | INFO     |  5344 | mycroft.messagebus.load_config:load_message_bus_config:33 | Loading message bus configs
2021-10-29 05:00:47.474 | INFO     |  5344 | mycroft_bus_client.client.client | Connected
2021-10-29 05:00:47.475 | INFO     |  5344 | mycroft.util.process_utils:start_message_bus_client:155 | Connected to messagebus
2021-10-29 05:00:47.483 | INFO     |  5344 | mycroft.skills.msm_wrapper:create_msm:96 | Acquiring lock to instantiate MSM
2021-10-29 05:00:48.436 | INFO     |  5344 | msm.mycroft_skills_manager | building SkillEntry objects for all skills
2021-10-29 05:00:48.768 | INFO     |  5344 | mycroft.skills.msm_wrapper:create_msm:112 | Releasing MSM instantiation lock.
2021-10-29 05:00:48.769 | INFO     |  5344 | mycroft.skills.skill_updater:_log_next_download_time:267 | Next scheduled skill update: 2021-10-29 05:00:47.768795
2021-10-29 05:00:48.769 | INFO     |  5344 | msm.skill_entry | Downloading skill: https://github.com/mycroftai/skill-pairing
2021-10-29 05:00:49.089 | INFO     |  5344 | msm.skill_entry | Installing system requirements...
2021-10-29 05:00:49.101 | INFO     |  5344 | msm.skill_entry | Successfully installed mycroft-pairing
2021-10-29 05:00:49.102 | INFO     |  5344 | msm.mycroft_skills_manager | invalidating skills cache
2021-10-29 05:00:49.103 | INFO     |  5344 | mycroft.skills.skill_loader:load:185 | ATTEMPTING TO LOAD SKILL: mycroft-pairing.mycroftai
2021-10-29 05:00:49.110 | INFO     |  5344 | mycroft.skills.settings:get_local_settings:83 | /opt/mycroft/skills/mycroft-pairing.mycroftai/settings.json
2021-10-29 05:00:49.132 | INFO     |  5344 | mycroft.skills.skill_loader:_check_for_first_run:324 | First run of mycroft-pairing.mycroftai
2021-10-29 05:00:49.133 | INFO     |  5344 | mycroft.skills.settings:save_settings:116 | Skill settings successfully saved to /home/runner/.config/mycroft/skills/mycroft-pairing.mycroftai/settings.json
2021-10-29 05:00:49.134 | INFO     |  5344 | mycroft.skills.skill_loader:_communicate_load_status:344 | Skill mycroft-pairing.mycroftai loaded successfully
2021-10-29 05:00:49.140 | INFO     |  5344 | msm.skill_entry | Downloading skill: https://github.com/mycroftai/skill-volume
2021-10-29 05:00:49.490 | INFO     |  5344 | msm.skill_entry | Installing system requirements...
2021-10-29 05:00:49.518 | INFO     |  5344 | msm.skill_entry | Installing requirements.txt for mycroft-volume
2021-10-29 05:00:50.566 | INFO     |  5344 | msm.skill_entry | Successfully installed mycroft-volume
2021-10-29 05:00:50.567 | INFO     |  5344 | msm.mycroft_skills_manager | invalidating skills cache
2021-10-29 05:00:50.568 | INFO     |  5344 | mycroft.skills.skill_loader:load:185 | ATTEMPTING TO LOAD SKILL: mycroft-volume.mycroftai
2021-10-29 05:00:50.583 | INFO     |  5344 | mycroft.skills.settings:get_local_settings:83 | /opt/mycroft/skills/mycroft-volume.mycroftai/settings.json
2021-10-29 05:00:50.642 | ERROR    |  5344 | VolumeSkill | Couldn't allocate mixer, ALSAAudioError('No such file or directory [default]')
2021-10-29 05:00:53.650 | INFO     |  5344 | mycroft.skills.skill_loader:_check_for_first_run:324 | First run of mycroft-volume.mycroftai
2021-10-29 05:00:53.651 | INFO     |  5344 | mycroft.skills.settings:save_settings:116 | Skill settings successfully saved to /home/runner/.config/mycroft/skills/mycroft-volume.mycroftai/settings.json
2021-10-29 05:00:53.651 | INFO     |  5344 | mycroft.skills.skill_loader:_communicate_load_status:344 | Skill mycroft-volume.mycroftai loaded successfully
2021-10-29 05:00:53.652 | INFO     |  5344 | __main__:on_started:177 | Skills service is starting up.
2021-10-29 05:00:53.714 | INFO     |  5344 | __main__:_update_system:154 | Attempting system update...
2021-10-29 05:00:56.716 | INFO     |  5344 | mycroft.enclosure.display_manager:_write_data:70 | Display Manager is creating /tmp/mycroft/ipc/managers/disp_info
2021-10-29 05:00:56.719 | INFO     |  5344 | __main__:_ensure_device_is_paired:133 | Device not paired, invoking the pairing skill
2021-10-29 05:00:56.720 | INFO     |  5344 | __main__:on_alive:181 | Skills service is alive.
2021-10-29 05:00:56.720 | INFO     |  5344 | msm.mycroft_skills_manager | building SkillEntry objects for all skills
2021-10-29 05:00:56.911 | INFO     |  5344 | PairingSkill | Communicating account URL to user
2021-10-29 05:00:57.559 | WARNING  |  5344 | msm.mycroft_skills_manager | No such default skill: mycroft-pandora
2021-10-29 05:00:57.560 | INFO     |  5344 | mycroft.skills.skill_manager:run:234 | Not all default skills are installed, performing skill update...
2021-10-29 05:00:57.560 | INFO     |  5344 | mycroft.skills.skill_updater:update_skills:149 | Beginning skill update...
2021-10-29 05:00:57.625 | INFO     |  5344 | msm.mycroft_skills_manager | building SkillEntry objects for all skills
2021-10-29 05:00:58.254 | INFO     |  5344 | msm.mycroft_skills_manager | invalidating skills cache
2021-10-29 05:00:58.298 | INFO     |  5344 | msm.skill_entry | Downloading skill: https://github.com/mycroftai/fallback-duckduckgo
2021-10-29 05:00:58.301 | INFO     |  5344 | msm.skill_entry | Downloading skill: https://github.com/mycroftai/skill-hello-world
2021-10-29 05:00:58.306 | INFO     |  5344 | msm.skill_entry | Downloading skill: https://github.com/mycroftai/skill-ip
2021-10-29 05:00:58.324 | INFO     |  5344 | msm.skill_entry | Downloading skill: https://github.com/mycroftai/skill-audio-record
2021-10-29 05:00:58.326 | INFO     |  5344 | msm.skill_entry | Downloading skill: https://github.com/mycroftai/skill-npr-news
2021-10-29 05:00:58.326 | INFO     |  5344 | msm.skill_entry | Downloading skill: https://github.com/mycroftai/skill-date-time
2021-10-29 05:00:58.333 | INFO     |  5344 | msm.skill_entry | Downloading skill: https://github.com/mycroftai/skill-configuration
2021-10-29 05:00:58.334 | INFO     |  5344 | msm.skill_entry | Downloading skill: https://github.com/mycroftai/skill-playback-control
2021-10-29 05:00:58.339 | INFO     |  5344 | msm.skill_entry | Downloading skill: https://github.com/mycroftai/skill-reminder
2021-10-29 05:00:58.340 | INFO     |  5344 | msm.skill_entry | Downloading skill: https://github.com/mycroftai/skill-installer
2021-10-29 05:00:58.340 | INFO     |  5344 | msm.skill_entry | Downloading skill: https://github.com/mycroftai/skill-naptime
2021-10-29 05:00:58.367 | INFO     |  5344 | msm.skill_entry | Downloading skill: https://github.com/mycroftai/skill-singing
2021-10-29 05:00:58.371 | INFO     |  5344 | msm.skill_entry | Downloading skill: https://github.com/mycroftai/skill-personal
2021-10-29 05:00:58.372 | INFO     |  5344 | msm.skill_entry | Downloading skill: https://github.com/mycroftai/skill-joke
2021-10-29 05:00:58.918 | INFO     |  5344 | msm.skill_entry | Downloading skill: https://github.com/mycroftai/skill-alarm
2021-10-29 05:00:58.991 | INFO     |  5344 | msm.skill_entry | Downloading skill: https://github.com/mycroftai/fallback-wolfram-alpha
2021-10-29 05:00:59.017 | INFO     |  5344 | msm.skill_entry | Downloading skill: https://github.com/mycroftai/fallback-unknown
2021-10-29 05:00:59.297 | INFO     |  5344 | msm.skill_entry | Installing system requirements...
2021-10-29 05:00:59.463 | INFO     |  5344 | msm.skill_entry | Successfully installed mycroft-hello-world
2021-10-29 05:00:59.463 | INFO     |  5344 | msm.mycroft_skills_manager | invalidating skills cache
2021-10-29 05:00:59.465 | INFO     |  5344 | msm.skill_entry | Downloading skill: https://github.com/mycroftai/skill-speak
2021-10-29 05:00:59.489 | INFO     |  5344 | msm.skill_entry | Installing system requirements...
2021-10-29 05:00:59.606 | INFO     |  5344 | msm.skill_entry | Installing system requirements...
2021-10-29 05:00:59.727 | INFO     |  5344 | msm.skill_entry | Installing requirements.txt for mycroft-joke
2021-10-29 05:00:59.796 | INFO     |  5344 | msm.skill_entry | Installing system requirements...
2021-10-29 05:00:59.830 | INFO     |  5344 | msm.skill_entry | Installing system requirements...
2021-10-29 05:00:59.846 | INFO     |  5344 | msm.skill_entry | Installing requirements.txt for mycroft-fallback-duck-duck-go
2021-10-29 05:00:59.858 | INFO     |  5344 | msm.skill_entry | Installing system requirements...
2021-10-29 05:00:59.887 | INFO     |  5344 | msm.skill_entry | Installing system requirements...
2021-10-29 05:00:59.893 | INFO     |  5344 | msm.skill_entry | Installing requirements.txt for mycroft-audio-record
2021-10-29 05:00:59.919 | INFO     |  5344 | msm.skill_entry | Successfully installed mycroft-personal
2021-10-29 05:00:59.919 | INFO     |  5344 | msm.mycroft_skills_manager | invalidating skills cache
2021-10-29 05:00:59.920 | INFO     |  5344 | msm.skill_entry | Downloading skill: https://github.com/mycroftai/skill-spelling
2021-10-29 05:00:59.930 | INFO     |  5344 | msm.skill_entry | Successfully installed mycroft-naptime
2021-10-29 05:00:59.931 | INFO     |  5344 | msm.mycroft_skills_manager | invalidating skills cache
2021-10-29 05:00:59.936 | INFO     |  5344 | msm.skill_entry | Downloading skill: https://github.com/mycroftai/skill-stop
2021-10-29 05:00:59.956 | INFO     |  5344 | msm.skill_entry | Installing requirements.txt for mycroft-ip
2021-10-29 05:00:59.989 | INFO     |  5344 | msm.skill_entry | Installing system requirements...
2021-10-29 05:01:00.036 | INFO     |  5344 | msm.skill_entry | Installing system requirements...
2021-10-29 05:01:00.097 | INFO     |  5344 | msm.skill_entry | Successfully installed mycroft-reminder
2021-10-29 05:01:00.097 | INFO     |  5344 | msm.mycroft_skills_manager | invalidating skills cache
2021-10-29 05:01:00.098 | INFO     |  5344 | msm.skill_entry | Downloading skill: https://github.com/mycroftai/skill-support
2021-10-29 05:01:00.123 | INFO     |  5344 | msm.skill_entry | Installing requirements.txt for mycroft-configuration
2021-10-29 05:01:00.243 | INFO     |  5344 | msm.skill_entry | Installing system requirements...
2021-10-29 05:01:00.346 | INFO     |  5344 | msm.skill_entry | Installing system requirements...
2021-10-29 05:01:00.382 | INFO     |  5344 | msm.skill_entry | Successfully installed mycroft-playback-control
2021-10-29 05:01:00.383 | INFO     |  5344 | msm.mycroft_skills_manager | invalidating skills cache
2021-10-29 05:01:00.384 | INFO     |  5344 | msm.skill_entry | Downloading skill: https://github.com/mycroftai/mycroft-timer
2021-10-29 05:01:00.404 | INFO     |  5344 | msm.skill_entry | Installing system requirements...
2021-10-29 05:01:00.419 | INFO     |  5344 | msm.skill_entry | Nothing new for mycroft-pairing
2021-10-29 05:01:00.483 | INFO     |  5344 | msm.skill_entry | Installing system requirements...
2021-10-29 05:01:00.485 | INFO     |  5344 | msm.skill_entry | Installing system requirements...
2021-10-29 05:01:00.496 | INFO     |  5344 | msm.skill_entry | Installing requirements.txt for mycroft-installer
2021-10-29 05:01:00.497 | INFO     |  5344 | msm.skill_entry | Installing system requirements...
2021-10-29 05:01:00.504 | INFO     |  5344 | msm.skill_entry | Installing system requirements...
2021-10-29 05:01:00.506 | ERROR    |  5344 | msm.mycroft_skills_manager | Error running install_or_update on homeassistant.mycroftai: MergeConflict
2021-10-29 05:01:00.564 | INFO     |  5344 | msm.skill_entry | Installing requirements.txt for mycroft-npr-news
2021-10-29 05:01:00.524 | INFO     |  5344 | msm.skill_entry | Downloading skill: https://github.com/mycroftai/skill-weather
2021-10-29 05:01:00.631 | INFO     |  5344 | msm.skill_entry | Successfully installed fallback-unknown
2021-10-29 05:01:00.632 | INFO     |  5344 | msm.mycroft_skills_manager | invalidating skills cache
2021-10-29 05:01:00.645 | INFO     |  5344 | msm.skill_entry | Downloading skill: https://github.com/mycroftai/skill-version-checker
2021-10-29 05:01:00.668 | INFO     |  5344 | msm.skill_entry | Installing system requirements...
2021-10-29 05:01:00.676 | INFO     |  5344 | msm.skill_entry | Installing requirements.txt for mycroft-date-time
2021-10-29 05:01:00.689 | INFO     |  5344 | msm.skill_entry | Downloading skill: https://github.com/mycroftai/skill-wiki
2021-10-29 05:01:00.700 | INFO     |  5344 | msm.skill_entry | Installing requirements.txt for fallback-wolfram-alpha
2021-10-29 05:01:00.703 | INFO     |  5344 | msm.skill_entry | Installing system requirements...
2021-10-29 05:01:00.737 | INFO     |  5344 | msm.skill_entry | Installing system requirements...
2021-10-29 05:01:00.753 | INFO     |  5344 | msm.skill_entry | Successfully installed mycroft-speak
2021-10-29 05:01:00.754 | INFO     |  5344 | msm.mycroft_skills_manager | invalidating skills cache
2021-10-29 05:01:00.756 | INFO     |  5344 | msm.skill_entry | Downloading skill: https://github.com/MycroftAI/skill-query
2021-10-29 05:01:00.777 | INFO     |  5344 | msm.skill_entry | Nothing new for mycroft-volume
2021-10-29 05:01:00.817 | INFO     |  5344 | msm.skill_entry | Successfully installed mycroft-stop
2021-10-29 05:01:00.817 | INFO     |  5344 | msm.mycroft_skills_manager | invalidating skills cache
2021-10-29 05:01:00.857 | INFO     |  5344 | msm.skill_entry | Successfully installed mycroft-spelling
2021-10-29 05:01:00.858 | INFO     |  5344 | msm.mycroft_skills_manager | invalidating skills cache
2021-10-29 05:01:00.872 | INFO     |  5344 | msm.skill_entry | Installing system requirements...
2021-10-29 05:01:01.000 | INFO     |  5344 | msm.skill_entry | Installing requirements.txt for mycroft-volume
2021-10-29 05:01:01.077 | INFO     |  5344 | msm.skill_entry | Installing system requirements...
2021-10-29 05:01:01.142 | INFO     |  5344 | msm.skill_entry | Installing requirements.txt for mycroft-alarm
2021-10-29 05:01:01.155 | INFO     |  5344 | msm.skill_entry | Installing system requirements...
2021-10-29 05:01:01.201 | INFO     |  5344 | msm.skill_entry | Installing requirements.txt for mycroft-support-helper
2021-10-29 05:01:01.299 | ERROR    |  5344 | msm.mycroft_skills_manager | Error running install_or_update on homeassistant: MergeConflict
2021-10-29 05:01:01.416 | INFO     |  5344 | msm.skill_entry | Installing system requirements...
2021-10-29 05:01:01.435 | INFO     |  5344 | msm.skill_entry | Installing system requirements...
2021-10-29 05:01:01.494 | INFO     |  5344 | msm.skill_entry | Successfully installed fallback-query
2021-10-29 05:01:01.494 | INFO     |  5344 | msm.mycroft_skills_manager | invalidating skills cache
2021-10-29 05:01:01.525 | INFO     |  5344 | msm.skill_entry | Installing requirements.txt for mycroft-wiki
2021-10-29 05:01:01.603 | INFO     |  5344 | msm.skill_entry | Installing system requirements...
2021-10-29 05:01:01.634 | INFO     |  5344 | msm.skill_entry | Installing system requirements...
2021-10-29 05:01:01.655 | INFO     |  5344 | msm.skill_entry | Successfully installed mycroft-version-checker
2021-10-29 05:01:01.655 | INFO     |  5344 | msm.mycroft_skills_manager | invalidating skills cache
2021-10-29 05:01:01.684 | INFO     |  5344 | msm.skill_entry | Successfully installed mycroft-timer
2021-10-29 05:01:01.685 | INFO     |  5344 | msm.mycroft_skills_manager | invalidating skills cache
2021-10-29 05:01:01.991 | INFO     |  5344 | msm.skill_entry | Installing system requirements...
2021-10-29 05:01:01.996 | INFO     |  5344 | msm.skill_entry | Installing system requirements...
2021-10-29 05:01:02.015 | INFO     |  5344 | msm.skill_entry | Installing requirements.txt for mycroft-weather
2021-10-29 05:01:02.034 | INFO     |  5344 | msm.skill_entry | Successfully installed mycroft-singing
2021-10-29 05:01:02.034 | INFO     |  5344 | msm.mycroft_skills_manager | invalidating skills cache
2021-10-29 05:01:02.663 | INFO     |  5344 | msm.skill_entry | Successfully installed mycroft-joke
2021-10-29 05:01:02.663 | INFO     |  5344 | msm.mycroft_skills_manager | invalidating skills cache
2021-10-29 05:01:03.931 | INFO     |  5344 | msm.skill_entry | Successfully installed mycroft-fallback-duck-duck-go
2021-10-29 05:01:03.932 | INFO     |  5344 | msm.mycroft_skills_manager | invalidating skills cache
2021-10-29 05:01:04.742 | INFO     |  5344 | msm.skill_entry | Successfully installed mycroft-audio-record
2021-10-29 05:01:04.742 | INFO     |  5344 | msm.mycroft_skills_manager | invalidating skills cache
2021-10-29 05:01:05.500 | INFO     |  5344 | msm.skill_entry | Successfully installed mycroft-ip
2021-10-29 05:01:05.500 | INFO     |  5344 | msm.mycroft_skills_manager | invalidating skills cache
2021-10-29 05:01:08.090 | INFO     |  5344 | msm.skill_entry | Successfully installed mycroft-configuration
2021-10-29 05:01:08.090 | INFO     |  5344 | msm.mycroft_skills_manager | invalidating skills cache
2021-10-29 05:01:08.850 | INFO     |  5344 | msm.skill_entry | Successfully installed mycroft-installer
2021-10-29 05:01:08.851 | INFO     |  5344 | msm.mycroft_skills_manager | invalidating skills cache
2021-10-29 05:01:11.817 | INFO     |  5344 | msm.skill_entry | Successfully installed mycroft-npr-news
2021-10-29 05:01:11.818 | INFO     |  5344 | msm.mycroft_skills_manager | invalidating skills cache
2021-10-29 05:01:26.037 | INFO     |  5344 | msm.skill_entry | Successfully installed mycroft-date-time
2021-10-29 05:01:26.037 | INFO     |  5344 | msm.mycroft_skills_manager | invalidating skills cache
2021-10-29 05:01:27.245 | INFO     |  5344 | PairingSkill | Initiating device pairing sequence...
2021-10-29 05:01:27.245 | INFO     |  5344 | PairingSkill | Retrieving pairing code from device API...
2021-10-29 05:01:27.438 | INFO     |  5344 | PairingSkill | Pairing code obtained: LEW3YA
2021-10-29 05:01:27.438 | INFO     |  5344 | PairingSkill | Communicating pairing URL to user
2021-10-29 05:01:29.424 | INFO     |  5344 | msm.skill_entry | Successfully installed fallback-wolfram-alpha
2021-10-29 05:01:29.425 | INFO     |  5344 | msm.mycroft_skills_manager | invalidating skills cache
2021-10-29 05:01:31.000 | INFO     |  5344 | msm.skill_entry | Successfully installed mycroft-alarm
2021-10-29 05:01:31.001 | INFO     |  5344 | msm.mycroft_skills_manager | invalidating skills cache
2021-10-29 05:01:33.243 | INFO     |  5344 | msm.skill_entry | Successfully installed mycroft-support-helper
2021-10-29 05:01:33.243 | INFO     |  5344 | msm.mycroft_skills_manager | invalidating skills cache
2021-10-29 05:01:34.899 | INFO     |  5344 | msm.skill_entry | Successfully installed mycroft-wiki
2021-10-29 05:01:34.899 | INFO     |  5344 | msm.mycroft_skills_manager | invalidating skills cache
2021-10-29 05:01:35.878 | INFO     |  5344 | msm.skill_entry | Successfully installed mycroft-weather
2021-10-29 05:01:35.879 | INFO     |  5344 | msm.mycroft_skills_manager | invalidating skills cache
2021-10-29 05:01:35.894 | INFO     |  5344 | mycroft.skills.skill_updater:_log_next_download_time:267 | Next scheduled skill update: 2021-10-29 06:01:35.893677
2021-10-29 05:01:35.894 | INFO     |  5344 | mycroft.skills.skill_updater:update_skills:170 | Skill update complete
2021-10-29 05:01:35.894 | INFO     |  5344 | mycroft.skills.skill_manager:_load_on_startup:273 | Loading installed skills...
2021-10-29 05:01:35.895 | INFO     |  5344 | mycroft.skills.skill_loader:load:185 | ATTEMPTING TO LOAD SKILL: mycroft-ip.mycroftai
2021-10-29 05:01:35.933 | INFO     |  5344 | mycroft.skills.settings:get_local_settings:83 | /opt/mycroft/skills/mycroft-ip.mycroftai/settings.json
2021-10-29 05:01:35.943 | INFO     |  5344 | mycroft.skills.skill_loader:_check_for_first_run:324 | First run of mycroft-ip.mycroftai
2021-10-29 05:01:35.944 | INFO     |  5344 | mycroft.skills.settings:save_settings:116 | Skill settings successfully saved to /home/runner/.config/mycroft/skills/mycroft-ip.mycroftai/settings.json
2021-10-29 05:01:35.946 | INFO     |  5344 | mycroft.skills.skill_loader:_communicate_load_status:344 | Skill mycroft-ip.mycroftai loaded successfully
2021-10-29 05:01:35.946 | INFO     |  5344 | mycroft.skills.skill_loader:load:185 | ATTEMPTING TO LOAD SKILL: mycroft-reminder.mycroftai
2021-10-29 05:01:35.963 | INFO     |  5344 | mycroft.skills.settings:get_local_settings:83 | /opt/mycroft/skills/mycroft-reminder.mycroftai/settings.json
2021-10-29 05:01:36.006 | INFO     |  5344 | mycroft.skills.skill_loader:_check_for_first_run:324 | First run of mycroft-reminder.mycroftai
2021-10-29 05:01:36.006 | INFO     |  5344 | mycroft.skills.settings:save_settings:116 | Skill settings successfully saved to /home/runner/.config/mycroft/skills/mycroft-reminder.mycroftai/settings.json
2021-10-29 05:01:36.007 | INFO     |  5344 | mycroft.skills.skill_loader:_communicate_load_status:344 | Skill mycroft-reminder.mycroftai loaded successfully
2021-10-29 05:01:36.007 | INFO     |  5344 | mycroft.skills.skill_loader:load:185 | ATTEMPTING TO LOAD SKILL: mycroft-installer.mycroftai
2021-10-29 05:01:36.026 | INFO     |  5344 | mycroft.skills.settings:get_local_settings:83 | /opt/mycroft/skills/mycroft-installer.mycroftai/settings.json
2021-10-29 05:01:36.062 | INFO     |  5344 | mycroft.skills.skill_loader:_check_for_first_run:324 | First run of mycroft-installer.mycroftai
2021-10-29 05:01:36.063 | INFO     |  5344 | mycroft.skills.settings:save_settings:116 | Skill settings successfully saved to /home/runner/.config/mycroft/skills/mycroft-installer.mycroftai/settings.json
2021-10-29 05:01:36.082 | INFO     |  5344 | mycroft.skills.skill_loader:_communicate_load_status:344 | Skill mycroft-installer.mycroftai loaded successfully
2021-10-29 05:01:36.082 | INFO     |  5344 | mycroft.skills.skill_loader:load:185 | ATTEMPTING TO LOAD SKILL: mycroft-version-checker.mycroftai
2021-10-29 05:01:36.086 | INFO     |  5344 | mycroft.skills.settings:get_local_settings:83 | /opt/mycroft/skills/mycroft-version-checker.mycroftai/settings.json
2021-10-29 05:01:36.129 | INFO     |  5344 | mycroft.skills.skill_loader:_check_for_first_run:324 | First run of mycroft-version-checker.mycroftai
2021-10-29 05:01:36.129 | INFO     |  5344 | mycroft.skills.settings:save_settings:116 | Skill settings successfully saved to /home/runner/.config/mycroft/skills/mycroft-version-checker.mycroftai/settings.json
2021-10-29 05:01:36.135 | INFO     |  5344 | mycroft.skills.skill_loader:_communicate_load_status:344 | Skill mycroft-version-checker.mycroftai loaded successfully
2021-10-29 05:01:36.136 | INFO     |  5344 | mycroft.skills.skill_loader:load:185 | ATTEMPTING TO LOAD SKILL: mycroft-singing.mycroftai
2021-10-29 05:01:36.139 | INFO     |  5344 | mycroft.skills.settings:get_local_settings:83 | /opt/mycroft/skills/mycroft-singing.mycroftai/settings.json
2021-10-29 05:01:36.157 | INFO     |  5344 | mycroft.skills.skill_loader:_check_for_first_run:324 | First run of mycroft-singing.mycroftai
2021-10-29 05:01:36.157 | INFO     |  5344 | mycroft.skills.settings:save_settings:116 | Skill settings successfully saved to /home/runner/.config/mycroft/skills/mycroft-singing.mycroftai/settings.json
2021-10-29 05:01:36.194 | INFO     |  5344 | mycroft.skills.skill_loader:_communicate_load_status:344 | Skill mycroft-singing.mycroftai loaded successfully
2021-10-29 05:01:36.194 | INFO     |  5344 | mycroft.skills.skill_loader:load:185 | ATTEMPTING TO LOAD SKILL: mycroft-joke.mycroftai
2021-10-29 05:01:36.198 | INFO     |  5344 | mycroft.skills.settings:get_local_settings:83 | /opt/mycroft/skills/mycroft-joke.mycroftai/settings.json
2021-10-29 05:01:36.205 | INFO     |  5344 | mycroft.skills.skill_loader:_check_for_first_run:324 | First run of mycroft-joke.mycroftai
2021-10-29 05:01:36.206 | INFO     |  5344 | mycroft.skills.settings:save_settings:116 | Skill settings successfully saved to /home/runner/.config/mycroft/skills/mycroft-joke.mycroftai/settings.json
2021-10-29 05:01:36.207 | INFO     |  5344 | mycroft.skills.skill_loader:_communicate_load_status:344 | Skill mycroft-joke.mycroftai loaded successfully
2021-10-29 05:01:36.207 | INFO     |  5344 | mycroft.skills.skill_loader:load:185 | ATTEMPTING TO LOAD SKILL: mycroft-timer.mycroftai
2021-10-29 05:01:36.225 | INFO     |  5344 | mycroft.skills.settings:get_local_settings:83 | /opt/mycroft/skills/mycroft-timer.mycroftai/settings.json
2021-10-29 05:01:36.299 | INFO     |  5344 | mycroft.skills.skill_loader:_check_for_first_run:324 | First run of mycroft-timer.mycroftai
2021-10-29 05:01:36.300 | INFO     |  5344 | mycroft.skills.settings:save_settings:116 | Skill settings successfully saved to /home/runner/.config/mycroft/skills/mycroft-timer.mycroftai/settings.json
2021-10-29 05:01:36.300 | INFO     |  5344 | mycroft.skills.skill_loader:_communicate_load_status:344 | Skill mycroft-timer.mycroftai loaded successfully
2021-10-29 05:01:36.303 | INFO     |  5344 | mycroft.skills.skill_loader:load:185 | ATTEMPTING TO LOAD SKILL: homeassistant.mycroftai
2021-10-29 05:01:36.601 | INFO     |  5344 | mycroft.skills.settings:get_local_settings:83 | /opt/mycroft/skills/homeassistant.mycroftai/settings.json
2021-10-29 05:01:36.604 | INFO     |  5344 | mycroft.skills.settings:get_local_settings:83 | /opt/mycroft/skills/homeassistant.mycroftai/settings.json
2021-10-29 05:01:36.641 | INFO     |  5344 | mycroft.skills.skill_loader:_communicate_load_status:344 | Skill homeassistant.mycroftai loaded successfully
2021-10-29 05:01:36.641 | INFO     |  5344 | mycroft.skills.skill_loader:load:185 | ATTEMPTING TO LOAD SKILL: mycroft-alarm.mycroftai
2021-10-29 05:01:36.667 | INFO     |  5344 | mycroft.skills.settings:get_local_settings:83 | /opt/mycroft/skills/mycroft-alarm.mycroftai/settings.json
2021-10-29 05:01:36.667 | ERROR    |  5344 | AlarmSkill | Couldn't allocate mixer, ALSAAudioError('No such file or directory [default]')
2021-10-29 05:01:36.762 | INFO     |  5344 | mycroft.skills.skill_loader:_check_for_first_run:324 | First run of mycroft-alarm.mycroftai
2021-10-29 05:01:36.763 | INFO     |  5344 | mycroft.skills.settings:save_settings:116 | Skill settings successfully saved to /home/runner/.config/mycroft/skills/mycroft-alarm.mycroftai/settings.json
2021-10-29 05:01:36.780 | INFO     |  5344 | mycroft.skills.skill_loader:_communicate_load_status:344 | Skill mycroft-alarm.mycroftai loaded successfully
2021-10-29 05:01:36.781 | INFO     |  5344 | mycroft.skills.skill_loader:load:185 | ATTEMPTING TO LOAD SKILL: mycroft-naptime.mycroftai
2021-10-29 05:01:36.784 | INFO     |  5344 | mycroft.skills.settings:get_local_settings:83 | /opt/mycroft/skills/mycroft-naptime.mycroftai/settings.json
2021-10-29 05:01:36.804 | INFO     |  5344 | mycroft.skills.skill_loader:_check_for_first_run:324 | First run of mycroft-naptime.mycroftai
2021-10-29 05:01:36.805 | INFO     |  5344 | mycroft.skills.settings:save_settings:116 | Skill settings successfully saved to /home/runner/.config/mycroft/skills/mycroft-naptime.mycroftai/settings.json
2021-10-29 05:01:36.883 | INFO     |  5344 | mycroft.skills.skill_loader:_communicate_load_status:344 | Skill mycroft-naptime.mycroftai loaded successfully
2021-10-29 05:01:36.883 | INFO     |  5344 | mycroft.skills.skill_loader:load:185 | ATTEMPTING TO LOAD SKILL: mycroft-spelling.mycroftai
2021-10-29 05:01:36.900 | INFO     |  5344 | mycroft.skills.settings:get_local_settings:83 | /opt/mycroft/skills/mycroft-spelling.mycroftai/settings.json
2021-10-29 05:01:36.956 | INFO     |  5344 | mycroft.skills.skill_loader:_check_for_first_run:324 | First run of mycroft-spelling.mycroftai
2021-10-29 05:01:36.957 | INFO     |  5344 | mycroft.skills.settings:save_settings:116 | Skill settings successfully saved to /home/runner/.config/mycroft/skills/mycroft-spelling.mycroftai/settings.json
2021-10-29 05:01:37.045 | INFO     |  5344 | mycroft.skills.skill_loader:_communicate_load_status:344 | Skill mycroft-spelling.mycroftai loaded successfully
2021-10-29 05:01:37.045 | INFO     |  5344 | mycroft.skills.skill_loader:load:185 | ATTEMPTING TO LOAD SKILL: mycroft-fallback-duck-duck-go.mycroftai
2021-10-29 05:01:37.060 | INFO     |  5344 | mycroft.skills.settings:get_local_settings:83 | /opt/mycroft/skills/mycroft-fallback-duck-duck-go.mycroftai/settings.json
2021-10-29 05:01:37.074 | INFO     |  5344 | mycroft.skills.skill_loader:_check_for_first_run:324 | First run of mycroft-fallback-duck-duck-go.mycroftai
2021-10-29 05:01:37.076 | INFO     |  5344 | mycroft.skills.settings:save_settings:116 | Skill settings successfully saved to /home/runner/.config/mycroft/skills/mycroft-fallback-duck-duck-go.mycroftai/settings.json
2021-10-29 05:01:37.188 | INFO     |  5344 | mycroft.skills.skill_loader:_communicate_load_status:344 | Skill mycroft-fallback-duck-duck-go.mycroftai loaded successfully
2021-10-29 05:01:37.189 | INFO     |  5344 | mycroft.skills.skill_loader:load:185 | ATTEMPTING TO LOAD SKILL: mycroft-npr-news.mycroftai
2021-10-29 05:01:37.252 | INFO     |  5344 | mycroft.skills.settings:get_local_settings:83 | /opt/mycroft/skills/mycroft-npr-news.mycroftai/settings.json
2021-10-29 05:01:38.297 | INFO     |  5344 | mycroft.skills.skill_loader:_check_for_first_run:324 | First run of mycroft-npr-news.mycroftai
2021-10-29 05:01:38.297 | INFO     |  5344 | mycroft.skills.settings:save_settings:116 | Skill settings successfully saved to /home/runner/.config/mycroft/skills/mycroft-npr-news.mycroftai/settings.json
2021-10-29 05:01:38.338 | INFO     |  5344 | mycroft.skills.skill_loader:_communicate_load_status:344 | Skill mycroft-npr-news.mycroftai loaded successfully
2021-10-29 05:01:38.338 | INFO     |  5344 | mycroft.skills.skill_loader:load:185 | ATTEMPTING TO LOAD SKILL: mycroft-support-helper.mycroftai
2021-10-29 05:01:38.349 | INFO     |  5344 | mycroft.skills.settings:get_local_settings:83 | /opt/mycroft/skills/mycroft-support-helper.mycroftai/settings.json
2021-10-29 05:01:38.357 | INFO     |  5344 | mycroft.skills.skill_loader:_check_for_first_run:324 | First run of mycroft-support-helper.mycroftai
2021-10-29 05:01:38.357 | INFO     |  5344 | mycroft.skills.settings:save_settings:116 | Skill settings successfully saved to /home/runner/.config/mycroft/skills/mycroft-support-helper.mycroftai/settings.json
2021-10-29 05:01:38.378 | INFO     |  5344 | mycroft.skills.skill_loader:_communicate_load_status:344 | Skill mycroft-support-helper.mycroftai loaded successfully
2021-10-29 05:01:38.378 | INFO     |  5344 | mycroft.skills.skill_loader:load:185 | ATTEMPTING TO LOAD SKILL: mycroft-weather.mycroftai
2021-10-29 05:01:38.396 | INFO     |  5344 | mycroft.skills.settings:get_local_settings:83 | /opt/mycroft/skills/mycroft-weather.mycroftai/settings.json
2021-10-29 05:01:38.463 | INFO     |  5344 | mycroft.skills.skill_loader:_check_for_first_run:324 | First run of mycroft-weather.mycroftai
2021-10-29 05:01:38.465 | INFO     |  5344 | mycroft.skills.settings:save_settings:116 | Skill settings successfully saved to /home/runner/.config/mycroft/skills/mycroft-weather.mycroftai/settings.json
2021-10-29 05:01:38.481 | INFO     |  5344 | mycroft.skills.skill_loader:_communicate_load_status:344 | Skill mycroft-weather.mycroftai loaded successfully
2021-10-29 05:01:38.482 | INFO     |  5344 | mycroft.skills.skill_loader:load:185 | ATTEMPTING TO LOAD SKILL: mycroft-speak.mycroftai
2021-10-29 05:01:38.485 | INFO     |  5344 | mycroft.skills.settings:get_local_settings:83 | /opt/mycroft/skills/mycroft-speak.mycroftai/settings.json
2021-10-29 05:01:38.494 | INFO     |  5344 | mycroft.skills.skill_loader:_check_for_first_run:324 | First run of mycroft-speak.mycroftai
2021-10-29 05:01:38.495 | INFO     |  5344 | mycroft.skills.settings:save_settings:116 | Skill settings successfully saved to /home/runner/.config/mycroft/skills/mycroft-speak.mycroftai/settings.json
2021-10-29 05:01:38.495 | INFO     |  5344 | mycroft.skills.skill_loader:_communicate_load_status:344 | Skill mycroft-speak.mycroftai loaded successfully
2021-10-29 05:01:38.496 | INFO     |  5344 | mycroft.skills.skill_loader:load:185 | ATTEMPTING TO LOAD SKILL: mycroft-audio-record.mycroftai
2021-10-29 05:01:38.500 | INFO     |  5344 | mycroft.skills.settings:get_local_settings:83 | /opt/mycroft/skills/mycroft-audio-record.mycroftai/settings.json
2021-10-29 05:01:38.521 | INFO     |  5344 | mycroft.skills.skill_loader:_check_for_first_run:324 | First run of mycroft-audio-record.mycroftai
2021-10-29 05:01:38.521 | INFO     |  5344 | mycroft.skills.settings:save_settings:116 | Skill settings successfully saved to /home/runner/.config/mycroft/skills/mycroft-audio-record.mycroftai/settings.json
2021-10-29 05:01:38.544 | INFO     |  5344 | mycroft.skills.skill_loader:_communicate_load_status:344 | Skill mycroft-audio-record.mycroftai loaded successfully
2021-10-29 05:01:38.545 | INFO     |  5344 | mycroft.skills.skill_loader:load:185 | ATTEMPTING TO LOAD SKILL: mycroft-stop.mycroftai
2021-10-29 05:01:38.548 | INFO     |  5344 | mycroft.skills.settings:get_local_settings:83 | /opt/mycroft/skills/mycroft-stop.mycroftai/settings.json
2021-10-29 05:01:38.559 | INFO     |  5344 | mycroft.skills.skill_loader:_check_for_first_run:324 | First run of mycroft-stop.mycroftai
2021-10-29 05:01:38.559 | INFO     |  5344 | mycroft.skills.settings:save_settings:116 | Skill settings successfully saved to /home/runner/.config/mycroft/skills/mycroft-stop.mycroftai/settings.json
2021-10-29 05:01:38.560 | INFO     |  5344 | mycroft.skills.skill_loader:_communicate_load_status:344 | Skill mycroft-stop.mycroftai loaded successfully
2021-10-29 05:01:38.560 | INFO     |  5344 | mycroft.skills.skill_loader:load:185 | ATTEMPTING TO LOAD SKILL: mycroft-hello-world.mycroftai
2021-10-29 05:01:38.564 | INFO     |  5344 | mycroft.skills.settings:get_local_settings:83 | /opt/mycroft/skills/mycroft-hello-world.mycroftai/settings.json
2021-10-29 05:01:38.576 | INFO     |  5344 | mycroft.skills.skill_loader:_check_for_first_run:324 | First run of mycroft-hello-world.mycroftai
2021-10-29 05:01:38.578 | INFO     |  5344 | mycroft.skills.settings:save_settings:116 | Skill settings successfully saved to /home/runner/.config/mycroft/skills/mycroft-hello-world.mycroftai/settings.json
2021-10-29 05:01:38.582 | INFO     |  5344 | mycroft.skills.skill_loader:_communicate_load_status:344 | Skill mycroft-hello-world.mycroftai loaded successfully
2021-10-29 05:01:38.582 | INFO     |  5344 | mycroft.skills.skill_loader:load:185 | ATTEMPTING TO LOAD SKILL: mycroft-date-time.mycroftai
2021-10-29 05:01:39.154 | INFO     |  5344 | mycroft.skills.settings:get_local_settings:83 | /opt/mycroft/skills/mycroft-date-time.mycroftai/settings.json
2021-10-29 05:01:39.183 | INFO     |  5344 | TimeSkill | Registering resting screen <bound method TimeSkill.handle_idle of <mycroft-date-time_mycroftai.TimeSkill object at 0x7eff882276d0>> for Time and Date.
2021-10-29 05:01:39.187 | INFO     |  5344 | TimeSkill | Registering resting screen
2021-10-29 05:01:39.191 | INFO     |  5344 | mycroft.skills.skill_loader:_check_for_first_run:324 | First run of mycroft-date-time.mycroftai
2021-10-29 05:01:39.193 | INFO     |  5344 | mycroft.skills.settings:save_settings:116 | Skill settings successfully saved to /home/runner/.config/mycroft/skills/mycroft-date-time.mycroftai/settings.json
2021-10-29 05:01:39.194 | INFO     |  5344 | mycroft.skills.skill_loader:_communicate_load_status:344 | Skill mycroft-date-time.mycroftai loaded successfully
2021-10-29 05:01:39.194 | INFO     |  5344 | mycroft.skills.skill_loader:load:185 | ATTEMPTING TO LOAD SKILL: mycroft-configuration.mycroftai
2021-10-29 05:01:39.202 | INFO     |  5344 | mycroft.skills.settings:get_local_settings:83 | /opt/mycroft/skills/mycroft-configuration.mycroftai/settings.json
2021-10-29 05:01:39.235 | INFO     |  5344 | mycroft.skills.skill_loader:_check_for_first_run:324 | First run of mycroft-configuration.mycroftai
2021-10-29 05:01:39.236 | INFO     |  5344 | mycroft.skills.settings:save_settings:116 | Skill settings successfully saved to /home/runner/.config/mycroft/skills/mycroft-configuration.mycroftai/settings.json
2021-10-29 05:01:39.237 | INFO     |  5344 | mycroft.skills.skill_loader:_communicate_load_status:344 | Skill mycroft-configuration.mycroftai loaded successfully
2021-10-29 05:01:39.238 | INFO     |  5344 | mycroft.skills.skill_loader:load:185 | ATTEMPTING TO LOAD SKILL: fallback-query.mycroftai
2021-10-29 05:01:39.246 | INFO     |  5344 | mycroft.skills.settings:get_local_settings:83 | /opt/mycroft/skills/fallback-query.mycroftai/settings.json
2021-10-29 05:01:39.256 | INFO     |  5344 | mycroft.skills.skill_loader:_check_for_first_run:324 | First run of fallback-query.mycroftai
2021-10-29 05:01:39.257 | INFO     |  5344 | mycroft.skills.settings:save_settings:116 | Skill settings successfully saved to /home/runner/.config/mycroft/skills/fallback-query.mycroftai/settings.json
2021-10-29 05:01:39.295 | INFO     |  5344 | mycroft.skills.skill_loader:_communicate_load_status:344 | Skill fallback-query.mycroftai loaded successfully
2021-10-29 05:01:39.295 | INFO     |  5344 | mycroft.skills.skill_loader:load:185 | ATTEMPTING TO LOAD SKILL: mycroft-personal.mycroftai
2021-10-29 05:01:39.305 | INFO     |  5344 | mycroft.skills.settings:get_local_settings:83 | /opt/mycroft/skills/mycroft-personal.mycroftai/settings.json
2021-10-29 05:01:39.336 | INFO     |  5344 | mycroft.skills.skill_loader:_check_for_first_run:324 | First run of mycroft-personal.mycroftai
2021-10-29 05:01:39.337 | INFO     |  5344 | mycroft.skills.settings:save_settings:116 | Skill settings successfully saved to /home/runner/.config/mycroft/skills/mycroft-personal.mycroftai/settings.json
2021-10-29 05:01:39.338 | INFO     |  5344 | mycroft.skills.skill_loader:_communicate_load_status:344 | Skill mycroft-personal.mycroftai loaded successfully
2021-10-29 05:01:39.339 | INFO     |  5344 | mycroft.skills.skill_loader:load:185 | ATTEMPTING TO LOAD SKILL: fallback-wolfram-alpha.mycroftai
2021-10-29 05:01:39.596 | INFO     |  5344 | mycroft.skills.settings:get_local_settings:83 | /opt/mycroft/skills/fallback-wolfram-alpha.mycroftai/settings.json
2021-10-29 05:01:39.616 | INFO     |  5344 | mycroft.skills.skill_loader:_check_for_first_run:324 | First run of fallback-wolfram-alpha.mycroftai
2021-10-29 05:01:39.626 | INFO     |  5344 | mycroft.skills.settings:save_settings:116 | Skill settings successfully saved to /home/runner/.config/mycroft/skills/fallback-wolfram-alpha.mycroftai/settings.json
2021-10-29 05:01:39.626 | INFO     |  5344 | mycroft.skills.skill_loader:_communicate_load_status:344 | Skill fallback-wolfram-alpha.mycroftai loaded successfully
2021-10-29 05:01:39.627 | INFO     |  5344 | mycroft.skills.skill_loader:load:185 | ATTEMPTING TO LOAD SKILL: mycroft-wiki.mycroftai
2021-10-29 05:01:39.634 | INFO     |  5344 | mycroft.skills.settings:get_local_settings:83 | /opt/mycroft/skills/mycroft-wiki.mycroftai/settings.json
2021-10-29 05:01:39.665 | INFO     |  5344 | mycroft.skills.skill_loader:_check_for_first_run:324 | First run of mycroft-wiki.mycroftai
2021-10-29 05:01:39.665 | INFO     |  5344 | mycroft.skills.settings:save_settings:116 | Skill settings successfully saved to /home/runner/.config/mycroft/skills/mycroft-wiki.mycroftai/settings.json
2021-10-29 05:01:39.666 | INFO     |  5344 | mycroft.skills.skill_loader:_communicate_load_status:344 | Skill mycroft-wiki.mycroftai loaded successfully
2021-10-29 05:01:39.666 | INFO     |  5344 | mycroft.skills.skill_loader:load:185 | ATTEMPTING TO LOAD SKILL: fallback-unknown.mycroftai
2021-10-29 05:01:39.675 | INFO     |  5344 | mycroft.skills.settings:get_local_settings:83 | /opt/mycroft/skills/fallback-unknown.mycroftai/settings.json
2021-10-29 05:01:39.684 | INFO     |  5344 | mycroft.skills.skill_loader:_check_for_first_run:324 | First run of fallback-unknown.mycroftai
2021-10-29 05:01:39.686 | INFO     |  5344 | mycroft.skills.settings:save_settings:116 | Skill settings successfully saved to /home/runner/.config/mycroft/skills/fallback-unknown.mycroftai/settings.json
2021-10-29 05:01:39.686 | INFO     |  5344 | mycroft.skills.skill_loader:_communicate_load_status:344 | Skill fallback-unknown.mycroftai loaded successfully
2021-10-29 05:01:39.688 | INFO     |  5344 | mycroft.skills.skill_loader:load:185 | ATTEMPTING TO LOAD SKILL: mycroft-playback-control.mycroftai
2021-10-29 05:01:39.699 | INFO     |  5344 | mycroft.skills.settings:get_local_settings:83 | /opt/mycroft/skills/mycroft-playback-control.mycroftai/settings.json
2021-10-29 05:01:39.740 | INFO     |  5344 | mycroft.skills.skill_loader:_check_for_first_run:324 | First run of mycroft-playback-control.mycroftai
2021-10-29 05:01:39.748 | INFO     |  5344 | mycroft.skills.settings:save_settings:116 | Skill settings successfully saved to /home/runner/.config/mycroft/skills/mycroft-playback-control.mycroftai/settings.json
2021-10-29 05:01:39.754 | INFO     |  5344 | mycroft.skills.skill_loader:_communicate_load_status:344 | Skill mycroft-playback-control.mycroftai loaded successfully
2021-10-29 05:01:39.754 | INFO     |  5344 | mycroft.skills.skill_manager:_load_on_startup:275 | Skills all loaded!
2021-10-29 05:01:39.770 | INFO     |  5344 | __main__:on_ready:185 | Skills service is ready.
2021-10-29 05:01:39.840 | INFO     |  5344 | mycroft.skills.intent_services.padatious_service:train:151 | Training... (single_thread=False)
Regenerated mycroft-alarm.mycroftai:{daytype}.
Regenerated mycroft-reminder.mycroftai:Reminder.intent.
Regenerated mycroft-installer.mycroftai:install.intent.
Regenerated mycroft-installer.mycroftai:list.skills.intent.
Regenerated mycroft-installer.mycroftai:install.custom.intent.
Regenerated mycroft-installer.mycroftai:remove.intent.
Regenerated mycroft-installer.mycroftai:is.installed.intent.
Regenerated mycroft-installer.mycroftai:install.beta.intent.
Regenerated mycroft-timer.mycroftai:timer.status.intent.
Regenerated mycroft-timer.mycroftai:start.timer.intent.
Regenerated homeassistant.mycroftai:turn.on.intent.
Regenerated homeassistant.mycroftai:decrease.light.brightness.intent.
Regenerated homeassistant.mycroftai:cover.close.intent.
Regenerated homeassistant.mycroftai:turn.off.intent.
Regenerated homeassistant.mycroftai:sensor.intent.
Regenerated homeassistant.mycroftai:cover.open.intent.
Regenerated homeassistant.mycroftai:cover.stop.intent.
Regenerated mycroft-configuration.mycroftai:EnablePreciseDev.intent.
Regenerated mycroft-configuration.mycroftai:DisablePreciseDev.intent.
Regenerated mycroft-configuration.mycroftai:WhereAreYou.intent.
Regenerated mycroft-personal.mycroftai:WhereWereYouBorn.intent.
Regenerated mycroft-personal.mycroftai:WhoMadeYou.intent.
Regenerated mycroft-personal.mycroftai:WhatAreYou.intent.
Regenerated mycroft-personal.mycroftai:DoYouRhyme.intent.
Regenerated mycroft-personal.mycroftai:DoYouDream.intent.
Regenerated mycroft-reminder.mycroftai:GetRemindersForDay.intent.
Regenerated mycroft-reminder.mycroftai:ClearReminders.intent.
Regenerated mycroft-reminder.mycroftai:ReminderAt.intent.
Regenerated mycroft-reminder.mycroftai:DeleteReminderForDay.intent.
Regenerated mycroft-reminder.mycroftai:CancelActiveReminder.intent.
Regenerated mycroft-reminder.mycroftai:SnoozeReminder.intent.
Regenerated mycroft-reminder.mycroftai:UnspecifiedReminderAt.intent.
Regenerated mycroft-reminder.mycroftai:GetNextReminders.intent.
Regenerated homeassistant.mycroftai:add.item.shopping.list.intent.
Regenerated homeassistant.mycroftai:toggle.intent.
Regenerated homeassistant.mycroftai:set.light.brightness.intent.
Regenerated homeassistant.mycroftai:tracker.intent.
Regenerated homeassistant.mycroftai:set.climate.intent.
Regenerated homeassistant.mycroftai:increase.light.brightness.intent.
Regenerated homeassistant.mycroftai:automation.intent.
Regenerated mycroft-alarm.mycroftai:snooze.intent.
Regenerated mycroft-alarm.mycroftai:change.alarm.sound.intent.
Regenerated mycroft-npr-news.mycroftai:PlayTheNews.intent.
Regenerated mycroft-support-helper.mycroftai:contact.support.intent.
Regenerated mycroft-weather.mycroftai:do-i-need-an-umbrella.intent.
Regenerated mycroft-stop.mycroftai:ssh.disable.intent.
Regenerated mycroft-audio-record.mycroftai:PlayRecording.intent.
Regenerated mycroft-stop.mycroftai:wifi.setup.intent.
Regenerated mycroft-stop.mycroftai:shutdown.intent.
Regenerated mycroft-audio-record.mycroftai:StartRecording.intent.
Regenerated mycroft-stop.mycroftai:reboot.intent.
Regenerated mycroft-stop.mycroftai:ssh.enable.intent.
Regenerated mycroft-hello-world.mycroftai:HowAreYou.intent.
Regenerated mycroft-date-time.mycroftai:what.time.is.it.intent.
Regenerated mycroft-date-time.mycroftai:date.future.weekend.intent.
Regenerated mycroft-date-time.mycroftai:date.last.weekend.intent.
Regenerated mycroft-date-time.mycroftai:what.time.will.it.be.intent.
Regenerated mycroft-personal.mycroftai:WhoAreYou.intent.
Regenerated mycroft-personal.mycroftai:WhenWereYouBorn.intent.
Regenerated mycroft-wiki.mycroftai:Random.intent.
2021-10-29 05:01:44.576 | INFO     |  5344 | mycroft.skills.intent_services.padatious_service:train:153 | Training complete.
2021-10-29 05:01:55.541 | INFO     |  5344 | mycroft.skills.settings:save_settings:116 | Skill settings successfully saved to /home/runner/.config/mycroft/skills/mycroft-timer.mycroftai/settings.json
2021-10-29 05:02:00.764 | INFO     |  5344 | mycroft.skills.settings:save_settings:116 | Skill settings successfully saved to /home/runner/.config/mycroft/skills/mycroft-pairing.mycroftai/settings.json
2021-10-29 05:02:17.363 | INFO     |  5344 | __main__:on_stopping:193 | Skills service is shutting down...
2021-10-29 05:02:17.363 | INFO     |  5344 | __main__:shutdown:284 | Shutting down Skills service
2021-10-29 05:02:17.761 | ERROR    |  5344 | VolumeSkill | Couldn't allocate mixer, ALSAAudioError('No such file or directory [default]')
2021-10-29 05:02:17.763 | INFO     |  5344 | mycroft.skills.settings:save_settings:116 | Skill settings successfully saved to /home/runner/.config/mycroft/skills/mycroft-volume.mycroftai/settings.json
2021-10-29 05:02:17.765 | INFO     |  5344 | mycroft.skills.settings:save_settings:116 | Skill settings successfully saved to /home/runner/.config/mycroft/skills/mycroft-ip.mycroftai/settings.json
2021-10-29 05:02:17.766 | INFO     |  5344 | mycroft.skills.settings:save_settings:116 | Skill settings successfully saved to /home/runner/.config/mycroft/skills/mycroft-reminder.mycroftai/settings.json
2021-10-29 05:02:17.785 | INFO     |  5344 | mycroft.skills.settings:save_settings:116 | Skill settings successfully saved to /home/runner/.config/mycroft/skills/mycroft-installer.mycroftai/settings.json
2021-10-29 05:02:17.786 | INFO     |  5344 | mycroft.skills.settings:save_settings:116 | Skill settings successfully saved to /home/runner/.config/mycroft/skills/mycroft-version-checker.mycroftai/settings.json
2021-10-29 05:02:17.806 | INFO     |  5344 | mycroft.skills.settings:save_settings:116 | Skill settings successfully saved to /home/runner/.config/mycroft/skills/mycroft-singing.mycroftai/settings.json
2021-10-29 05:02:17.807 | INFO     |  5344 | mycroft.skills.settings:save_settings:116 | Skill settings successfully saved to /home/runner/.config/mycroft/skills/mycroft-joke.mycroftai/settings.json
2021-10-29 05:02:17.809 | INFO     |  5344 | HomeAssistantSkill | Removing all handlers...
2021-10-29 05:02:17.809 | WARNING  |  5344 | mycroft.skills.fallback_skill:remove_fallback:185 | Could not find matching fallback handler
2021-10-29 05:02:17.810 | INFO     |  5344 | mycroft.skills.settings:save_settings:116 | Skill settings successfully saved to /home/runner/.config/mycroft/skills/mycroft-alarm.mycroftai/settings.json
2021-10-29 05:02:17.811 | INFO     |  5344 | mycroft.skills.settings:save_settings:116 | Skill settings successfully saved to /home/runner/.config/mycroft/skills/mycroft-naptime.mycroftai/settings.json
2021-10-29 05:02:17.812 | INFO     |  5344 | mycroft.skills.settings:save_settings:116 | Skill settings successfully saved to /home/runner/.config/mycroft/skills/mycroft-spelling.mycroftai/settings.json
2021-10-29 05:02:17.825 | INFO     |  5344 | mycroft.skills.settings:save_settings:116 | Skill settings successfully saved to /home/runner/.config/mycroft/skills/mycroft-fallback-duck-duck-go.mycroftai/settings.json
2021-10-29 05:02:17.830 | INFO     |  5344 | mycroft.skills.settings:save_settings:116 | Skill settings successfully saved to /home/runner/.config/mycroft/skills/mycroft-npr-news.mycroftai/settings.json
2021-10-29 05:02:17.839 | INFO     |  5344 | mycroft.skills.settings:save_settings:116 | Skill settings successfully saved to /home/runner/.config/mycroft/skills/mycroft-support-helper.mycroftai/settings.json
2021-10-29 05:02:17.844 | INFO     |  5344 | mycroft.skills.settings:save_settings:116 | Skill settings successfully saved to /home/runner/.config/mycroft/skills/mycroft-weather.mycroftai/settings.json
2021-10-29 05:02:17.848 | INFO     |  5344 | mycroft.skills.settings:save_settings:116 | Skill settings successfully saved to /home/runner/.config/mycroft/skills/mycroft-speak.mycroftai/settings.json
2021-10-29 05:02:17.853 | INFO     |  5344 | mycroft.skills.settings:save_settings:116 | Skill settings successfully saved to /home/runner/.config/mycroft/skills/mycroft-audio-record.mycroftai/settings.json
2021-10-29 05:02:17.858 | INFO     |  5344 | mycroft.skills.settings:save_settings:116 | Skill settings successfully saved to /home/runner/.config/mycroft/skills/mycroft-stop.mycroftai/settings.json
2021-10-29 05:02:17.859 | INFO     |  5344 | mycroft.skills.settings:save_settings:116 | Skill settings successfully saved to /home/runner/.config/mycroft/skills/mycroft-hello-world.mycroftai/settings.json
2021-10-29 05:02:17.860 | INFO     |  5344 | mycroft.skills.settings:save_settings:116 | Skill settings successfully saved to /home/runner/.config/mycroft/skills/mycroft-date-time.mycroftai/settings.json
2021-10-29 05:02:17.870 | INFO     |  5344 | mycroft.skills.settings:save_settings:116 | Skill settings successfully saved to /home/runner/.config/mycroft/skills/mycroft-configuration.mycroftai/settings.json
2021-10-29 05:02:17.875 | INFO     |  5344 | QuestionsAnswersSkill | Removing all handlers...
2021-10-29 05:02:17.879 | INFO     |  5344 | mycroft.skills.settings:save_settings:116 | Skill settings successfully saved to /home/runner/.config/mycroft/skills/fallback-query.mycroftai/settings.json
2021-10-29 05:02:17.884 | INFO     |  5344 | mycroft.skills.settings:save_settings:116 | Skill settings successfully saved to /home/runner/.config/mycroft/skills/mycroft-personal.mycroftai/settings.json
2021-10-29 05:02:17.889 | INFO     |  5344 | mycroft.skills.settings:save_settings:116 | Skill settings successfully saved to /home/runner/.config/mycroft/skills/fallback-wolfram-alpha.mycroftai/settings.json
2021-10-29 05:02:17.890 | INFO     |  5344 | mycroft.skills.settings:save_settings:116 | Skill settings successfully saved to /home/runner/.config/mycroft/skills/mycroft-wiki.mycroftai/settings.json
2021-10-29 05:02:17.890 | INFO     |  5344 | UnknownSkill | Removing all handlers...
2021-10-29 05:02:17.891 | INFO     |  5344 | mycroft.skills.settings:save_settings:116 | Skill settings successfully saved to /home/runner/.config/mycroft/skills/fallback-unknown.mycroftai/settings.json
2021-10-29 05:02:17.896 | INFO     |  5344 | mycroft.skills.settings:save_settings:116 | Skill settings successfully saved to /home/runner/.config/mycroft/skills/mycroft-playback-control.mycroftai/settings.json
2021-10-29 05:02:18.896 | INFO     |  5344 | Playback Control Skill | Audio service status: {}
2021-10-29 05:02:19.897 | WARNING  |  5344 | mycroft.skills.skill_manager:_shutdown_skill:106 | mycroft-playback-control.mycroftai shutdown took 2.0017135090000124 seconds
2021-10-29 05:02:19.898 | INFO     |  5344 | __main__:shutdown:291 | Skills service shutdown complete!
2021-10-29 05:02:22.154 | ERROR    |  5344 | websocket | error from callback <bound method MessageBusClient.on_message of <mycroft.messagebus.client.client.MessageBusClient object at 0x7eff9a8a6910>>: cannot schedule new futures after shutdown
2021-10-29 05:02:22.154 | ERROR    |  5344 | mycroft_bus_client.client.client | === RuntimeError('cannot schedule new futures after shutdown') ===
Traceback (most recent call last):
  File "/opt/mycroft-core/.venv/lib/python3.7/site-packages/websocket/_app.py", line 407, in _callback
    callback(self, *args)
  File "/opt/mycroft-core/.venv/lib/python3.7/site-packages/mycroft_bus_client/client/client.py", line 182, in on_message
    self.emitter.emit('message', message)
  File "/opt/mycroft-core/.venv/lib/python3.7/site-packages/pyee/_base.py", line 113, in emit
    handled = self._call_handlers(event, args, kwargs)
  File "/opt/mycroft-core/.venv/lib/python3.7/site-packages/pyee/_base.py", line 96, in _call_handlers
    self._emit_run(f, args, kwargs)
  File "/opt/mycroft-core/.venv/lib/python3.7/site-packages/pyee/_executor.py", line 50, in _emit_run
    future = self._executor.submit(f, *args, **kwargs)
  File "/opt/hostedtoolcache/Python/3.7.12/x64/lib/python3.7/concurrent/futures/thread.py", line 163, in submit
    raise RuntimeError('cannot schedule new futures after shutdown')
RuntimeError: cannot schedule new futures after shutdown
2021-10-29 05:02:22.155 | ERROR    |  5344 | mycroft_bus_client.client.client | Exception closing websocket: RuntimeError('cannot schedule new futures after shutdown')
2021-10-29 05:02:22.155 | WARNING  |  5344 | mycroft_bus_client.client.client | Message Bus Client will reconnect in 5.0 seconds.
