2021-10-25 17:10:57.905 | INFO     |  5849 | mycroft.messagebus.load_config:load_message_bus_config:33 | Loading message bus configs
2021-10-25 17:10:57.911 | INFO     |  5849 | mycroft_bus_client.client.client | Connected
2021-10-25 17:10:57.912 | INFO     |  5849 | mycroft.util.process_utils:start_message_bus_client:155 | Connected to messagebus
2021-10-25 17:10:57.926 | INFO     |  5849 | mycroft.skills.msm_wrapper:create_msm:96 | Acquiring lock to instantiate MSM
2021-10-25 17:10:59.080 | INFO     |  5849 | msm.mycroft_skills_manager | building SkillEntry objects for all skills
2021-10-25 17:10:59.376 | INFO     |  5849 | mycroft.skills.msm_wrapper:create_msm:112 | Releasing MSM instantiation lock.
2021-10-25 17:10:59.377 | INFO     |  5849 | mycroft.skills.skill_updater:_log_next_download_time:267 | Next scheduled skill update: 2021-10-25 17:10:58.376949
2021-10-25 17:10:59.378 | INFO     |  5849 | msm.skill_entry | Downloading skill: https://github.com/mycroftai/skill-pairing
2021-10-25 17:10:59.731 | INFO     |  5849 | msm.skill_entry | Installing system requirements...
2021-10-25 17:10:59.741 | INFO     |  5849 | msm.skill_entry | Successfully installed mycroft-pairing
2021-10-25 17:10:59.741 | INFO     |  5849 | msm.mycroft_skills_manager | invalidating skills cache
2021-10-25 17:10:59.743 | INFO     |  5849 | mycroft.skills.skill_loader:load:185 | ATTEMPTING TO LOAD SKILL: mycroft-pairing.mycroftai
2021-10-25 17:10:59.752 | INFO     |  5849 | mycroft.skills.settings:get_local_settings:83 | /opt/mycroft/skills/mycroft-pairing.mycroftai/settings.json
2021-10-25 17:10:59.780 | INFO     |  5849 | mycroft.skills.skill_loader:_check_for_first_run:324 | First run of mycroft-pairing.mycroftai
2021-10-25 17:10:59.781 | INFO     |  5849 | mycroft.skills.settings:save_settings:116 | Skill settings successfully saved to /home/runner/.config/mycroft/skills/mycroft-pairing.mycroftai/settings.json
2021-10-25 17:10:59.784 | INFO     |  5849 | mycroft.skills.skill_loader:_communicate_load_status:344 | Skill mycroft-pairing.mycroftai loaded successfully
2021-10-25 17:10:59.784 | INFO     |  5849 | msm.skill_entry | Downloading skill: https://github.com/mycroftai/skill-volume
2021-10-25 17:11:00.368 | INFO     |  5849 | msm.skill_entry | Installing system requirements...
2021-10-25 17:11:00.401 | INFO     |  5849 | msm.skill_entry | Installing requirements.txt for mycroft-volume
2021-10-25 17:11:01.932 | INFO     |  5849 | msm.skill_entry | Successfully installed mycroft-volume
2021-10-25 17:11:01.933 | INFO     |  5849 | msm.mycroft_skills_manager | invalidating skills cache
2021-10-25 17:11:01.934 | INFO     |  5849 | mycroft.skills.skill_loader:load:185 | ATTEMPTING TO LOAD SKILL: mycroft-volume.mycroftai
2021-10-25 17:11:01.948 | INFO     |  5849 | mycroft.skills.settings:get_local_settings:83 | /opt/mycroft/skills/mycroft-volume.mycroftai/settings.json
2021-10-25 17:11:02.118 | ERROR    |  5849 | VolumeSkill | Couldn't allocate mixer, ALSAAudioError('No such file or directory [default]')
2021-10-25 17:11:05.133 | INFO     |  5849 | mycroft.skills.skill_loader:_check_for_first_run:324 | First run of mycroft-volume.mycroftai
2021-10-25 17:11:05.134 | INFO     |  5849 | mycroft.skills.settings:save_settings:116 | Skill settings successfully saved to /home/runner/.config/mycroft/skills/mycroft-volume.mycroftai/settings.json
2021-10-25 17:11:05.135 | INFO     |  5849 | mycroft.skills.skill_loader:_communicate_load_status:344 | Skill mycroft-volume.mycroftai loaded successfully
2021-10-25 17:11:05.136 | INFO     |  5849 | __main__:on_started:177 | Skills service is starting up.
2021-10-25 17:11:05.202 | INFO     |  5849 | __main__:_update_system:154 | Attempting system update...
2021-10-25 17:11:08.205 | INFO     |  5849 | mycroft.enclosure.display_manager:_write_data:70 | Display Manager is creating /tmp/mycroft/ipc/managers/disp_info
2021-10-25 17:11:08.206 | INFO     |  5849 | __main__:_ensure_device_is_paired:133 | Device not paired, invoking the pairing skill
2021-10-25 17:11:08.209 | INFO     |  5849 | __main__:on_alive:181 | Skills service is alive.
2021-10-25 17:11:08.210 | INFO     |  5849 | msm.mycroft_skills_manager | building SkillEntry objects for all skills
2021-10-25 17:11:08.320 | INFO     |  5849 | PairingSkill | Communicating account URL to user
2021-10-25 17:11:08.788 | WARNING  |  5849 | msm.mycroft_skills_manager | No such default skill: mycroft-pandora
2021-10-25 17:11:08.789 | INFO     |  5849 | mycroft.skills.skill_manager:run:234 | Not all default skills are installed, performing skill update...
2021-10-25 17:11:08.790 | INFO     |  5849 | mycroft.skills.skill_updater:update_skills:149 | Beginning skill update...
2021-10-25 17:11:08.849 | INFO     |  5849 | msm.mycroft_skills_manager | building SkillEntry objects for all skills
2021-10-25 17:11:09.330 | INFO     |  5849 | msm.mycroft_skills_manager | invalidating skills cache
2021-10-25 17:11:09.449 | INFO     |  5849 | msm.skill_entry | Downloading skill: https://github.com/mycroftai/fallback-wolfram-alpha
2021-10-25 17:11:09.452 | INFO     |  5849 | msm.skill_entry | Downloading skill: https://github.com/mycroftai/skill-alarm
2021-10-25 17:11:09.458 | INFO     |  5849 | msm.skill_entry | Downloading skill: https://github.com/mycroftai/skill-audio-record
2021-10-25 17:11:09.460 | INFO     |  5849 | msm.skill_entry | Downloading skill: https://github.com/mycroftai/skill-configuration
2021-10-25 17:11:09.472 | INFO     |  5849 | msm.skill_entry | Downloading skill: https://github.com/mycroftai/skill-date-time
2021-10-25 17:11:09.476 | INFO     |  5849 | msm.skill_entry | Downloading skill: https://github.com/mycroftai/fallback-duckduckgo
2021-10-25 17:11:09.481 | INFO     |  5849 | msm.skill_entry | Downloading skill: https://github.com/mycroftai/skill-hello-world
2021-10-25 17:11:09.484 | INFO     |  5849 | msm.skill_entry | Downloading skill: https://github.com/mycroftai/skill-installer
2021-10-25 17:11:09.489 | INFO     |  5849 | msm.skill_entry | Downloading skill: https://github.com/mycroftai/skill-ip
2021-10-25 17:11:09.492 | INFO     |  5849 | msm.skill_entry | Downloading skill: https://github.com/mycroftai/skill-joke
2021-10-25 17:11:09.500 | INFO     |  5849 | msm.skill_entry | Downloading skill: https://github.com/mycroftai/skill-naptime
2021-10-25 17:11:09.507 | INFO     |  5849 | msm.skill_entry | Downloading skill: https://github.com/mycroftai/skill-npr-news
2021-10-25 17:11:09.519 | INFO     |  5849 | msm.skill_entry | Downloading skill: https://github.com/mycroftai/skill-personal
2021-10-25 17:11:09.521 | INFO     |  5849 | msm.skill_entry | Downloading skill: https://github.com/mycroftai/skill-playback-control
2021-10-25 17:11:09.522 | INFO     |  5849 | msm.skill_entry | Downloading skill: https://github.com/mycroftai/skill-reminder
2021-10-25 17:11:09.523 | INFO     |  5849 | msm.skill_entry | Downloading skill: https://github.com/mycroftai/skill-singing
2021-10-25 17:11:09.524 | INFO     |  5849 | msm.skill_entry | Downloading skill: https://github.com/mycroftai/fallback-unknown
2021-10-25 17:11:11.048 | INFO     |  5849 | msm.skill_entry | Installing system requirements...
2021-10-25 17:11:11.326 | INFO     |  5849 | msm.skill_entry | Installing requirements.txt for mycroft-fallback-duck-duck-go
2021-10-25 17:11:11.328 | INFO     |  5849 | msm.skill_entry | Installing system requirements...
2021-10-25 17:11:11.425 | INFO     |  5849 | msm.skill_entry | Installing system requirements...
2021-10-25 17:11:11.428 | INFO     |  5849 | msm.skill_entry | Installing system requirements...
2021-10-25 17:11:11.436 | INFO     |  5849 | msm.skill_entry | Installing system requirements...
2021-10-25 17:11:11.443 | INFO     |  5849 | msm.skill_entry | Installing system requirements...
2021-10-25 17:11:11.575 | INFO     |  5849 | msm.skill_entry | Installing system requirements...
2021-10-25 17:11:11.579 | INFO     |  5849 | msm.skill_entry | Successfully installed mycroft-hello-world
2021-10-25 17:11:11.580 | INFO     |  5849 | msm.mycroft_skills_manager | invalidating skills cache
2021-10-25 17:11:11.582 | INFO     |  5849 | msm.skill_entry | Successfully installed mycroft-naptime
2021-10-25 17:11:11.582 | INFO     |  5849 | msm.mycroft_skills_manager | invalidating skills cache
2021-10-25 17:11:11.584 | INFO     |  5849 | msm.skill_entry | Downloading skill: https://github.com/mycroftai/skill-spelling
2021-10-25 17:11:11.591 | INFO     |  5849 | msm.skill_entry | Downloading skill: https://github.com/mycroftai/skill-speak
2021-10-25 17:11:11.634 | INFO     |  5849 | msm.skill_entry | Installing system requirements...
2021-10-25 17:11:11.655 | INFO     |  5849 | msm.skill_entry | Installing requirements.txt for mycroft-ip
2021-10-25 17:11:11.740 | INFO     |  5849 | msm.skill_entry | Installing requirements.txt for mycroft-audio-record
2021-10-25 17:11:11.741 | INFO     |  5849 | msm.skill_entry | Installing system requirements...
2021-10-25 17:11:11.748 | INFO     |  5849 | msm.skill_entry | Successfully installed mycroft-personal
2021-10-25 17:11:11.749 | INFO     |  5849 | msm.mycroft_skills_manager | invalidating skills cache
2021-10-25 17:11:11.751 | INFO     |  5849 | msm.skill_entry | Downloading skill: https://github.com/mycroftai/skill-stop
2021-10-25 17:11:11.752 | INFO     |  5849 | msm.skill_entry | Successfully installed fallback-unknown
2021-10-25 17:11:11.760 | INFO     |  5849 | msm.mycroft_skills_manager | invalidating skills cache
2021-10-25 17:11:11.791 | INFO     |  5849 | msm.skill_entry | Downloading skill: https://github.com/mycroftai/skill-support
2021-10-25 17:11:11.849 | INFO     |  5849 | msm.skill_entry | Installing requirements.txt for mycroft-joke
2021-10-25 17:11:12.004 | INFO     |  5849 | msm.skill_entry | Successfully installed mycroft-playback-control
2021-10-25 17:11:12.004 | INFO     |  5849 | msm.mycroft_skills_manager | invalidating skills cache
2021-10-25 17:11:12.005 | INFO     |  5849 | msm.skill_entry | Downloading skill: https://github.com/mycroftai/mycroft-timer
2021-10-25 17:11:12.080 | INFO     |  5849 | msm.skill_entry | Installing system requirements...
2021-10-25 17:11:12.087 | INFO     |  5849 | msm.skill_entry | Installing system requirements...
2021-10-25 17:11:12.199 | INFO     |  5849 | msm.skill_entry | Installing system requirements...
2021-10-25 17:11:12.218 | ERROR    |  5849 | msm.mycroft_skills_manager | Error running install_or_update on homeassistant.mycroftai: MergeConflict
2021-10-25 17:11:12.236 | INFO     |  5849 | msm.skill_entry | Successfully installed mycroft-reminder
2021-10-25 17:11:12.237 | INFO     |  5849 | msm.mycroft_skills_manager | invalidating skills cache
2021-10-25 17:11:12.238 | INFO     |  5849 | msm.skill_entry | Downloading skill: https://github.com/mycroftai/skill-weather
2021-10-25 17:11:12.300 | INFO     |  5849 | msm.skill_entry | Downloading skill: https://github.com/mycroftai/skill-version-checker
2021-10-25 17:11:12.315 | INFO     |  5849 | msm.skill_entry | Installing requirements.txt for mycroft-npr-news
2021-10-25 17:11:12.362 | INFO     |  5849 | msm.skill_entry | Installing system requirements...
2021-10-25 17:11:12.474 | INFO     |  5849 | msm.skill_entry | Installing requirements.txt for mycroft-installer
2021-10-25 17:11:12.577 | INFO     |  5849 | msm.skill_entry | Installing requirements.txt for fallback-wolfram-alpha
2021-10-25 17:11:12.684 | INFO     |  5849 | msm.skill_entry | Installing system requirements...
2021-10-25 17:11:12.714 | INFO     |  5849 | msm.skill_entry | Installing requirements.txt for mycroft-configuration
2021-10-25 17:11:13.235 | INFO     |  5849 | msm.skill_entry | Nothing new for mycroft-volume
2021-10-25 17:11:13.289 | INFO     |  5849 | msm.skill_entry | Nothing new for mycroft-pairing
2021-10-25 17:11:13.324 | INFO     |  5849 | msm.skill_entry | Installing system requirements...
2021-10-25 17:11:13.340 | INFO     |  5849 | msm.skill_entry | Installing system requirements...
2021-10-25 17:11:13.381 | INFO     |  5849 | msm.skill_entry | Downloading skill: https://github.com/mycroftai/skill-wiki
2021-10-25 17:11:13.428 | INFO     |  5849 | msm.skill_entry | Installing system requirements...
2021-10-25 17:11:13.436 | INFO     |  5849 | msm.skill_entry | Installing requirements.txt for mycroft-volume
2021-10-25 17:11:13.453 | INFO     |  5849 | msm.skill_entry | Installing requirements.txt for mycroft-alarm
2021-10-25 17:11:13.685 | INFO     |  5849 | msm.skill_entry | Installing system requirements...
2021-10-25 17:11:13.693 | INFO     |  5849 | msm.skill_entry | Installing system requirements...
2021-10-25 17:11:13.695 | INFO     |  5849 | msm.skill_entry | Installing system requirements...
2021-10-25 17:11:13.749 | INFO     |  5849 | msm.skill_entry | Installing system requirements...
2021-10-25 17:11:13.805 | INFO     |  5849 | msm.skill_entry | Installing requirements.txt for mycroft-support-helper
2021-10-25 17:11:13.812 | INFO     |  5849 | msm.skill_entry | Installing requirements.txt for mycroft-date-time
2021-10-25 17:11:13.844 | INFO     |  5849 | msm.skill_entry | Successfully installed mycroft-speak
2021-10-25 17:11:13.849 | INFO     |  5849 | msm.mycroft_skills_manager | invalidating skills cache
2021-10-25 17:11:13.855 | INFO     |  5849 | msm.skill_entry | Successfully installed mycroft-stop
2021-10-25 17:11:13.855 | INFO     |  5849 | msm.mycroft_skills_manager | invalidating skills cache
2021-10-25 17:11:13.856 | INFO     |  5849 | msm.skill_entry | Downloading skill: https://github.com/MycroftAI/skill-query
2021-10-25 17:11:13.864 | INFO     |  5849 | msm.skill_entry | Installing system requirements...
2021-10-25 17:11:13.897 | INFO     |  5849 | msm.skill_entry | Successfully installed mycroft-spelling
2021-10-25 17:11:13.897 | INFO     |  5849 | msm.mycroft_skills_manager | invalidating skills cache
2021-10-25 17:11:14.002 | INFO     |  5849 | msm.skill_entry | Installing system requirements...
2021-10-25 17:11:14.071 | INFO     |  5849 | msm.skill_entry | Successfully installed mycroft-version-checker
2021-10-25 17:11:14.072 | INFO     |  5849 | msm.mycroft_skills_manager | invalidating skills cache
2021-10-25 17:11:14.123 | INFO     |  5849 | msm.skill_entry | Installing system requirements...
2021-10-25 17:11:14.139 | INFO     |  5849 | msm.skill_entry | Installing system requirements...
2021-10-25 17:11:14.160 | INFO     |  5849 | msm.skill_entry | Successfully installed mycroft-timer
2021-10-25 17:11:14.160 | INFO     |  5849 | msm.mycroft_skills_manager | invalidating skills cache
2021-10-25 17:11:14.176 | INFO     |  5849 | msm.skill_entry | Installing requirements.txt for mycroft-wiki
2021-10-25 17:11:14.445 | INFO     |  5849 | msm.skill_entry | Installing system requirements...
2021-10-25 17:11:14.490 | INFO     |  5849 | msm.skill_entry | Installing requirements.txt for mycroft-weather
2021-10-25 17:11:14.512 | INFO     |  5849 | msm.skill_entry | Installing system requirements...
2021-10-25 17:11:14.537 | ERROR    |  5849 | msm.mycroft_skills_manager | Error running install_or_update on homeassistant: MergeConflict
2021-10-25 17:11:14.544 | INFO     |  5849 | msm.skill_entry | Successfully installed mycroft-singing
2021-10-25 17:11:14.544 | INFO     |  5849 | msm.mycroft_skills_manager | invalidating skills cache
2021-10-25 17:11:14.847 | INFO     |  5849 | msm.skill_entry | Successfully installed mycroft-fallback-duck-duck-go
2021-10-25 17:11:14.847 | INFO     |  5849 | msm.mycroft_skills_manager | invalidating skills cache
2021-10-25 17:11:15.341 | INFO     |  5849 | msm.skill_entry | Installing system requirements...
2021-10-25 17:11:15.373 | INFO     |  5849 | msm.skill_entry | Successfully installed fallback-query
2021-10-25 17:11:15.373 | INFO     |  5849 | msm.mycroft_skills_manager | invalidating skills cache
2021-10-25 17:11:15.936 | INFO     |  5849 | msm.skill_entry | Successfully installed mycroft-ip
2021-10-25 17:11:15.936 | INFO     |  5849 | msm.mycroft_skills_manager | invalidating skills cache
2021-10-25 17:11:17.004 | INFO     |  5849 | msm.skill_entry | Successfully installed mycroft-audio-record
2021-10-25 17:11:17.004 | INFO     |  5849 | msm.mycroft_skills_manager | invalidating skills cache
2021-10-25 17:11:18.401 | INFO     |  5849 | msm.skill_entry | Successfully installed mycroft-joke
2021-10-25 17:11:18.401 | INFO     |  5849 | msm.mycroft_skills_manager | invalidating skills cache
2021-10-25 17:11:22.432 | INFO     |  5849 | msm.skill_entry | Successfully installed mycroft-npr-news
2021-10-25 17:11:22.433 | INFO     |  5849 | msm.mycroft_skills_manager | invalidating skills cache
2021-10-25 17:11:23.608 | INFO     |  5849 | msm.skill_entry | Successfully installed mycroft-installer
2021-10-25 17:11:23.608 | INFO     |  5849 | msm.mycroft_skills_manager | invalidating skills cache
2021-10-25 17:11:28.338 | INFO     |  5849 | msm.skill_entry | Successfully installed fallback-wolfram-alpha
2021-10-25 17:11:28.338 | INFO     |  5849 | msm.mycroft_skills_manager | invalidating skills cache
2021-10-25 17:11:31.472 | INFO     |  5849 | msm.skill_entry | Successfully installed mycroft-configuration
2021-10-25 17:11:31.473 | INFO     |  5849 | msm.mycroft_skills_manager | invalidating skills cache
2021-10-25 17:11:33.716 | INFO     |  5849 | msm.skill_entry | Successfully installed mycroft-alarm
2021-10-25 17:11:33.716 | INFO     |  5849 | msm.mycroft_skills_manager | invalidating skills cache
2021-10-25 17:11:36.262 | INFO     |  5849 | msm.skill_entry | Successfully installed mycroft-support-helper
2021-10-25 17:11:36.262 | INFO     |  5849 | msm.mycroft_skills_manager | invalidating skills cache
2021-10-25 17:11:38.655 | INFO     |  5849 | PairingSkill | Initiating device pairing sequence...
2021-10-25 17:11:38.655 | INFO     |  5849 | PairingSkill | Retrieving pairing code from device API...
2021-10-25 17:11:38.839 | INFO     |  5849 | PairingSkill | Pairing code obtained: KUMENP
2021-10-25 17:11:38.839 | INFO     |  5849 | PairingSkill | Communicating pairing URL to user
2021-10-25 17:11:57.383 | INFO     |  5849 | msm.skill_entry | Successfully installed mycroft-date-time
2021-10-25 17:11:57.384 | INFO     |  5849 | msm.mycroft_skills_manager | invalidating skills cache
2021-10-25 17:11:59.727 | INFO     |  5849 | msm.skill_entry | Successfully installed mycroft-wiki
2021-10-25 17:11:59.728 | INFO     |  5849 | msm.mycroft_skills_manager | invalidating skills cache
2021-10-25 17:12:01.024 | INFO     |  5849 | msm.skill_entry | Successfully installed mycroft-weather
2021-10-25 17:12:01.024 | INFO     |  5849 | msm.mycroft_skills_manager | invalidating skills cache
2021-10-25 17:12:01.069 | INFO     |  5849 | mycroft.skills.skill_updater:_log_next_download_time:267 | Next scheduled skill update: 2021-10-25 18:12:01.068624
2021-10-25 17:12:01.069 | INFO     |  5849 | mycroft.skills.skill_updater:update_skills:170 | Skill update complete
2021-10-25 17:12:01.070 | INFO     |  5849 | mycroft.skills.skill_manager:_load_on_startup:273 | Loading installed skills...
2021-10-25 17:12:01.071 | INFO     |  5849 | mycroft.skills.skill_loader:load:185 | ATTEMPTING TO LOAD SKILL: mycroft-ip.mycroftai
2021-10-25 17:12:01.114 | INFO     |  5849 | mycroft.skills.settings:get_local_settings:83 | /opt/mycroft/skills/mycroft-ip.mycroftai/settings.json
2021-10-25 17:12:01.125 | INFO     |  5849 | mycroft.skills.skill_loader:_check_for_first_run:324 | First run of mycroft-ip.mycroftai
2021-10-25 17:12:01.127 | INFO     |  5849 | mycroft.skills.settings:save_settings:116 | Skill settings successfully saved to /home/runner/.config/mycroft/skills/mycroft-ip.mycroftai/settings.json
2021-10-25 17:12:01.128 | INFO     |  5849 | mycroft.skills.skill_loader:_communicate_load_status:344 | Skill mycroft-ip.mycroftai loaded successfully
2021-10-25 17:12:01.128 | INFO     |  5849 | mycroft.skills.skill_loader:load:185 | ATTEMPTING TO LOAD SKILL: mycroft-reminder.mycroftai
2021-10-25 17:12:01.145 | INFO     |  5849 | mycroft.skills.settings:get_local_settings:83 | /opt/mycroft/skills/mycroft-reminder.mycroftai/settings.json
2021-10-25 17:12:01.185 | INFO     |  5849 | mycroft.skills.skill_loader:_check_for_first_run:324 | First run of mycroft-reminder.mycroftai
2021-10-25 17:12:01.186 | INFO     |  5849 | mycroft.skills.settings:save_settings:116 | Skill settings successfully saved to /home/runner/.config/mycroft/skills/mycroft-reminder.mycroftai/settings.json
2021-10-25 17:12:01.188 | INFO     |  5849 | mycroft.skills.skill_loader:_communicate_load_status:344 | Skill mycroft-reminder.mycroftai loaded successfully
2021-10-25 17:12:01.189 | INFO     |  5849 | mycroft.skills.skill_loader:load:185 | ATTEMPTING TO LOAD SKILL: mycroft-installer.mycroftai
2021-10-25 17:12:01.198 | INFO     |  5849 | mycroft.skills.settings:get_local_settings:83 | /opt/mycroft/skills/mycroft-installer.mycroftai/settings.json
2021-10-25 17:12:01.260 | INFO     |  5849 | mycroft.skills.skill_loader:_check_for_first_run:324 | First run of mycroft-installer.mycroftai
2021-10-25 17:12:01.261 | INFO     |  5849 | mycroft.skills.settings:save_settings:116 | Skill settings successfully saved to /home/runner/.config/mycroft/skills/mycroft-installer.mycroftai/settings.json
2021-10-25 17:12:01.266 | INFO     |  5849 | mycroft.skills.skill_loader:_communicate_load_status:344 | Skill mycroft-installer.mycroftai loaded successfully
2021-10-25 17:12:01.267 | INFO     |  5849 | mycroft.skills.skill_loader:load:185 | ATTEMPTING TO LOAD SKILL: mycroft-version-checker.mycroftai
2021-10-25 17:12:01.279 | INFO     |  5849 | mycroft.skills.settings:get_local_settings:83 | /opt/mycroft/skills/mycroft-version-checker.mycroftai/settings.json
2021-10-25 17:12:01.338 | INFO     |  5849 | mycroft.skills.skill_loader:_check_for_first_run:324 | First run of mycroft-version-checker.mycroftai
2021-10-25 17:12:01.338 | INFO     |  5849 | mycroft.skills.settings:save_settings:116 | Skill settings successfully saved to /home/runner/.config/mycroft/skills/mycroft-version-checker.mycroftai/settings.json
2021-10-25 17:12:01.361 | INFO     |  5849 | mycroft.skills.skill_loader:_communicate_load_status:344 | Skill mycroft-version-checker.mycroftai loaded successfully
2021-10-25 17:12:01.363 | INFO     |  5849 | mycroft.skills.skill_loader:load:185 | ATTEMPTING TO LOAD SKILL: mycroft-singing.mycroftai
2021-10-25 17:12:01.406 | ERROR    |  5849 | concurrent.futures | exception calling callback for <Future at 0x7fab443befd0 state=finished raised FileExistsError>
Traceback (most recent call last):
  File "/opt/hostedtoolcache/Python/3.7.12/x64/lib/python3.7/concurrent/futures/_base.py", line 324, in _invoke_callbacks
    callback(self)
  File "/opt/mycroft-core/.venv/lib/python3.7/site-packages/pyee/_executor.py", line 56, in _callback
    self.emit('error', exc)
  File "/opt/mycroft-core/.venv/lib/python3.7/site-packages/pyee/_base.py", line 116, in emit
    self._emit_handle_potential_error(event, args[0] if args else None)
  File "/opt/mycroft-core/.venv/lib/python3.7/site-packages/pyee/_base.py", line 86, in _emit_handle_potential_error
    raise error
  File "/opt/hostedtoolcache/Python/3.7.12/x64/lib/python3.7/concurrent/futures/thread.py", line 57, in run
    result = self.fn(*self.args, **self.kwargs)
  File "/opt/mycroft-core/mycroft/configuration/config.py", line 289, in updated
    Configuration.load_config_stack(cache=True)
  File "/opt/mycroft-core/mycroft/configuration/config.py", line 241, in load_config_stack
    configs.append(RemoteConf())
  File "/opt/mycroft-core/mycroft/configuration/config.py", line 132, in __init__
    cache = cache or join(xdg.BaseDirectory.save_cache_path('mycroft'),
  File "/opt/mycroft-core/.venv/lib/python3.7/site-packages/xdg/BaseDirectory.py", line 81, in save_cache_path
    os.makedirs(path)
  File "/opt/hostedtoolcache/Python/3.7.12/x64/lib/python3.7/os.py", line 223, in makedirs
    mkdir(name, mode)
FileExistsError: [Errno 17] File exists: '/home/runner/.cache/mycroft'
2021-10-25 17:12:01.413 | INFO     |  5849 | mycroft.skills.settings:get_local_settings:83 | /opt/mycroft/skills/mycroft-singing.mycroftai/settings.json
2021-10-25 17:12:01.436 | INFO     |  5849 | mycroft.skills.skill_loader:_check_for_first_run:324 | First run of mycroft-singing.mycroftai
2021-10-25 17:12:01.438 | INFO     |  5849 | mycroft.skills.settings:save_settings:116 | Skill settings successfully saved to /home/runner/.config/mycroft/skills/mycroft-singing.mycroftai/settings.json
2021-10-25 17:12:01.438 | INFO     |  5849 | mycroft.skills.skill_loader:_communicate_load_status:344 | Skill mycroft-singing.mycroftai loaded successfully
2021-10-25 17:12:01.439 | INFO     |  5849 | mycroft.skills.skill_loader:load:185 | ATTEMPTING TO LOAD SKILL: mycroft-joke.mycroftai
2021-10-25 17:12:01.448 | INFO     |  5849 | mycroft.skills.settings:get_local_settings:83 | /opt/mycroft/skills/mycroft-joke.mycroftai/settings.json
2021-10-25 17:12:01.466 | INFO     |  5849 | mycroft.skills.skill_loader:_check_for_first_run:324 | First run of mycroft-joke.mycroftai
2021-10-25 17:12:01.468 | INFO     |  5849 | mycroft.skills.settings:save_settings:116 | Skill settings successfully saved to /home/runner/.config/mycroft/skills/mycroft-joke.mycroftai/settings.json
2021-10-25 17:12:01.472 | INFO     |  5849 | mycroft.skills.skill_loader:_communicate_load_status:344 | Skill mycroft-joke.mycroftai loaded successfully
2021-10-25 17:12:01.473 | INFO     |  5849 | mycroft.skills.skill_loader:load:185 | ATTEMPTING TO LOAD SKILL: mycroft-timer.mycroftai
2021-10-25 17:12:01.519 | INFO     |  5849 | mycroft.skills.settings:get_local_settings:83 | /opt/mycroft/skills/mycroft-timer.mycroftai/settings.json
2021-10-25 17:12:01.614 | INFO     |  5849 | mycroft.skills.skill_loader:_check_for_first_run:324 | First run of mycroft-timer.mycroftai
2021-10-25 17:12:01.618 | INFO     |  5849 | mycroft.skills.settings:save_settings:116 | Skill settings successfully saved to /home/runner/.config/mycroft/skills/mycroft-timer.mycroftai/settings.json
2021-10-25 17:12:01.619 | INFO     |  5849 | mycroft.skills.skill_loader:_communicate_load_status:344 | Skill mycroft-timer.mycroftai loaded successfully
2021-10-25 17:12:01.620 | INFO     |  5849 | mycroft.skills.skill_loader:load:185 | ATTEMPTING TO LOAD SKILL: homeassistant.mycroftai
2021-10-25 17:12:02.039 | INFO     |  5849 | mycroft.skills.settings:get_local_settings:83 | /opt/mycroft/skills/homeassistant.mycroftai/settings.json
2021-10-25 17:12:02.041 | INFO     |  5849 | mycroft.skills.settings:get_local_settings:83 | /opt/mycroft/skills/homeassistant.mycroftai/settings.json
2021-10-25 17:12:02.103 | INFO     |  5849 | mycroft.skills.skill_loader:_communicate_load_status:344 | Skill homeassistant.mycroftai loaded successfully
2021-10-25 17:12:02.112 | INFO     |  5849 | mycroft.skills.skill_loader:load:185 | ATTEMPTING TO LOAD SKILL: mycroft-alarm.mycroftai
2021-10-25 17:12:02.189 | INFO     |  5849 | mycroft.skills.settings:get_local_settings:83 | /opt/mycroft/skills/mycroft-alarm.mycroftai/settings.json
2021-10-25 17:12:02.189 | ERROR    |  5849 | AlarmSkill | Couldn't allocate mixer, ALSAAudioError('No such file or directory [default]')
2021-10-25 17:12:02.310 | INFO     |  5849 | mycroft.skills.skill_loader:_check_for_first_run:324 | First run of mycroft-alarm.mycroftai
2021-10-25 17:12:02.311 | INFO     |  5849 | mycroft.skills.settings:save_settings:116 | Skill settings successfully saved to /home/runner/.config/mycroft/skills/mycroft-alarm.mycroftai/settings.json
2021-10-25 17:12:02.312 | INFO     |  5849 | mycroft.skills.skill_loader:_communicate_load_status:344 | Skill mycroft-alarm.mycroftai loaded successfully
2021-10-25 17:12:02.312 | INFO     |  5849 | mycroft.skills.skill_loader:load:185 | ATTEMPTING TO LOAD SKILL: mycroft-naptime.mycroftai
2021-10-25 17:12:02.335 | INFO     |  5849 | mycroft.skills.settings:get_local_settings:83 | /opt/mycroft/skills/mycroft-naptime.mycroftai/settings.json
2021-10-25 17:12:02.359 | INFO     |  5849 | mycroft.skills.skill_loader:_check_for_first_run:324 | First run of mycroft-naptime.mycroftai
2021-10-25 17:12:02.360 | INFO     |  5849 | mycroft.skills.settings:save_settings:116 | Skill settings successfully saved to /home/runner/.config/mycroft/skills/mycroft-naptime.mycroftai/settings.json
2021-10-25 17:12:02.361 | INFO     |  5849 | mycroft.skills.skill_loader:_communicate_load_status:344 | Skill mycroft-naptime.mycroftai loaded successfully
2021-10-25 17:12:02.361 | INFO     |  5849 | mycroft.skills.skill_loader:load:185 | ATTEMPTING TO LOAD SKILL: mycroft-spelling.mycroftai
2021-10-25 17:12:02.376 | INFO     |  5849 | mycroft.skills.settings:get_local_settings:83 | /opt/mycroft/skills/mycroft-spelling.mycroftai/settings.json
2021-10-25 17:12:02.410 | INFO     |  5849 | mycroft.skills.skill_loader:_check_for_first_run:324 | First run of mycroft-spelling.mycroftai
2021-10-25 17:12:02.411 | INFO     |  5849 | mycroft.skills.settings:save_settings:116 | Skill settings successfully saved to /home/runner/.config/mycroft/skills/mycroft-spelling.mycroftai/settings.json
2021-10-25 17:12:02.417 | INFO     |  5849 | mycroft.skills.skill_loader:_communicate_load_status:344 | Skill mycroft-spelling.mycroftai loaded successfully
2021-10-25 17:12:02.417 | INFO     |  5849 | mycroft.skills.skill_loader:load:185 | ATTEMPTING TO LOAD SKILL: mycroft-fallback-duck-duck-go.mycroftai
2021-10-25 17:12:02.433 | INFO     |  5849 | mycroft.skills.settings:get_local_settings:83 | /opt/mycroft/skills/mycroft-fallback-duck-duck-go.mycroftai/settings.json
2021-10-25 17:12:02.451 | INFO     |  5849 | mycroft.skills.skill_loader:_check_for_first_run:324 | First run of mycroft-fallback-duck-duck-go.mycroftai
2021-10-25 17:12:02.453 | INFO     |  5849 | mycroft.skills.settings:save_settings:116 | Skill settings successfully saved to /home/runner/.config/mycroft/skills/mycroft-fallback-duck-duck-go.mycroftai/settings.json
2021-10-25 17:12:02.454 | INFO     |  5849 | mycroft.skills.skill_loader:_communicate_load_status:344 | Skill mycroft-fallback-duck-duck-go.mycroftai loaded successfully
2021-10-25 17:12:02.455 | INFO     |  5849 | mycroft.skills.skill_loader:load:185 | ATTEMPTING TO LOAD SKILL: mycroft-npr-news.mycroftai
2021-10-25 17:12:02.613 | INFO     |  5849 | mycroft.skills.settings:get_local_settings:83 | /opt/mycroft/skills/mycroft-npr-news.mycroftai/settings.json
2021-10-25 17:12:03.664 | INFO     |  5849 | mycroft.skills.skill_loader:_check_for_first_run:324 | First run of mycroft-npr-news.mycroftai
2021-10-25 17:12:03.666 | INFO     |  5849 | mycroft.skills.settings:save_settings:116 | Skill settings successfully saved to /home/runner/.config/mycroft/skills/mycroft-npr-news.mycroftai/settings.json
2021-10-25 17:12:03.668 | INFO     |  5849 | mycroft.skills.skill_loader:_communicate_load_status:344 | Skill mycroft-npr-news.mycroftai loaded successfully
2021-10-25 17:12:03.668 | INFO     |  5849 | mycroft.skills.skill_loader:load:185 | ATTEMPTING TO LOAD SKILL: mycroft-support-helper.mycroftai
2021-10-25 17:12:03.676 | INFO     |  5849 | mycroft.skills.settings:get_local_settings:83 | /opt/mycroft/skills/mycroft-support-helper.mycroftai/settings.json
2021-10-25 17:12:03.687 | INFO     |  5849 | mycroft.skills.skill_loader:_check_for_first_run:324 | First run of mycroft-support-helper.mycroftai
2021-10-25 17:12:03.690 | INFO     |  5849 | mycroft.skills.settings:save_settings:116 | Skill settings successfully saved to /home/runner/.config/mycroft/skills/mycroft-support-helper.mycroftai/settings.json
2021-10-25 17:12:03.691 | INFO     |  5849 | mycroft.skills.skill_loader:_communicate_load_status:344 | Skill mycroft-support-helper.mycroftai loaded successfully
2021-10-25 17:12:03.692 | INFO     |  5849 | mycroft.skills.skill_loader:load:185 | ATTEMPTING TO LOAD SKILL: mycroft-weather.mycroftai
2021-10-25 17:12:03.713 | INFO     |  5849 | mycroft.skills.settings:get_local_settings:83 | /opt/mycroft/skills/mycroft-weather.mycroftai/settings.json
2021-10-25 17:12:03.814 | INFO     |  5849 | mycroft.skills.skill_loader:_check_for_first_run:324 | First run of mycroft-weather.mycroftai
2021-10-25 17:12:03.822 | INFO     |  5849 | mycroft.skills.settings:save_settings:116 | Skill settings successfully saved to /home/runner/.config/mycroft/skills/mycroft-weather.mycroftai/settings.json
2021-10-25 17:12:03.824 | INFO     |  5849 | mycroft.skills.skill_loader:_communicate_load_status:344 | Skill mycroft-weather.mycroftai loaded successfully
2021-10-25 17:12:03.825 | INFO     |  5849 | mycroft.skills.skill_loader:load:185 | ATTEMPTING TO LOAD SKILL: mycroft-speak.mycroftai
2021-10-25 17:12:03.832 | INFO     |  5849 | mycroft.skills.settings:get_local_settings:83 | /opt/mycroft/skills/mycroft-speak.mycroftai/settings.json
2021-10-25 17:12:03.867 | INFO     |  5849 | mycroft.skills.skill_loader:_check_for_first_run:324 | First run of mycroft-speak.mycroftai
2021-10-25 17:12:03.867 | INFO     |  5849 | mycroft.skills.settings:save_settings:116 | Skill settings successfully saved to /home/runner/.config/mycroft/skills/mycroft-speak.mycroftai/settings.json
2021-10-25 17:12:03.872 | INFO     |  5849 | mycroft.skills.skill_loader:_communicate_load_status:344 | Skill mycroft-speak.mycroftai loaded successfully
2021-10-25 17:12:03.873 | INFO     |  5849 | mycroft.skills.skill_loader:load:185 | ATTEMPTING TO LOAD SKILL: mycroft-audio-record.mycroftai
2021-10-25 17:12:03.886 | INFO     |  5849 | mycroft.skills.settings:get_local_settings:83 | /opt/mycroft/skills/mycroft-audio-record.mycroftai/settings.json
2021-10-25 17:12:03.920 | INFO     |  5849 | mycroft.skills.skill_loader:_check_for_first_run:324 | First run of mycroft-audio-record.mycroftai
2021-10-25 17:12:03.921 | INFO     |  5849 | mycroft.skills.settings:save_settings:116 | Skill settings successfully saved to /home/runner/.config/mycroft/skills/mycroft-audio-record.mycroftai/settings.json
2021-10-25 17:12:03.928 | INFO     |  5849 | mycroft.skills.skill_loader:_communicate_load_status:344 | Skill mycroft-audio-record.mycroftai loaded successfully
2021-10-25 17:12:03.928 | INFO     |  5849 | mycroft.skills.skill_loader:load:185 | ATTEMPTING TO LOAD SKILL: mycroft-stop.mycroftai
2021-10-25 17:12:03.936 | INFO     |  5849 | mycroft.skills.settings:get_local_settings:83 | /opt/mycroft/skills/mycroft-stop.mycroftai/settings.json
2021-10-25 17:12:03.970 | INFO     |  5849 | mycroft.skills.skill_loader:_check_for_first_run:324 | First run of mycroft-stop.mycroftai
2021-10-25 17:12:03.971 | INFO     |  5849 | mycroft.skills.settings:save_settings:116 | Skill settings successfully saved to /home/runner/.config/mycroft/skills/mycroft-stop.mycroftai/settings.json
2021-10-25 17:12:03.981 | INFO     |  5849 | mycroft.skills.skill_loader:_communicate_load_status:344 | Skill mycroft-stop.mycroftai loaded successfully
2021-10-25 17:12:03.982 | INFO     |  5849 | mycroft.skills.skill_loader:load:185 | ATTEMPTING TO LOAD SKILL: mycroft-hello-world.mycroftai
2021-10-25 17:12:03.986 | INFO     |  5849 | mycroft.skills.settings:get_local_settings:83 | /opt/mycroft/skills/mycroft-hello-world.mycroftai/settings.json
2021-10-25 17:12:04.019 | INFO     |  5849 | mycroft.skills.skill_loader:_check_for_first_run:324 | First run of mycroft-hello-world.mycroftai
2021-10-25 17:12:04.020 | INFO     |  5849 | mycroft.skills.settings:save_settings:116 | Skill settings successfully saved to /home/runner/.config/mycroft/skills/mycroft-hello-world.mycroftai/settings.json
2021-10-25 17:12:04.026 | INFO     |  5849 | mycroft.skills.skill_loader:_communicate_load_status:344 | Skill mycroft-hello-world.mycroftai loaded successfully
2021-10-25 17:12:04.027 | INFO     |  5849 | mycroft.skills.skill_loader:load:185 | ATTEMPTING TO LOAD SKILL: mycroft-date-time.mycroftai
2021-10-25 17:12:04.894 | INFO     |  5849 | mycroft.skills.settings:get_local_settings:83 | /opt/mycroft/skills/mycroft-date-time.mycroftai/settings.json
2021-10-25 17:12:04.955 | INFO     |  5849 | TimeSkill | Registering resting screen <bound method TimeSkill.handle_idle of <mycroft-date-time_mycroftai.TimeSkill object at 0x7fab3c75a1d0>> for Time and Date.
2021-10-25 17:12:04.957 | INFO     |  5849 | TimeSkill | Registering resting screen
2021-10-25 17:12:04.962 | INFO     |  5849 | mycroft.skills.skill_loader:_check_for_first_run:324 | First run of mycroft-date-time.mycroftai
2021-10-25 17:12:04.970 | INFO     |  5849 | mycroft.skills.settings:save_settings:116 | Skill settings successfully saved to /home/runner/.config/mycroft/skills/mycroft-date-time.mycroftai/settings.json
2021-10-25 17:12:05.281 | INFO     |  5849 | mycroft.skills.skill_loader:_communicate_load_status:344 | Skill mycroft-date-time.mycroftai loaded successfully
2021-10-25 17:12:05.282 | INFO     |  5849 | mycroft.skills.skill_loader:load:185 | ATTEMPTING TO LOAD SKILL: mycroft-configuration.mycroftai
2021-10-25 17:12:05.297 | INFO     |  5849 | mycroft.skills.settings:get_local_settings:83 | /opt/mycroft/skills/mycroft-configuration.mycroftai/settings.json
2021-10-25 17:12:05.440 | INFO     |  5849 | mycroft.skills.skill_loader:_check_for_first_run:324 | First run of mycroft-configuration.mycroftai
2021-10-25 17:12:05.442 | INFO     |  5849 | mycroft.skills.settings:save_settings:116 | Skill settings successfully saved to /home/runner/.config/mycroft/skills/mycroft-configuration.mycroftai/settings.json
2021-10-25 17:12:05.453 | INFO     |  5849 | mycroft.skills.skill_loader:_communicate_load_status:344 | Skill mycroft-configuration.mycroftai loaded successfully
2021-10-25 17:12:05.454 | INFO     |  5849 | mycroft.skills.skill_loader:load:185 | ATTEMPTING TO LOAD SKILL: fallback-query.mycroftai
2021-10-25 17:12:05.466 | INFO     |  5849 | mycroft.skills.settings:get_local_settings:83 | /opt/mycroft/skills/fallback-query.mycroftai/settings.json
2021-10-25 17:12:05.481 | INFO     |  5849 | mycroft.skills.skill_loader:_check_for_first_run:324 | First run of fallback-query.mycroftai
2021-10-25 17:12:05.482 | INFO     |  5849 | mycroft.skills.settings:save_settings:116 | Skill settings successfully saved to /home/runner/.config/mycroft/skills/fallback-query.mycroftai/settings.json
2021-10-25 17:12:05.488 | INFO     |  5849 | mycroft.skills.skill_loader:_communicate_load_status:344 | Skill fallback-query.mycroftai loaded successfully
2021-10-25 17:12:05.489 | INFO     |  5849 | mycroft.skills.skill_loader:load:185 | ATTEMPTING TO LOAD SKILL: mycroft-personal.mycroftai
2021-10-25 17:12:05.509 | INFO     |  5849 | mycroft.skills.settings:get_local_settings:83 | /opt/mycroft/skills/mycroft-personal.mycroftai/settings.json
2021-10-25 17:12:05.527 | INFO     |  5849 | mycroft.skills.skill_loader:_check_for_first_run:324 | First run of mycroft-personal.mycroftai
2021-10-25 17:12:05.528 | INFO     |  5849 | mycroft.skills.settings:save_settings:116 | Skill settings successfully saved to /home/runner/.config/mycroft/skills/mycroft-personal.mycroftai/settings.json
2021-10-25 17:12:05.556 | INFO     |  5849 | mycroft.skills.skill_loader:_communicate_load_status:344 | Skill mycroft-personal.mycroftai loaded successfully
2021-10-25 17:12:05.561 | INFO     |  5849 | mycroft.skills.skill_loader:load:185 | ATTEMPTING TO LOAD SKILL: fallback-wolfram-alpha.mycroftai
2021-10-25 17:12:05.616 | INFO     |  5849 | mycroft.skills.settings:get_local_settings:83 | /opt/mycroft/skills/fallback-wolfram-alpha.mycroftai/settings.json
2021-10-25 17:12:05.645 | INFO     |  5849 | mycroft.skills.skill_loader:_check_for_first_run:324 | First run of fallback-wolfram-alpha.mycroftai
2021-10-25 17:12:05.646 | INFO     |  5849 | mycroft.skills.settings:save_settings:116 | Skill settings successfully saved to /home/runner/.config/mycroft/skills/fallback-wolfram-alpha.mycroftai/settings.json
2021-10-25 17:12:05.683 | INFO     |  5849 | mycroft.skills.skill_loader:_communicate_load_status:344 | Skill fallback-wolfram-alpha.mycroftai loaded successfully
2021-10-25 17:12:05.684 | INFO     |  5849 | mycroft.skills.skill_loader:load:185 | ATTEMPTING TO LOAD SKILL: mycroft-wiki.mycroftai
2021-10-25 17:12:05.693 | INFO     |  5849 | mycroft.skills.settings:get_local_settings:83 | /opt/mycroft/skills/mycroft-wiki.mycroftai/settings.json
2021-10-25 17:12:05.754 | INFO     |  5849 | mycroft.skills.skill_loader:_check_for_first_run:324 | First run of mycroft-wiki.mycroftai
2021-10-25 17:12:05.757 | INFO     |  5849 | mycroft.skills.settings:save_settings:116 | Skill settings successfully saved to /home/runner/.config/mycroft/skills/mycroft-wiki.mycroftai/settings.json
2021-10-25 17:12:05.787 | INFO     |  5849 | mycroft.skills.skill_loader:_communicate_load_status:344 | Skill mycroft-wiki.mycroftai loaded successfully
2021-10-25 17:12:05.790 | INFO     |  5849 | mycroft.skills.skill_loader:load:185 | ATTEMPTING TO LOAD SKILL: fallback-unknown.mycroftai
2021-10-25 17:12:05.799 | INFO     |  5849 | mycroft.skills.settings:get_local_settings:83 | /opt/mycroft/skills/fallback-unknown.mycroftai/settings.json
2021-10-25 17:12:05.816 | INFO     |  5849 | mycroft.skills.skill_loader:_check_for_first_run:324 | First run of fallback-unknown.mycroftai
2021-10-25 17:12:05.817 | INFO     |  5849 | mycroft.skills.settings:save_settings:116 | Skill settings successfully saved to /home/runner/.config/mycroft/skills/fallback-unknown.mycroftai/settings.json
2021-10-25 17:12:05.826 | INFO     |  5849 | mycroft.skills.skill_loader:_communicate_load_status:344 | Skill fallback-unknown.mycroftai loaded successfully
2021-10-25 17:12:05.838 | INFO     |  5849 | mycroft.skills.skill_loader:load:185 | ATTEMPTING TO LOAD SKILL: mycroft-playback-control.mycroftai
2021-10-25 17:12:05.856 | INFO     |  5849 | mycroft.skills.settings:get_local_settings:83 | /opt/mycroft/skills/mycroft-playback-control.mycroftai/settings.json
2021-10-25 17:12:05.947 | INFO     |  5849 | mycroft.skills.skill_loader:_check_for_first_run:324 | First run of mycroft-playback-control.mycroftai
2021-10-25 17:12:05.976 | INFO     |  5849 | mycroft.skills.settings:save_settings:116 | Skill settings successfully saved to /home/runner/.config/mycroft/skills/mycroft-playback-control.mycroftai/settings.json
2021-10-25 17:12:05.977 | INFO     |  5849 | mycroft.skills.skill_loader:_communicate_load_status:344 | Skill mycroft-playback-control.mycroftai loaded successfully
2021-10-25 17:12:05.977 | INFO     |  5849 | mycroft.skills.skill_manager:_load_on_startup:275 | Skills all loaded!
2021-10-25 17:12:06.097 | INFO     |  5849 | __main__:on_ready:185 | Skills service is ready.
2021-10-25 17:12:06.116 | INFO     |  5849 | mycroft.skills.intent_services.padatious_service:train:151 | Training... (single_thread=False)
Regenerated mycroft-alarm.mycroftai:{daytype}.
2021-10-25 17:12:09.279 | INFO     |  5849 | mycroft.skills.settings:save_settings:116 | Skill settings successfully saved to /home/runner/.config/mycroft/skills/mycroft-pairing.mycroftai/settings.json
2021-10-25 17:12:09.513 | INFO     |  5849 | mycroft.skills.settings:save_settings:116 | Skill settings successfully saved to /home/runner/.config/mycroft/skills/mycroft-timer.mycroftai/settings.json
Regenerated mycroft-reminder.mycroftai:GetRemindersForDay.intent.
Regenerated mycroft-installer.mycroftai:install.intent.
Regenerated mycroft-installer.mycroftai:is.installed.intent.
Regenerated mycroft-installer.mycroftai:install.custom.intent.
Regenerated mycroft-installer.mycroftai:install.beta.intent.
Regenerated mycroft-installer.mycroftai:list.skills.intent.
Regenerated mycroft-installer.mycroftai:remove.intent.
Regenerated mycroft-timer.mycroftai:start.timer.intent.
Regenerated mycroft-timer.mycroftai:timer.status.intent.
Regenerated homeassistant.mycroftai:cover.open.intent.
Regenerated homeassistant.mycroftai:increase.light.brightness.intent.
Regenerated homeassistant.mycroftai:add.item.shopping.list.intent.
Regenerated homeassistant.mycroftai:set.light.brightness.intent.
Regenerated homeassistant.mycroftai:tracker.intent.
Regenerated homeassistant.mycroftai:turn.on.intent.
Regenerated homeassistant.mycroftai:turn.off.intent.
Regenerated mycroft-alarm.mycroftai:snooze.intent.
Regenerated mycroft-npr-news.mycroftai:PlayTheNews.intent.
Regenerated mycroft-support-helper.mycroftai:contact.support.intent.
Regenerated mycroft-weather.mycroftai:do-i-need-an-umbrella.intent.
Regenerated mycroft-audio-record.mycroftai:StartRecording.intent.
Regenerated mycroft-audio-record.mycroftai:PlayRecording.intent.
Regenerated mycroft-stop.mycroftai:shutdown.intent.
Regenerated mycroft-stop.mycroftai:reboot.intent.
Regenerated mycroft-stop.mycroftai:wifi.setup.intent.
Regenerated mycroft-stop.mycroftai:ssh.enable.intent.
Regenerated mycroft-stop.mycroftai:ssh.disable.intent.
Regenerated mycroft-hello-world.mycroftai:HowAreYou.intent.
Regenerated mycroft-date-time.mycroftai:date.future.weekend.intent.
Regenerated mycroft-date-time.mycroftai:what.time.will.it.be.intent.
Regenerated mycroft-date-time.mycroftai:what.time.is.it.intent.
Regenerated mycroft-date-time.mycroftai:date.last.weekend.intent.
Regenerated mycroft-configuration.mycroftai:WhereAreYou.intent.
Regenerated mycroft-configuration.mycroftai:DisablePreciseDev.intent.
Regenerated mycroft-configuration.mycroftai:EnablePreciseDev.intent.
Regenerated mycroft-personal.mycroftai:DoYouRhyme.intent.
Regenerated mycroft-personal.mycroftai:WhereWereYouBorn.intent.
Regenerated mycroft-personal.mycroftai:WhoMadeYou.intent.
Regenerated mycroft-personal.mycroftai:WhenWereYouBorn.intent.
Regenerated mycroft-personal.mycroftai:WhatAreYou.intent.
Regenerated mycroft-reminder.mycroftai:CancelActiveReminder.intent.
Regenerated mycroft-reminder.mycroftai:Reminder.intent.
Regenerated mycroft-reminder.mycroftai:ReminderAt.intent.
Regenerated mycroft-reminder.mycroftai:DeleteReminderForDay.intent.
Regenerated mycroft-reminder.mycroftai:GetNextReminders.intent.
Regenerated mycroft-reminder.mycroftai:SnoozeReminder.intent.
Regenerated mycroft-reminder.mycroftai:UnspecifiedReminderAt.intent.
Regenerated mycroft-reminder.mycroftai:ClearReminders.intent.
Regenerated homeassistant.mycroftai:sensor.intent.
Regenerated homeassistant.mycroftai:cover.close.intent.
Regenerated homeassistant.mycroftai:cover.stop.intent.
Regenerated homeassistant.mycroftai:decrease.light.brightness.intent.
Regenerated homeassistant.mycroftai:set.climate.intent.
Regenerated homeassistant.mycroftai:toggle.intent.
Regenerated homeassistant.mycroftai:automation.intent.
Regenerated mycroft-alarm.mycroftai:change.alarm.sound.intent.
Regenerated mycroft-personal.mycroftai:DoYouDream.intent.
Regenerated mycroft-personal.mycroftai:WhoAreYou.intent.
Regenerated mycroft-wiki.mycroftai:Random.intent.
2021-10-25 17:12:10.059 | INFO     |  5849 | mycroft.skills.intent_services.padatious_service:train:153 | Training complete.
2021-10-25 17:12:52.599 | INFO     |  5849 | __main__:on_stopping:193 | Skills service is shutting down...
2021-10-25 17:12:52.600 | INFO     |  5849 | __main__:shutdown:284 | Shutting down Skills service
2021-10-25 17:12:52.783 | ERROR    |  5849 | VolumeSkill | Couldn't allocate mixer, ALSAAudioError('No such file or directory [default]')
2021-10-25 17:12:52.785 | INFO     |  5849 | mycroft.skills.settings:save_settings:116 | Skill settings successfully saved to /home/runner/.config/mycroft/skills/mycroft-volume.mycroftai/settings.json
2021-10-25 17:12:52.787 | INFO     |  5849 | mycroft.skills.settings:save_settings:116 | Skill settings successfully saved to /home/runner/.config/mycroft/skills/mycroft-ip.mycroftai/settings.json
2021-10-25 17:12:52.795 | INFO     |  5849 | mycroft.skills.settings:save_settings:116 | Skill settings successfully saved to /home/runner/.config/mycroft/skills/mycroft-reminder.mycroftai/settings.json
2021-10-25 17:12:52.806 | INFO     |  5849 | mycroft.skills.settings:save_settings:116 | Skill settings successfully saved to /home/runner/.config/mycroft/skills/mycroft-installer.mycroftai/settings.json
2021-10-25 17:12:52.809 | INFO     |  5849 | mycroft.skills.settings:save_settings:116 | Skill settings successfully saved to /home/runner/.config/mycroft/skills/mycroft-version-checker.mycroftai/settings.json
2021-10-25 17:12:52.829 | INFO     |  5849 | mycroft.skills.settings:save_settings:116 | Skill settings successfully saved to /home/runner/.config/mycroft/skills/mycroft-singing.mycroftai/settings.json
2021-10-25 17:12:52.831 | INFO     |  5849 | mycroft.skills.settings:save_settings:116 | Skill settings successfully saved to /home/runner/.config/mycroft/skills/mycroft-joke.mycroftai/settings.json
2021-10-25 17:12:52.842 | INFO     |  5849 | HomeAssistantSkill | Removing all handlers...
2021-10-25 17:12:52.843 | WARNING  |  5849 | mycroft.skills.fallback_skill:remove_fallback:185 | Could not find matching fallback handler
2021-10-25 17:12:52.846 | INFO     |  5849 | mycroft.skills.settings:save_settings:116 | Skill settings successfully saved to /home/runner/.config/mycroft/skills/mycroft-alarm.mycroftai/settings.json
2021-10-25 17:12:52.847 | INFO     |  5849 | mycroft.skills.settings:save_settings:116 | Skill settings successfully saved to /home/runner/.config/mycroft/skills/mycroft-naptime.mycroftai/settings.json
2021-10-25 17:12:52.862 | INFO     |  5849 | mycroft.skills.settings:save_settings:116 | Skill settings successfully saved to /home/runner/.config/mycroft/skills/mycroft-spelling.mycroftai/settings.json
2021-10-25 17:12:52.870 | INFO     |  5849 | mycroft.skills.settings:save_settings:116 | Skill settings successfully saved to /home/runner/.config/mycroft/skills/mycroft-fallback-duck-duck-go.mycroftai/settings.json
2021-10-25 17:12:52.874 | INFO     |  5849 | mycroft.skills.settings:save_settings:116 | Skill settings successfully saved to /home/runner/.config/mycroft/skills/mycroft-npr-news.mycroftai/settings.json
2021-10-25 17:12:52.876 | INFO     |  5849 | mycroft.skills.settings:save_settings:116 | Skill settings successfully saved to /home/runner/.config/mycroft/skills/mycroft-support-helper.mycroftai/settings.json
2021-10-25 17:12:52.877 | INFO     |  5849 | mycroft.skills.settings:save_settings:116 | Skill settings successfully saved to /home/runner/.config/mycroft/skills/mycroft-weather.mycroftai/settings.json
2021-10-25 17:12:52.890 | INFO     |  5849 | mycroft.skills.settings:save_settings:116 | Skill settings successfully saved to /home/runner/.config/mycroft/skills/mycroft-speak.mycroftai/settings.json
2021-10-25 17:12:52.905 | INFO     |  5849 | mycroft.skills.settings:save_settings:116 | Skill settings successfully saved to /home/runner/.config/mycroft/skills/mycroft-audio-record.mycroftai/settings.json
2021-10-25 17:12:52.906 | INFO     |  5849 | mycroft.skills.settings:save_settings:116 | Skill settings successfully saved to /home/runner/.config/mycroft/skills/mycroft-stop.mycroftai/settings.json
2021-10-25 17:12:52.908 | INFO     |  5849 | mycroft.skills.settings:save_settings:116 | Skill settings successfully saved to /home/runner/.config/mycroft/skills/mycroft-hello-world.mycroftai/settings.json
2021-10-25 17:12:52.910 | INFO     |  5849 | mycroft.skills.settings:save_settings:116 | Skill settings successfully saved to /home/runner/.config/mycroft/skills/mycroft-date-time.mycroftai/settings.json
2021-10-25 17:12:52.926 | INFO     |  5849 | mycroft.skills.settings:save_settings:116 | Skill settings successfully saved to /home/runner/.config/mycroft/skills/mycroft-configuration.mycroftai/settings.json
2021-10-25 17:12:52.934 | INFO     |  5849 | QuestionsAnswersSkill | Removing all handlers...
2021-10-25 17:12:52.935 | INFO     |  5849 | mycroft.skills.settings:save_settings:116 | Skill settings successfully saved to /home/runner/.config/mycroft/skills/fallback-query.mycroftai/settings.json
2021-10-25 17:12:52.944 | INFO     |  5849 | mycroft.skills.settings:save_settings:116 | Skill settings successfully saved to /home/runner/.config/mycroft/skills/mycroft-personal.mycroftai/settings.json
2021-10-25 17:12:52.945 | INFO     |  5849 | mycroft.skills.settings:save_settings:116 | Skill settings successfully saved to /home/runner/.config/mycroft/skills/fallback-wolfram-alpha.mycroftai/settings.json
2021-10-25 17:12:52.946 | INFO     |  5849 | mycroft.skills.settings:save_settings:116 | Skill settings successfully saved to /home/runner/.config/mycroft/skills/mycroft-wiki.mycroftai/settings.json
2021-10-25 17:12:52.947 | INFO     |  5849 | UnknownSkill | Removing all handlers...
2021-10-25 17:12:52.967 | INFO     |  5849 | mycroft.skills.settings:save_settings:116 | Skill settings successfully saved to /home/runner/.config/mycroft/skills/fallback-unknown.mycroftai/settings.json
2021-10-25 17:12:52.976 | INFO     |  5849 | mycroft.skills.settings:save_settings:116 | Skill settings successfully saved to /home/runner/.config/mycroft/skills/mycroft-playback-control.mycroftai/settings.json
2021-10-25 17:12:53.978 | INFO     |  5849 | Playback Control Skill | Audio service status: {}
2021-10-25 17:12:54.979 | WARNING  |  5849 | mycroft.skills.skill_manager:_shutdown_skill:106 | mycroft-playback-control.mycroftai shutdown took 2.010504640000022 seconds
2021-10-25 17:12:54.980 | INFO     |  5849 | __main__:shutdown:291 | Skills service shutdown complete!
2021-10-25 17:12:56.449 | ERROR    |  5849 | websocket | error from callback <bound method MessageBusClient.on_message of <mycroft.messagebus.client.client.MessageBusClient object at 0x7fab44e5cf90>>: cannot schedule new futures after shutdown
2021-10-25 17:12:56.452 | ERROR    |  5849 | websocket | error from callback <bound method MessageBusClient.on_message of <mycroft.messagebus.client.client.MessageBusClient object at 0x7fab44e5cf90>>: cannot schedule new futures after shutdown
2021-10-25 17:12:56.454 | ERROR    |  5849 | websocket | error from callback <bound method MessageBusClient.on_message of <mycroft.messagebus.client.client.MessageBusClient object at 0x7fab44e5cf90>>: cannot schedule new futures after shutdown
2021-10-25 17:12:56.456 | ERROR    |  5849 | websocket | error from callback <bound method MessageBusClient.on_message of <mycroft.messagebus.client.client.MessageBusClient object at 0x7fab44e5cf90>>: cannot schedule new futures after shutdown
2021-10-25 17:12:56.458 | ERROR    |  5849 | websocket | error from callback <bound method MessageBusClient.on_message of <mycroft.messagebus.client.client.MessageBusClient object at 0x7fab44e5cf90>>: cannot schedule new futures after shutdown
