2021-10-25 17:10:58.218 | INFO     |  5855 | mycroft.messagebus.load_config:load_message_bus_config:33 | Loading message bus configs
2021-10-25 17:10:58.222 | INFO     |  5855 | mycroft_bus_client.client.client | Connected
2021-10-25 17:10:58.224 | INFO     |  5855 | mycroft.util.process_utils:start_message_bus_client:155 | Connected to messagebus
ALSA lib confmisc.c:767:(parse_card) cannot find card '0'
ALSA lib conf.c:4732:(_snd_config_evaluate) function snd_func_card_driver returned error: No such file or directory
ALSA lib confmisc.c:392:(snd_func_concat) error evaluating strings
ALSA lib conf.c:4732:(_snd_config_evaluate) function snd_func_concat returned error: No such file or directory
ALSA lib confmisc.c:1246:(snd_func_refer) error evaluating name
ALSA lib conf.c:4732:(_snd_config_evaluate) function snd_func_refer returned error: No such file or directory
ALSA lib conf.c:5220:(snd_config_expand) Evaluate error: No such file or directory
ALSA lib pcm.c:2642:(snd_pcm_open_noupdate) Unknown PCM sysdefault
ALSA lib confmisc.c:767:(parse_card) cannot find card '0'
ALSA lib conf.c:4732:(_snd_config_evaluate) function snd_func_card_driver returned error: No such file or directory
ALSA lib confmisc.c:392:(snd_func_concat) error evaluating strings
ALSA lib conf.c:4732:(_snd_config_evaluate) function snd_func_concat returned error: No such file or directory
ALSA lib confmisc.c:1246:(snd_func_refer) error evaluating name
ALSA lib conf.c:4732:(_snd_config_evaluate) function snd_func_refer returned error: No such file or directory
ALSA lib conf.c:5220:(snd_config_expand) Evaluate error: No such file or directory
ALSA lib pcm.c:2642:(snd_pcm_open_noupdate) Unknown PCM sysdefault
ALSA lib pcm.c:2642:(snd_pcm_open_noupdate) Unknown PCM cards.pcm.front
ALSA lib pcm.c:2642:(snd_pcm_open_noupdate) Unknown PCM cards.pcm.rear
ALSA lib pcm.c:2642:(snd_pcm_open_noupdate) Unknown PCM cards.pcm.center_lfe
ALSA lib pcm.c:2642:(snd_pcm_open_noupdate) Unknown PCM cards.pcm.side
ALSA lib pcm.c:2642:(snd_pcm_open_noupdate) Unknown PCM cards.pcm.surround21
ALSA lib pcm.c:2642:(snd_pcm_open_noupdate) Unknown PCM cards.pcm.surround21
ALSA lib pcm.c:2642:(snd_pcm_open_noupdate) Unknown PCM cards.pcm.surround40
ALSA lib pcm.c:2642:(snd_pcm_open_noupdate) Unknown PCM cards.pcm.surround41
ALSA lib pcm.c:2642:(snd_pcm_open_noupdate) Unknown PCM cards.pcm.surround50
ALSA lib pcm.c:2642:(snd_pcm_open_noupdate) Unknown PCM cards.pcm.surround51
ALSA lib pcm.c:2642:(snd_pcm_open_noupdate) Unknown PCM cards.pcm.surround71
ALSA lib pcm.c:2642:(snd_pcm_open_noupdate) Unknown PCM cards.pcm.iec958
ALSA lib pcm.c:2642:(snd_pcm_open_noupdate) Unknown PCM cards.pcm.iec958
ALSA lib pcm.c:2642:(snd_pcm_open_noupdate) Unknown PCM cards.pcm.iec958
ALSA lib pcm.c:2642:(snd_pcm_open_noupdate) Unknown PCM cards.pcm.hdmi
ALSA lib pcm.c:2642:(snd_pcm_open_noupdate) Unknown PCM cards.pcm.hdmi
ALSA lib pcm.c:2642:(snd_pcm_open_noupdate) Unknown PCM cards.pcm.modem
ALSA lib pcm.c:2642:(snd_pcm_open_noupdate) Unknown PCM cards.pcm.modem
ALSA lib pcm.c:2642:(snd_pcm_open_noupdate) Unknown PCM cards.pcm.phoneline
ALSA lib pcm.c:2642:(snd_pcm_open_noupdate) Unknown PCM cards.pcm.phoneline
ALSA lib pcm_hw.c:1829:(_snd_pcm_hw_open) Invalid value for card
ALSA lib pcm_hw.c:1829:(_snd_pcm_hw_open) Invalid value for card
ALSA lib pcm_hw.c:1829:(_snd_pcm_hw_open) Invalid value for card
ALSA lib pcm_hw.c:1829:(_snd_pcm_hw_open) Invalid value for card
ALSA lib pcm_oss.c:377:(_snd_pcm_oss_open) Unknown field port
ALSA lib pcm_oss.c:377:(_snd_pcm_oss_open) Unknown field port
ALSA lib pulse.c:242:(pulse_connect) PulseAudio: Unable to connect: Connection refused

ALSA lib pulse.c:242:(pulse_connect) PulseAudio: Unable to connect: Connection refused

ALSA lib pcm_hw.c:1829:(_snd_pcm_hw_open) Invalid value for card
ALSA lib pcm_hw.c:1829:(_snd_pcm_hw_open) Invalid value for card
ALSA lib pcm_hw.c:1829:(_snd_pcm_hw_open) Invalid value for card
ALSA lib pcm_hw.c:1829:(_snd_pcm_hw_open) Invalid value for card
ALSA lib pcm_usb_stream.c:486:(_snd_pcm_usb_stream_open) Invalid type for card
ALSA lib pcm_usb_stream.c:486:(_snd_pcm_usb_stream_open) Invalid type for card
ALSA lib confmisc.c:767:(parse_card) cannot find card '0'
ALSA lib conf.c:4732:(_snd_config_evaluate) function snd_func_card_driver returned error: No such file or directory
ALSA lib confmisc.c:392:(snd_func_concat) error evaluating strings
ALSA lib conf.c:4732:(_snd_config_evaluate) function snd_func_concat returned error: No such file or directory
ALSA lib confmisc.c:1246:(snd_func_refer) error evaluating name
ALSA lib conf.c:4732:(_snd_config_evaluate) function snd_func_refer returned error: No such file or directory
ALSA lib conf.c:5220:(snd_config_expand) Evaluate error: No such file or directory
ALSA lib pcm.c:2642:(snd_pcm_open_noupdate) Unknown PCM default
ALSA lib confmisc.c:767:(parse_card) cannot find card '0'
ALSA lib conf.c:4732:(_snd_config_evaluate) function snd_func_card_driver returned error: No such file or directory
ALSA lib confmisc.c:392:(snd_func_concat) error evaluating strings
ALSA lib conf.c:4732:(_snd_config_evaluate) function snd_func_concat returned error: No such file or directory
ALSA lib confmisc.c:1246:(snd_func_refer) error evaluating name
ALSA lib conf.c:4732:(_snd_config_evaluate) function snd_func_refer returned error: No such file or directory
ALSA lib conf.c:5220:(snd_config_expand) Evaluate error: No such file or directory
ALSA lib pcm.c:2642:(snd_pcm_open_noupdate) Unknown PCM default
ALSA lib confmisc.c:767:(parse_card) cannot find card '0'
ALSA lib conf.c:4732:(_snd_config_evaluate) function snd_func_card_driver returned error: No such file or directory
ALSA lib confmisc.c:392:(snd_func_concat) error evaluating strings
ALSA lib conf.c:4732:(_snd_config_evaluate) function snd_func_concat returned error: No such file or directory
ALSA lib confmisc.c:1246:(snd_func_refer) error evaluating name
ALSA lib conf.c:4732:(_snd_config_evaluate) function snd_func_refer returned error: No such file or directory
ALSA lib conf.c:5220:(snd_config_expand) Evaluate error: No such file or directory
ALSA lib pcm.c:2642:(snd_pcm_open_noupdate) Unknown PCM dmix
2021-10-25 17:10:58.292 | INFO     |  5855 | mycroft.client.speech.listener:create_wake_word_recognizer:328 | Creating wake word engine
2021-10-25 17:10:58.292 | INFO     |  5855 | mycroft.client.speech.listener:create_wake_word_recognizer:351 | Using hotword entry for hey mycroft
2021-10-25 17:10:58.293 | INFO     |  5855 | mycroft.client.speech.hotword_factory:load_module:500 | Loading "hey mycroft" wake word via precise
2021-10-25 17:10:58.501 | INFO     |  5855 | mycroft.client.speech.hotword_factory:on_download:322 | Downloading Precise executable...
2021-10-25 17:11:01.969 | INFO     |  5855 | mycroft.client.speech.hotword_factory:on_complete:342 | Precise download complete!
2021-10-25 17:11:02.402 | INFO     |  5855 | mycroft.client.speech.hotword_factory:load_module:500 | Loading "hey mycroft" wake word via pocketsphinx
2021-10-25 17:11:02.507 | INFO     |  5855 | mycroft.client.speech.listener:create_wakeup_recognizer:365 | creating stand up word engine
2021-10-25 17:11:02.507 | INFO     |  5855 | mycroft.client.speech.hotword_factory:load_module:500 | Loading "wake up" wake word via pocketsphinx
2021-10-25 17:11:02.614 | INFO     |  5855 | __main__:on_ready:179 | Speech client is ready.
2021-10-25 17:11:03.117 | INFO     |  5855 | mycroft.client.speech.listener:create_wake_word_recognizer:328 | Creating wake word engine
2021-10-25 17:11:03.118 | INFO     |  5855 | mycroft.client.speech.listener:create_wake_word_recognizer:351 | Using hotword entry for hey mycroft
2021-10-25 17:11:03.118 | INFO     |  5855 | mycroft.client.speech.hotword_factory:load_module:500 | Loading "hey mycroft" wake word via precise
2021-10-25 17:11:03.546 | INFO     |  5855 | mycroft.client.speech.hotword_factory:<lambda>:306 | Updated precise model
2021-10-25 17:11:03.657 | INFO     |  5855 | mycroft.client.speech.listener:create_wakeup_recognizer:365 | creating stand up word engine
2021-10-25 17:11:03.658 | INFO     |  5855 | mycroft.client.speech.hotword_factory:load_module:500 | Loading "wake up" wake word via pocketsphinx
2021-10-25 17:12:01.405 | ERROR    |  5855 | concurrent.futures | exception calling callback for <Future at 0x7f1958fdb510 state=finished raised FileExistsError>
Traceback (most recent call last):
  File "/opt/hostedtoolcache/Python/3.7.12/x64/lib/python3.7/concurrent/futures/_base.py", line 324, in _invoke_callbacks
    callback(self)
  File "/opt/mycroft-core/.venv/lib/python3.7/site-packages/pyee/_executor.py", line 56, in _callback
    self.emit('error', exc)
  File "/opt/mycroft-core/.venv/lib/python3.7/site-packages/pyee/_base.py", line 116, in emit
    self._emit_handle_potential_error(event, args[0] if args else None)
  File "/opt/mycroft-core/.venv/lib/python3.7/site-packages/pyee/_base.py", line 86, in _emit_handle_potential_error
    raise error
  File "/opt/hostedtoolcache/Python/3.7.12/x64/lib/python3.7/concurrent/futures/thread.py", line 57, in run
    result = self.fn(*self.args, **self.kwargs)
  File "/opt/mycroft-core/mycroft/configuration/config.py", line 289, in updated
    Configuration.load_config_stack(cache=True)
  File "/opt/mycroft-core/mycroft/configuration/config.py", line 241, in load_config_stack
    configs.append(RemoteConf())
  File "/opt/mycroft-core/mycroft/configuration/config.py", line 132, in __init__
    cache = cache or join(xdg.BaseDirectory.save_cache_path('mycroft'),
  File "/opt/mycroft-core/.venv/lib/python3.7/site-packages/xdg/BaseDirectory.py", line 81, in save_cache_path
    os.makedirs(path)
  File "/opt/hostedtoolcache/Python/3.7.12/x64/lib/python3.7/os.py", line 223, in makedirs
    mkdir(name, mode)
FileExistsError: [Errno 17] File exists: '/home/runner/.cache/mycroft'
2021-10-25 17:13:03.986 | INFO     |  5855 | __main__:on_stopping:183 | Speech service is shutting down...
Exception in thread Thread-9:
Traceback (most recent call last):
  File "/opt/hostedtoolcache/Python/3.7.12/x64/lib/python3.7/threading.py", line 926, in _bootstrap_inner
    self.run()
  File "/opt/mycroft-core/mycroft/client/speech/listener.py", line 79, in run
    with self.mic as source:
  File "/opt/mycroft-core/mycroft/client/speech/mic.py", line 140, in __enter__
    return self._start()
  File "/opt/mycroft-core/mycroft/client/speech/mic.py", line 151, in _start
    input=True,  # stream is an input stream
  File "/opt/mycroft-core/.venv/lib/python3.7/site-packages/pyaudio.py", line 750, in open
    stream = Stream(self, *args, **kwargs)
  File "/opt/mycroft-core/.venv/lib/python3.7/site-packages/pyaudio.py", line 441, in __init__
    self._stream = pa.open(**arguments)
OSError: [Errno -9996] Invalid input device (no default output device)

Exception in thread Thread-15:
Traceback (most recent call last):
  File "/opt/hostedtoolcache/Python/3.7.12/x64/lib/python3.7/threading.py", line 926, in _bootstrap_inner
    self.run()
  File "/opt/mycroft-core/mycroft/client/speech/listener.py", line 79, in run
    with self.mic as source:
  File "/opt/mycroft-core/mycroft/client/speech/mic.py", line 140, in __enter__
    return self._start()
  File "/opt/mycroft-core/mycroft/client/speech/mic.py", line 151, in _start
    input=True,  # stream is an input stream
  File "/opt/mycroft-core/.venv/lib/python3.7/site-packages/pyaudio.py", line 750, in open
    stream = Stream(self, *args, **kwargs)
  File "/opt/mycroft-core/.venv/lib/python3.7/site-packages/pyaudio.py", line 441, in __init__
    self._stream = pa.open(**arguments)
OSError: [Errno -9996] Invalid input device (no default output device)

